IQ-TREE multicore version 2.3.6 for Linux x86 64-bit built Aug  1 2024
Developed by Bui Quang Minh, Nguyen Lam Tung, Olga Chernomor, Heiko Schmidt,
Dominik Schrempf, Michael Woodhams, Ly Trong Nhan, Thomas Wong

Host:    patrick-varillys-laptop (AVX2, FMA3, 62 GB RAM)
Command: ../iqtree2 -s const_1000/inputs/const_1000.fasta -m HKY+FO --prefix const_1000/ml_outputs/const_1000
Seed:    860715 (Using SPRNG - Scalable Parallel Random Number Generator)
Time:    Fri Mar 14 22:33:21 2025
Kernel:  AVX+FMA - 1 threads (22 CPU cores detected)

HINT: Use -nt option to specify number of threads because your CPU has 22 cores!
HINT: -nt AUTO will automatically determine the best number of threads to use.

Reading alignment file const_1000/inputs/const_1000.fasta ... Fasta format detected
Reading fasta file: done in 0.192001 secs using 92.66% CPU
Alignment most likely contains DNA/RNA sequences
Alignment has 1000 sequences with 30000 columns, 1525 distinct patterns
1251 parsimony-informative, 762 singleton sites, 27987 constant sites
                     Gap/Ambiguity  Composition  p-value
Analyzing sequences: done in 0.00328162 secs using 99.98% CPU
   1  TIP_242|2024-01-30     0.00%    passed     99.89%
   2  TIP_525|2024-01-03     0.00%    passed     99.99%
   3  TIP_341|2024-01-15     0.00%    passed     99.98%
   4  TIP_26|2024-01-08      0.00%    passed     99.99%
   5  TIP_14|2024-02-08      0.00%    passed     99.98%
   6  TIP_893|2024-01-11     0.00%    passed     99.99%
   7  TIP_822|2024-01-01     0.00%    passed     99.99%
   8  TIP_579|2024-01-26     0.00%    passed     99.95%
   9  TIP_909|2024-01-14     0.00%    passed     99.96%
  10  TIP_331|2024-01-21     0.00%    passed     99.96%
  11  TIP_816|2024-02-07     0.00%    passed     99.96%
  12  TIP_511|2024-02-04     0.00%    passed     99.95%
  13  TIP_182|2024-02-20     0.00%    passed     99.96%
  14  TIP_604|2024-02-24     0.00%    passed     99.96%
  15  TIP_785|2024-02-24     0.00%    passed     99.96%
  16  TIP_9|2024-02-19       0.00%    passed     99.96%
  17  TIP_101|2024-01-20     0.00%    passed     99.96%
  18  TIP_188|2024-01-25     0.00%    passed     99.96%
  19  TIP_768|2024-02-02     0.00%    passed     99.96%
  20  TIP_906|2024-01-28     0.00%    passed     99.96%
  21  TIP_377|2024-02-11     0.00%    passed     99.96%
  22  TIP_755|2024-02-15     0.00%    passed     99.98%
  23  TIP_623|2024-03-24     0.00%    passed     99.99%
  24  TIP_432|2024-04-07     0.00%    passed     99.98%
  25  TIP_937|2024-04-16     0.00%    passed     99.98%
  26  TIP_754|2024-03-24     0.00%    passed     99.98%
  27  TIP_601|2024-03-20     0.00%    passed     99.98%
  28  TIP_336|2024-03-21     0.00%    passed     99.98%
  29  TIP_380|2024-03-28     0.00%    passed     99.98%
  30  TIP_600|2024-05-11     0.00%    passed     99.97%
  31  TIP_309|2024-04-27     0.00%    passed     99.98%
  32  TIP_891|2024-04-30     0.00%    passed     99.98%
  33  TIP_612|2024-04-19     0.00%    passed     99.98%
  34  TIP_478|2024-04-27     0.00%    passed     99.99%
  35  TIP_269|2024-04-23     0.00%    passed     99.99%
  36  TIP_2|2024-01-25       0.00%    passed     99.96%
  37  TIP_649|2024-01-21     0.00%    passed     99.97%
  38  TIP_207|2024-01-25     0.00%    passed     99.97%
  39  TIP_722|2024-02-05     0.00%    passed     99.97%
  40  TIP_399|2024-02-01     0.00%    passed     99.98%
  41  TIP_319|2024-01-31     0.00%    passed     99.98%
  42  TIP_263|2024-02-22     0.00%    passed     99.97%
  43  TIP_240|2024-02-19     0.00%    passed     99.97%
  44  TIP_828|2024-04-10     0.00%    passed     99.97%
  45  TIP_695|2024-04-27     0.00%    passed     99.97%
  46  TIP_282|2024-04-27     0.00%    passed     99.97%
  47  TIP_690|2024-04-09     0.00%    passed     99.98%
  48  TIP_428|2024-04-17     0.00%    passed     99.99%
  49  TIP_569|2024-04-30     0.00%    passed     99.97%
  50  TIP_30|2024-04-27      0.00%    passed     99.95%
  51  TIP_777|2024-05-05     0.00%    passed     99.97%
  52  TIP_748|2024-05-05     0.00%    passed     99.98%
  53  TIP_64|2024-04-29      0.00%    passed    100.00%
  54  TIP_921|2024-04-30     0.00%    passed    100.00%
  55  TIP_342|2024-04-15     0.00%    passed     99.98%
  56  TIP_299|2024-05-18     0.00%    passed     99.98%
  57  TIP_429|2024-05-30     0.00%    passed     99.98%
  58  TIP_68|2024-07-02      0.00%    passed     99.97%
  59  TIP_483|2024-07-12     0.00%    passed     99.97%
  60  TIP_527|2024-05-21     0.00%    passed     99.98%
  61  TIP_73|2024-05-25      0.00%    passed     99.98%
  62  TIP_609|2024-06-20     0.00%    passed     99.99%
  63  TIP_204|2024-07-13     0.00%    passed     99.99%
  64  TIP_406|2024-06-05     0.00%    passed     99.99%
  65  TIP_305|2024-06-08     0.00%    passed    100.00%
  66  TIP_520|2024-06-15     0.00%    passed    100.00%
  67  TIP_576|2024-06-14     0.00%    passed     99.99%
  68  TIP_851|2024-07-04     0.00%    passed     99.99%
  69  TIP_398|2024-07-05     0.00%    passed     99.99%
  70  TIP_84|2024-07-07      0.00%    passed     99.99%
  71  TIP_992|2024-05-03     0.00%    passed     99.98%
  72  TIP_953|2024-05-05     0.00%    passed     99.98%
  73  TIP_659|2024-05-14     0.00%    passed     99.98%
  74  TIP_751|2024-05-28     0.00%    passed     99.97%
  75  TIP_693|2024-05-01     0.00%    passed     99.97%
  76  TIP_919|2024-05-28     0.00%    passed     99.96%
  77  TIP_750|2024-06-07     0.00%    passed     99.94%
  78  TIP_192|2024-05-09     0.00%    passed     99.98%
  79  TIP_809|2024-05-27     0.00%    passed    100.00%
  80  TIP_28|2024-05-19      0.00%    passed     99.98%
  81  TIP_258|2024-05-07     0.00%    passed     99.97%
  82  TIP_418|2024-05-18     0.00%    passed     99.97%
  83  TIP_495|2024-05-18     0.00%    passed     99.97%
  84  TIP_426|2024-05-22     0.00%    passed     99.98%
  85  TIP_15|2024-06-06      0.00%    passed     99.97%
  86  TIP_892|2024-06-29     0.00%    passed     99.98%
  87  TIP_298|2024-07-21     0.00%    passed     99.97%
  88  TIP_770|2024-07-21     0.00%    passed     99.99%
  89  TIP_213|2024-07-19     0.00%    passed     99.99%
  90  TIP_562|2024-06-05     0.00%    passed     99.97%
  91  TIP_734|2024-07-05     0.00%    passed     99.96%
  92  TIP_763|2024-06-17     0.00%    passed     99.97%
  93  TIP_415|2024-06-25     0.00%    passed     99.97%
  94  TIP_176|2024-07-02     0.00%    passed     99.99%
  95  TIP_859|2024-07-07     0.00%    passed     99.99%
  96  TIP_310|2024-05-20     0.00%    passed     99.97%
  97  TIP_823|2024-06-03     0.00%    passed     99.97%
  98  TIP_913|2024-07-27     0.00%    passed     99.95%
  99  TIP_446|2024-07-18     0.00%    passed     99.96%
 100  TIP_794|2024-07-23     0.00%    passed     99.93%
 101  TIP_842|2024-07-11     0.00%    passed     99.96%
 102  TIP_935|2024-07-29     0.00%    passed     99.96%
 103  TIP_957|2024-07-30     0.00%    passed     99.95%
 104  TIP_929|2024-07-29     0.00%    passed     99.95%
 105  TIP_459|2024-07-05     0.00%    passed     99.98%
 106  TIP_196|2024-07-08     0.00%    passed     99.98%
 107  TIP_803|2024-06-29     0.00%    passed     99.98%
 108  TIP_199|2024-07-26     0.00%    passed     99.99%
 109  TIP_5|2024-07-03       0.00%    passed     99.98%
 110  TIP_469|2024-07-05     0.00%    passed     99.99%
 111  TIP_740|2024-07-02     0.00%    passed     99.98%
 112  TIP_217|2024-02-09     0.00%    passed     99.99%
 113  TIP_997|2024-01-27     0.00%    passed     99.99%
 114  TIP_875|2024-02-20     0.00%    passed     99.99%
 115  TIP_317|2024-02-27     0.00%    passed     99.99%
 116  TIP_404|2024-01-23     0.00%    passed     99.99%
 117  TIP_670|2024-01-27     0.00%    passed     99.99%
 118  TIP_75|2024-04-04      0.00%    passed     99.98%
 119  TIP_761|2024-02-24     0.00%    passed     99.99%
 120  TIP_950|2024-02-26     0.00%    passed     99.99%
 121  TIP_544|2024-03-03     0.00%    passed     99.99%
 122  TIP_440|2024-03-03     0.00%    passed     99.99%
 123  TIP_167|2024-01-28     0.00%    passed     99.99%
 124  TIP_177|2024-01-22     0.00%    passed     99.99%
 125  TIP_721|2024-01-25     0.00%    passed     99.99%
 126  TIP_457|2024-02-08     0.00%    passed    100.00%
 127  TIP_771|2024-01-18     0.00%    passed     99.99%
 128  TIP_862|2024-03-16     0.00%    passed     99.99%
 129  TIP_934|2024-03-30     0.00%    passed     99.99%
 130  TIP_876|2024-03-23     0.00%    passed     99.99%
 131  TIP_153|2024-04-06     0.00%    passed     99.98%
 132  TIP_461|2024-05-05     0.00%    passed     99.98%
 133  TIP_725|2024-05-03     0.00%    passed     99.98%
 134  TIP_808|2024-05-13     0.00%    passed     99.98%
 135  TIP_389|2024-05-08     0.00%    passed     99.98%
 136  TIP_633|2024-05-06     0.00%    passed     99.98%
 137  TIP_735|2024-05-19     0.00%    passed     99.97%
 138  TIP_942|2024-07-19     0.00%    passed     99.95%
 139  TIP_887|2024-07-14     0.00%    passed     99.98%
 140  TIP_163|2024-07-14     0.00%    passed     99.98%
 141  TIP_202|2024-07-22     0.00%    passed     99.98%
 142  TIP_225|2024-07-23     0.00%    passed     99.98%
 143  TIP_727|2024-05-28     0.00%    passed     99.98%
 144  TIP_657|2024-06-09     0.00%    passed     99.98%
 145  TIP_172|2024-06-13     0.00%    passed     99.98%
 146  TIP_820|2024-06-30     0.00%    passed     99.97%
 147  TIP_765|2024-07-09     0.00%    passed     99.97%
 148  TIP_27|2024-06-30      0.00%    passed     99.98%
 149  TIP_385|2024-07-24     0.00%    passed     99.98%
 150  TIP_888|2024-05-03     0.00%    passed     99.98%
 151  TIP_824|2024-07-14     0.00%    passed     99.99%
 152  TIP_286|2024-05-19     0.00%    passed     99.99%
 153  TIP_872|2024-05-11     0.00%    passed     99.99%
 154  TIP_640|2024-07-21     0.00%    passed     99.97%
 155  TIP_642|2024-07-13     0.00%    passed     99.96%
 156  TIP_359|2024-07-15     0.00%    passed     99.98%
 157  TIP_939|2024-07-20     0.00%    passed     99.97%
 158  TIP_1000|2024-07-24    0.00%    passed     99.97%
 159  TIP_216|2024-07-26     0.00%    passed     99.97%
 160  TIP_807|2024-07-14     0.00%    passed     99.97%
 161  TIP_424|2024-06-27     0.00%    passed     99.96%
 162  TIP_69|2024-06-28      0.00%    passed     99.96%
 163  TIP_422|2024-07-03     0.00%    passed     99.96%
 164  TIP_762|2024-06-17     0.00%    passed     99.94%
 165  TIP_865|2024-07-16     0.00%    passed     99.92%
 166  TIP_3|2024-07-20       0.00%    passed     99.95%
 167  TIP_364|2024-07-24     0.00%    passed     99.94%
 168  TIP_118|2024-07-22     0.00%    passed     99.94%
 169  TIP_206|2024-07-30     0.00%    passed     99.92%
 170  TIP_414|2024-07-21     0.00%    passed     99.94%
 171  TIP_641|2024-01-01     0.00%    passed     99.97%
 172  TIP_806|2024-01-01     0.00%    passed     99.99%
 173  TIP_212|2024-01-05     0.00%    passed     99.99%
 174  TIP_621|2024-01-16     0.00%    passed     99.99%
 175  TIP_7|2024-01-09       0.00%    passed     99.99%
 176  TIP_405|2024-01-03     0.00%    passed     99.99%
 177  TIP_505|2024-02-08     0.00%    passed     99.99%
 178  TIP_198|2024-03-07     0.00%    passed     99.99%
 179  TIP_918|2024-03-10     0.00%    passed     99.99%
 180  TIP_283|2024-03-12     0.00%    passed     99.99%
 181  TIP_224|2024-03-31     0.00%    passed     99.99%
 182  TIP_651|2024-03-22     0.00%    passed     99.98%
 183  TIP_561|2024-04-25     0.00%    passed     99.98%
 184  TIP_43|2024-05-26      0.00%    passed     99.97%
 185  TIP_745|2024-05-29     0.00%    passed     99.97%
 186  TIP_989|2024-02-17     0.00%    passed     99.99%
 187  TIP_186|2024-02-21     0.00%    passed     99.99%
 188  TIP_938|2024-02-24     0.00%    passed     99.99%
 189  TIP_715|2024-02-25     0.00%    passed     99.99%
 190  TIP_306|2024-02-25     0.00%    passed     99.98%
 191  TIP_778|2024-02-25     0.00%    passed     99.99%
 192  TIP_85|2024-02-23      0.00%    passed     99.99%
 193  TIP_708|2024-03-22     0.00%    passed     99.98%
 194  TIP_232|2024-03-12     0.00%    passed     99.99%
 195  TIP_532|2024-04-02     0.00%    passed     99.98%
 196  TIP_72|2024-03-27      0.00%    passed     99.98%
 197  TIP_402|2024-03-28     0.00%    passed     99.99%
 198  TIP_90|2024-04-02      0.00%    passed     99.99%
 199  TIP_546|2024-03-30     0.00%    passed     99.99%
 200  TIP_454|2024-03-22     0.00%    passed     99.97%
 201  TIP_383|2024-03-28     0.00%    passed     99.95%
 202  TIP_528|2024-03-24     0.00%    passed     99.97%
 203  TIP_788|2024-05-11     0.00%    passed     99.96%
 204  TIP_586|2024-05-05     0.00%    passed     99.96%
 205  TIP_758|2024-04-01     0.00%    passed     99.97%
 206  TIP_50|2024-04-02      0.00%    passed     99.97%
 207  TIP_849|2024-04-11     0.00%    passed     99.97%
 208  TIP_615|2024-04-21     0.00%    passed     99.97%
 209  TIP_819|2024-05-05     0.00%    passed     99.96%
 210  TIP_949|2024-02-22     0.00%    passed     99.99%
 211  TIP_372|2024-02-20     0.00%    passed     99.98%
 212  TIP_864|2024-02-16     0.00%    passed     99.96%
 213  TIP_592|2024-02-24     0.00%    passed     99.98%
 214  TIP_274|2024-02-29     0.00%    passed     99.98%
 215  TIP_52|2024-03-06      0.00%    passed     99.96%
 216  TIP_61|2024-03-09      0.00%    passed     99.96%
 217  TIP_278|2024-03-15     0.00%    passed     99.96%
 218  TIP_236|2024-03-17     0.00%    passed     99.95%
 219  TIP_25|2024-03-17      0.00%    passed     99.96%
 220  TIP_345|2024-04-17     0.00%    passed     99.96%
 221  TIP_292|2024-04-22     0.00%    passed     99.96%
 222  TIP_419|2024-02-23     0.00%    passed     99.98%
 223  TIP_705|2024-03-18     0.00%    passed     99.94%
 224  TIP_98|2024-03-16      0.00%    passed     99.96%
 225  TIP_987|2024-03-28     0.00%    passed     99.93%
 226  TIP_855|2024-03-31     0.00%    passed     99.93%
 227  TIP_853|2024-04-22     0.00%    passed     99.96%
 228  TIP_988|2024-05-31     0.00%    passed     99.96%
 229  TIP_772|2024-06-17     0.00%    passed     99.97%
 230  TIP_110|2024-06-02     0.00%    passed     99.97%
 231  TIP_548|2024-02-26     0.00%    passed     99.98%
 232  TIP_245|2024-04-01     0.00%    passed     99.95%
 233  TIP_780|2024-03-14     0.00%    passed     99.96%
 234  TIP_431|2024-03-19     0.00%    passed     99.96%
 235  TIP_800|2024-05-07     0.00%    passed     99.98%
 236  TIP_88|2024-04-23      0.00%    passed     99.97%
 237  TIP_732|2024-05-06     0.00%    passed     99.98%
 238  TIP_664|2024-05-12     0.00%    passed     99.98%
 239  TIP_622|2024-06-14     0.00%    passed     99.98%
 240  TIP_646|2024-05-12     0.00%    passed     99.98%
 241  TIP_518|2024-05-20     0.00%    passed     99.98%
 242  TIP_97|2024-05-18      0.00%    passed     99.97%
 243  TIP_683|2024-05-13     0.00%    passed     99.98%
 244  TIP_928|2024-05-23     0.00%    passed     99.96%
 245  TIP_799|2024-05-19     0.00%    passed     99.97%
 246  TIP_120|2024-06-09     0.00%    passed     99.96%
 247  TIP_550|2024-06-07     0.00%    passed     99.96%
 248  TIP_516|2024-04-06     0.00%    passed     99.95%
 249  TIP_56|2024-04-29      0.00%    passed     99.98%
 250  TIP_304|2024-04-16     0.00%    passed     99.97%
 251  TIP_374|2024-04-11     0.00%    passed     99.97%
 252  TIP_753|2024-04-12     0.00%    passed     99.95%
 253  TIP_487|2024-04-25     0.00%    passed     99.95%
 254  TIP_593|2024-05-17     0.00%    passed     99.95%
 255  TIP_574|2024-05-13     0.00%    passed     99.95%
 256  TIP_253|2024-05-24     0.00%    passed     99.95%
 257  TIP_156|2024-05-26     0.00%    passed     99.92%
 258  TIP_686|2024-06-20     0.00%    passed     99.95%
 259  TIP_249|2024-06-23     0.00%    passed     99.96%
 260  TIP_315|2024-06-14     0.00%    passed     99.98%
 261  TIP_868|2024-06-19     0.00%    passed     99.98%
 262  TIP_491|2024-06-30     0.00%    passed     99.98%
 263  TIP_881|2024-07-03     0.00%    passed     99.98%
 264  TIP_834|2024-07-16     0.00%    passed     99.96%
 265  TIP_159|2024-07-19     0.00%    passed     99.97%
 266  TIP_557|2024-07-30     0.00%    passed     99.97%
 267  TIP_318|2024-07-27     0.00%    passed     99.98%
 268  TIP_458|2024-07-29     0.00%    passed     99.97%
 269  TIP_18|2024-07-20      0.00%    passed     99.97%
 270  TIP_162|2024-01-08     0.00%    passed    100.00%
 271  TIP_219|2024-01-03     0.00%    passed    100.00%
 272  TIP_287|2024-01-10     0.00%    passed    100.00%
 273  TIP_291|2024-01-04     0.00%    passed    100.00%
 274  TIP_166|2024-01-14     0.00%    passed    100.00%
 275  TIP_595|2024-02-02     0.00%    passed    100.00%
 276  TIP_108|2024-01-31     0.00%    passed    100.00%
 277  TIP_782|2024-02-26     0.00%    passed    100.00%
 278  TIP_48|2024-01-16      0.00%    passed    100.00%
 279  TIP_669|2024-03-01     0.00%    passed    100.00%
 280  TIP_648|2024-04-03     0.00%    passed    100.00%
 281  TIP_760|2024-03-29     0.00%    passed     99.99%
 282  TIP_775|2024-04-01     0.00%    passed     99.99%
 283  TIP_338|2024-02-11     0.00%    passed    100.00%
 284  TIP_229|2024-02-29     0.00%    passed    100.00%
 285  TIP_251|2024-02-18     0.00%    passed    100.00%
 286  TIP_348|2024-02-21     0.00%    passed    100.00%
 287  TIP_917|2024-02-24     0.00%    passed    100.00%
 288  TIP_247|2024-01-31     0.00%    passed    100.00%
 289  TIP_811|2024-03-23     0.00%    passed     99.99%
 290  TIP_289|2024-04-07     0.00%    passed     99.99%
 291  TIP_333|2024-03-19     0.00%    passed     99.98%
 292  TIP_254|2024-02-28     0.00%    passed     99.98%
 293  TIP_41|2024-04-01      0.00%    passed     99.97%
 294  TIP_265|2024-03-27     0.00%    passed     99.95%
 295  TIP_908|2024-03-22     0.00%    passed     99.97%
 296  TIP_540|2024-04-15     0.00%    passed     99.97%
 297  TIP_836|2024-03-27     0.00%    passed     99.97%
 298  TIP_178|2024-01-24     0.00%    passed    100.00%
 299  TIP_360|2024-01-20     0.00%    passed    100.00%
 300  TIP_792|2024-01-08     0.00%    passed    100.00%
 301  TIP_346|2024-01-15     0.00%    passed     99.99%
 302  TIP_476|2024-01-12     0.00%    passed    100.00%
 303  TIP_852|2024-01-14     0.00%    passed    100.00%
 304  TIP_910|2024-02-04     0.00%    passed    100.00%
 305  TIP_35|2024-02-21      0.00%    passed    100.00%
 306  TIP_170|2024-02-12     0.00%    passed    100.00%
 307  TIP_124|2024-02-23     0.00%    passed    100.00%
 308  TIP_610|2024-04-03     0.00%    passed    100.00%
 309  TIP_930|2024-03-29     0.00%    passed    100.00%
 310  TIP_692|2024-04-25     0.00%    passed    100.00%
 311  TIP_848|2024-04-25     0.00%    passed    100.00%
 312  TIP_59|2024-02-15      0.00%    passed     99.99%
 313  TIP_713|2024-02-26     0.00%    passed     99.99%
 314  TIP_506|2024-03-01     0.00%    passed     99.99%
 315  TIP_195|2024-03-29     0.00%    passed     99.99%
 316  TIP_861|2024-04-03     0.00%    passed     99.99%
 317  TIP_729|2024-04-15     0.00%    passed    100.00%
 318  TIP_549|2024-05-04     0.00%    passed     99.97%
 319  TIP_407|2024-04-30     0.00%    passed     99.98%
 320  TIP_898|2024-04-11     0.00%    passed     99.97%
 321  TIP_420|2024-04-30     0.00%    passed     99.99%
 322  TIP_352|2024-06-14     0.00%    passed     99.95%
 323  TIP_218|2024-06-25     0.00%    passed     99.95%
 324  TIP_871|2024-06-29     0.00%    passed     99.95%
 325  TIP_482|2024-06-26     0.00%    passed     99.95%
 326  TIP_452|2024-05-06     0.00%    passed     99.98%
 327  TIP_982|2024-05-05     0.00%    passed    100.00%
 328  TIP_171|2024-05-12     0.00%    passed     99.99%
 329  TIP_991|2024-07-12     0.00%    passed     99.99%
 330  TIP_757|2024-06-08     0.00%    passed     99.99%
 331  TIP_542|2024-07-10     0.00%    passed    100.00%
 332  TIP_663|2024-06-30     0.00%    passed    100.00%
 333  TIP_244|2024-06-03     0.00%    passed    100.00%
 334  TIP_733|2024-06-08     0.00%    passed     99.99%
 335  TIP_271|2024-06-26     0.00%    passed    100.00%
 336  TIP_925|2024-07-01     0.00%    passed    100.00%
 337  TIP_474|2024-07-11     0.00%    passed    100.00%
 338  TIP_46|2024-07-07      0.00%    passed    100.00%
 339  TIP_33|2024-01-03      0.00%    passed     99.99%
 340  TIP_250|2024-01-01     0.00%    passed     99.96%
 341  TIP_931|2024-01-20     0.00%    passed     99.95%
 342  TIP_481|2024-01-20     0.00%    passed     99.96%
 343  TIP_339|2024-01-20     0.00%    passed     99.93%
 344  TIP_100|2024-01-10     0.00%    passed     99.92%
 345  TIP_362|2024-01-16     0.00%    passed     99.96%
 346  TIP_605|2024-01-17     0.00%    passed     99.97%
 347  TIP_786|2024-01-14     0.00%    passed     99.96%
 348  TIP_847|2024-02-03     0.00%    passed     99.96%
 349  TIP_349|2024-01-30     0.00%    passed     99.96%
 350  TIP_815|2024-01-22     0.00%    passed     99.99%
 351  TIP_914|2024-01-27     0.00%    passed     99.99%
 352  TIP_248|2024-02-17     0.00%    passed    100.00%
 353  TIP_501|2024-02-01     0.00%    passed    100.00%
 354  TIP_214|2024-02-04     0.00%    passed    100.00%
 355  TIP_655|2024-02-01     0.00%    passed    100.00%
 356  TIP_493|2024-02-15     0.00%    passed    100.00%
 357  TIP_821|2024-01-17     0.00%    passed    100.00%
 358  TIP_617|2024-01-10     0.00%    passed    100.00%
 359  TIP_340|2024-01-18     0.00%    passed    100.00%
 360  TIP_285|2024-02-01     0.00%    passed    100.00%
 361  TIP_294|2024-01-25     0.00%    passed    100.00%
 362  TIP_494|2024-01-16     0.00%    passed    100.00%
 363  TIP_70|2024-01-23      0.00%    passed    100.00%
 364  TIP_556|2024-01-23     0.00%    passed    100.00%
 365  TIP_376|2024-02-03     0.00%    passed    100.00%
 366  TIP_980|2024-02-01     0.00%    passed    100.00%
 367  TIP_802|2024-02-05     0.00%    passed    100.00%
 368  TIP_220|2024-01-08     0.00%    passed     99.99%
 369  TIP_433|2024-01-08     0.00%    passed     99.99%
 370  TIP_879|2024-01-24     0.00%    passed    100.00%
 371  TIP_830|2024-01-02     0.00%    passed     99.99%
 372  TIP_804|2024-01-26     0.00%    passed     99.99%
 373  TIP_241|2024-01-28     0.00%    passed     99.99%
 374  TIP_496|2024-02-25     0.00%    passed     99.99%
 375  TIP_445|2024-02-17     0.00%    passed     99.99%
 376  TIP_467|2024-02-26     0.00%    passed     99.99%
 377  TIP_226|2024-02-13     0.00%    passed     99.99%
 378  TIP_6|2024-02-15       0.00%    passed     99.99%
 379  TIP_71|2024-03-08      0.00%    passed     99.99%
 380  TIP_860|2024-03-13     0.00%    passed     99.99%
 381  TIP_656|2024-03-07     0.00%    passed     99.99%
 382  TIP_981|2024-03-15     0.00%    passed     99.99%
 383  TIP_94|2024-04-03      0.00%    passed     99.97%
 384  TIP_672|2024-03-24     0.00%    passed     99.97%
 385  TIP_741|2024-03-30     0.00%    passed     99.99%
 386  TIP_114|2024-04-04     0.00%    passed     99.99%
 387  TIP_714|2024-03-18     0.00%    passed     99.99%
 388  TIP_650|2024-03-16     0.00%    passed     99.99%
 389  TIP_895|2024-04-17     0.00%    passed     99.99%
 390  TIP_637|2024-03-28     0.00%    passed     99.99%
 391  TIP_900|2024-03-23     0.00%    passed     99.99%
 392  TIP_417|2024-04-01     0.00%    passed     99.99%
 393  TIP_662|2024-03-30     0.00%    passed     99.99%
 394  TIP_747|2024-04-14     0.00%    passed     99.97%
 395  TIP_423|2024-03-27     0.00%    passed     99.99%
 396  TIP_739|2024-03-25     0.00%    passed     99.99%
 397  TIP_8|2024-03-25       0.00%    passed     99.99%
 398  TIP_475|2024-04-16     0.00%    passed     99.99%
 399  TIP_597|2024-03-30     0.00%    passed     99.99%
 400  TIP_44|2024-04-09      0.00%    passed     99.99%
 401  TIP_653|2024-04-12     0.00%    passed     99.99%
 402  TIP_738|2024-04-24     0.00%    passed     99.99%
 403  TIP_515|2024-05-17     0.00%    passed     99.98%
 404  TIP_86|2024-06-02      0.00%    passed     99.98%
 405  TIP_590|2024-05-23     0.00%    passed     99.97%
 406  TIP_706|2024-05-22     0.00%    passed     99.96%
 407  TIP_603|2024-05-28     0.00%    passed     99.99%
 408  TIP_439|2024-07-14     0.00%    passed     99.99%
 409  TIP_946|2024-07-27     0.00%    passed     99.99%
 410  TIP_343|2024-07-13     0.00%    passed     99.99%
 411  TIP_625|2024-07-24     0.00%    passed     99.99%
 412  TIP_194|2024-07-30     0.00%    passed     99.99%
 413  TIP_82|2024-07-24      0.00%    passed     99.99%
 414  TIP_470|2024-06-01     0.00%    passed     99.99%
 415  TIP_571|2024-06-06     0.00%    passed     99.99%
 416  TIP_613|2024-06-27     0.00%    passed     99.99%
 417  TIP_631|2024-06-27     0.00%    passed     99.99%
 418  TIP_503|2024-06-29     0.00%    passed    100.00%
 419  TIP_267|2024-07-27     0.00%    passed     99.99%
 420  TIP_924|2024-07-13     0.00%    passed     99.99%
 421  TIP_563|2024-02-08     0.00%    passed     99.99%
 422  TIP_619|2024-02-05     0.00%    passed     99.98%
 423  TIP_58|2024-01-30      0.00%    passed     99.98%
 424  TIP_580|2024-02-04     0.00%    passed     99.97%
 425  TIP_62|2024-02-19      0.00%    passed     99.97%
 426  TIP_11|2024-02-13      0.00%    passed     99.95%
 427  TIP_529|2024-02-17     0.00%    passed     99.96%
 428  TIP_488|2024-02-15     0.00%    passed     99.97%
 429  TIP_133|2024-02-03     0.00%    passed     99.98%
 430  TIP_927|2024-04-23     0.00%    passed     99.94%
 431  TIP_886|2024-04-02     0.00%    passed     99.94%
 432  TIP_228|2024-04-13     0.00%    passed     99.96%
 433  TIP_173|2024-04-08     0.00%    passed     99.98%
 434  TIP_963|2024-04-24     0.00%    passed     99.98%
 435  TIP_877|2024-05-23     0.00%    passed     99.96%
 436  TIP_273|2024-05-13     0.00%    passed     99.97%
 437  TIP_222|2024-05-15     0.00%    passed     99.97%
 438  TIP_209|2024-06-15     0.00%    passed     99.97%
 439  TIP_332|2024-05-30     0.00%    passed     99.97%
 440  TIP_959|2024-03-01     0.00%    passed     99.98%
 441  TIP_81|2024-03-18      0.00%    passed     99.96%
 442  TIP_555|2024-03-01     0.00%    passed     99.96%
 443  TIP_20|2024-03-29      0.00%    passed     99.96%
 444  TIP_277|2024-03-08     0.00%    passed     99.96%
 445  TIP_654|2024-03-23     0.00%    passed     99.96%
 446  TIP_964|2024-03-31     0.00%    passed     99.98%
 447  TIP_140|2024-04-19     0.00%    passed     99.98%
 448  TIP_119|2024-04-07     0.00%    passed     99.98%
 449  TIP_973|2024-04-12     0.00%    passed     99.95%
 450  TIP_956|2024-04-20     0.00%    passed     99.95%
 451  TIP_883|2024-05-04     0.00%    passed     99.96%
 452  TIP_509|2024-04-22     0.00%    passed     99.95%
 453  TIP_13|2024-03-24      0.00%    passed     99.96%
 454  TIP_702|2024-03-26     0.00%    passed     99.95%
 455  TIP_878|2024-04-23     0.00%    passed     99.92%
 456  TIP_480|2024-05-04     0.00%    passed     99.90%
 457  TIP_135|2024-04-30     0.00%    passed     99.90%
 458  TIP_969|2024-05-27     0.00%    passed     99.92%
 459  TIP_312|2024-06-06     0.00%    passed     99.93%
 460  TIP_308|2024-06-06     0.00%    passed     99.93%
 461  TIP_856|2024-05-09     0.00%    passed     99.89%
 462  TIP_416|2024-05-20     0.00%    passed     99.90%
 463  TIP_329|2024-05-24     0.00%    passed     99.89%
 464  TIP_12|2024-06-06      0.00%    passed     99.92%
 465  TIP_353|2024-06-13     0.00%    passed     99.96%
 466  TIP_522|2024-07-23     0.00%    passed     99.92%
 467  TIP_498|2024-07-07     0.00%    passed     99.95%
 468  TIP_719|2024-07-15     0.00%    passed     99.95%
 469  TIP_158|2024-07-08     0.00%    passed     99.95%
 470  TIP_330|2024-07-06     0.00%    passed     99.89%
 471  TIP_473|2024-07-18     0.00%    passed     99.89%
 472  TIP_127|2024-06-21     0.00%    passed     99.91%
 473  TIP_410|2024-07-25     0.00%    passed     99.95%
 474  TIP_736|2024-07-16     0.00%    passed     99.89%
 475  TIP_22|2024-07-27      0.00%    passed     99.91%
 476  TIP_907|2024-07-24     0.00%    passed     99.90%
 477  TIP_533|2024-07-01     0.00%    passed     99.91%
 478  TIP_492|2024-07-02     0.00%    passed     99.88%
 479  TIP_477|2024-07-07     0.00%    passed     99.88%
 480  TIP_627|2024-07-30     0.00%    passed     99.88%
 481  TIP_996|2024-07-21     0.00%    passed     99.88%
 482  TIP_674|2024-06-29     0.00%    passed     99.94%
 483  TIP_17|2024-07-06      0.00%    passed     99.95%
 484  TIP_102|2024-07-14     0.00%    passed     99.96%
 485  TIP_164|2024-07-27     0.00%    passed     99.97%
 486  TIP_104|2024-07-16     0.00%    passed     99.95%
 487  TIP_837|2024-07-15     0.00%    passed     99.95%
 488  TIP_355|2024-06-06     0.00%    passed     99.95%
 489  TIP_239|2024-06-05     0.00%    passed     99.94%
 490  TIP_966|2024-06-18     0.00%    passed     99.92%
 491  TIP_325|2024-07-06     0.00%    passed     99.91%
 492  TIP_264|2024-07-28     0.00%    passed     99.89%
 493  TIP_430|2024-07-13     0.00%    passed     99.90%
 494  TIP_626|2024-07-26     0.00%    passed     99.90%
 495  TIP_968|2024-07-24     0.00%    passed     99.90%
 496  TIP_136|2024-07-27     0.00%    passed     99.92%
 497  TIP_587|2024-07-23     0.00%    passed     99.92%
 498  TIP_728|2024-07-29     0.00%    passed     99.92%
 499  TIP_995|2024-07-27     0.00%    passed     99.93%
 500  TIP_818|2024-02-03     0.00%    passed     99.98%
 501  TIP_197|2024-03-02     0.00%    passed     99.96%
 502  TIP_36|2024-01-29      0.00%    passed     99.98%
 503  TIP_616|2024-02-06     0.00%    passed     99.98%
 504  TIP_634|2024-02-29     0.00%    passed     99.97%
 505  TIP_485|2024-02-27     0.00%    passed     99.96%
 506  TIP_203|2024-03-13     0.00%    passed     99.97%
 507  TIP_128|2024-03-08     0.00%    passed     99.96%
 508  TIP_620|2024-03-19     0.00%    passed     99.97%
 509  TIP_541|2024-04-07     0.00%    passed     99.93%
 510  TIP_514|2024-04-17     0.00%    passed     99.97%
 511  TIP_885|2024-04-12     0.00%    passed     99.98%
 512  TIP_835|2024-04-25     0.00%    passed     99.98%
 513  TIP_397|2024-05-01     0.00%    passed     99.97%
 514  TIP_67|2024-04-28      0.00%    passed     99.97%
 515  TIP_211|2024-06-24     0.00%    passed     99.98%
 516  TIP_645|2024-05-23     0.00%    passed     99.98%
 517  TIP_450|2024-04-16     0.00%    passed     99.99%
 518  TIP_122|2024-04-24     0.00%    passed     99.97%
 519  TIP_568|2024-05-16     0.00%    passed     99.98%
 520  TIP_379|2024-05-07     0.00%    passed     99.97%
 521  TIP_371|2024-05-17     0.00%    passed     99.97%
 522  TIP_947|2024-06-22     0.00%    passed     99.96%
 523  TIP_105|2024-06-01     0.00%    passed     99.96%
 524  TIP_390|2024-06-13     0.00%    passed     99.95%
 525  TIP_77|2024-06-19      0.00%    passed     99.95%
 526  TIP_368|2024-07-11     0.00%    passed     99.97%
 527  TIP_191|2024-06-24     0.00%    passed     99.97%
 528  TIP_972|2024-07-05     0.00%    passed     99.97%
 529  TIP_874|2024-06-27     0.00%    passed     99.97%
 530  TIP_413|2024-07-12     0.00%    passed     99.97%
 531  TIP_31|2024-07-06      0.00%    passed     99.97%
 532  TIP_39|2024-07-06      0.00%    passed     99.97%
 533  TIP_443|2024-07-05     0.00%    passed     99.97%
 534  TIP_129|2024-03-25     0.00%    passed     99.98%
 535  TIP_795|2024-04-26     0.00%    passed     99.99%
 536  TIP_825|2024-04-06     0.00%    passed     99.99%
 537  TIP_869|2024-04-26     0.00%    passed     99.99%
 538  TIP_113|2024-04-11     0.00%    passed     99.99%
 539  TIP_560|2024-04-17     0.00%    passed     99.99%
 540  TIP_884|2024-04-05     0.00%    passed     99.99%
 541  TIP_57|2024-04-03      0.00%    passed     99.99%
 542  TIP_538|2024-04-05     0.00%    passed     99.99%
 543  TIP_456|2024-04-17     0.00%    passed     99.99%
 544  TIP_143|2024-04-18     0.00%    passed     99.99%
 545  TIP_589|2024-04-26     0.00%    passed     99.99%
 546  TIP_131|2024-06-23     0.00%    passed     99.99%
 547  TIP_421|2024-05-25     0.00%    passed     99.98%
 548  TIP_76|2024-03-30      0.00%    passed     99.99%
 549  TIP_994|2024-04-20     0.00%    passed    100.00%
 550  TIP_502|2024-04-10     0.00%    passed     99.99%
 551  TIP_63|2024-04-21      0.00%    passed    100.00%
 552  TIP_388|2024-04-27     0.00%    passed     99.99%
 553  TIP_126|2024-04-28     0.00%    passed     99.99%
 554  TIP_366|2024-03-20     0.00%    passed     99.98%
 555  TIP_500|2024-03-17     0.00%    passed     99.97%
 556  TIP_320|2024-03-23     0.00%    passed     99.98%
 557  TIP_307|2024-03-22     0.00%    passed     99.97%
 558  TIP_678|2024-03-31     0.00%    passed     99.96%
 559  TIP_838|2024-03-23     0.00%    passed     99.97%
 560  TIP_157|2024-05-24     0.00%    passed     99.99%
 561  TIP_827|2024-05-15     0.00%    passed     99.99%
 562  TIP_281|2024-05-17     0.00%    passed     99.99%
 563  TIP_547|2024-04-14     0.00%    passed     99.97%
 564  TIP_106|2024-05-11     0.00%    passed     99.96%
 565  TIP_438|2024-05-31     0.00%    passed     99.97%
 566  TIP_499|2024-06-11     0.00%    passed     99.97%
 567  TIP_730|2024-06-06     0.00%    passed     99.97%
 568  TIP_155|2024-05-27     0.00%    passed     99.96%
 569  TIP_684|2024-06-27     0.00%    passed     99.96%
 570  TIP_952|2024-06-24     0.00%    passed     99.96%
 571  TIP_255|2024-06-23     0.00%    passed     99.96%
 572  TIP_534|2024-06-23     0.00%    passed     99.96%
 573  TIP_144|2024-04-05     0.00%    passed     99.98%
 574  TIP_940|2024-04-28     0.00%    passed     99.98%
 575  TIP_490|2024-05-08     0.00%    passed     99.98%
 576  TIP_831|2024-05-24     0.00%    passed     99.99%
 577  TIP_121|2024-05-24     0.00%    passed     99.99%
 578  TIP_882|2024-03-26     0.00%    passed     99.98%
 579  TIP_783|2024-04-09     0.00%    passed     99.98%
 580  TIP_744|2024-03-25     0.00%    passed     99.98%
 581  TIP_434|2024-04-15     0.00%    passed     99.98%
 582  TIP_411|2024-04-20     0.00%    passed     99.99%
 583  TIP_125|2024-04-04     0.00%    passed     99.98%
 584  TIP_596|2024-06-12     0.00%    passed     99.98%
 585  TIP_447|2024-06-01     0.00%    passed     99.97%
 586  TIP_746|2024-05-22     0.00%    passed     99.98%
 587  TIP_83|2024-05-28      0.00%    passed     99.98%
 588  TIP_787|2024-05-26     0.00%    passed     99.97%
 589  TIP_530|2024-05-19     0.00%    passed     99.98%
 590  TIP_235|2024-07-07     0.00%    passed     99.95%
 591  TIP_297|2024-06-15     0.00%    passed     99.97%
 592  TIP_507|2024-07-13     0.00%    passed     99.96%
 593  TIP_944|2024-06-28     0.00%    passed     99.96%
 594  TIP_679|2024-06-28     0.00%    passed     99.96%
 595  TIP_10|2024-06-27      0.00%    passed     99.97%
 596  TIP_915|2024-07-01     0.00%    passed     99.97%
 597  TIP_369|2024-06-19     0.00%    passed     99.97%
 598  TIP_985|2024-07-28     0.00%    passed     99.92%
 599  TIP_638|2024-07-01     0.00%    passed     99.97%
 600  TIP_880|2024-03-27     0.00%    passed     99.98%
 601  TIP_711|2024-03-26     0.00%    passed     99.98%
 602  TIP_850|2024-04-19     0.00%    passed     99.95%
 603  TIP_570|2024-04-28     0.00%    passed     99.98%
 604  TIP_737|2024-05-01     0.00%    passed     99.98%
 605  TIP_169|2024-04-06     0.00%    passed     99.98%
 606  TIP_697|2024-04-01     0.00%    passed     99.98%
 607  TIP_324|2024-04-01     0.00%    passed     99.97%
 608  TIP_112|2024-04-12     0.00%    passed     99.98%
 609  TIP_55|2024-04-20      0.00%    passed     99.99%
 610  TIP_93|2024-05-11      0.00%    passed     99.98%
 611  TIP_566|2024-04-30     0.00%    passed     99.98%
 612  TIP_141|2024-05-13     0.00%    passed     99.98%
 613  TIP_37|2024-05-27      0.00%    passed     99.98%
 614  TIP_137|2024-06-07     0.00%    passed     99.98%
 615  TIP_854|2024-06-14     0.00%    passed     99.98%
 616  TIP_826|2024-06-28     0.00%    passed     99.99%
 617  TIP_671|2024-04-18     0.00%    passed     99.96%
 618  TIP_614|2024-04-29     0.00%    passed     99.96%
 619  TIP_78|2024-04-24      0.00%    passed     99.96%
 620  TIP_290|2024-04-20     0.00%    passed     99.96%
 621  TIP_710|2024-05-01     0.00%    passed     99.96%
 622  TIP_703|2024-06-23     0.00%    passed     99.92%
 623  TIP_845|2024-06-14     0.00%    passed     99.94%
 624  TIP_205|2024-07-09     0.00%    passed     99.96%
 625  TIP_115|2024-06-22     0.00%    passed     99.96%
 626  TIP_279|2024-06-29     0.00%    passed     99.97%
 627  TIP_246|2024-05-28     0.00%    passed     99.96%
 628  TIP_829|2024-06-11     0.00%    passed     99.95%
 629  TIP_581|2024-05-26     0.00%    passed     99.97%
 630  TIP_536|2024-06-08     0.00%    passed     99.97%
 631  TIP_441|2024-06-08     0.00%    passed     99.97%
 632  TIP_74|2024-05-28      0.00%    passed     99.99%
 633  TIP_694|2024-05-27     0.00%    passed     99.98%
 634  TIP_814|2024-06-25     0.00%    passed     99.99%
 635  TIP_91|2024-06-18      0.00%    passed     99.98%
 636  TIP_677|2024-07-17     0.00%    passed     99.99%
 637  TIP_776|2024-07-05     0.00%    passed     99.99%
 638  TIP_585|2024-07-08     0.00%    passed     99.99%
 639  TIP_466|2024-07-10     0.00%    passed     99.99%
 640  TIP_510|2024-07-15     0.00%    passed     99.99%
 641  TIP_611|2024-07-13     0.00%    passed     99.99%
 642  TIP_508|2024-06-03     0.00%    passed     99.97%
 643  TIP_427|2024-06-25     0.00%    passed     99.97%
 644  TIP_138|2024-06-19     0.00%    passed     99.97%
 645  TIP_904|2024-06-10     0.00%    passed     99.96%
 646  TIP_689|2024-06-19     0.00%    passed     99.97%
 647  TIP_916|2024-06-20     0.00%    passed     99.97%
 648  TIP_582|2024-06-16     0.00%    passed     99.97%
 649  TIP_21|2024-01-07      0.00%    passed     99.99%
 650  TIP_894|2024-01-23     0.00%    passed     99.99%
 651  TIP_16|2024-01-15      0.00%    passed     99.99%
 652  TIP_635|2024-01-21     0.00%    passed     99.99%
 653  TIP_160|2024-01-18     0.00%    passed     99.99%
 654  TIP_756|2024-01-13     0.00%    passed     99.99%
 655  TIP_243|2024-02-12     0.00%    passed     99.99%
 656  TIP_932|2024-01-18     0.00%    passed     99.99%
 657  TIP_266|2024-01-19     0.00%    passed     99.99%
 658  TIP_759|2024-02-04     0.00%    passed    100.00%
 659  TIP_975|2024-02-25     0.00%    passed     99.99%
 660  TIP_89|2024-02-20      0.00%    passed    100.00%
 661  TIP_465|2024-03-05     0.00%    passed    100.00%
 662  TIP_990|2024-02-29     0.00%    passed    100.00%
 663  TIP_149|2024-03-09     0.00%    passed    100.00%
 664  TIP_486|2024-03-07     0.00%    passed    100.00%
 665  TIP_444|2024-03-07     0.00%    passed    100.00%
 666  TIP_647|2024-03-01     0.00%    passed    100.00%
 667  TIP_977|2024-03-14     0.00%    passed    100.00%
 668  TIP_351|2024-03-19     0.00%    passed    100.00%
 669  TIP_707|2024-03-07     0.00%    passed    100.00%
 670  TIP_833|2024-03-11     0.00%    passed    100.00%
 671  TIP_817|2024-03-13     0.00%    passed    100.00%
 672  TIP_303|2024-04-01     0.00%    passed    100.00%
 673  TIP_660|2024-01-24     0.00%    passed    100.00%
 674  TIP_437|2024-01-17     0.00%    passed    100.00%
 675  TIP_901|2024-01-25     0.00%    passed    100.00%
 676  TIP_280|2024-01-01     0.00%    passed    100.00%
 677  TIP_551|2024-01-07     0.00%    passed     99.98%
 678  TIP_688|2024-01-04     0.00%    passed     99.98%
 679  TIP_673|2024-01-01     0.00%    passed    100.00%
 680  TIP_790|2024-01-08     0.00%    passed    100.00%
 681  TIP_378|2024-01-07     0.00%    passed    100.00%
 682  TIP_784|2024-01-08     0.00%    passed    100.00%
 683  TIP_391|2024-01-24     0.00%    passed    100.00%
 684  TIP_288|2024-01-14     0.00%    passed    100.00%
 685  TIP_840|2024-01-28     0.00%    passed    100.00%
 686  TIP_774|2024-02-04     0.00%    passed    100.00%
 687  TIP_767|2024-02-05     0.00%    passed    100.00%
 688  TIP_484|2024-01-12     0.00%    passed     99.99%
 689  TIP_256|2024-02-06     0.00%    passed     99.99%
 690  TIP_961|2024-02-18     0.00%    passed    100.00%
 691  TIP_223|2024-02-22     0.00%    passed    100.00%
 692  TIP_832|2024-02-23     0.00%    passed     99.99%
 693  TIP_40|2024-02-08      0.00%    passed     99.99%
 694  TIP_709|2024-02-21     0.00%    passed     99.98%
 695  TIP_742|2024-02-11     0.00%    passed     99.99%
 696  TIP_720|2024-02-09     0.00%    passed     99.98%
 697  TIP_468|2024-01-04     0.00%    passed     99.99%
 698  TIP_676|2024-01-01     0.00%    passed     99.99%
 699  TIP_764|2024-01-03     0.00%    passed    100.00%
 700  TIP_161|2024-01-25     0.00%    passed    100.00%
 701  TIP_608|2024-01-18     0.00%    passed    100.00%
 702  TIP_184|2024-03-11     0.00%    passed     99.98%
 703  TIP_38|2024-03-25      0.00%    passed     99.98%
 704  TIP_302|2024-03-27     0.00%    passed     99.98%
 705  TIP_718|2024-03-23     0.00%    passed     99.95%
 706  TIP_344|2024-01-27     0.00%    passed    100.00%
 707  TIP_897|2024-02-04     0.00%    passed    100.00%
 708  TIP_116|2024-02-28     0.00%    passed    100.00%
 709  TIP_896|2024-03-05     0.00%    passed    100.00%
 710  TIP_227|2024-02-19     0.00%    passed    100.00%
 711  TIP_632|2024-03-02     0.00%    passed     99.99%
 712  TIP_954|2024-02-18     0.00%    passed    100.00%
 713  TIP_154|2024-03-09     0.00%    passed     99.99%
 714  TIP_175|2024-03-20     0.00%    passed    100.00%
 715  TIP_668|2024-03-14     0.00%    passed    100.00%
 716  TIP_301|2024-03-20     0.00%    passed     99.99%
 717  TIP_489|2024-01-15     0.00%    passed     99.99%
 718  TIP_983|2024-01-14     0.00%    passed    100.00%
 719  TIP_139|2024-02-18     0.00%    passed     99.98%
 720  TIP_531|2024-02-06     0.00%    passed     99.99%
 721  TIP_899|2024-02-23     0.00%    passed     99.99%
 722  TIP_857|2024-03-01     0.00%    passed     99.99%
 723  TIP_606|2024-03-12     0.00%    passed     99.98%
 724  TIP_296|2024-03-07     0.00%    passed     99.99%
 725  TIP_537|2024-01-04     0.00%    passed    100.00%
 726  TIP_920|2024-01-19     0.00%    passed     99.99%
 727  TIP_796|2024-01-08     0.00%    passed    100.00%
 728  TIP_293|2024-01-26     0.00%    passed     99.99%
 729  TIP_123|2024-01-29     0.00%    passed    100.00%
 730  TIP_66|2024-03-09      0.00%    passed    100.00%
 731  TIP_911|2024-03-28     0.00%    passed    100.00%
 732  TIP_948|2024-01-27     0.00%    passed    100.00%
 733  TIP_337|2024-04-01     0.00%    passed     99.99%
 734  TIP_752|2024-02-18     0.00%    passed    100.00%
 735  TIP_979|2024-02-23     0.00%    passed     99.98%
 736  TIP_350|2024-02-20     0.00%    passed     99.98%
 737  TIP_190|2024-02-19     0.00%    passed     99.98%
 738  TIP_117|2024-01-14     0.00%    passed    100.00%
 739  TIP_889|2024-02-11     0.00%    passed    100.00%
 740  TIP_685|2024-01-20     0.00%    passed     99.99%
 741  TIP_200|2024-01-19     0.00%    passed    100.00%
 742  TIP_801|2024-02-13     0.00%    passed    100.00%
 743  TIP_665|2024-02-12     0.00%    passed    100.00%
 744  TIP_999|2024-02-21     0.00%    passed    100.00%
 745  TIP_435|2024-02-25     0.00%    passed    100.00%
 746  TIP_813|2024-03-28     0.00%    passed    100.00%
 747  TIP_504|2024-05-16     0.00%    passed    100.00%
 748  TIP_789|2024-05-09     0.00%    passed    100.00%
 749  TIP_712|2024-05-23     0.00%    passed    100.00%
 750  TIP_962|2024-02-21     0.00%    passed     99.99%
 751  TIP_841|2024-03-12     0.00%    passed     99.98%
 752  TIP_375|2024-04-01     0.00%    passed     99.99%
 753  TIP_472|2024-02-16     0.00%    passed     99.99%
 754  TIP_769|2024-03-15     0.00%    passed     99.99%
 755  TIP_781|2024-03-17     0.00%    passed     99.99%
 756  TIP_455|2024-03-19     0.00%    passed    100.00%
 757  TIP_363|2024-03-14     0.00%    passed     99.99%
 758  TIP_261|2024-03-14     0.00%    passed     99.99%
 759  TIP_588|2024-03-03     0.00%    passed     99.99%
 760  TIP_384|2024-04-06     0.00%    passed     99.97%
 761  TIP_453|2024-03-24     0.00%    passed     99.99%
 762  TIP_257|2024-04-24     0.00%    passed     99.98%
 763  TIP_365|2024-04-06     0.00%    passed     99.98%
 764  TIP_4|2024-04-12       0.00%    passed     99.97%
 765  TIP_262|2024-04-17     0.00%    passed     99.98%
 766  TIP_396|2024-04-19     0.00%    passed     99.98%
 767  TIP_984|2024-05-12     0.00%    passed     99.99%
 768  TIP_53|2024-05-24      0.00%    passed     99.99%
 769  TIP_24|2024-05-29      0.00%    passed     99.99%
 770  TIP_260|2024-05-22     0.00%    passed     99.98%
 771  TIP_356|2024-04-23     0.00%    passed     99.99%
 772  TIP_185|2024-06-16     0.00%    passed     99.99%
 773  TIP_436|2024-05-31     0.00%    passed     99.99%
 774  TIP_51|2024-05-07      0.00%    passed     99.99%
 775  TIP_208|2024-05-06     0.00%    passed     99.99%
 776  TIP_724|2024-05-16     0.00%    passed     99.96%
 777  TIP_658|2024-05-28     0.00%    passed     99.96%
 778  TIP_335|2024-05-27     0.00%    passed     99.99%
 779  TIP_210|2024-06-02     0.00%    passed     99.99%
 780  TIP_902|2024-06-03     0.00%    passed     99.98%
 781  TIP_797|2024-06-10     0.00%    passed     99.98%
 782  TIP_147|2024-07-10     0.00%    passed     99.98%
 783  TIP_993|2024-07-02     0.00%    passed     99.99%
 784  TIP_843|2024-05-18     0.00%    passed     99.96%
 785  TIP_321|2024-05-21     0.00%    passed     99.96%
 786  TIP_134|2024-05-18     0.00%    passed     99.96%
 787  TIP_870|2024-07-20     0.00%    passed     99.96%
 788  TIP_95|2024-07-12      0.00%    passed     99.98%
 789  TIP_460|2024-06-28     0.00%    passed     99.95%
 790  TIP_327|2024-06-29     0.00%    passed     99.95%
 791  TIP_602|2024-07-13     0.00%    passed     99.95%
 792  TIP_552|2024-07-23     0.00%    passed     99.95%
 793  TIP_773|2024-06-15     0.00%    passed     99.95%
 794  TIP_234|2024-06-09     0.00%    passed     99.95%
 795  TIP_846|2024-06-16     0.00%    passed     99.95%
 796  TIP_252|2024-06-26     0.00%    passed     99.95%
 797  TIP_268|2024-07-09     0.00%    passed     99.92%
 798  TIP_539|2024-05-26     0.00%    passed     99.96%
 799  TIP_361|2024-06-15     0.00%    passed     99.94%
 800  TIP_578|2024-07-24     0.00%    passed     99.97%
 801  TIP_863|2024-07-15     0.00%    passed     99.97%
 802  TIP_700|2024-07-13     0.00%    passed     99.97%
 803  TIP_479|2024-06-18     0.00%    passed     99.94%
 804  TIP_47|2024-07-13      0.00%    passed     99.92%
 805  TIP_575|2024-07-23     0.00%    passed     99.94%
 806  TIP_79|2024-07-14      0.00%    passed     99.94%
 807  TIP_19|2024-07-16      0.00%    passed     99.96%
 808  TIP_259|2024-07-25     0.00%    passed     99.96%
 809  TIP_535|2024-05-29     0.00%    passed     99.93%
 810  TIP_497|2024-06-25     0.00%    passed     99.95%
 811  TIP_726|2024-06-21     0.00%    passed     99.92%
 812  TIP_442|2024-06-25     0.00%    passed     99.92%
 813  TIP_812|2024-07-18     0.00%    passed     99.88%
 814  TIP_701|2024-06-18     0.00%    passed     99.92%
 815  TIP_866|2024-06-29     0.00%    passed     99.92%
 816  TIP_624|2024-07-03     0.00%    passed     99.92%
 817  TIP_553|2024-07-19     0.00%    passed     99.92%
 818  TIP_873|2024-07-16     0.00%    passed     99.92%
 819  TIP_965|2024-07-17     0.00%    passed     99.97%
 820  TIP_395|2024-07-11     0.00%    passed     99.91%
 821  TIP_276|2024-01-04     0.00%    passed     99.99%
 822  TIP_80|2024-01-14      0.00%    passed     99.99%
 823  TIP_187|2024-01-23     0.00%    passed     99.99%
 824  TIP_986|2024-01-11     0.00%    passed     99.98%
 825  TIP_393|2024-01-12     0.00%    passed     99.98%
 826  TIP_174|2024-01-09     0.00%    passed     99.98%
 827  TIP_652|2024-01-20     0.00%    passed     99.98%
 828  TIP_412|2024-01-28     0.00%    passed     99.98%
 829  TIP_912|2024-02-04     0.00%    passed     99.98%
 830  TIP_408|2024-02-04     0.00%    passed     99.98%
 831  TIP_180|2024-01-29     0.00%    passed    100.00%
 832  TIP_42|2024-01-04      0.00%    passed    100.00%
 833  TIP_839|2024-01-02     0.00%    passed     99.98%
 834  TIP_565|2024-02-01     0.00%    passed     99.95%
 835  TIP_628|2024-01-30     0.00%    passed     99.97%
 836  TIP_766|2024-02-02     0.00%    passed     99.96%
 837  TIP_233|2024-01-03     0.00%    passed     99.99%
 838  TIP_779|2024-01-09     0.00%    passed     99.99%
 839  TIP_403|2024-01-08     0.00%    passed     99.99%
 840  TIP_564|2024-01-24     0.00%    passed     99.99%
 841  TIP_749|2024-01-19     0.00%    passed     99.99%
 842  TIP_54|2024-02-14      0.00%    passed     99.98%
 843  TIP_594|2024-02-23     0.00%    passed     99.96%
 844  TIP_387|2024-03-22     0.00%    passed     99.99%
 845  TIP_400|2024-03-14     0.00%    passed     99.99%
 846  TIP_903|2024-01-01     0.00%    passed     99.99%
 847  TIP_354|2024-01-12     0.00%    passed     99.99%
 848  TIP_60|2024-01-29      0.00%    passed     99.99%
 849  TIP_152|2024-01-04     0.00%    passed     99.99%
 850  TIP_933|2024-01-18     0.00%    passed     99.99%
 851  TIP_328|2024-02-17     0.00%    passed    100.00%
 852  TIP_521|2024-01-13     0.00%    passed     99.99%
 853  TIP_970|2024-01-19     0.00%    passed     99.99%
 854  TIP_644|2024-02-02     0.00%    passed     99.99%
 855  TIP_45|2024-01-28      0.00%    passed     99.99%
 856  TIP_667|2024-01-05     0.00%    passed     99.97%
 857  TIP_976|2024-01-11     0.00%    passed     99.98%
 858  TIP_675|2024-01-23     0.00%    passed     99.99%
 859  TIP_926|2024-01-15     0.00%    passed     99.98%
 860  TIP_49|2024-01-10      0.00%    passed     99.96%
 861  TIP_386|2024-01-21     0.00%    passed     99.98%
 862  TIP_629|2024-01-30     0.00%    passed     99.96%
 863  TIP_92|2024-03-06      0.00%    passed     99.93%
 864  TIP_591|2024-02-24     0.00%    passed     99.97%
 865  TIP_978|2024-01-06     0.00%    passed     99.99%
 866  TIP_373|2024-02-17     0.00%    passed     99.99%
 867  TIP_34|2024-01-16      0.00%    passed     99.98%
 868  TIP_704|2024-02-08     0.00%    passed     99.98%
 869  TIP_844|2024-02-03     0.00%    passed     99.97%
 870  TIP_958|2024-03-01     0.00%    passed     99.96%
 871  TIP_382|2024-02-14     0.00%    passed     99.97%
 872  TIP_463|2024-01-25     0.00%    passed     99.97%
 873  TIP_805|2024-02-11     0.00%    passed     99.93%
 874  TIP_183|2024-03-02     0.00%    passed     99.94%
 875  TIP_146|2024-02-28     0.00%    passed     99.94%
 876  TIP_409|2024-01-05     0.00%    passed     99.98%
 877  TIP_392|2024-01-16     0.00%    passed     99.99%
 878  TIP_951|2024-01-06     0.00%    passed     99.97%
 879  TIP_314|2024-01-26     0.00%    passed     99.97%
 880  TIP_238|2024-01-13     0.00%    passed     99.97%
 881  TIP_630|2024-01-01     0.00%    passed     99.98%
 882  TIP_142|2024-01-01     0.00%    passed     99.99%
 883  TIP_215|2024-01-06     0.00%    passed     99.99%
 884  TIP_558|2024-01-31     0.00%    passed     99.99%
 885  TIP_567|2024-03-16     0.00%    passed    100.00%
 886  TIP_519|2024-03-14     0.00%    passed     99.99%
 887  TIP_165|2024-03-20     0.00%    passed     99.99%
 888  TIP_743|2024-04-14     0.00%    passed     99.99%
 889  TIP_936|2024-04-02     0.00%    passed     99.99%
 890  TIP_311|2024-04-04     0.00%    passed    100.00%
 891  TIP_99|2024-04-20      0.00%    passed     99.99%
 892  TIP_577|2024-04-16     0.00%    passed     99.99%
 893  TIP_998|2024-04-17     0.00%    passed     99.99%
 894  TIP_1|2024-05-18       0.00%    passed     99.98%
 895  TIP_599|2024-04-30     0.00%    passed    100.00%
 896  TIP_334|2024-04-30     0.00%    passed     99.98%
 897  TIP_793|2024-05-05     0.00%    passed     99.98%
 898  TIP_867|2024-05-14     0.00%    passed     99.98%
 899  TIP_687|2024-04-14     0.00%    passed    100.00%
 900  TIP_974|2024-04-25     0.00%    passed     99.99%
 901  TIP_517|2024-04-26     0.00%    passed     99.99%
 902  TIP_316|2024-04-06     0.00%    passed    100.00%
 903  TIP_111|2024-04-24     0.00%    passed     99.99%
 904  TIP_598|2024-06-06     0.00%    passed     99.99%
 905  TIP_723|2024-05-24     0.00%    passed     99.98%
 906  TIP_698|2024-06-06     0.00%    passed     99.97%
 907  TIP_559|2024-06-05     0.00%    passed     99.97%
 908  TIP_270|2024-01-08     0.00%    passed     99.99%
 909  TIP_132|2024-01-23     0.00%    passed     99.97%
 910  TIP_941|2024-01-19     0.00%    passed     99.97%
 911  TIP_448|2024-01-27     0.00%    passed     99.98%
 912  TIP_150|2024-03-01     0.00%    passed     99.97%
 913  TIP_716|2024-03-12     0.00%    passed     99.97%
 914  TIP_923|2024-03-21     0.00%    passed     99.96%
 915  TIP_394|2024-03-28     0.00%    passed     99.97%
 916  TIP_643|2024-01-12     0.00%    passed     99.99%
 917  TIP_425|2024-02-10     0.00%    passed     99.98%
 918  TIP_401|2024-02-01     0.00%    passed     99.98%
 919  TIP_971|2024-01-25     0.00%    passed     99.99%
 920  TIP_890|2024-01-25     0.00%    passed     99.99%
 921  TIP_943|2024-01-26     0.00%    passed     99.99%
 922  TIP_731|2024-02-19     0.00%    passed     99.99%
 923  TIP_323|2024-03-02     0.00%    passed     99.96%
 924  TIP_524|2024-01-28     0.00%    passed     99.98%
 925  TIP_322|2024-02-15     0.00%    passed     99.98%
 926  TIP_357|2024-02-15     0.00%    passed     99.98%
 927  TIP_680|2024-04-07     0.00%    passed     99.94%
 928  TIP_65|2024-04-02      0.00%    passed     99.91%
 929  TIP_905|2024-03-09     0.00%    passed     99.95%
 930  TIP_23|2024-03-13      0.00%    passed     99.95%
 931  TIP_193|2024-03-02     0.00%    passed     99.97%
 932  TIP_691|2024-03-06     0.00%    passed     99.94%
 933  TIP_543|2024-01-14     0.00%    passed     99.98%
 934  TIP_148|2024-01-07     0.00%    passed     99.98%
 935  TIP_512|2024-01-23     0.00%    passed     99.98%
 936  TIP_573|2024-01-26     0.00%    passed     99.98%
 937  TIP_284|2024-01-19     0.00%    passed     99.97%
 938  TIP_87|2024-02-13      0.00%    passed     99.94%
 939  TIP_181|2024-01-28     0.00%    passed     99.97%
 940  TIP_221|2024-01-16     0.00%    passed     99.97%
 941  TIP_103|2024-01-16     0.00%    passed     99.95%
 942  TIP_639|2024-01-30     0.00%    passed     99.95%
 943  TIP_791|2024-02-13     0.00%    passed     99.92%
 944  TIP_471|2024-02-19     0.00%    passed     99.97%
 945  TIP_583|2024-02-03     0.00%    passed     99.95%
 946  TIP_636|2024-01-19     0.00%    passed     99.96%
 947  TIP_523|2024-01-28     0.00%    passed     99.93%
 948  TIP_449|2024-02-16     0.00%    passed     99.94%
 949  TIP_618|2024-02-14     0.00%    passed     99.90%
 950  TIP_145|2024-03-15     0.00%    passed     99.91%
 951  TIP_945|2024-03-03     0.00%    passed     99.81%
 952  TIP_367|2024-03-08     0.00%    passed     99.87%
 953  TIP_666|2024-03-23     0.00%    passed     99.87%
 954  TIP_326|2024-03-10     0.00%    passed     99.90%
 955  TIP_189|2024-03-17     0.00%    passed     99.94%
 956  TIP_682|2024-04-02     0.00%    passed     99.95%
 957  TIP_230|2024-04-20     0.00%    passed     99.97%
 958  TIP_696|2024-05-10     0.00%    passed     99.95%
 959  TIP_451|2024-04-30     0.00%    passed     99.98%
 960  TIP_572|2024-04-26     0.00%    passed     99.95%
 961  TIP_107|2024-06-09     0.00%    passed     99.94%
 962  TIP_554|2024-06-28     0.00%    passed     99.95%
 963  TIP_313|2024-07-28     0.00%    passed     99.95%
 964  TIP_300|2024-07-30     0.00%    passed     99.93%
 965  TIP_513|2024-07-12     0.00%    passed     99.95%
 966  TIP_272|2024-07-10     0.00%    passed     99.95%
 967  TIP_661|2024-06-23     0.00%    passed     99.93%
 968  TIP_545|2024-06-21     0.00%    passed     99.93%
 969  TIP_237|2024-04-08     0.00%    passed     99.95%
 970  TIP_607|2024-04-04     0.00%    passed     99.94%
 971  TIP_960|2024-04-07     0.00%    passed     99.95%
 972  TIP_231|2024-04-05     0.00%    passed     99.95%
 973  TIP_526|2024-04-11     0.00%    passed     99.97%
 974  TIP_922|2024-04-29     0.00%    passed     99.94%
 975  TIP_347|2024-05-13     0.00%    passed     99.89%
 976  TIP_96|2024-05-19      0.00%    passed     99.94%
 977  TIP_295|2024-05-25     0.00%    passed     99.91%
 978  TIP_462|2024-06-17     0.00%    passed     99.91%
 979  TIP_32|2024-07-10      0.00%    passed     99.95%
 980  TIP_168|2024-07-05     0.00%    passed     99.92%
 981  TIP_151|2024-07-21     0.00%    passed     99.93%
 982  TIP_798|2024-07-07     0.00%    passed     99.93%
 983  TIP_699|2024-07-24     0.00%    passed     99.93%
 984  TIP_858|2024-07-27     0.00%    passed     99.93%
 985  TIP_275|2024-07-16     0.00%    passed     99.93%
 986  TIP_584|2024-05-18     0.00%    passed     99.94%
 987  TIP_179|2024-06-14     0.00%    passed     99.95%
 988  TIP_29|2024-06-11      0.00%    passed     99.94%
 989  TIP_967|2024-06-22     0.00%    passed     99.94%
 990  TIP_109|2024-06-17     0.00%    passed     99.94%
 991  TIP_464|2024-06-30     0.00%    passed     99.94%
 992  TIP_130|2024-07-07     0.00%    passed     99.95%
 993  TIP_810|2024-07-05     0.00%    passed     99.94%
 994  TIP_381|2024-07-21     0.00%    passed     99.95%
 995  TIP_201|2024-07-05     0.00%    passed     99.94%
 996  TIP_955|2024-06-19     0.00%    passed     99.91%
 997  TIP_370|2024-06-25     0.00%    passed     99.91%
 998  TIP_717|2024-07-15     0.00%    passed     99.95%
 999  TIP_358|2024-07-25     0.00%    passed     99.90%
1000  TIP_681|2024-07-30     0.00%    passed     99.95%
****  TOTAL                  0.00%  0 sequences failed composition chi2 test (p-value<5%; df=3)
NOTE: TIP_822|2024-01-01 is identical to TIP_893|2024-01-11 but kept for subsequent analysis
NOTE: TIP_101|2024-01-20 is identical to TIP_331|2024-01-21 but kept for subsequent analysis
NOTE: TIP_785|2024-02-24 is identical to TIP_604|2024-02-24 but kept for subsequent analysis
NOTE: TIP_937|2024-04-16 is identical to TIP_432|2024-04-07 but kept for subsequent analysis
NOTE: TIP_601|2024-03-20 is identical to TIP_754|2024-03-24 but kept for subsequent analysis
NOTE: TIP_891|2024-04-30 is identical to TIP_309|2024-04-27 but kept for subsequent analysis
NOTE: TIP_269|2024-04-23 is identical to TIP_478|2024-04-27 but kept for subsequent analysis
NOTE: TIP_319|2024-01-31 is identical to TIP_399|2024-02-01 but kept for subsequent analysis
NOTE: TIP_282|2024-04-27 is identical to TIP_695|2024-04-27 but kept for subsequent analysis
NOTE: TIP_342|2024-04-15 is identical to TIP_690|2024-04-09 but kept for subsequent analysis
NOTE: TIP_73|2024-05-25 is identical to TIP_527|2024-05-21 but kept for subsequent analysis
NOTE: TIP_520|2024-06-15 is identical to TIP_305|2024-06-08 but kept for subsequent analysis
NOTE: TIP_15|2024-06-06 is identical to TIP_495|2024-05-18 but kept for subsequent analysis
NOTE: TIP_415|2024-06-25 is identical to TIP_763|2024-06-17 but kept for subsequent analysis
NOTE: TIP_935|2024-07-29 is identical to TIP_842|2024-07-11 but kept for subsequent analysis
NOTE: TIP_929|2024-07-29 is identical to TIP_957|2024-07-30 but kept for subsequent analysis
NOTE: TIP_196|2024-07-08 is identical to TIP_459|2024-07-05 but kept for subsequent analysis
NOTE: TIP_5|2024-07-03 is identical to TIP_803|2024-06-29 but kept for subsequent analysis
NOTE: TIP_950|2024-02-26 is identical to TIP_761|2024-02-24 but kept for subsequent analysis
NOTE: TIP_177|2024-01-22 is identical to TIP_167|2024-01-28 but kept for subsequent analysis
NOTE: TIP_727|2024-05-28 is identical to TIP_725|2024-05-03 but kept for subsequent analysis
NOTE: TIP_389|2024-05-08 is identical to TIP_808|2024-05-13 but kept for subsequent analysis
NOTE: TIP_163|2024-07-14 is identical to TIP_887|2024-07-14 but kept for subsequent analysis
NOTE: TIP_765|2024-07-09 is identical to TIP_820|2024-06-30 but kept for subsequent analysis
NOTE: TIP_807|2024-07-14 is identical to TIP_1000|2024-07-24 but kept for subsequent analysis
NOTE: TIP_69|2024-06-28 is identical to TIP_424|2024-06-27 but kept for subsequent analysis
NOTE: TIP_364|2024-07-24 is identical to TIP_762|2024-06-17 but kept for subsequent analysis
NOTE: TIP_7|2024-01-09 is identical to TIP_621|2024-01-16 but kept for subsequent analysis
NOTE: TIP_989|2024-02-17 is identical to TIP_405|2024-01-03 but kept for subsequent analysis
NOTE: TIP_918|2024-03-10 is identical to TIP_198|2024-03-07 but kept for subsequent analysis
NOTE: TIP_224|2024-03-31 is identical to TIP_283|2024-03-12 but kept for subsequent analysis
NOTE: TIP_528|2024-03-24 is identical to TIP_454|2024-03-22 but kept for subsequent analysis
NOTE: TIP_586|2024-05-05 is identical to TIP_788|2024-05-11 but kept for subsequent analysis
NOTE: TIP_50|2024-04-02 is identical to TIP_758|2024-04-01 but kept for subsequent analysis
NOTE: TIP_615|2024-04-21 is identical to TIP_849|2024-04-11 but kept for subsequent analysis
NOTE: TIP_278|2024-03-15 is identical to TIP_52|2024-03-06 but kept for subsequent analysis
NOTE: TIP_292|2024-04-22 is identical to TIP_345|2024-04-17 but kept for subsequent analysis
NOTE: TIP_110|2024-06-02 is identical to TIP_772|2024-06-17 but kept for subsequent analysis
NOTE: TIP_431|2024-03-19 is identical to TIP_780|2024-03-14 but kept for subsequent analysis
NOTE: TIP_518|2024-05-20 is identical to TIP_646|2024-05-12 but kept for subsequent analysis
NOTE: TIP_120|2024-06-09 is identical to TIP_928|2024-05-23 but kept for subsequent analysis
NOTE: TIP_753|2024-04-12 is identical to TIP_516|2024-04-06 but kept for subsequent analysis
NOTE: TIP_374|2024-04-11 is identical to TIP_304|2024-04-16 but kept for subsequent analysis
NOTE: TIP_868|2024-06-19 is identical to TIP_315|2024-06-14 but kept for subsequent analysis
NOTE: TIP_557|2024-07-30 is identical to TIP_159|2024-07-19 but kept for subsequent analysis
NOTE: TIP_108|2024-01-31 is identical to TIP_595|2024-02-02 but kept for subsequent analysis
NOTE: TIP_648|2024-04-03 is identical to TIP_669|2024-03-01 but kept for subsequent analysis
NOTE: TIP_540|2024-04-15 is identical to TIP_908|2024-03-22 but kept for subsequent analysis
NOTE: TIP_476|2024-01-12 is identical to TIP_792|2024-01-08 but kept for subsequent analysis
NOTE: TIP_170|2024-02-12 is identical to TIP_910|2024-02-04 but kept for subsequent analysis
NOTE: TIP_930|2024-03-29 is identical to TIP_610|2024-04-03 but kept for subsequent analysis
NOTE: TIP_848|2024-04-25 is identical to TIP_692|2024-04-25 but kept for subsequent analysis
NOTE: TIP_861|2024-04-03 is identical to TIP_195|2024-03-29 but kept for subsequent analysis
NOTE: TIP_482|2024-06-26 is identical to TIP_871|2024-06-29 but kept for subsequent analysis
NOTE: TIP_925|2024-07-01 is identical to TIP_271|2024-06-26 but kept for subsequent analysis
NOTE: TIP_847|2024-02-03 is identical to TIP_362|2024-01-16 but kept for subsequent analysis
NOTE: TIP_655|2024-02-01 is identical to TIP_248|2024-02-17 but kept for subsequent analysis
NOTE: TIP_285|2024-02-01 is identical to TIP_340|2024-01-18 but kept for subsequent analysis
NOTE: TIP_241|2024-01-28 is identical to TIP_804|2024-01-26 but kept for subsequent analysis
NOTE: TIP_714|2024-03-18 is identical to TIP_656|2024-03-07 but kept for subsequent analysis
NOTE: TIP_672|2024-03-24 is identical to TIP_94|2024-04-03 but kept for subsequent analysis
NOTE: TIP_44|2024-04-09 is identical to TIP_597|2024-03-30 but kept for subsequent analysis
NOTE: TIP_571|2024-06-06 is identical to TIP_603|2024-05-28 but kept for subsequent analysis
NOTE: TIP_625|2024-07-24 is identical to TIP_343|2024-07-13 but kept for subsequent analysis
NOTE: TIP_62|2024-02-19 is identical to TIP_580|2024-02-04 but kept for subsequent analysis
NOTE: TIP_963|2024-04-24 is identical to TIP_173|2024-04-08 but kept for subsequent analysis
NOTE: TIP_222|2024-05-15 is identical to TIP_273|2024-05-13 but kept for subsequent analysis
NOTE: TIP_555|2024-03-01 is identical to TIP_81|2024-03-18 but kept for subsequent analysis
NOTE: TIP_277|2024-03-08 is identical to TIP_20|2024-03-29 but kept for subsequent analysis
NOTE: TIP_956|2024-04-20 is identical to TIP_973|2024-04-12 but kept for subsequent analysis
NOTE: TIP_719|2024-07-15 is identical to TIP_498|2024-07-07 but kept for subsequent analysis
NOTE: TIP_473|2024-07-18 is identical to TIP_330|2024-07-06 but kept for subsequent analysis
NOTE: TIP_533|2024-07-01 is identical to TIP_127|2024-06-21 but kept for subsequent analysis
NOTE: TIP_477|2024-07-07 is identical to TIP_492|2024-07-02 but kept for subsequent analysis
NOTE: TIP_837|2024-07-15 is identical to TIP_104|2024-07-16 but kept for subsequent analysis
NOTE: TIP_626|2024-07-26 is identical to TIP_430|2024-07-13 but kept for subsequent analysis
NOTE: TIP_587|2024-07-23 is identical to TIP_136|2024-07-27 but kept for subsequent analysis
NOTE: TIP_882|2024-03-26 is identical to TIP_616|2024-02-06 but kept for subsequent analysis
NOTE: TIP_67|2024-04-28 is identical to TIP_397|2024-05-01 but kept for subsequent analysis
NOTE: TIP_379|2024-05-07 is identical to TIP_122|2024-04-24 but kept for subsequent analysis
NOTE: TIP_77|2024-06-19 is identical to TIP_390|2024-06-13 but kept for subsequent analysis
NOTE: TIP_413|2024-07-12 is identical to TIP_874|2024-06-27 but kept for subsequent analysis
NOTE: TIP_884|2024-04-05 is identical to TIP_560|2024-04-17 but kept for subsequent analysis
NOTE: TIP_456|2024-04-17 is identical to TIP_538|2024-04-05 but kept for subsequent analysis
NOTE: TIP_502|2024-04-10 is identical to TIP_76|2024-03-30 but kept for subsequent analysis
NOTE: TIP_281|2024-05-17 is identical to TIP_827|2024-05-15 but kept for subsequent analysis
NOTE: TIP_730|2024-06-06 is identical to TIP_499|2024-06-11 but kept for subsequent analysis
NOTE: TIP_255|2024-06-23 is identical to TIP_155|2024-05-27 but kept for subsequent analysis
NOTE: TIP_940|2024-04-28 is identical to TIP_144|2024-04-05 but kept for subsequent analysis
NOTE: TIP_121|2024-05-24 is identical to TIP_831|2024-05-24 but kept for subsequent analysis
NOTE: TIP_530|2024-05-19 is identical to TIP_83|2024-05-28 but kept for subsequent analysis
NOTE: TIP_290|2024-04-20 is identical to TIP_78|2024-04-24 but kept for subsequent analysis
NOTE: TIP_441|2024-06-08 is identical to TIP_536|2024-06-08 but kept for subsequent analysis
NOTE: TIP_585|2024-07-08 is identical to TIP_776|2024-07-05 but kept for subsequent analysis
NOTE: TIP_427|2024-06-25 is identical to TIP_508|2024-06-03 but kept for subsequent analysis
NOTE: TIP_916|2024-06-20 is identical to TIP_689|2024-06-19 but kept for subsequent analysis
NOTE: TIP_635|2024-01-21 is identical to TIP_16|2024-01-15 but kept for subsequent analysis
NOTE: TIP_756|2024-01-13 is identical to TIP_160|2024-01-18 but kept for subsequent analysis
NOTE: TIP_266|2024-01-19 is identical to TIP_932|2024-01-18 but kept for subsequent analysis
NOTE: TIP_89|2024-02-20 is identical to TIP_759|2024-02-04 but kept for subsequent analysis
NOTE: TIP_707|2024-03-07 is identical to TIP_647|2024-03-01 but kept for subsequent analysis
NOTE: TIP_688|2024-01-04 is identical to TIP_551|2024-01-07 but kept for subsequent analysis
NOTE: TIP_790|2024-01-08 is identical to TIP_673|2024-01-01 but kept for subsequent analysis
NOTE: TIP_774|2024-02-04 is identical to TIP_391|2024-01-24 but kept for subsequent analysis
NOTE: TIP_720|2024-02-09 is identical to TIP_709|2024-02-21 but kept for subsequent analysis
NOTE: TIP_608|2024-01-18 is identical to TIP_764|2024-01-03 but kept for subsequent analysis
NOTE: TIP_302|2024-03-27 is identical to TIP_184|2024-03-11 but kept for subsequent analysis
NOTE: TIP_899|2024-02-23 is identical to TIP_531|2024-02-06 but kept for subsequent analysis
NOTE: TIP_117|2024-01-14 is identical to TIP_796|2024-01-08 but kept for subsequent analysis
NOTE: TIP_948|2024-01-27 is identical to TIP_123|2024-01-29 but kept for subsequent analysis
NOTE: TIP_665|2024-02-12 is identical to TIP_801|2024-02-13 but kept for subsequent analysis
NOTE: TIP_435|2024-02-25 is identical to TIP_999|2024-02-21 but kept for subsequent analysis
NOTE: TIP_712|2024-05-23 is identical to TIP_789|2024-05-09 but kept for subsequent analysis
NOTE: TIP_769|2024-03-15 is identical to TIP_472|2024-02-16 but kept for subsequent analysis
NOTE: TIP_261|2024-03-14 is identical to TIP_363|2024-03-14 but kept for subsequent analysis
NOTE: TIP_396|2024-04-19 is identical to TIP_262|2024-04-17 but kept for subsequent analysis
NOTE: TIP_24|2024-05-29 is identical to TIP_53|2024-05-24 but kept for subsequent analysis
NOTE: TIP_210|2024-06-02 is identical to TIP_335|2024-05-27 but kept for subsequent analysis
NOTE: TIP_134|2024-05-18 is identical to TIP_321|2024-05-21 but kept for subsequent analysis
NOTE: TIP_327|2024-06-29 is identical to TIP_460|2024-06-28 but kept for subsequent analysis
NOTE: TIP_234|2024-06-09 is identical to TIP_773|2024-06-15 but kept for subsequent analysis
NOTE: TIP_252|2024-06-26 is identical to TIP_846|2024-06-16 but kept for subsequent analysis
NOTE: TIP_479|2024-06-18 is identical to TIP_361|2024-06-15 but kept for subsequent analysis
NOTE: TIP_259|2024-07-25 is identical to TIP_19|2024-07-16 but kept for subsequent analysis
NOTE: TIP_442|2024-06-25 is identical to TIP_726|2024-06-21 but kept for subsequent analysis
NOTE: TIP_873|2024-07-16 is identical to TIP_553|2024-07-19 but kept for subsequent analysis
NOTE: TIP_174|2024-01-09 is identical to TIP_393|2024-01-12 but kept for subsequent analysis
NOTE: TIP_779|2024-01-09 is identical to TIP_233|2024-01-03 but kept for subsequent analysis
NOTE: TIP_152|2024-01-04 is identical to TIP_60|2024-01-29 but kept for subsequent analysis
NOTE: TIP_45|2024-01-28 is identical to TIP_521|2024-01-13 but kept for subsequent analysis
NOTE: TIP_382|2024-02-14 is identical to TIP_844|2024-02-03 but kept for subsequent analysis
NOTE: TIP_146|2024-02-28 is identical to TIP_183|2024-03-02 but kept for subsequent analysis
NOTE: TIP_314|2024-01-26 is identical to TIP_951|2024-01-06 but kept for subsequent analysis
NOTE: TIP_165|2024-03-20 is identical to TIP_519|2024-03-14 but kept for subsequent analysis
NOTE: TIP_793|2024-05-05 is identical to TIP_334|2024-04-30 but kept for subsequent analysis
NOTE: TIP_559|2024-06-05 is identical to TIP_698|2024-06-06 but kept for subsequent analysis
NOTE: TIP_716|2024-03-12 is identical to TIP_150|2024-03-01 but kept for subsequent analysis
NOTE: TIP_943|2024-01-26 is identical to TIP_971|2024-01-25 but kept for subsequent analysis
NOTE: TIP_357|2024-02-15 is identical to TIP_322|2024-02-15 but kept for subsequent analysis
NOTE: TIP_23|2024-03-13 is identical to TIP_905|2024-03-09 but kept for subsequent analysis
NOTE: TIP_148|2024-01-07 is identical to TIP_543|2024-01-14 but kept for subsequent analysis
NOTE: TIP_573|2024-01-26 is identical to TIP_512|2024-01-23 but kept for subsequent analysis
NOTE: TIP_181|2024-01-28 is identical to TIP_284|2024-01-19 but kept for subsequent analysis
NOTE: TIP_639|2024-01-30 is identical to TIP_103|2024-01-16 but kept for subsequent analysis
NOTE: TIP_313|2024-07-28 is identical to TIP_554|2024-06-28 but kept for subsequent analysis
NOTE: TIP_545|2024-06-21 is identical to TIP_661|2024-06-23 but kept for subsequent analysis
NOTE: TIP_960|2024-04-07 is identical to TIP_237|2024-04-08 but kept for subsequent analysis
NOTE: TIP_96|2024-05-19 is identical to TIP_922|2024-04-29 but kept for subsequent analysis
NOTE: TIP_798|2024-07-07 is identical to TIP_151|2024-07-21 but kept for subsequent analysis
NOTE: TIP_29|2024-06-11 is identical to TIP_584|2024-05-18 but kept for subsequent analysis
NOTE: TIP_201|2024-07-05 is identical to TIP_810|2024-07-05 but kept for subsequent analysis
NOTE: TIP_370|2024-06-25 is identical to TIP_955|2024-06-19 but kept for subsequent analysis
NOTE: 111 identical sequences (see below) will be ignored for subsequent analysis
NOTE: TIP_188|2024-01-25 (identical to TIP_331|2024-01-21) is ignored but added at the end
NOTE: TIP_2|2024-01-25 (identical to TIP_331|2024-01-21) is ignored but added at the end
NOTE: TIP_9|2024-02-19 (identical to TIP_604|2024-02-24) is ignored but added at the end
NOTE: TIP_336|2024-03-21 (identical to TIP_754|2024-03-24) is ignored but added at the end
NOTE: TIP_992|2024-05-03 (identical to TIP_690|2024-04-09) is ignored but added at the end
NOTE: TIP_562|2024-06-05 (identical to TIP_495|2024-05-18) is ignored but added at the end
NOTE: TIP_310|2024-05-20 (identical to TIP_495|2024-05-18) is ignored but added at the end
NOTE: TIP_740|2024-07-02 (identical to TIP_803|2024-06-29) is ignored but added at the end
NOTE: TIP_544|2024-03-03 (identical to TIP_761|2024-02-24) is ignored but added at the end
NOTE: TIP_440|2024-03-03 (identical to TIP_761|2024-02-24) is ignored but added at the end
NOTE: TIP_721|2024-01-25 (identical to TIP_167|2024-01-28) is ignored but added at the end
NOTE: TIP_657|2024-06-09 (identical to TIP_725|2024-05-03) is ignored but added at the end
NOTE: TIP_172|2024-06-13 (identical to TIP_725|2024-05-03) is ignored but added at the end
NOTE: TIP_422|2024-07-03 (identical to TIP_424|2024-06-27) is ignored but added at the end
NOTE: TIP_118|2024-07-22 (identical to TIP_762|2024-06-17) is ignored but added at the end
NOTE: TIP_414|2024-07-21 (identical to TIP_762|2024-06-17) is ignored but added at the end
NOTE: TIP_186|2024-02-21 (identical to TIP_405|2024-01-03) is ignored but added at the end
NOTE: TIP_938|2024-02-24 (identical to TIP_405|2024-01-03) is ignored but added at the end
NOTE: TIP_85|2024-02-23 (identical to TIP_405|2024-01-03) is ignored but added at the end
NOTE: TIP_25|2024-03-17 (identical to TIP_52|2024-03-06) is ignored but added at the end
NOTE: TIP_550|2024-06-07 (identical to TIP_928|2024-05-23) is ignored but added at the end
NOTE: TIP_487|2024-04-25 (identical to TIP_516|2024-04-06) is ignored but added at the end
NOTE: TIP_593|2024-05-17 (identical to TIP_516|2024-04-06) is ignored but added at the end
NOTE: TIP_574|2024-05-13 (identical to TIP_516|2024-04-06) is ignored but added at the end
NOTE: TIP_253|2024-05-24 (identical to TIP_516|2024-04-06) is ignored but added at the end
NOTE: TIP_491|2024-06-30 (identical to TIP_315|2024-06-14) is ignored but added at the end
NOTE: TIP_881|2024-07-03 (identical to TIP_315|2024-06-14) is ignored but added at the end
NOTE: TIP_836|2024-03-27 (identical to TIP_908|2024-03-22) is ignored but added at the end
NOTE: TIP_852|2024-01-14 (identical to TIP_792|2024-01-08) is ignored but added at the end
NOTE: TIP_124|2024-02-23 (identical to TIP_910|2024-02-04) is ignored but added at the end
NOTE: TIP_46|2024-07-07 (identical to TIP_271|2024-06-26) is ignored but added at the end
NOTE: TIP_349|2024-01-30 (identical to TIP_362|2024-01-16) is ignored but added at the end
NOTE: TIP_494|2024-01-16 (identical to TIP_340|2024-01-18) is ignored but added at the end
NOTE: TIP_70|2024-01-23 (identical to TIP_340|2024-01-18) is ignored but added at the end
NOTE: TIP_556|2024-01-23 (identical to TIP_340|2024-01-18) is ignored but added at the end
NOTE: TIP_376|2024-02-03 (identical to TIP_340|2024-01-18) is ignored but added at the end
NOTE: TIP_980|2024-02-01 (identical to TIP_340|2024-01-18) is ignored but added at the end
NOTE: TIP_226|2024-02-13 (identical to TIP_804|2024-01-26) is ignored but added at the end
NOTE: TIP_6|2024-02-15 (identical to TIP_804|2024-01-26) is ignored but added at the end
NOTE: TIP_650|2024-03-16 (identical to TIP_656|2024-03-07) is ignored but added at the end
NOTE: TIP_637|2024-03-28 (identical to TIP_656|2024-03-07) is ignored but added at the end
NOTE: TIP_900|2024-03-23 (identical to TIP_656|2024-03-07) is ignored but added at the end
NOTE: TIP_417|2024-04-01 (identical to TIP_656|2024-03-07) is ignored but added at the end
NOTE: TIP_8|2024-03-25 (identical to TIP_656|2024-03-07) is ignored but added at the end
NOTE: TIP_653|2024-04-12 (identical to TIP_597|2024-03-30) is ignored but added at the end
NOTE: TIP_488|2024-02-15 (identical to TIP_580|2024-02-04) is ignored but added at the end
NOTE: TIP_209|2024-06-15 (identical to TIP_273|2024-05-13) is ignored but added at the end
NOTE: TIP_332|2024-05-30 (identical to TIP_273|2024-05-13) is ignored but added at the end
NOTE: TIP_13|2024-03-24 (identical to TIP_81|2024-03-18) is ignored but added at the end
NOTE: TIP_509|2024-04-22 (identical to TIP_973|2024-04-12) is ignored but added at the end
NOTE: TIP_627|2024-07-30 (identical to TIP_492|2024-07-02) is ignored but added at the end
NOTE: TIP_996|2024-07-21 (identical to TIP_492|2024-07-02) is ignored but added at the end
NOTE: TIP_968|2024-07-24 (identical to TIP_430|2024-07-13) is ignored but added at the end
NOTE: TIP_728|2024-07-29 (identical to TIP_136|2024-07-27) is ignored but added at the end
NOTE: TIP_783|2024-04-09 (identical to TIP_616|2024-02-06) is ignored but added at the end
NOTE: TIP_744|2024-03-25 (identical to TIP_616|2024-02-06) is ignored but added at the end
NOTE: TIP_880|2024-03-27 (identical to TIP_616|2024-02-06) is ignored but added at the end
NOTE: TIP_711|2024-03-26 (identical to TIP_616|2024-02-06) is ignored but added at the end
NOTE: TIP_169|2024-04-06 (identical to TIP_616|2024-02-06) is ignored but added at the end
NOTE: TIP_371|2024-05-17 (identical to TIP_122|2024-04-24) is ignored but added at the end
NOTE: TIP_39|2024-07-06 (identical to TIP_874|2024-06-27) is ignored but added at the end
NOTE: TIP_443|2024-07-05 (identical to TIP_874|2024-06-27) is ignored but added at the end
NOTE: TIP_143|2024-04-18 (identical to TIP_538|2024-04-05) is ignored but added at the end
NOTE: TIP_589|2024-04-26 (identical to TIP_538|2024-04-05) is ignored but added at the end
NOTE: TIP_534|2024-06-23 (identical to TIP_155|2024-05-27) is ignored but added at the end
NOTE: TIP_710|2024-05-01 (identical to TIP_78|2024-04-24) is ignored but added at the end
NOTE: TIP_466|2024-07-10 (identical to TIP_776|2024-07-05) is ignored but added at the end
NOTE: TIP_611|2024-07-13 (identical to TIP_776|2024-07-05) is ignored but added at the end
NOTE: TIP_138|2024-06-19 (identical to TIP_508|2024-06-03) is ignored but added at the end
NOTE: TIP_582|2024-06-16 (identical to TIP_689|2024-06-19) is ignored but added at the end
NOTE: TIP_465|2024-03-05 (identical to TIP_759|2024-02-04) is ignored but added at the end
NOTE: TIP_990|2024-02-29 (identical to TIP_759|2024-02-04) is ignored but added at the end
NOTE: TIP_149|2024-03-09 (identical to TIP_759|2024-02-04) is ignored but added at the end
NOTE: TIP_486|2024-03-07 (identical to TIP_759|2024-02-04) is ignored but added at the end
NOTE: TIP_444|2024-03-07 (identical to TIP_759|2024-02-04) is ignored but added at the end
NOTE: TIP_833|2024-03-11 (identical to TIP_647|2024-03-01) is ignored but added at the end
NOTE: TIP_817|2024-03-13 (identical to TIP_647|2024-03-01) is ignored but added at the end
NOTE: TIP_344|2024-01-27 (identical to TIP_764|2024-01-03) is ignored but added at the end
NOTE: TIP_954|2024-02-18 (identical to TIP_764|2024-01-03) is ignored but added at the end
NOTE: TIP_857|2024-03-01 (identical to TIP_531|2024-02-06) is ignored but added at the end
NOTE: TIP_296|2024-03-07 (identical to TIP_531|2024-02-06) is ignored but added at the end
NOTE: TIP_602|2024-07-13 (identical to TIP_460|2024-06-28) is ignored but added at the end
NOTE: TIP_552|2024-07-23 (identical to TIP_460|2024-06-28) is ignored but added at the end
NOTE: TIP_701|2024-06-18 (identical to TIP_726|2024-06-21) is ignored but added at the end
NOTE: TIP_866|2024-06-29 (identical to TIP_726|2024-06-21) is ignored but added at the end
NOTE: TIP_652|2024-01-20 (identical to TIP_393|2024-01-12) is ignored but added at the end
NOTE: TIP_412|2024-01-28 (identical to TIP_393|2024-01-12) is ignored but added at the end
NOTE: TIP_912|2024-02-04 (identical to TIP_393|2024-01-12) is ignored but added at the end
NOTE: TIP_408|2024-02-04 (identical to TIP_393|2024-01-12) is ignored but added at the end
NOTE: TIP_403|2024-01-08 (identical to TIP_233|2024-01-03) is ignored but added at the end
NOTE: TIP_933|2024-01-18 (identical to TIP_60|2024-01-29) is ignored but added at the end
NOTE: TIP_142|2024-01-01 (identical to TIP_60|2024-01-29) is ignored but added at the end
NOTE: TIP_215|2024-01-06 (identical to TIP_60|2024-01-29) is ignored but added at the end
NOTE: TIP_238|2024-01-13 (identical to TIP_951|2024-01-06) is ignored but added at the end
NOTE: TIP_743|2024-04-14 (identical to TIP_519|2024-03-14) is ignored but added at the end
NOTE: TIP_936|2024-04-02 (identical to TIP_519|2024-03-14) is ignored but added at the end
NOTE: TIP_99|2024-04-20 (identical to TIP_519|2024-03-14) is ignored but added at the end
NOTE: TIP_577|2024-04-16 (identical to TIP_519|2024-03-14) is ignored but added at the end
NOTE: TIP_998|2024-04-17 (identical to TIP_519|2024-03-14) is ignored but added at the end
NOTE: TIP_974|2024-04-25 (identical to TIP_519|2024-03-14) is ignored but added at the end
NOTE: TIP_517|2024-04-26 (identical to TIP_519|2024-03-14) is ignored but added at the end
NOTE: TIP_867|2024-05-14 (identical to TIP_334|2024-04-30) is ignored but added at the end
NOTE: TIP_394|2024-03-28 (identical to TIP_150|2024-03-01) is ignored but added at the end
NOTE: TIP_731|2024-02-19 (identical to TIP_971|2024-01-25) is ignored but added at the end
NOTE: TIP_221|2024-01-16 (identical to TIP_284|2024-01-19) is ignored but added at the end
NOTE: TIP_231|2024-04-05 (identical to TIP_237|2024-04-08) is ignored but added at the end
NOTE: TIP_699|2024-07-24 (identical to TIP_151|2024-07-21) is ignored but added at the end
NOTE: TIP_858|2024-07-27 (identical to TIP_151|2024-07-21) is ignored but added at the end
NOTE: TIP_275|2024-07-16 (identical to TIP_151|2024-07-21) is ignored but added at the end
NOTE: TIP_967|2024-06-22 (identical to TIP_584|2024-05-18) is ignored but added at the end
NOTE: TIP_109|2024-06-17 (identical to TIP_584|2024-05-18) is ignored but added at the end
Alignment was printed to const_1000/ml_outputs/const_1000.uniqueseq.phy

For your convenience alignment with unique sequences printed to const_1000/ml_outputs/const_1000.uniqueseq.phy

Create initial parsimony tree by phylogenetic likelihood library (PLL)... 0.293 seconds

NOTE: 44 MB RAM (0 GB) is required!
Estimate model parameters (epsilon = 0.100)
1. Initial log-likelihood: -63010.451
2. Current log-likelihood: -62380.660
Optimal log-likelihood: -62380.655
Rate parameters:  A-C: 1.00000  A-G: 4.98629  A-T: 1.00000  C-G: 1.00000  C-T: 4.98629  G-T: 1.00000
Base frequencies:  A: 0.301  C: 0.180  G: 0.199  T: 0.320
Parameters optimization took 2 rounds (1.035 sec)
Wrote distance file to... 
Computing ML distances based on estimated model parameters...
Calculating distance matrix: done in 1.85056 secs using 99.94% CPU
Computing ML distances took 1.856680 sec (of wall-clock time) 1.852500 sec (of CPU time)
Setting up auxiliary I and S matrices: done in 0.0129523 secs using 184.7% CPU
Computing RapidNJ tree took 0.033463 sec (of wall-clock time) 0.064432 sec (of CPU time)
Log-likelihood of RapidNJ tree: -62724.079
--------------------------------------------------------------------
|             INITIALIZING CANDIDATE TREE SET                      |
--------------------------------------------------------------------
Generating 98 parsimony trees... 30.207 second
Computing log-likelihood of 98 initial trees ... 5.953 seconds
Current best score: -62380.647

Do NNI search on 20 best initial trees
Estimate model parameters (epsilon = 0.100)
BETTER TREE FOUND at iteration 1: -62380.646
BETTER TREE FOUND at iteration 4: -62380.646
BETTER TREE FOUND at iteration 5: -62380.646
Iteration 10 / LogL: -62380.646 / Time: 0h:0m:43s
Iteration 20 / LogL: -62380.646 / Time: 0h:0m:46s
Finish initializing candidate tree set (20)
Current best tree score: -62380.646 / CPU time: 42.336
Number of iterations: 20
--------------------------------------------------------------------
|               OPTIMIZING CANDIDATE TREE SET                      |
--------------------------------------------------------------------
Iteration 30 / LogL: -62434.814 / Time: 0h:0m:57s (0h:2m:28s left)
Iteration 40 / LogL: -62508.644 / Time: 0h:1m:9s (0h:1m:55s left)
Iteration 50 / LogL: -62486.132 / Time: 0h:1m:22s (0h:1m:31s left)
Iteration 60 / LogL: -62499.071 / Time: 0h:1m:37s (0h:1m:13s left)
Iteration 70 / LogL: -62464.890 / Time: 0h:1m:50s (0h:0m:55s left)
Iteration 80 / LogL: -62513.244 / Time: 0h:2m:3s (0h:0m:39s left)
Iteration 90 / LogL: -62466.563 / Time: 0h:2m:15s (0h:0m:22s left)
Iteration 100 / LogL: -62519.965 / Time: 0h:2m:27s (0h:0m:7s left)
TREE SEARCH COMPLETED AFTER 106 ITERATIONS / Time: 0h:2m:34s

--------------------------------------------------------------------
|                    FINALIZING TREE SEARCH                        |
--------------------------------------------------------------------
Performs final model parameters optimization
Estimate model parameters (epsilon = 0.010)
1. Initial log-likelihood: -62380.646
Optimal log-likelihood: -62380.646
Rate parameters:  A-C: 1.00000  A-G: 4.98629  A-T: 1.00000  C-G: 1.00000  C-T: 4.98629  G-T: 1.00000
Base frequencies:  A: 0.301  C: 0.180  G: 0.199  T: 0.320
Parameters optimization took 1 rounds (0.296 sec)
BEST SCORE FOUND : -62380.646
Total tree length: 0.070

Total number of iterations: 106
CPU time used for tree search: 149.929 sec (0h:2m:29s)
Wall-clock time used for tree search: 151.083 sec (0h:2m:31s)
Total CPU time used: 153.986 sec (0h:2m:33s)
Total wall-clock time used: 155.118 sec (0h:2m:35s)

Analysis results written to: 
  IQ-TREE report:                const_1000/ml_outputs/const_1000.iqtree
  Maximum-likelihood tree:       const_1000/ml_outputs/const_1000.treefile
  Likelihood distances:          const_1000/ml_outputs/const_1000.mldist
  Screen log file:               const_1000/ml_outputs/const_1000.log

Date and Time: Fri Mar 14 22:35:57 2025
