IQ-TREE multicore version 2.3.6 for Linux x86 64-bit built Aug  1 2024
Developed by Bui Quang Minh, Nguyen Lam Tung, Olga Chernomor, Heiko Schmidt,
Dominik Schrempf, Michael Woodhams, Ly Trong Nhan, Thomas Wong

Host:    patrick-varillys-laptop (AVX2, FMA3, 62 GB RAM)
Command: ../iqtree2 -s delphy_inputs/ma_sars_cov_2.fasta -m HKY+FO --prefix ml/ma_sars_cov_2
Seed:    808125 (Using SPRNG - Scalable Parallel Random Number Generator)
Time:    Fri Nov 14 09:52:16 2025
Kernel:  AVX+FMA - 1 threads (22 CPU cores detected)

HINT: Use -nt option to specify number of threads because your CPU has 22 cores!
HINT: -nt AUTO will automatically determine the best number of threads to use.

Reading alignment file delphy_inputs/ma_sars_cov_2.fasta ... Fasta format detected
Reading fasta file: done in 0.235301 secs using 87.48% CPU
Alignment most likely contains DNA/RNA sequences
Alignment has 757 sequences with 29903 columns, 2528 distinct patterns
226 parsimony-informative, 386 singleton sites, 29291 constant sites
                                    Gap/Ambiguity  Composition  p-value
Analyzing sequences: done in 0.00609972 secs using 99.5% CPU
   1  NC_045512.2|NC_045512.2|2019-12       0.00%    passed     98.71%
   2  MA_MGH_00730|MT873510.1|2020-04-09    1.73%    passed    100.00%
   3  MA_MGH_00853|MT873509.1|2020-04-13    1.66%    passed    100.00%
   4  MA_DPH_00094|MT873507.1|2020-04-03    1.66%    passed    100.00%
   5  MA_DPH_00192|MT873506.1|2020-04-06    1.66%    passed    100.00%
   6  MA_DPH_00021|MT873505.1|2020-04-02    1.66%    passed    100.00%
   7  MA_MGH_01049|MT873504.1|2020-05-01    1.66%    passed    100.00%
   8  MA_MGH_00886|MT873503.1|2020-04-14    1.66%    passed     99.98%
   9  MA_DPH_00171|MT873502.1|2020-04-03    2.24%    passed     99.80%
  10  MA_DPH_00299|MT873501.1|2020-04-17    1.66%    passed    100.00%
  11  MA_MGH_00773|MT873500.1|2020-04-12    1.66%    passed    100.00%
  12  MA_MGH_00978|MT873499.1|2020-05-03    1.66%    passed    100.00%
  13  MA_DPH_00148|MT873498.1|2020-04-03    1.66%    passed    100.00%
  14  MA_DPH_00002|MT873497.1|2020-03-03    1.66%    passed     99.99%
  15  MA_DPH_00218|MT873496.1|2020-04-13    1.66%    passed    100.00%
  16  MA_DPH_00263|MT873495.1|2020-04-17    2.24%    passed     98.80%
  17  MA_MGH_01063|MT873493.1|2020-05-01    1.66%    passed    100.00%
  18  MA_DPH_00127|MT873491.1|2020-04-03    1.66%    passed    100.00%
  19  MA_MGH_01248|MT873490.1|2020-05-04    1.81%    passed     99.95%
  20  MA_DPH_00039|MT873489.1|2020-04-02    1.66%    passed    100.00%
  21  MA_MGH_00866|MT873488.1|2020-04-14    1.66%    passed     99.99%
  22  MA_DPH_00038|MT873487.1|2020-04-02    1.66%    passed    100.00%
  23  MA_MGH_00840|MT873486.1|2020-04-13    1.66%    passed    100.00%
  24  MA_MGH_00814|MT873485.1|2020-04-13    1.67%    passed    100.00%
  25  MA_MGH_01092|MT873484.1|2020-05-01    1.66%    passed    100.00%
  26  MA_MGH_01580|MT873483.1|2020-05-08    2.53%    passed     98.95%
  27  MA_MGH_00855|MT873482.1|2020-04-13    1.69%    passed    100.00%
  28  MA_MGH_01471|MT873481.1|2020-05-06    2.03%    passed     99.87%
  29  MA_DPH_00048|MT873480.1|2020-04-02    1.66%    passed    100.00%
  30  MA_MGH_01290|MT873479.1|2020-05-05    1.66%    passed    100.00%
  31  MA_DPH_00105|MT873477.1|2020-04-03    1.66%    passed    100.00%
  32  MA_MGH_01140|MT873476.1|2020-05-02    1.66%    passed    100.00%
  33  MA_MGH_01271|MT873475.1|2020-04-29    1.95%    passed    100.00%
  34  MA_DPH_00123|MT873473.1|2020-04-03    1.66%    passed    100.00%
  35  MA_MGH_01110|MT873472.1|2020-05-01    1.66%    passed    100.00%
  36  MA_MGH_00775|MT873471.1|2020-04-12    1.66%    passed    100.00%
  37  MA_MGH_01379|MT873470.1|2020-05-06    1.66%    passed    100.00%
  38  MA_DPH_00241|MT873469.1|2020-04-16    1.66%    passed    100.00%
  39  MA_MGH_00791|MT873468.1|2020-04-13    1.66%    passed     99.99%
  40  MA_DPH_00317|MT873467.1|2020-04-18    1.66%    passed    100.00%
  41  MA_DPH_00147|MT873466.1|2020-04-03    1.66%    passed    100.00%
  42  MA_MGH_00742|MT873465.1|2020-04-10    1.66%    passed    100.00%
  43  MA_DPH_00149|MT873464.1|2020-04-03    1.66%    passed    100.00%
  44  MA_MGH_00957|MT873463.1|2020-05-03    1.66%    passed    100.00%
  45  MA_DPH_00062|MT873462.1|2020-04-03    1.66%    passed    100.00%
  46  MA_MGH_01161|MT873461.1|2020-04-29    1.66%    passed    100.00%
  47  MA_DPH_00035|MT873460.1|2020-04-02    2.11%    passed     99.70%
  48  MA_MGH_00903|MT873459.1|2020-04-08    1.66%    passed    100.00%
  49  MA_DPH_00295|MT873458.1|2020-04-17    1.66%    passed    100.00%
  50  MA_DPH_00236|MT873457.1|2020-04-16    1.66%    passed    100.00%
  51  MA_MGH_00887|MT873456.1|2020-04-14    1.66%    passed     99.99%
  52  MA_DPH_00134|MT873455.1|2020-04-03    1.70%    passed     99.99%
  53  MA_DPH_00095|MT873454.1|2020-04-03    1.66%    passed    100.00%
  54  MA_DPH_00206|MT873453.1|2020-04-09    1.66%    passed    100.00%
  55  MA_DPH_00013|MT873452.1|2020-03-28    1.66%    passed    100.00%
  56  MA_DPH_00116|MT873451.1|2020-04-03    1.66%    passed    100.00%
  57  MA_DPH_00180|MT873450.1|2020-04-06    1.66%    passed    100.00%
  58  MA_MGH_01119|MT873449.1|2020-05-02    2.80%    passed     99.36%
  59  MA_MGH_00798|MT873448.1|2020-04-13    1.66%    passed    100.00%
  60  MA_MGH_01448|MT873447.1|2020-04-30    1.66%    passed    100.00%
  61  MA_DPH_00229|MT873446.1|2020-04-15    1.66%    passed    100.00%
  62  MA_MGH_01149|MT873445.1|2020-05-02    1.66%    passed    100.00%
  63  MA_DPH_00083|MT873444.1|2020-04-03    1.66%    passed    100.00%
  64  MA_DPH_00283|MT873443.1|2020-04-17    1.66%    passed    100.00%
  65  MA_DPH_00015|MT873442.1|2020-03-30    1.66%    passed    100.00%
  66  MA_DPH_00031|MT873441.1|2020-04-02    1.70%    passed    100.00%
  67  MA_MGH_00746|MT873440.1|2020-04-10    1.66%    passed    100.00%
  68  MA_DPH_00089|MT873439.1|2020-04-03    1.66%    passed    100.00%
  69  MA_DPH_00042|MT873438.1|2020-04-02    1.66%    passed    100.00%
  70  MA_MGH_00801|MT873437.1|2020-04-13    1.66%    passed    100.00%
  71  MA_DPH_00163|MT873436.1|2020-04-03    1.66%    passed    100.00%
  72  MA_DPH_00268|MT873434.1|2020-04-17    1.67%    passed    100.00%
  73  MA_MGH_01365|MT873433.1|2020-05-06    1.66%    passed    100.00%
  74  MA_DPH_00051|MT873431.1|2020-04-02    1.70%    passed    100.00%
  75  MA_MGH_01157|MT873430.1|2020-04-29    1.66%    passed    100.00%
  76  MA_DPH_00029|MT873429.1|2020-04-02    1.66%    passed    100.00%
  77  MA_DPH_00104|MT873428.1|2020-04-03    1.66%    passed    100.00%
  78  MA_DPH_00086|MT873427.1|2020-04-03    2.47%    passed     99.32%
  79  MA_DPH_00143|MT873426.1|2020-04-03    1.66%    passed    100.00%
  80  MA_DPH_00186|MT873425.1|2020-04-06    1.89%    passed     99.78%
  81  MA_DPH_00303|MT873424.1|2020-04-17    1.66%    passed    100.00%
  82  MA_DPH_00310|MT873422.1|2020-04-18    1.66%    passed    100.00%
  83  MA_DPH_00187|MT873421.1|2020-04-06    1.66%    passed    100.00%
  84  MA_MGH_01071|MT873420.1|2020-04-30    1.69%    passed    100.00%
  85  MA_DPH_00027|MT873419.1|2020-04-02    1.66%    passed    100.00%
  86  MA_DPH_00014|MT873418.1|2020-03-30    1.66%    passed    100.00%
  87  MA_MGH_00770|MT873417.1|2020-04-12    1.66%    passed    100.00%
  88  MA_DPH_00202|MT873416.1|2020-04-08    1.66%    passed    100.00%
  89  MA_DPH_00188|MT873414.1|2020-04-06    1.66%    passed    100.00%
  90  MA_DPH_00016|MT873413.1|2020-04-01    1.66%    passed    100.00%
  91  MA_MGH_01017|MT873412.1|2020-04-30    1.66%    passed    100.00%
  92  MA_MGH_01103|MT873411.1|2020-05-01    1.66%    passed    100.00%
  93  MA_MGH_01452|MT873410.1|2020-04-30    1.67%    passed    100.00%
  94  MA_DPH_00177|MT873409.1|2020-04-05    1.66%    passed    100.00%
  95  MA_MGH_01207|MT873408.1|2020-05-04    1.66%    passed    100.00%
  96  MA_MGH_01344|MT873407.1|2020-05-05    1.69%    passed    100.00%
  97  MA_MGH_01586|MT873406.1|2020-05-09    3.48%    passed     85.91%
  98  MA_DPH_00138|MT873405.1|2020-04-03    1.66%    passed    100.00%
  99  MA_DPH_00034|MT873404.1|2020-04-02    1.66%    passed    100.00%
 100  MA_MGH_00862|MT873403.1|2020-04-13    1.66%    passed    100.00%
 101  MA_DPH_00158|MT873402.1|2020-04-03    1.66%    passed    100.00%
 102  MA_DPH_00092|MT873401.1|2020-04-03    1.66%    passed    100.00%
 103  MA_DPH_00238|MT873399.1|2020-04-16    1.66%    passed    100.00%
 104  MA_DPH_00028|MT873398.1|2020-04-02    1.66%    passed    100.00%
 105  MA_MGH_01382|MT873397.1|2020-05-06    1.66%    passed    100.00%
 106  MA_MGH_01121|MT873396.1|2020-05-02    1.66%    passed    100.00%
 107  MA_DPH_00306|MT873395.1|2020-04-18    1.66%    passed    100.00%
 108  MA_DPH_00222|MT873393.1|2020-04-14    1.66%    passed    100.00%
 109  MA_MGH_00736|MT873392.1|2020-04-09    1.66%    passed    100.00%
 110  MA_MGH_01504|MT873391.1|2020-05-07    1.66%    passed     99.99%
 111  MA_DPH_00124|MT873390.1|2020-04-03    1.66%    passed    100.00%
 112  MA_MGH_00992|MT873389.1|2020-05-01    1.66%    passed    100.00%
 113  MA_DPH_00239|MT873387.1|2020-04-16    1.66%    passed    100.00%
 114  MA_MGH_01152|MT873385.1|2020-04-29    1.66%    passed    100.00%
 115  MA_MGH_01057|MT873384.1|2020-05-01    1.66%    passed    100.00%
 116  MA_DPH_00170|MT873383.1|2020-04-03    1.66%    passed    100.00%
 117  MA_DPH_00080|MT873382.1|2020-04-03    1.66%    passed    100.00%
 118  MA_MGH_00959|MT873381.1|2020-05-03    1.66%    passed    100.00%
 119  MA_MGH_00816|MT873380.1|2020-04-13    1.66%    passed    100.00%
 120  MA_MGH_01084|MT873379.1|2020-05-01    1.66%    passed    100.00%
 121  MA_MGH_00734|MT873378.1|2020-04-09    1.66%    passed    100.00%
 122  MA_DPH_00199|MT873377.1|2020-04-07    1.66%    passed    100.00%
 123  MA_MGH_01108|MT873376.1|2020-05-02    1.66%    passed    100.00%
 124  MA_MGH_00926|MT873375.1|2020-05-02    1.66%    passed     99.99%
 125  MA_MGH_01322|MT873374.1|2020-05-05    2.77%    passed     99.65%
 126  MA_MGH_01109|MT873373.1|2020-05-01    1.66%    passed    100.00%
 127  MA_MGH_00947|MT873372.1|2020-05-02    1.66%    passed     99.98%
 128  MA_MGH_01304|MT873370.1|2020-05-05    1.66%    passed     99.99%
 129  MA_DPH_00209|MT873369.1|2020-04-10    1.66%    passed    100.00%
 130  MA_MGH_00916|MT873368.1|2020-05-02    2.10%    passed     99.96%
 131  MA_MGH_01045|MT873367.1|2020-05-01    1.66%    passed    100.00%
 132  MA_MGH_00836|MT873366.1|2020-04-13    1.66%    passed     99.99%
 133  MA_MGH_00817|MT873365.1|2020-04-13    1.66%    passed     99.99%
 134  MA_MGH_01086|MT873364.1|2020-05-01    1.66%    passed    100.00%
 135  MA_MGH_00740|MT873363.1|2020-04-09    1.66%    passed    100.00%
 136  MA_DPH_00130|MT873362.1|2020-04-03    1.66%    passed    100.00%
 137  MA_MGH_01338|MT873361.1|2020-05-05    1.66%    passed    100.00%
 138  MA_MGH_00760|MT873360.1|2020-04-10    1.66%    passed    100.00%
 139  MA_MGH_00749|MT873359.1|2020-04-10    1.66%    passed    100.00%
 140  MA_DPH_00257|MT873358.1|2020-04-17    1.91%    passed     99.99%
 141  MA_DPH_00090|MT873356.1|2020-04-03    1.66%    passed    100.00%
 142  MA_DPH_00256|MT873355.1|2020-04-17    1.66%    passed    100.00%
 143  MA_MGH_00764|MT873353.1|2020-04-11    1.66%    passed     99.99%
 144  MA_MGH_00871|MT873352.1|2020-04-14    1.66%    passed    100.00%
 145  MA_DPH_00197|MT873351.1|2020-04-07    1.66%    passed    100.00%
 146  MA_MGH_01495|MT873350.1|2020-05-07    1.66%    passed    100.00%
 147  MA_MGH_00876|MT873349.1|2020-04-14    1.66%    passed    100.00%
 148  MA_DPH_00261|MT873348.1|2020-04-17    1.66%    passed    100.00%
 149  MA_MGH_01018|MT873347.1|2020-04-30    1.66%    passed    100.00%
 150  MA_MGH_01593|MT873346.1|2020-05-09    1.66%    passed     99.99%
 151  MA_MGH_00809|MT873345.1|2020-04-13    1.66%    passed    100.00%
 152  MA_MGH_00878|MT873344.1|2020-04-14    1.66%    passed    100.00%
 153  MA_DPH_00109|MT873343.1|2020-04-03    1.69%    passed    100.00%
 154  MA_DPH_00166|MT873342.1|2020-04-03    1.66%    passed    100.00%
 155  MA_MGH_01319|MT873341.1|2020-05-05    2.77%    passed     99.65%
 156  MA_MGH_00753|MT873340.1|2020-04-10    1.67%    passed    100.00%
 157  MA_MGH_00869|MT873339.1|2020-04-14    1.67%    passed    100.00%
 158  MA_MGH_01543|MT873338.1|2020-04-28    1.66%    passed    100.00%
 159  MA_MGH_00738|MT873337.1|2020-04-09    1.66%    passed    100.00%
 160  MA_MGH_01328|MT873336.1|2020-05-05    1.66%    passed    100.00%
 161  MA_MGH_01132|MT873335.1|2020-05-02    1.66%    passed    100.00%
 162  MA_MGH_01380|MT873334.1|2020-05-06    1.66%    passed    100.00%
 163  MA_DPH_00315|MT873333.1|2020-04-18    1.66%    passed    100.00%
 164  MA_DPH_00011|MT873332.1|2020-03-10    1.66%    passed    100.00%
 165  MA_MGH_01031|MT873331.1|2020-05-01    1.69%    passed    100.00%
 166  MA_DPH_00157|MT873330.1|2020-04-03    1.66%    passed     99.99%
 167  MA_MGH_00743|MT873329.1|2020-04-10    1.66%    passed    100.00%
 168  MA_DPH_00052|MT873328.1|2020-04-03    1.66%    passed    100.00%
 169  MA_DPH_00219|MT873327.1|2020-04-13    1.66%    passed    100.00%
 170  MA_DPH_00169|MT873326.1|2020-04-03    1.66%    passed    100.00%
 171  MA_MGH_01405|MT873324.1|2020-05-06    1.66%    passed    100.00%
 172  MA_DPH_00036|MT873323.1|2020-04-02    1.66%    passed    100.00%
 173  MA_DPH_00129|MT873321.1|2020-04-03    1.66%    passed    100.00%
 174  MA_DPH_00050|MT873320.1|2020-04-02    1.66%    passed    100.00%
 175  MA_MGH_01494|MT873319.1|2020-05-07    1.66%    passed    100.00%
 176  MA_DPH_00151|MT873318.1|2020-04-03    1.66%    passed    100.00%
 177  MA_MGH_01235|MT873317.1|2020-05-04    1.79%    passed    100.00%
 178  MA_MGH_01632|MT873316.1|2020-04-28    2.47%    passed     98.14%
 179  MA_MGH_00759|MT873314.1|2020-04-10    1.66%    passed    100.00%
 180  MA_MGH_01060|MT873312.1|2020-05-01    1.83%    passed     99.96%
 181  MA_MGH_00834|MT873311.1|2020-04-13    1.66%    passed    100.00%
 182  MA_DPH_00246|MT873310.1|2020-04-16    2.43%    passed     99.87%
 183  MA_DPH_00164|MT873309.1|2020-04-03    1.66%    passed    100.00%
 184  MA_DPH_00023|MT873308.1|2020-04-02    1.66%    passed    100.00%
 185  MA_MGH_01195|MT873307.1|2020-05-04    1.66%    passed    100.00%
 186  MA_MGH_00767|MT873306.1|2020-04-11    1.67%    passed    100.00%
 187  MA_MGH_00766|MT873305.1|2020-04-11    2.24%    passed     99.78%
 188  MA_DPH_00068|MT873304.1|2020-04-03    1.66%    passed    100.00%
 189  MA_DPH_00113|MT873303.1|2020-04-03    1.66%    passed    100.00%
 190  MA_DPH_00230|MT873302.1|2020-04-15    1.67%    passed     99.99%
 191  MA_MGH_01297|MT873301.1|2020-05-05    1.66%    passed    100.00%
 192  MA_MGH_01011|MT873300.1|2020-04-30    2.67%    passed     99.85%
 193  MA_DPH_00204|MT873299.1|2020-04-09    1.66%    passed     99.99%
 194  MA_MGH_00732|MT873298.1|2020-04-09    1.66%    passed    100.00%
 195  MA_DPH_00228|MT873296.1|2020-04-15    1.66%    passed    100.00%
 196  MA_DPH_00243|MT873295.1|2020-04-16    1.66%    passed    100.00%
 197  MA_DPH_00183|MT873294.1|2020-04-06    1.66%    passed    100.00%
 198  MA_MGH_00900|MT873293.1|2020-05-05    1.66%    passed    100.00%
 199  MA_MGH_00824|MT873292.1|2020-04-13    1.66%    passed    100.00%
 200  MA_MGH_01544|MT873290.1|2020-04-28    1.66%    passed     99.99%
 201  MA_MGH_00826|MT873289.1|2020-04-13    1.66%    passed    100.00%
 202  MA_DPH_00091|MT873287.1|2020-04-03    1.66%    passed    100.00%
 203  MA_DPH_00231|MT873286.1|2020-04-16    1.66%    passed    100.00%
 204  MA_DPH_00271|MT873285.1|2020-04-17    1.66%    passed    100.00%
 205  MA_DPH_00107|MT873284.1|2020-04-03    1.66%    passed    100.00%
 206  MA_MGH_01183|MT873283.1|2020-04-29    1.66%    passed    100.00%
 207  MA_MGH_00832|MT873282.1|2020-04-13    1.66%    passed    100.00%
 208  MA_DPH_00150|MT873281.1|2020-04-03    1.66%    passed    100.00%
 209  MA_MGH_00958|MT873280.1|2020-05-03    1.66%    passed    100.00%
 210  MA_DPH_00264|MT873279.1|2020-04-17    1.66%    passed    100.00%
 211  MA_MGH_01033|MT873278.1|2020-04-30    1.66%    passed     99.99%
 212  MA_MGH_01061|MT873277.1|2020-05-01    1.66%    passed    100.00%
 213  MA_MGH_01442|MT873276.1|2020-04-30    2.82%    passed     95.48%
 214  MA_DPH_00265|MT873275.1|2020-04-17    1.66%    passed    100.00%
 215  MA_DPH_00292|MT873274.1|2020-04-17    1.66%    passed    100.00%
 216  MA_DPH_00122|MT873273.1|2020-04-03    1.66%    passed    100.00%
 217  MA_MGH_00762|MT873272.1|2020-04-11    1.66%    passed    100.00%
 218  MA_MGH_01256|MT873270.1|2020-05-04    1.66%    passed     99.99%
 219  MA_MGH_01068|MT873269.1|2020-05-01    1.66%    passed    100.00%
 220  MA_MGH_00848|MT873268.1|2020-04-13    1.66%    passed    100.00%
 221  MA_MGH_00758|MT873267.1|2020-04-10    1.66%    passed    100.00%
 222  MA_DPH_00106|MT873266.1|2020-04-03    1.66%    passed    100.00%
 223  MA_MGH_01048|MT873265.1|2020-05-01    1.66%    passed    100.00%
 224  MA_MGH_01196|MT873264.1|2020-05-03    1.66%    passed    100.00%
 225  MA_MGH_00779|MT873263.1|2020-04-12    1.66%    passed    100.00%
 226  MA_DPH_00189|MT873262.1|2020-04-06    1.66%    passed    100.00%
 227  MA_DPH_00234|MT873261.1|2020-04-16    1.66%    passed    100.00%
 228  MA_MGH_01552|MT873259.1|2020-04-28    1.66%    passed    100.00%
 229  MA_DPH_00182|MT873258.1|2020-04-06    1.66%    passed    100.00%
 230  MA_MGH_01151|MT873257.1|2020-04-29    1.66%    passed    100.00%
 231  MA_DPH_00294|MT873256.1|2020-04-17    1.66%    passed    100.00%
 232  MA_DPH_00185|MT873255.1|2020-04-06    1.70%    passed    100.00%
 233  MA_DPH_00025|MT873254.1|2020-04-02    1.66%    passed    100.00%
 234  MA_MGH_01022|MT873253.1|2020-04-30    1.66%    passed    100.00%
 235  MA_MGH_00977|MT873251.1|2020-05-03    1.66%    passed    100.00%
 236  MA_MGH_01257|MT873250.1|2020-05-04    1.66%    passed    100.00%
 237  MA_DPH_00308|MT873249.1|2020-04-18    1.66%    passed    100.00%
 238  MA_DPH_00135|MT873247.1|2020-04-03    1.66%    passed    100.00%
 239  MA_MGH_01467|MT873245.1|2020-05-06    1.66%    passed    100.00%
 240  MA_MGH_00799|MT873244.1|2020-04-13    1.66%    passed    100.00%
 241  MA_DPH_00057|MT873243.1|2020-04-03    1.66%    passed     99.99%
 242  MA_MGH_01407|MT873242.1|2020-05-06    1.71%    passed     99.97%
 243  MA_DPH_00054|MT873240.1|2020-04-03    1.66%    passed    100.00%
 244  MA_MGH_01021|MT873239.1|2020-04-30    1.66%    passed    100.00%
 245  MA_MGH_00906|MT873238.1|2020-04-17    1.66%    passed    100.00%
 246  MA_MGH_01076|MT873237.1|2020-05-01    1.66%    passed    100.00%
 247  MA_DPH_00076|MT873236.1|2020-04-03    1.66%    passed    100.00%
 248  MA_DPH_00208|MT873235.1|2020-04-10    1.66%    passed    100.00%
 249  MA_MGH_00761|MT873234.1|2020-04-11    2.74%    passed     99.25%
 250  MA_DPH_00098|MT873233.1|2020-04-03    1.66%    passed    100.00%
 251  MA_DPH_00084|MT873231.1|2020-04-03    1.66%    passed    100.00%
 252  MA_DPH_00181|MT873230.1|2020-04-06    1.66%    passed    100.00%
 253  MA_DPH_00311|MT873229.1|2020-04-18    2.92%    passed     97.45%
 254  MA_DPH_00065|MT873228.1|2020-04-03    1.66%    passed    100.00%
 255  MA_MGH_01001|MT873226.1|2020-04-30    1.66%    passed    100.00%
 256  MA_DPH_00252|MT873225.1|2020-04-17    1.66%    passed    100.00%
 257  MA_MGH_01065|MT873223.1|2020-05-01    1.85%    passed     99.99%
 258  MA_DPH_00176|MT873222.1|2020-04-03    1.66%    passed    100.00%
 259  MA_DPH_00266|MT873221.1|2020-04-17    1.66%    passed    100.00%
 260  MA_DPH_00032|MT873220.1|2020-04-02    1.66%    passed    100.00%
 261  MA_MGH_00858|MT873219.1|2020-04-14    2.60%    passed     97.71%
 262  MA_DPH_00019|MT873218.1|2020-04-01    1.66%    passed    100.00%
 263  MA_DPH_00165|MT873217.1|2020-04-03    1.66%    passed    100.00%
 264  MA_MGH_01343|MT873216.1|2020-05-05    1.66%    passed    100.00%
 265  MA_MGH_01368|MT873214.1|2020-05-06    2.27%    passed     99.93%
 266  MA_DPH_00194|MT873213.1|2020-04-06    1.66%    passed    100.00%
 267  MA_DPH_00118|MT873212.1|2020-04-03    1.66%    passed     99.99%
 268  MA_DPH_00248|MT873211.1|2020-04-17    1.66%    passed     99.99%
 269  MA_MGH_00954|MT873210.1|2020-05-02    1.66%    passed    100.00%
 270  MA_MGH_01182|MT873209.1|2020-04-29    1.66%    passed    100.00%
 271  MA_DPH_00270|MT873208.1|2020-04-17    1.66%    passed    100.00%
 272  MA_DPH_00102|MT873207.1|2020-04-03    1.66%    passed    100.00%
 273  MA_MGH_00757|MT873206.1|2020-04-10    1.68%    passed     99.98%
 274  MA_DPH_00159|MT873204.1|2020-04-03    1.66%    passed    100.00%
 275  MA_DPH_00200|MT873203.1|2020-04-07    1.66%    passed    100.00%
 276  MA_MGH_00812|MT873202.1|2020-04-13    1.66%    passed    100.00%
 277  MA_MGH_01372|MT873201.1|2020-05-06    1.66%    passed    100.00%
 278  MA_MGH_00996|MT873200.1|2020-05-01    1.66%    passed    100.00%
 279  MA_MGH_00893|MT873199.1|2020-05-05    1.66%    passed     99.99%
 280  MA_MGH_00823|MT873198.1|2020-04-13    1.66%    passed    100.00%
 281  MA_DPH_00139|MT873197.1|2020-04-03    1.66%    passed    100.00%
 282  MA_MGH_00939|MT873196.1|2020-05-02    1.77%    passed     99.99%
 283  MA_DPH_00213|MT873195.1|2020-04-12    1.66%    passed    100.00%
 284  MA_DPH_00063|MT873194.1|2020-04-03    1.66%    passed    100.00%
 285  MA_MGH_01606|MT873192.1|2020-05-08    1.66%    passed    100.00%
 286  MA_MGH_01333|MT873191.1|2020-05-05    1.66%    passed    100.00%
 287  MA_DPH_00156|MT873190.1|2020-04-03    1.66%    passed    100.00%
 288  MA_DPH_00301|MT873189.1|2020-04-18    1.66%    passed    100.00%
 289  MA_DPH_00304|MT873188.1|2020-04-18    1.66%    passed    100.00%
 290  MA_MGH_01367|MT873187.1|2020-05-06    1.66%    passed     99.98%
 291  MA_MGH_00811|MT873185.1|2020-04-13    1.66%    passed    100.00%
 292  MA_MGH_00945|MT873184.1|2020-05-03    1.77%    passed     99.99%
 293  MA_DPH_00277|MT873183.1|2020-04-17    1.66%    passed    100.00%
 294  MA_MGH_01227|MT873182.1|2020-05-04    1.76%    passed     99.99%
 295  MA_MGH_00935|MT873181.1|2020-05-02    1.93%    passed     99.97%
 296  MA_DPH_00121|MT873180.1|2020-04-03    1.66%    passed     99.99%
 297  MA_DPH_00108|MT873179.1|2020-04-03    1.66%    passed    100.00%
 298  MA_DPH_00047|MT873178.1|2020-04-02    1.66%    passed    100.00%
 299  MA_DPH_00040|MT873177.1|2020-04-02    1.66%    passed    100.00%
 300  MA_MGH_00727|MT873176.1|2020-04-08    1.66%    passed    100.00%
 301  MA_MGH_01469|MT873175.1|2020-05-07    1.66%    passed    100.00%
 302  MA_DPH_00221|MT873174.1|2020-04-14    1.66%    passed     99.99%
 303  MA_MGH_00908|MT873173.1|2020-04-10    1.94%    passed     99.99%
 304  MA_DPH_00110|MT873172.1|2020-04-03    1.66%    passed    100.00%
 305  MA_DPH_00318|MT873171.1|2020-04-18    2.64%    passed     99.30%
 306  MA_MGH_01127|MT873169.1|2020-05-02    1.66%    passed    100.00%
 307  MA_DPH_00074|MT873168.1|2020-04-03    1.66%    passed    100.00%
 308  MA_MGH_01331|MT873167.1|2020-05-05    1.66%    passed     99.99%
 309  MA_MGH_00774|MT873166.1|2020-04-12    1.66%    passed    100.00%
 310  MA_DPH_00126|MT873165.1|2020-04-03    1.66%    passed    100.00%
 311  MA_DPH_00178|MT873163.1|2020-04-05    1.66%    passed    100.00%
 312  MA_DPH_00030|MT873161.1|2020-04-02    1.67%    passed    100.00%
 313  MA_DPH_00212|MT873160.1|2020-04-12    1.66%    passed    100.00%
 314  MA_MGH_01443|MT873159.1|2020-04-30    1.66%    passed    100.00%
 315  MA_DPH_00140|MT873158.1|2020-04-03    1.66%    passed    100.00%
 316  MA_DPH_00087|MT873157.1|2020-04-03    1.66%    passed    100.00%
 317  MA_DPH_00250|MT873156.1|2020-04-17    1.66%    passed    100.00%
 318  MA_DPH_00235|MT873155.1|2020-04-16    2.22%    passed     99.71%
 319  MA_MGH_00745|MT873154.1|2020-04-10    1.66%    passed    100.00%
 320  MA_DPH_00024|MT873153.1|2020-04-02    1.66%    passed    100.00%
 321  MA_MGH_01080|MT873152.1|2020-05-01    1.66%    passed    100.00%
 322  MA_MGH_00922|MT873151.1|2020-05-02    1.66%    passed    100.00%
 323  MA_MGH_00946|MT873150.1|2020-05-02    1.67%    passed    100.00%
 324  MA_DPH_00321|MT873149.1|2020-04-18    1.66%    passed    100.00%
 325  MA_MGH_00923|MT873148.1|2020-05-02    1.66%    passed    100.00%
 326  MA_DPH_00227|MT873147.1|2020-04-15    1.66%    passed    100.00%
 327  MA_MGH_00828|MT873146.1|2020-04-13    1.66%    passed    100.00%
 328  MA_MGH_00845|MT873145.1|2020-04-13    1.66%    passed    100.00%
 329  MA_MGH_01460|MT873143.1|2020-04-28    1.66%    passed    100.00%
 330  MA_DPH_00115|MT873141.1|2020-04-03    1.66%    passed    100.00%
 331  MA_MGH_01522|MT873140.1|2020-05-07    1.66%    passed    100.00%
 332  MA_MGH_00735|MT873139.1|2020-04-09    1.66%    passed    100.00%
 333  MA_MGH_00796|MT873137.1|2020-04-13    1.66%    passed    100.00%
 334  MA_MGH_00831|MT873136.1|2020-04-13    1.66%    passed    100.00%
 335  MA_DPH_00237|MT873135.1|2020-04-16    1.66%    passed    100.00%
 336  MA_MGH_01592|MT873134.1|2020-05-09    1.66%    passed     99.98%
 337  MA_MGH_01096|MT873133.1|2020-05-01    1.66%    passed     99.99%
 338  MA_MGH_00741|MT873132.1|2020-04-09    1.66%    passed    100.00%
 339  MA_MGH_01415|MT873131.1|2020-05-07    1.66%    passed    100.00%
 340  MA_DPH_00075|MT873130.1|2020-04-03    1.66%    passed    100.00%
 341  MA_MGH_01206|MT873129.1|2020-05-04    1.66%    passed    100.00%
 342  MA_DPH_00240|MT873128.1|2020-04-16    1.66%    passed    100.00%
 343  MA_DPH_00058|MT873126.1|2020-04-03    1.66%    passed    100.00%
 344  MA_MGH_01107|MT873125.1|2020-05-01    1.66%    passed    100.00%
 345  MA_DPH_00081|MT873124.1|2020-04-03    1.66%    passed    100.00%
 346  MA_DPH_00018|MT873123.1|2020-04-01    1.66%    passed    100.00%
 347  MA_DPH_00305|MT873121.1|2020-04-18    1.66%    passed    100.00%
 348  MA_MGH_01325|MT873120.1|2020-05-05    1.66%    passed    100.00%
 349  MA_DPH_00232|MT873119.1|2020-04-16    1.66%    passed    100.00%
 350  MA_MGH_00827|MT873118.1|2020-04-13    1.66%    passed    100.00%
 351  MA_DPH_00114|MT873117.1|2020-04-03    1.66%    passed    100.00%
 352  MA_MGH_00937|MT873116.1|2020-05-02    1.66%    passed    100.00%
 353  MA_MGH_01501|MT873115.1|2020-05-07    1.66%    passed    100.00%
 354  MA_MGH_00829|MT873114.1|2020-04-13    1.66%    passed    100.00%
 355  MA_MGH_00931|MT873113.1|2020-05-02    1.66%    passed    100.00%
 356  MA_MGH_01089|MT873112.1|2020-05-01    1.66%    passed    100.00%
 357  MA_DPH_00216|MT873111.1|2020-04-13    1.66%    passed    100.00%
 358  MA_DPH_00142|MT873110.1|2020-04-03    1.66%    passed    100.00%
 359  MA_MGH_00728|MT873109.1|2020-04-08    1.66%    passed    100.00%
 360  MA_MGH_01397|MT873108.1|2020-05-06    1.66%    passed    100.00%
 361  MA_DPH_00020|MT873105.1|2020-04-01    1.66%    passed    100.00%
 362  MA_DPH_00017|MT873104.1|2020-04-01    1.66%    passed    100.00%
 363  MA_MGH_01126|MT873103.1|2020-05-02    1.66%    passed     99.99%
 364  MA_MGH_01111|MT873102.1|2020-05-01    1.66%    passed    100.00%
 365  MA_DPH_00287|MT873100.1|2020-04-17    1.66%    passed    100.00%
 366  MA_MGH_00896|MT873099.1|2020-05-05    1.66%    passed    100.00%
 367  MA_MGH_01502|MT873098.1|2020-05-07    1.66%    passed    100.00%
 368  MA_DPH_00100|MT873097.1|2020-04-03    1.66%    passed    100.00%
 369  MA_DPH_00195|MT873096.1|2020-04-07    1.68%    passed    100.00%
 370  MA_DPH_00167|MT873095.1|2020-04-03    1.66%    passed    100.00%
 371  MA_DPH_00053|MT873094.1|2020-04-03    1.66%    passed    100.00%
 372  MA_DPH_00225|MT873093.1|2020-04-15    1.66%    passed    100.00%
 373  MA_MGH_01153|MT873092.1|2020-04-29    1.66%    passed    100.00%
 374  MA_MGH_01032|MT873091.1|2020-05-01    1.69%    passed    100.00%
 375  MA_DPH_00255|MT873090.1|2020-04-17    1.72%    passed     99.99%
 376  MA_DPH_00144|MT873089.1|2020-04-03    1.69%    passed    100.00%
 377  MA_DPH_00117|MT873088.1|2020-04-03    1.66%    passed    100.00%
 378  MA_MGH_01073|MT873087.1|2020-04-30    1.67%    passed    100.00%
 379  MA_DPH_00137|MT873086.1|2020-04-03    1.66%    passed    100.00%
 380  MA_MGH_00822|MT873085.1|2020-04-13    1.73%    passed    100.00%
 381  MA_DPH_00145|MT873084.1|2020-04-03    1.66%    passed    100.00%
 382  MA_MGH_01120|MT873083.1|2020-05-02    1.66%    passed    100.00%
 383  MA_DPH_00244|MT873082.1|2020-04-16    1.66%    passed    100.00%
 384  MA_MGH_01081|MT873081.1|2020-05-01    1.66%    passed    100.00%
 385  MA_DPH_00003|MT873080.1|2020-03-05    1.66%    passed    100.00%
 386  MA_MGH_01201|MT873079.1|2020-05-04    1.70%    passed    100.00%
 387  MA_MGH_01260|MT873078.1|2020-05-04    1.66%    passed     99.99%
 388  MA_MGH_01381|MT873076.1|2020-05-06    1.66%    passed    100.00%
 389  MA_MGH_00830|MT873075.1|2020-04-13    1.66%    passed    100.00%
 390  MA_MGH_01166|MT873074.1|2020-04-29    2.67%    passed     99.60%
 391  MA_MGH_01409|MT873073.1|2020-05-06    1.66%    passed    100.00%
 392  MA_MGH_01027|MT873072.1|2020-04-30    1.97%    passed     99.94%
 393  MA_MGH_00747|MT873071.1|2020-04-10    1.66%    passed    100.00%
 394  MA_DPH_00060|MT873070.1|2020-04-03    1.66%    passed    100.00%
 395  MA_DPH_00322|MT873069.1|2020-04-18    1.66%    passed    100.00%
 396  MA_MGH_00751|MT873068.1|2020-04-10    1.66%    passed    100.00%
 397  MA_DPH_00203|MT873067.1|2020-04-09    1.66%    passed    100.00%
 398  MA_MGH_00902|MT873066.1|2020-04-06    1.66%    passed     99.99%
 399  MA_DPH_00168|MT873065.1|2020-04-03    1.66%    passed    100.00%
 400  MA_MGH_01358|MT873064.1|2020-05-06    1.66%    passed    100.00%
 401  MA_MGH_01137|MT873063.1|2020-05-02    1.66%    passed     99.99%
 402  MA_MGH_00883|MT873062.1|2020-04-14    1.66%    passed    100.00%
 403  MA_MGH_00795|MT873061.1|2020-04-13    1.66%    passed    100.00%
 404  MA_MGH_00789|MT873060.1|2020-04-13    1.66%    passed    100.00%
 405  MA_MGH_01194|MT873059.1|2020-05-04    1.68%    passed    100.00%
 406  MA_MGH_01169|MT873058.1|2020-04-29    1.66%    passed    100.00%
 407  MA_DPH_00198|MT873057.1|2020-04-07    1.66%    passed    100.00%
 408  MA_MGH_00868|MT873056.1|2020-04-14    1.66%    passed    100.00%
 409  MA_DPH_00043|MT873055.1|2020-04-02    1.66%    passed    100.00%
 410  MA_DPH_00217|MT873053.1|2020-04-13    1.66%    passed     99.99%
 411  MA_MGH_00976|MT873052.1|2020-05-03    1.66%    passed     99.99%
 412  MA_MGH_01623|MT873051.1|2020-05-09    1.66%    passed    100.00%
 413  MA_MGH_01491|MT873050.1|2020-05-07    1.66%    passed     99.99%
 414  MA_MGH_00005|MT520547.1|2020-03-11    1.66%    passed    100.00%
 415  MA_MGH_00205|MT520546.1|2020-03-27    1.66%    passed    100.00%
 416  MA_MGH_00132|MT520545.1|2020-03-25    2.25%    passed     99.43%
 417  MA_MGH_00028|MT520544.1|2020-03-25    1.66%    passed    100.00%
 418  MA_MGH_00199|MT520543.1|2020-03-27    1.66%    passed    100.00%
 419  MA_MGH_00004|MT520542.1|2020-03-11    1.66%    passed     99.99%
 420  MA_MGH_00178|MT520541.1|2020-03-26    1.66%    passed    100.00%
 421  MA_MGH_00679|MT520540.1|2020-03-22    1.66%    passed    100.00%
 422  MA_MGH_00271|MT520539.1|2020-04-01    1.66%    passed    100.00%
 423  MA_MGH_00272|MT520538.1|2020-04-01    1.66%    passed    100.00%
 424  MA_MGH_00150|MT520537.1|2020-03-26    1.66%    passed    100.00%
 425  MA_MGH_00295|MT520536.1|2020-04-01    1.66%    passed    100.00%
 426  MA_MGH_00537|MT520535.1|2020-03-19    1.66%    passed    100.00%
 427  MA_MGH_00499|MT520534.1|2020-03-27    1.66%    passed    100.00%
 428  MA_MGH_00525|MT520533.1|2020-03-18    1.66%    passed    100.00%
 429  MA_MGH_00181|MT520532.1|2020-03-26    1.69%    passed    100.00%
 430  MA_MGH_00552|MT520531.1|2020-03-20    2.17%    passed     99.96%
 431  MA_MGH_00250|MT520530.1|2020-04-06    1.66%    passed    100.00%
 432  MA_MGH_00459|MT520529.1|2020-04-04    1.66%    passed    100.00%
 433  MA_MGH_00165|MT520528.1|2020-03-26    1.69%    passed    100.00%
 434  MA_MGH_00539|MT520527.1|2020-03-19    3.61%    passed     99.48%
 435  MA_MGH_00179|MT520526.1|2020-03-26    1.66%    passed    100.00%
 436  MA_MGH_00233|MT520525.1|2020-04-06    1.66%    passed    100.00%
 437  MA_MGH_00075|MT520523.1|2020-03-25    1.66%    passed    100.00%
 438  MA_MGH_00152|MT520522.1|2020-03-26    1.66%    passed    100.00%
 439  MA_MGH_00071|MT520521.1|2020-03-23    1.66%    passed    100.00%
 440  MA_MGH_00505|MT520520.1|2020-03-27    1.66%    passed    100.00%
 441  MA_MGH_00084|MT520519.1|2020-03-23    1.81%    passed    100.00%
 442  MA_MGH_00635|MT520518.1|2020-04-02    1.66%    passed    100.00%
 443  MA_MGH_00432|MT520517.1|2020-03-07    1.66%    passed    100.00%
 444  MA_MGH_00481|MT520516.1|2020-04-04    1.66%    passed    100.00%
 445  MA_MGH_00006|MT520515.1|2020-03-11    1.66%    passed    100.00%
 446  MA_MGH_00255|MT520514.1|2020-04-06    3.34%    passed     96.12%
 447  MA_MGH_00202|MT520512.1|2020-03-27    1.66%    passed    100.00%
 448  MA_MGH_00245|MT520510.1|2020-04-06    1.66%    passed    100.00%
 449  MA_MGH_00439|MT520509.1|2020-03-07    1.66%    passed    100.00%
 450  MA_MGH_00305|MT520507.1|2020-04-01    1.66%    passed    100.00%
 451  MA_MGH_00307|MT520506.1|2020-04-05    1.66%    passed    100.00%
 452  MA_MGH_00304|MT520505.1|2020-04-01    1.66%    passed    100.00%
 453  MA_MGH_00252|MT520504.1|2020-04-06    1.66%    passed    100.00%
 454  MA_MGH_00441|MT520503.1|2020-03-05    1.79%    passed     99.98%
 455  MA_MGH_00495|MT520502.1|2020-03-27    1.66%    passed    100.00%
 456  MA_MGH_00581|MT520501.1|2020-03-28    1.66%    passed    100.00%
 457  MA_MGH_00211|MT520500.1|2020-03-27    1.72%    passed     99.99%
 458  MA_MGH_00565|MT520498.1|2020-03-22    1.71%    passed     99.99%
 459  MA_MGH_00696|MT520497.1|2020-04-06    1.66%    passed     99.98%
 460  MA_MGH_00036|MT520496.1|2020-03-25    1.66%    passed    100.00%
 461  MA_MGH_00476|MT520495.1|2020-04-04    1.66%    passed    100.00%
 462  MA_MGH_00646|MT520494.1|2020-04-02    1.66%    passed    100.00%
 463  MA_MGH_00316|MT520493.1|2020-04-05    1.66%    passed     99.99%
 464  MA_MGH_00164|MT520492.1|2020-03-26    1.66%    passed    100.00%
 465  MA_MGH_00517|MT520490.1|2020-03-14    1.66%    passed    100.00%
 466  MA_MGH_00689|MT520489.1|2020-04-06    1.66%    passed    100.00%
 467  MA_MGH_00533|MT520488.1|2020-03-18    1.66%    passed    100.00%
 468  MA_MGH_00637|MT520487.1|2020-04-03    1.66%    passed    100.00%
 469  MA_MGH_00090|MT520486.1|2020-03-25    1.73%    passed    100.00%
 470  MA_MGH_00200|MT520485.1|2020-03-27    1.66%    passed    100.00%
 471  MA_MGH_00149|MT520484.1|2020-03-26    1.66%    passed    100.00%
 472  MA_MGH_00282|MT520483.1|2020-04-01    1.66%    passed    100.00%
 473  MA_MGH_00244|MT520482.1|2020-04-06    1.66%    passed    100.00%
 474  MA_MGH_00684|MT520481.1|2020-03-20    1.66%    passed    100.00%
 475  MA_MGH_00257|MT520479.1|2020-04-06    1.66%    passed    100.00%
 476  MA_MGH_00694|MT520478.1|2020-04-06    1.66%    passed     99.99%
 477  MA_MGH_00658|MT520477.1|2020-04-03    1.66%    passed    100.00%
 478  MA_MGH_00497|MT520475.1|2020-03-27    1.66%    passed    100.00%
 479  MA_MGH_00576|MT520474.1|2020-03-20    1.66%    passed    100.00%
 480  MA_MGH_00510|MT520473.1|2020-03-11    2.08%    passed     99.82%
 481  MA_MGH_00424|MT520472.1|2020-03-07    1.66%    passed    100.00%
 482  MA_MGH_00613|MT520471.1|2020-03-28    1.66%    passed    100.00%
 483  MA_MGH_00434|MT520470.1|2020-03-07    2.70%    passed     99.38%
 484  MA_MGH_00160|MT520469.1|2020-03-26    1.66%    passed    100.00%
 485  MA_MGH_00479|MT520467.1|2020-04-04    1.66%    passed    100.00%
 486  MA_MGH_00083|MT520466.1|2020-03-23    1.66%    passed    100.00%
 487  MA_MGH_00465|MT520465.1|2020-04-04    1.66%    passed    100.00%
 488  MA_MGH_00234|MT520464.1|2020-04-06    1.66%    passed    100.00%
 489  MA_MGH_00676|MT520463.1|2020-03-21    2.12%    passed     99.96%
 490  MA_MGH_00558|MT520462.1|2020-03-22   17.11%    passed     64.79%
 491  MA_MGH_00648|MT520461.1|2020-04-02    1.66%    passed    100.00%
 492  MA_MGH_00468|MT520460.1|2020-04-04    1.66%    passed    100.00%
 493  MA_MGH_00422|MT520459.1|2020-03-07    1.66%    passed    100.00%
 494  MA_MGH_00456|MT520458.1|2020-04-04    1.66%    passed    100.00%
 495  MA_MGH_00600|MT520457.1|2020-03-28    1.66%    passed    100.00%
 496  MA_MGH_00532|MT520456.1|2020-03-18    2.56%    passed     99.93%
 497  MA_MGH_00557|MT520455.1|2020-03-22    2.51%    passed     99.59%
 498  MA_MGH_00303|MT520454.1|2020-04-01    1.66%    passed    100.00%
 499  MA_MGH_00256|MT520453.1|2020-04-06    1.66%    passed    100.00%
 500  MA_MGH_00663|MT520452.1|2020-04-03    1.66%    passed    100.00%
 501  MA_MGH_00506|MT520451.1|2020-03-28    1.66%    passed    100.00%
 502  MA_MGH_00051|MT520450.1|2020-03-24    8.10%    passed     74.25%
 503  MA_MGH_00251|MT520448.1|2020-04-06    1.66%    passed    100.00%
 504  MA_MGH_00189|MT520447.1|2020-03-26    1.66%    passed     99.99%
 505  MA_MGH_00418|MT520446.1|2020-03-07    1.66%    passed    100.00%
 506  MA_MGH_00232|MT520445.1|2020-04-06    1.82%    passed     99.97%
 507  MA_MGH_00225|MT520444.1|2020-03-25    1.66%    passed    100.00%
 508  MA_MGH_00194|MT520443.1|2020-03-26    1.66%    passed    100.00%
 509  MA_MGH_00430|MT520441.1|2020-03-07    1.66%    passed    100.00%
 510  MA_MGH_00238|MT520440.1|2020-04-06    1.66%    passed    100.00%
 511  MA_MGH_00136|MT520439.1|2020-03-25    1.66%    passed    100.00%
 512  MA_MGH_00183|MT520437.1|2020-03-27    1.66%    passed     99.99%
 513  MA_MGH_00472|MT520436.1|2020-04-04    1.66%    passed    100.00%
 514  MA_MGH_00261|MT520435.1|2020-04-06    1.66%    passed    100.00%
 515  MA_MGH_00140|MT520434.1|2020-03-26    1.66%    passed    100.00%
 516  MA_MGH_00701|MT520433.1|2020-04-06    1.66%    passed    100.00%
 517  MA_MGH_00703|MT520432.1|2020-04-06    1.66%    passed     99.99%
 518  MA_MGH_00670|MT520431.1|2020-04-04    1.66%    passed    100.00%
 519  MA_MGH_00153|MT520430.1|2020-03-26    3.68%    passed     95.12%
 520  MA_MGH_00444|MT520429.1|2020-03-08    1.66%    passed    100.00%
 521  MA_MGH_00416|MT520428.1|2020-03-07    1.66%    passed    100.00%
 522  MA_MGH_00446|MT520427.1|2020-04-01    1.66%    passed    100.00%
 523  MA_MGH_00318|MT520426.1|2020-04-04    1.66%    passed    100.00%
 524  MA_MGH_00091|MT520423.1|2020-03-26    2.20%    passed     99.37%
 525  MA_MGH_00516|MT520422.1|2020-03-14    1.66%    passed    100.00%
 526  MA_MGH_00243|MT520421.1|2020-04-06    1.66%    passed    100.00%
 527  MA_MGH_00231|MT520420.1|2020-04-06    1.66%    passed    100.00%
 528  MA_MGH_00528|MT520419.1|2020-03-18    1.66%    passed    100.00%
 529  MA_MGH_00492|MT520418.1|2020-03-27    1.66%    passed    100.00%
 530  MA_MGH_00296|MT520417.1|2020-04-01    1.66%    passed    100.00%
 531  MA_MGH_00673|MT520416.1|2020-04-05    1.66%    passed    100.00%
 532  MA_MGH_00615|MT520415.1|2020-03-28    1.91%    passed    100.00%
 533  MA_MGH_00155|MT520414.1|2020-03-26    1.66%    passed    100.00%
 534  MA_MGH_00551|MT520413.1|2020-03-20    1.66%    passed    100.00%
 535  MA_MGH_00582|MT520412.1|2020-03-27    1.85%    passed     99.97%
 536  MA_MGH_00698|MT520411.1|2020-04-06    1.66%    passed    100.00%
 537  MA_MGH_00056|MT520410.1|2020-03-25    1.66%    passed    100.00%
 538  MA_MGH_00039|MT520409.1|2020-03-24    1.66%    passed    100.00%
 539  MA_MGH_00428|MT520408.1|2020-03-06    1.66%    passed    100.00%
 540  MA_MGH_00263|MT520407.1|2020-04-06    1.66%    passed    100.00%
 541  MA_MGH_00148|MT520406.1|2020-03-26    1.81%    passed     99.97%
 542  MA_MGH_00654|MT520405.1|2020-04-02    1.66%    passed    100.00%
 543  MA_MGH_00188|MT520404.1|2020-03-27    1.66%    passed    100.00%
 544  MA_MGH_00665|MT520403.1|2020-04-04    1.66%    passed    100.00%
 545  MA_MGH_00639|MT520402.1|2020-04-03    1.66%    passed    100.00%
 546  MA_MGH_00097|MT520401.1|2020-03-24    1.66%    passed    100.00%
 547  MA_MGH_00262|MT520400.1|2020-04-06    1.66%    passed    100.00%
 548  MA_MGH_00024|MT520399.1|2020-03-23    1.66%    passed     99.99%
 549  MA_MGH_00721|MT520398.1|2020-04-08    1.66%    passed     99.99%
 550  MA_MGH_00214|MT520397.1|2020-03-27    1.66%    passed    100.00%
 551  MA_MGH_00443|MT520396.1|2020-03-07    1.66%    passed    100.00%
 552  MA_MGH_00674|MT520393.1|2020-04-05   17.67%    passed     72.84%
 553  MA_MGH_00592|MT520392.1|2020-03-28    1.66%    passed    100.00%
 554  MA_MGH_00134|MT520391.1|2020-03-22    1.66%    passed    100.00%
 555  MA_MGH_00718|MT520390.1|2020-04-08    1.66%    passed     99.95%
 556  MA_MGH_00598|MT520389.1|2020-03-28    1.66%    passed    100.00%
 557  MA_MGH_00425|MT520388.1|2020-03-07    1.66%    passed    100.00%
 558  MA_MGH_00571|MT520387.1|2020-03-23    1.95%    passed     99.88%
 559  MA_MGH_00003|MT520386.1|2020-03-09    1.66%    passed    100.00%
 560  MA_MGH_00062|MT520385.1|2020-03-25    1.66%    passed    100.00%
 561  MA_MGH_00227|MT520384.1|2020-04-05    1.66%    passed    100.00%
 562  MA_MGH_00447|MT520383.1|2020-04-01    1.66%    passed    100.00%
 563  MA_MGH_00664|MT520382.1|2020-04-04    1.66%    passed    100.00%
 564  MA_MGH_00489|MT520381.1|2020-03-27    1.66%    passed    100.00%
 565  MA_MGH_00248|MT520380.1|2020-04-06    1.66%    passed    100.00%
 566  MA_MGH_00192|MT520379.1|2020-03-26    1.66%    passed    100.00%
 567  MA_MGH_00085|MT520378.1|2020-03-24    9.75%    passed     71.54%
 568  MA_MGH_00017|MT520377.1|2020-03-25    1.66%    passed    100.00%
 569  MA_MGH_00159|MT520376.1|2020-03-26    1.66%    passed    100.00%
 570  MA_MGH_00419|MT520375.1|2020-03-07    1.66%    passed    100.00%
 571  MA_MGH_00230|MT520374.1|2020-04-06    1.66%    passed    100.00%
 572  MA_MGH_00649|MT520373.1|2020-04-02    1.66%    passed    100.00%
 573  MA_MGH_00064|MT520372.1|2020-03-25    1.66%    passed    100.00%
 574  MA_MGH_00595|MT520370.1|2020-03-28    1.66%    passed    100.00%
 575  MA_MGH_00265|MT520369.1|2020-04-01    1.66%    passed    100.00%
 576  MA_MGH_00705|MT520368.1|2020-04-06    1.66%    passed    100.00%
 577  MA_MGH_00052|MT520367.1|2020-03-25    1.66%    passed    100.00%
 578  MA_MGH_00048|MT520366.1|2020-03-23    1.66%    passed    100.00%
 579  MA_MGH_00166|MT520365.1|2020-03-26    2.05%    passed     99.72%
 580  MA_MGH_00622|MT520364.1|2020-03-28    1.66%    passed    100.00%
 581  MA_MGH_00203|MT520363.1|2020-03-27    1.66%    passed    100.00%
 582  MA_MGH_00644|MT520362.1|2020-04-01    3.56%    passed     96.90%
 583  MA_MGH_00484|MT520361.1|2020-03-27    1.66%    passed    100.00%
 584  MA_MGH_00566|MT520360.1|2020-03-22    1.66%    passed     99.99%
 585  MA_MGH_00453|MT520359.1|2020-04-04    1.66%    passed    100.00%
 586  MA_MGH_00170|MT520358.1|2020-03-27    1.66%    passed    100.00%
 587  MA_MGH_00645|MT520357.1|2020-04-01    1.66%    passed    100.00%
 588  MA_MGH_00094|MT520356.1|2020-03-24    1.66%    passed    100.00%
 589  MA_MGH_00209|MT520355.1|2020-03-26    1.66%    passed    100.00%
 590  MA_MGH_00597|MT520354.1|2020-03-28    2.58%    passed     99.55%
 591  MA_MGH_00715|MT520353.1|2020-04-08    1.66%    passed    100.00%
 592  MA_MGH_00716|MT520352.1|2020-04-08    1.66%    passed    100.00%
 593  MA_MGH_00583|MT520351.1|2020-03-28    1.66%    passed    100.00%
 594  MA_MGH_00538|MT520350.1|2020-03-19    1.66%    passed    100.00%
 595  MA_MGH_00294|MT520349.1|2020-04-01    1.66%    passed    100.00%
 596  MA_MGH_00580|MT520348.1|2020-03-28    1.72%    passed     99.99%
 597  MA_MGH_00458|MT520347.1|2020-04-04    1.66%    passed    100.00%
 598  MA_MGH_00014|MT520346.1|2020-03-23    1.66%    passed    100.00%
 599  MA_MGH_00604|MT520345.1|2020-03-28    1.97%    passed     99.91%
 600  MA_MGH_00093|MT520344.1|2020-03-29    1.66%    passed    100.00%
 601  MA_MGH_00699|MT520343.1|2020-04-06    1.66%    passed    100.00%
 602  MA_MGH_00681|MT520342.1|2020-03-22    1.66%    passed    100.00%
 603  MA_MGH_00421|MT520341.1|2020-03-07    1.66%    passed    100.00%
 604  MA_MGH_00298|MT520340.1|2020-04-01    1.66%    passed    100.00%
 605  MA_MGH_00049|MT520339.1|2020-03-23    1.66%    passed    100.00%
 606  MA_MGH_00190|MT520338.1|2020-03-26    1.66%    passed    100.00%
 607  MA_MGH_00523|MT520337.1|2020-03-18    1.66%    passed    100.00%
 608  MA_MGH_00156|MT520336.1|2020-03-26    1.66%    passed    100.00%
 609  MA_MGH_00501|MT520333.1|2020-03-27    1.66%    passed    100.00%
 610  MA_MGH_00688|MT520332.1|2020-04-06    1.66%    passed    100.00%
 611  MA_MGH_00657|MT520331.1|2020-04-03    1.66%    passed    100.00%
 612  MA_MGH_00299|MT520330.1|2020-04-01    1.66%    passed    100.00%
 613  MA_MGH_00650|MT520329.1|2020-04-02    1.66%    passed    100.00%
 614  MA_MGH_00435|MT520327.1|2020-03-08    1.66%    passed    100.00%
 615  MA_MGH_00438|MT520325.1|2020-03-04    1.66%    passed    100.00%
 616  MA_MGH_00273|MT520324.1|2020-04-01    1.66%    passed    100.00%
 617  MA_MGH_00660|MT520323.1|2020-04-03    1.66%    passed    100.00%
 618  MA_MGH_00717|MT520321.1|2020-04-08    1.66%    passed    100.00%
 619  MA_MGH_00420|MT520320.1|2020-03-07    1.66%    passed    100.00%
 620  MA_MGH_00463|MT520319.1|2020-04-04    1.66%    passed    100.00%
 621  MA_MGH_00270|MT520318.1|2020-04-01    1.66%    passed    100.00%
 622  MA_MGH_00206|MT520317.1|2020-03-27    1.66%    passed    100.00%
 623  MA_MGH_00415|MT520316.1|2020-03-07    1.66%    passed    100.00%
 624  MA_MGH_00037|MT520315.1|2020-03-24    1.66%    passed    100.00%
 625  MA_MGH_00437|MT520314.1|2020-03-07    1.66%    passed    100.00%
 626  MA_MGH_00151|MT520313.1|2020-03-26    1.66%    passed    100.00%
 627  MA_MGH_00239|MT520312.1|2020-04-06    1.66%    passed    100.00%
 628  MA_MGH_00168|MT520311.1|2020-03-26    2.71%    passed     99.42%
 629  MA_MGH_00431|MT520310.1|2020-03-07    1.66%    passed    100.00%
 630  MA_MGH_00287|MT520309.1|2020-04-01    1.66%    passed    100.00%
 631  MA_MGH_00704|MT520308.1|2020-04-06    1.66%    passed    100.00%
 632  MA_MGH_00555|MT520307.1|2020-03-22    1.66%    passed     99.99%
 633  MA_MGH_00680|MT520306.1|2020-03-22    1.66%    passed    100.00%
 634  MA_MGH_00474|MT520305.1|2020-04-04    1.66%    passed    100.00%
 635  MA_MGH_00185|MT520304.1|2020-03-27    1.66%    passed    100.00%
 636  MA_MGH_00480|MT520302.1|2020-04-04    1.66%    passed    100.00%
 637  MA_MGH_00469|MT520301.1|2020-04-04    1.66%    passed    100.00%
 638  MA_MGH_00475|MT520300.1|2020-04-04    1.66%    passed    100.00%
 639  MA_MGH_00521|MT520299.1|2020-03-16    1.66%    passed    100.00%
 640  MA_MGH_00454|MT520298.1|2020-04-04    1.66%    passed    100.00%
 641  MA_MGH_00187|MT520296.1|2020-03-26    1.66%    passed     99.99%
 642  MA_MGH_00460|MT520295.1|2020-04-04    1.96%    passed    100.00%
 643  MA_MGH_00096|MT520294.1|2020-03-25   13.18%    passed     90.09%
 644  MA_MGH_00044|MT520293.1|2020-03-25    5.41%    passed     77.10%
 645  MA_MGH_00659|MT520292.1|2020-04-03    1.66%    passed    100.00%
 646  MA_MGH_00541|MT520291.1|2020-03-19    1.78%    passed    100.00%
 647  MA_MGH_00693|MT520290.1|2020-04-06    1.66%    passed     99.99%
 648  MA_MGH_00063|MT520289.1|2020-03-24    1.66%    passed    100.00%
 649  MA_MGH_00247|MT520288.1|2020-04-06    1.66%    passed    100.00%
 650  MA_MGH_00427|MT520287.1|2020-03-07    1.66%    passed    100.00%
 651  MA_MGH_00280|MT520285.1|2020-04-01    1.66%    passed    100.00%
 652  MA_MGH_00177|MT520284.1|2020-03-26    1.66%    passed    100.00%
 653  MA_MGH_00477|MT520283.1|2020-04-04    1.66%    passed    100.00%
 654  MA_MGH_00442|MT520282.1|2020-03-05    2.44%    passed     99.76%
 655  MA_MGH_00032|MT520281.1|2020-03-25    1.69%    passed    100.00%
 656  MA_MGH_00614|MT520280.1|2020-03-28    1.66%    passed    100.00%
 657  MA_MGH_00486|MT520279.1|2020-03-27    1.66%    passed    100.00%
 658  MA_MGH_00195|MT520278.1|2020-03-26    1.66%    passed    100.00%
 659  MA_MGH_00076|MT520277.1|2020-03-25    1.66%    passed     99.99%
 660  MA_MGH_00473|MT520276.1|2020-04-04    1.66%    passed    100.00%
 661  MA_MGH_00162|MT520274.1|2020-03-26    3.90%    passed     98.32%
 662  MA_MGH_00445|MT520273.1|2020-04-01    1.66%    passed    100.00%
 663  MA_MGH_00653|MT520272.1|2020-04-02    1.66%    passed    100.00%
 664  MA_MGH_00290|MT520271.1|2020-04-01    1.66%    passed    100.00%
 665  MA_MGH_00281|MT520270.1|2020-04-01    1.66%    passed    100.00%
 666  MA_MGH_00585|MT520269.1|2020-03-28    2.86%    passed     99.85%
 667  MA_MGH_00579|MT520267.1|2020-03-28    2.71%    passed     99.25%
 668  MA_MGH_00695|MT520266.1|2020-04-06    1.66%    passed    100.00%
 669  MA_MGH_00669|MT520265.1|2020-04-04    1.66%    passed    100.00%
 670  MA_MGH_00633|MT520264.1|2020-04-02    1.66%    passed    100.00%
 671  MA_MGH_00229|MT520263.1|2020-04-06    1.66%    passed     99.99%
 672  MA_MGH_00690|MT520262.1|2020-04-06    1.66%    passed    100.00%
 673  MA_MGH_00563|MT520261.1|2020-03-22    1.66%    passed     99.99%
 674  MA_MGH_00488|MT520260.1|2020-03-27    1.66%    passed    100.00%
 675  MA_MGH_00089|MT520259.1|2020-03-25    1.66%    passed     99.99%
 676  MA_MGH_00161|MT520258.1|2020-03-26    1.66%    passed    100.00%
 677  MA_MGH_00542|MT520257.1|2020-03-19    1.66%    passed    100.00%
 678  MA_MGH_00283|MT520256.1|2020-04-01    1.66%    passed    100.00%
 679  MA_MGH_00570|MT520255.1|2020-03-22    1.66%    passed    100.00%
 680  MA_MGH_00174|MT520254.1|2020-03-26    1.95%    passed     99.87%
 681  MA_MGH_00530|MT520253.1|2020-03-18    1.66%    passed    100.00%
 682  MA_MGH_00464|MT520252.1|2020-04-04    1.66%    passed    100.00%
 683  MA_MGH_00466|MT520251.1|2020-04-04    1.66%    passed    100.00%
 684  MA_MGH_00055|MT520250.1|2020-03-25    1.66%    passed    100.00%
 685  MA_MGH_00059|MT520249.1|2020-03-23    1.66%    passed    100.00%
 686  MA_MGH_00254|MT520248.1|2020-04-06    1.66%    passed    100.00%
 687  MA_MGH_00276|MT520247.1|2020-04-01    1.66%    passed    100.00%
 688  MA_MGH_00291|MT520246.1|2020-04-01    1.66%    passed    100.00%
 689  MA_MGH_00145|MT520245.1|2020-03-26    1.66%    passed     99.99%
 690  MA_MGH_00285|MT520244.1|2020-04-01    1.66%    passed    100.00%
 691  MA_MGH_00471|MT520243.1|2020-04-04    1.66%    passed    100.00%
 692  MA_MGH_00567|MT520241.1|2020-03-22    2.37%    passed     99.40%
 693  MA_MGH_00666|MT520240.1|2020-04-04    1.66%    passed    100.00%
 694  MA_MGH_00269|MT520239.1|2020-04-01    1.66%    passed    100.00%
 695  MA_MGH_00602|MT520238.1|2020-03-28    1.66%    passed    100.00%
 696  MA_MGH_00691|MT520237.1|2020-04-06    1.66%    passed    100.00%
 697  MA_MGH_00603|MT520236.1|2020-03-28    1.66%    passed    100.00%
 698  MA_MGH_00264|MT520235.1|2020-04-01    1.66%    passed    100.00%
 699  MA_MGH_00467|MT520234.1|2020-04-04    1.66%    passed    100.00%
 700  MA_MGH_00433|MT520233.1|2020-03-07    1.99%    passed     99.87%
 701  MA_MGH_00297|MT520232.1|2020-04-01    1.66%    passed    100.00%
 702  MA_MGH_00502|MT520231.1|2020-03-27    1.66%    passed    100.00%
 703  MA_MGH_00288|MT520230.1|2020-04-01    1.66%    passed    100.00%
 704  MA_MGH_00013|MT520229.1|2020-03-23    1.69%    passed    100.00%
 705  MA_MGH_00675|MT520228.1|2020-04-06    1.66%    passed    100.00%
 706  MA_MGH_00302|MT520226.1|2020-04-01    3.24%    passed     93.44%
 707  MA_MGH_00021|MT520225.1|2020-03-26    1.66%    passed    100.00%
 708  MA_MGH_00023|MT520224.1|2020-03-24    1.66%    passed    100.00%
 709  MA_MGH_00642|MT520223.1|2020-04-01    1.66%    passed    100.00%
 710  MA_MGH_00242|MT520222.1|2020-04-06    1.66%    passed    100.00%
 711  MA_MGH_00683|MT520221.1|2020-03-21    1.66%    passed    100.00%
 712  MA_MGH_00086|MT520220.1|2020-03-24    1.66%    passed    100.00%
 713  MA_MGH_00274|MT520219.1|2020-04-01    1.66%    passed    100.00%
 714  MA_MGH_00054|MT520218.1|2020-03-25    1.66%    passed    100.00%
 715  MA_MGH_00210|MT520217.1|2020-03-27    1.66%    passed    100.00%
 716  MA_MGH_00266|MT520216.1|2020-04-01    1.66%    passed    100.00%
 717  MA_MGH_00569|MT520215.1|2020-03-22    1.66%    passed    100.00%
 718  MA_MGH_00651|MT520214.1|2020-04-02    1.66%    passed    100.00%
 719  MA_MGH_00628|MT520212.1|2020-03-28    1.66%    passed    100.00%
 720  MA_MGH_00661|MT520210.1|2020-04-03    1.66%    passed    100.00%
 721  MA_MGH_00611|MT520209.1|2020-03-28    1.66%    passed     99.99%
 722  MA_MGH_00289|MT520208.1|2020-04-01    1.73%    passed    100.00%
 723  MA_MGH_00687|MT520207.1|2020-04-06    1.66%    passed    100.00%
 724  MA_MGH_00267|MT520206.1|2020-04-01    1.66%    passed    100.00%
 725  MA_MGH_00706|MT520205.1|2020-04-07    2.10%    passed     99.95%
 726  MA_MGH_00627|MT520204.1|2020-03-28    1.66%    passed    100.00%
 727  MA_MGH_00100|MT520203.1|2020-03-25    1.66%    passed    100.00%
 728  MA_MGH_00065|MT520201.1|2020-03-25    1.66%    passed    100.00%
 729  MA_MGH_00562|MT520200.1|2020-03-22    1.66%    passed    100.00%
 730  MA_MGH_00182|MT520199.1|2020-03-26    1.66%    passed    100.00%
 731  MA_MGH_00711|MT520198.1|2020-04-08    1.66%    passed    100.00%
 732  MA_MGH_00080|MT520197.1|2020-03-25    1.66%    passed    100.00%
 733  MA_MGH_00258|MT520196.1|2020-04-06    1.66%    passed    100.00%
 734  MA_MGH_00656|MT520195.1|2020-04-01    1.66%    passed    100.00%
 735  MA_MGH_00069|MT520194.1|2020-03-25    1.66%    passed    100.00%
 736  MA_MGH_00678|MT520193.1|2020-03-22    1.66%    passed    100.00%
 737  MA_MGH_00417|MT520192.1|2020-03-07    1.66%    passed    100.00%
 738  MA_MGH_00440|MT520191.1|2020-03-04    1.66%    passed    100.00%
 739  MA_MGH_00588|MT520190.1|2020-03-28    2.21%    passed     99.91%
 740  MA_MGH_00143|MT520189.1|2020-03-26    1.66%    passed     99.99%
 741  MA_MGH_00184|MT520188.1|2020-03-27    1.68%    passed    100.00%
 742  MA_MGH_00708|MT520187.1|2020-04-07    1.66%    passed     99.99%
 743  MA_MGH_00031|MT520186.1|2020-03-25    1.66%    passed    100.00%
 744  MA_MGH_00485|MT520185.1|2020-03-27    1.66%    passed    100.00%
 745  MA_MGH_00067|MT520184.1|2020-03-25    1.66%    passed    100.00%
 746  MA_MGH_00208|MT520183.1|2020-03-27    1.66%    passed    100.00%
 747  MA_MGH_00157|MT520182.1|2020-03-26    1.66%    passed    100.00%
 748  MA_MGH_00707|MT520181.1|2020-04-07    1.66%    passed    100.00%
 749  MA_MGH_00042|MT520180.1|2020-03-25    1.66%    passed    100.00%
 750  MA_MGH_00050|MT520179.1|2020-03-24    2.64%    passed     99.71%
 751  MA_MGH_00426|MT520178.1|2020-03-07    1.66%    passed    100.00%
 752  MA_MGH_00018|MT520177.1|2020-03-25    1.66%    passed    100.00%
 753  MA_MGH_00016|MT520176.1|2020-03-25    1.66%    passed    100.00%
 754  MA_MGH_00278|MT520175.1|2020-04-01    6.72%    passed     82.03%
 755  MA_MGH_00461|MT520174.1|2020-04-04    1.66%    passed    100.00%
 756  MA_MGH_00277|MT520173.1|2020-04-01    1.66%    passed    100.00%
 757  MA_MGH_00568|MT520172.1|2020-03-22    1.66%    passed    100.00%
****  TOTAL                                 1.81%  0 sequences failed composition chi2 test (p-value<5%; df=3)
NOTE: MA_MGH_01049|MT873504.1|2020-05-01 is identical to MA_DPH_00094|MT873507.1|2020-04-03 but kept for subsequent analysis
NOTE: MA_DPH_00299|MT873501.1|2020-04-17 is identical to MA_DPH_00021|MT873505.1|2020-04-02 but kept for subsequent analysis
NOTE: MA_MGH_00977|MT873251.1|2020-05-03 is identical to MA_MGH_00978|MT873499.1|2020-05-03 but kept for subsequent analysis
NOTE: MA_DPH_00038|MT873487.1|2020-04-02 is identical to MA_DPH_00218|MT873496.1|2020-04-13 but kept for subsequent analysis
NOTE: MA_MGH_00746|MT873440.1|2020-04-10 is identical to MA_MGH_01063|MT873493.1|2020-05-01 but kept for subsequent analysis
NOTE: MA_MGH_01338|MT873361.1|2020-05-05 is identical to MA_MGH_01092|MT873484.1|2020-05-01 but kept for subsequent analysis
NOTE: MA_MGH_01195|MT873307.1|2020-05-04 is identical to MA_MGH_01290|MT873479.1|2020-05-05 but kept for subsequent analysis
NOTE: MA_MGH_01149|MT873445.1|2020-05-02 is identical to MA_MGH_01140|MT873476.1|2020-05-02 but kept for subsequent analysis
NOTE: MA_MGH_01381|MT873076.1|2020-05-06 is identical to MA_MGH_01379|MT873470.1|2020-05-06 but kept for subsequent analysis
NOTE: MA_DPH_00317|MT873467.1|2020-04-18 is identical to MA_DPH_00241|MT873469.1|2020-04-16 but kept for subsequent analysis
NOTE: MA_MGH_00836|MT873366.1|2020-04-13 is identical to MA_MGH_00791|MT873468.1|2020-04-13 but kept for subsequent analysis
NOTE: MA_MGH_00741|MT873132.1|2020-04-09 is identical to MA_MGH_00742|MT873465.1|2020-04-10 but kept for subsequent analysis
NOTE: MA_MGH_01018|MT873347.1|2020-04-30 is identical to MA_MGH_00957|MT873463.1|2020-05-03 but kept for subsequent analysis
NOTE: MA_DPH_00029|MT873429.1|2020-04-02 is identical to MA_DPH_00013|MT873452.1|2020-03-28 but kept for subsequent analysis
NOTE: MA_MGH_00749|MT873359.1|2020-04-10 is identical to MA_MGH_00798|MT873448.1|2020-04-13 but kept for subsequent analysis
NOTE: MA_MGH_00796|MT873137.1|2020-04-13 is identical to MA_MGH_00801|MT873437.1|2020-04-13 but kept for subsequent analysis
NOTE: MA_MGH_00743|MT873329.1|2020-04-10 is identical to MA_DPH_00027|MT873419.1|2020-04-02 but kept for subsequent analysis
NOTE: MA_DPH_00150|MT873281.1|2020-04-03 is identical to MA_MGH_00770|MT873417.1|2020-04-12 but kept for subsequent analysis
NOTE: MA_MGH_00862|MT873403.1|2020-04-13 is identical to MA_MGH_01103|MT873411.1|2020-05-01 but kept for subsequent analysis
NOTE: MA_DPH_00216|MT873111.1|2020-04-13 is identical to MA_DPH_00222|MT873393.1|2020-04-14 but kept for subsequent analysis
NOTE: MA_MGH_00717|MT520321.1|2020-04-08 is identical to MA_MGH_00736|MT873392.1|2020-04-09 but kept for subsequent analysis
NOTE: MA_MGH_00893|MT873199.1|2020-05-05 is identical to MA_MGH_01504|MT873391.1|2020-05-07 but kept for subsequent analysis
NOTE: MA_MGH_01001|MT873226.1|2020-04-30 is identical to MA_MGH_01152|MT873385.1|2020-04-29 but kept for subsequent analysis
NOTE: MA_MGH_01086|MT873364.1|2020-05-01 is identical to MA_MGH_01084|MT873379.1|2020-05-01 but kept for subsequent analysis
NOTE: MA_MGH_01319|MT873341.1|2020-05-05 is identical to MA_MGH_01322|MT873374.1|2020-05-05 but kept for subsequent analysis
NOTE: MA_MGH_01606|MT873192.1|2020-05-08 is identical to MA_MGH_01109|MT873373.1|2020-05-01 but kept for subsequent analysis
NOTE: MA_MGH_00716|MT520352.1|2020-04-08 is identical to MA_MGH_00809|MT873345.1|2020-04-13 but kept for subsequent analysis
NOTE: MA_MGH_01333|MT873191.1|2020-05-05 is identical to MA_MGH_01328|MT873336.1|2020-05-05 but kept for subsequent analysis
NOTE: MA_MGH_01032|MT873091.1|2020-05-01 is identical to MA_MGH_01031|MT873331.1|2020-05-01 but kept for subsequent analysis
NOTE: MA_MGH_00727|MT873176.1|2020-04-08 is identical to MA_MGH_00824|MT873292.1|2020-04-13 but kept for subsequent analysis
NOTE: MA_MGH_00675|MT520228.1|2020-04-06 is identical to MA_MGH_00832|MT873282.1|2020-04-13 but kept for subsequent analysis
NOTE: MA_MGH_01076|MT873237.1|2020-05-01 is identical to MA_MGH_01068|MT873269.1|2020-05-01 but kept for subsequent analysis
NOTE: MA_DPH_00063|MT873194.1|2020-04-03 is identical to MA_DPH_00176|MT873222.1|2020-04-03 but kept for subsequent analysis
NOTE: MA_DPH_00121|MT873180.1|2020-04-03 is identical to MA_DPH_00118|MT873212.1|2020-04-03 but kept for subsequent analysis
NOTE: MA_MGH_00598|MT520389.1|2020-03-28 is identical to MA_DPH_00200|MT873203.1|2020-04-07 but kept for subsequent analysis
NOTE: MA_DPH_00250|MT873156.1|2020-04-17 is identical to MA_DPH_00304|MT873188.1|2020-04-18 but kept for subsequent analysis
NOTE: MA_MGH_00664|MT520382.1|2020-04-04 is identical to MA_DPH_00024|MT873153.1|2020-04-02 but kept for subsequent analysis
NOTE: MA_MGH_00663|MT520452.1|2020-04-03 is identical to MA_MGH_00735|MT873139.1|2020-04-09 but kept for subsequent analysis
NOTE: MA_MGH_00076|MT520277.1|2020-03-25 is identical to MA_MGH_01126|MT873103.1|2020-05-02 but kept for subsequent analysis
NOTE: MA_MGH_00194|MT520443.1|2020-03-26 is identical to MA_MGH_00751|MT873068.1|2020-04-10 but kept for subsequent analysis
NOTE: MA_MGH_00272|MT520538.1|2020-04-01 is identical to MA_MGH_00271|MT520539.1|2020-04-01 but kept for subsequent analysis
NOTE: MA_MGH_00479|MT520467.1|2020-04-04 is identical to MA_MGH_00295|MT520536.1|2020-04-01 but kept for subsequent analysis
NOTE: MA_MGH_00238|MT520440.1|2020-04-06 is identical to MA_MGH_00250|MT520530.1|2020-04-06 but kept for subsequent analysis
NOTE: MA_MGH_00523|MT520337.1|2020-03-18 is identical to MA_MGH_00152|MT520522.1|2020-03-26 but kept for subsequent analysis
NOTE: MA_MGH_00646|MT520494.1|2020-04-02 is identical to MA_MGH_00071|MT520521.1|2020-03-23 but kept for subsequent analysis
NOTE: MA_MGH_00715|MT520353.1|2020-04-08 is identical to MA_MGH_00635|MT520518.1|2020-04-02 but kept for subsequent analysis
NOTE: MA_MGH_00140|MT520434.1|2020-03-26 is identical to MA_MGH_00307|MT520506.1|2020-04-05 but kept for subsequent analysis
NOTE: MA_MGH_00248|MT520380.1|2020-04-06 is identical to MA_MGH_00476|MT520495.1|2020-04-04 but kept for subsequent analysis
NOTE: MA_MGH_00699|MT520343.1|2020-04-06 is identical to MA_MGH_00689|MT520489.1|2020-04-06 but kept for subsequent analysis
NOTE: MA_MGH_00656|MT520195.1|2020-04-01 is identical to MA_MGH_00200|MT520485.1|2020-03-27 but kept for subsequent analysis
NOTE: MA_MGH_00262|MT520400.1|2020-04-06 is identical to MA_MGH_00257|MT520479.1|2020-04-06 but kept for subsequent analysis
NOTE: MA_MGH_00693|MT520290.1|2020-04-06 is identical to MA_MGH_00694|MT520478.1|2020-04-06 but kept for subsequent analysis
NOTE: MA_MGH_00208|MT520183.1|2020-03-27 is identical to MA_MGH_00497|MT520475.1|2020-03-27 but kept for subsequent analysis
NOTE: MA_MGH_00024|MT520399.1|2020-03-23 is identical to MA_MGH_00189|MT520447.1|2020-03-26 but kept for subsequent analysis
NOTE: MA_MGH_00708|MT520187.1|2020-04-07 is identical to MA_MGH_00703|MT520432.1|2020-04-06 but kept for subsequent analysis
NOTE: MA_MGH_00056|MT520410.1|2020-03-25 is identical to MA_MGH_00516|MT520422.1|2020-03-14 but kept for subsequent analysis
NOTE: MA_MGH_00474|MT520305.1|2020-04-04 is identical to MA_MGH_00296|MT520417.1|2020-04-01 but kept for subsequent analysis
NOTE: MA_MGH_00666|MT520240.1|2020-04-04 is identical to MA_MGH_00673|MT520416.1|2020-04-05 but kept for subsequent analysis
NOTE: MA_MGH_00570|MT520255.1|2020-03-22 is identical to MA_MGH_00094|MT520356.1|2020-03-24 but kept for subsequent analysis
NOTE: MA_MGH_00642|MT520223.1|2020-04-01 is identical to MA_MGH_00688|MT520332.1|2020-04-06 but kept for subsequent analysis
NOTE: MA_MGH_00031|MT520186.1|2020-03-25 is identical to MA_MGH_00055|MT520250.1|2020-03-25 but kept for subsequent analysis
NOTE: MA_MGH_00143|MT520189.1|2020-03-26 is identical to MA_MGH_00145|MT520245.1|2020-03-26 but kept for subsequent analysis
NOTE: 262 identical sequences (see below) will be ignored for subsequent analysis
NOTE: MA_DPH_00148|MT873498.1|2020-04-03 (identical to MA_DPH_00094|MT873507.1|2020-04-03) is ignored but added at the end
NOTE: MA_DPH_00127|MT873491.1|2020-04-03 (identical to MA_DPH_00094|MT873507.1|2020-04-03) is ignored but added at the end
NOTE: MA_DPH_00039|MT873489.1|2020-04-02 (identical to MA_DPH_00094|MT873507.1|2020-04-03) is ignored but added at the end
NOTE: MA_DPH_00105|MT873477.1|2020-04-03 (identical to MA_DPH_00094|MT873507.1|2020-04-03) is ignored but added at the end
NOTE: MA_DPH_00147|MT873466.1|2020-04-03 (identical to MA_DPH_00094|MT873507.1|2020-04-03) is ignored but added at the end
NOTE: MA_DPH_00149|MT873464.1|2020-04-03 (identical to MA_DPH_00094|MT873507.1|2020-04-03) is ignored but added at the end
NOTE: MA_DPH_00042|MT873438.1|2020-04-02 (identical to MA_DPH_00094|MT873507.1|2020-04-03) is ignored but added at the end
NOTE: MA_DPH_00187|MT873421.1|2020-04-06 (identical to MA_DPH_00094|MT873507.1|2020-04-03) is ignored but added at the end
NOTE: MA_DPH_00138|MT873405.1|2020-04-03 (identical to MA_DPH_00094|MT873507.1|2020-04-03) is ignored but added at the end
NOTE: MA_DPH_00080|MT873382.1|2020-04-03 (identical to MA_DPH_00094|MT873507.1|2020-04-03) is ignored but added at the end
NOTE: MA_DPH_00219|MT873327.1|2020-04-13 (identical to MA_DPH_00094|MT873507.1|2020-04-03) is ignored but added at the end
NOTE: MA_DPH_00169|MT873326.1|2020-04-03 (identical to MA_DPH_00094|MT873507.1|2020-04-03) is ignored but added at the end
NOTE: MA_DPH_00050|MT873320.1|2020-04-02 (identical to MA_DPH_00094|MT873507.1|2020-04-03) is ignored but added at the end
NOTE: MA_DPH_00164|MT873309.1|2020-04-03 (identical to MA_DPH_00094|MT873507.1|2020-04-03) is ignored but added at the end
NOTE: MA_DPH_00023|MT873308.1|2020-04-02 (identical to MA_DPH_00094|MT873507.1|2020-04-03) is ignored but added at the end
NOTE: MA_DPH_00091|MT873287.1|2020-04-03 (identical to MA_DPH_00094|MT873507.1|2020-04-03) is ignored but added at the end
NOTE: MA_DPH_00106|MT873266.1|2020-04-03 (identical to MA_DPH_00094|MT873507.1|2020-04-03) is ignored but added at the end
NOTE: MA_DPH_00025|MT873254.1|2020-04-02 (identical to MA_DPH_00094|MT873507.1|2020-04-03) is ignored but added at the end
NOTE: MA_DPH_00054|MT873240.1|2020-04-03 (identical to MA_DPH_00094|MT873507.1|2020-04-03) is ignored but added at the end
NOTE: MA_DPH_00084|MT873231.1|2020-04-03 (identical to MA_DPH_00094|MT873507.1|2020-04-03) is ignored but added at the end
NOTE: MA_DPH_00065|MT873228.1|2020-04-03 (identical to MA_DPH_00094|MT873507.1|2020-04-03) is ignored but added at the end
NOTE: MA_DPH_00019|MT873218.1|2020-04-01 (identical to MA_DPH_00094|MT873507.1|2020-04-03) is ignored but added at the end
NOTE: MA_DPH_00165|MT873217.1|2020-04-03 (identical to MA_DPH_00094|MT873507.1|2020-04-03) is ignored but added at the end
NOTE: MA_DPH_00110|MT873172.1|2020-04-03 (identical to MA_DPH_00094|MT873507.1|2020-04-03) is ignored but added at the end
NOTE: MA_DPH_00074|MT873168.1|2020-04-03 (identical to MA_DPH_00094|MT873507.1|2020-04-03) is ignored but added at the end
NOTE: MA_DPH_00140|MT873158.1|2020-04-03 (identical to MA_DPH_00094|MT873507.1|2020-04-03) is ignored but added at the end
NOTE: MA_DPH_00115|MT873141.1|2020-04-03 (identical to MA_DPH_00094|MT873507.1|2020-04-03) is ignored but added at the end
NOTE: MA_DPH_00237|MT873135.1|2020-04-16 (identical to MA_DPH_00094|MT873507.1|2020-04-03) is ignored but added at the end
NOTE: MA_DPH_00075|MT873130.1|2020-04-03 (identical to MA_DPH_00094|MT873507.1|2020-04-03) is ignored but added at the end
NOTE: MA_DPH_00240|MT873128.1|2020-04-16 (identical to MA_DPH_00094|MT873507.1|2020-04-03) is ignored but added at the end
NOTE: MA_DPH_00081|MT873124.1|2020-04-03 (identical to MA_DPH_00094|MT873507.1|2020-04-03) is ignored but added at the end
NOTE: MA_DPH_00142|MT873110.1|2020-04-03 (identical to MA_DPH_00094|MT873507.1|2020-04-03) is ignored but added at the end
NOTE: MA_DPH_00017|MT873104.1|2020-04-01 (identical to MA_DPH_00094|MT873507.1|2020-04-03) is ignored but added at the end
NOTE: MA_DPH_00137|MT873086.1|2020-04-03 (identical to MA_DPH_00094|MT873507.1|2020-04-03) is ignored but added at the end
NOTE: MA_DPH_00145|MT873084.1|2020-04-03 (identical to MA_DPH_00094|MT873507.1|2020-04-03) is ignored but added at the end
NOTE: MA_DPH_00060|MT873070.1|2020-04-03 (identical to MA_DPH_00094|MT873507.1|2020-04-03) is ignored but added at the end
NOTE: MA_DPH_00143|MT873426.1|2020-04-03 (identical to MA_DPH_00021|MT873505.1|2020-04-02) is ignored but added at the end
NOTE: MA_DPH_00177|MT873409.1|2020-04-05 (identical to MA_DPH_00021|MT873505.1|2020-04-02) is ignored but added at the end
NOTE: MA_MGH_00992|MT873389.1|2020-05-01 (identical to MA_DPH_00021|MT873505.1|2020-04-02) is ignored but added at the end
NOTE: MA_DPH_00199|MT873377.1|2020-04-07 (identical to MA_DPH_00021|MT873505.1|2020-04-02) is ignored but added at the end
NOTE: MA_DPH_00209|MT873369.1|2020-04-10 (identical to MA_DPH_00021|MT873505.1|2020-04-02) is ignored but added at the end
NOTE: MA_MGH_00871|MT873352.1|2020-04-14 (identical to MA_DPH_00021|MT873505.1|2020-04-02) is ignored but added at the end
NOTE: MA_DPH_00113|MT873303.1|2020-04-03 (identical to MA_DPH_00021|MT873505.1|2020-04-02) is ignored but added at the end
NOTE: MA_DPH_00228|MT873296.1|2020-04-15 (identical to MA_DPH_00021|MT873505.1|2020-04-02) is ignored but added at the end
NOTE: MA_MGH_01061|MT873277.1|2020-05-01 (identical to MA_DPH_00021|MT873505.1|2020-04-02) is ignored but added at the end
NOTE: MA_DPH_00234|MT873261.1|2020-04-16 (identical to MA_DPH_00021|MT873505.1|2020-04-02) is ignored but added at the end
NOTE: MA_DPH_00076|MT873236.1|2020-04-03 (identical to MA_DPH_00021|MT873505.1|2020-04-02) is ignored but added at the end
NOTE: MA_DPH_00181|MT873230.1|2020-04-06 (identical to MA_DPH_00021|MT873505.1|2020-04-02) is ignored but added at the end
NOTE: MA_DPH_00266|MT873221.1|2020-04-17 (identical to MA_DPH_00021|MT873505.1|2020-04-02) is ignored but added at the end
NOTE: MA_DPH_00032|MT873220.1|2020-04-02 (identical to MA_DPH_00021|MT873505.1|2020-04-02) is ignored but added at the end
NOTE: MA_DPH_00194|MT873213.1|2020-04-06 (identical to MA_DPH_00021|MT873505.1|2020-04-02) is ignored but added at the end
NOTE: MA_DPH_00159|MT873204.1|2020-04-03 (identical to MA_DPH_00021|MT873505.1|2020-04-02) is ignored but added at the end
NOTE: MA_DPH_00213|MT873195.1|2020-04-12 (identical to MA_DPH_00021|MT873505.1|2020-04-02) is ignored but added at the end
NOTE: MA_DPH_00156|MT873190.1|2020-04-03 (identical to MA_DPH_00021|MT873505.1|2020-04-02) is ignored but added at the end
NOTE: MA_DPH_00168|MT873065.1|2020-04-03 (identical to MA_DPH_00021|MT873505.1|2020-04-02) is ignored but added at the end
NOTE: MA_MGH_00039|MT520409.1|2020-03-24 (identical to MA_DPH_00021|MT873505.1|2020-04-02) is ignored but added at the end
NOTE: MA_MGH_00097|MT520401.1|2020-03-24 (identical to MA_DPH_00021|MT873505.1|2020-04-02) is ignored but added at the end
NOTE: MA_MGH_00214|MT520397.1|2020-03-27 (identical to MA_DPH_00021|MT873505.1|2020-04-02) is ignored but added at the end
NOTE: MA_MGH_00425|MT520388.1|2020-03-07 (identical to MA_DPH_00021|MT873505.1|2020-04-02) is ignored but added at the end
NOTE: MA_MGH_00595|MT520370.1|2020-03-28 (identical to MA_DPH_00021|MT873505.1|2020-04-02) is ignored but added at the end
NOTE: MA_MGH_00052|MT520367.1|2020-03-25 (identical to MA_DPH_00021|MT873505.1|2020-04-02) is ignored but added at the end
NOTE: MA_MGH_00538|MT520350.1|2020-03-19 (identical to MA_DPH_00021|MT873505.1|2020-04-02) is ignored but added at the end
NOTE: MA_MGH_00501|MT520333.1|2020-03-27 (identical to MA_DPH_00021|MT873505.1|2020-04-02) is ignored but added at the end
NOTE: MA_MGH_00660|MT520323.1|2020-04-03 (identical to MA_DPH_00021|MT873505.1|2020-04-02) is ignored but added at the end
NOTE: MA_MGH_00420|MT520320.1|2020-03-07 (identical to MA_DPH_00021|MT873505.1|2020-04-02) is ignored but added at the end
NOTE: MA_MGH_00037|MT520315.1|2020-03-24 (identical to MA_DPH_00021|MT873505.1|2020-04-02) is ignored but added at the end
NOTE: MA_MGH_00431|MT520310.1|2020-03-07 (identical to MA_DPH_00021|MT873505.1|2020-04-02) is ignored but added at the end
NOTE: MA_MGH_00704|MT520308.1|2020-04-06 (identical to MA_DPH_00021|MT873505.1|2020-04-02) is ignored but added at the end
NOTE: MA_MGH_00488|MT520260.1|2020-03-27 (identical to MA_DPH_00021|MT873505.1|2020-04-02) is ignored but added at the end
NOTE: MA_MGH_00054|MT520218.1|2020-03-25 (identical to MA_DPH_00021|MT873505.1|2020-04-02) is ignored but added at the end
NOTE: MA_MGH_00707|MT520181.1|2020-04-07 (identical to MA_DPH_00021|MT873505.1|2020-04-02) is ignored but added at the end
NOTE: MA_MGH_00568|MT520172.1|2020-03-22 (identical to MA_DPH_00021|MT873505.1|2020-04-02) is ignored but added at the end
NOTE: MA_DPH_00123|MT873473.1|2020-04-03 (identical to MA_DPH_00218|MT873496.1|2020-04-13) is ignored but added at the end
NOTE: MA_DPH_00206|MT873453.1|2020-04-09 (identical to MA_DPH_00218|MT873496.1|2020-04-13) is ignored but added at the end
NOTE: MA_DPH_00116|MT873451.1|2020-04-03 (identical to MA_DPH_00218|MT873496.1|2020-04-13) is ignored but added at the end
NOTE: MA_DPH_00180|MT873450.1|2020-04-06 (identical to MA_DPH_00218|MT873496.1|2020-04-13) is ignored but added at the end
NOTE: MA_DPH_00015|MT873442.1|2020-03-30 (identical to MA_DPH_00218|MT873496.1|2020-04-13) is ignored but added at the end
NOTE: MA_DPH_00104|MT873428.1|2020-04-03 (identical to MA_DPH_00218|MT873496.1|2020-04-13) is ignored but added at the end
NOTE: MA_DPH_00014|MT873418.1|2020-03-30 (identical to MA_DPH_00218|MT873496.1|2020-04-13) is ignored but added at the end
NOTE: MA_DPH_00188|MT873414.1|2020-04-06 (identical to MA_DPH_00218|MT873496.1|2020-04-13) is ignored but added at the end
NOTE: MA_DPH_00016|MT873413.1|2020-04-01 (identical to MA_DPH_00218|MT873496.1|2020-04-13) is ignored but added at the end
NOTE: MA_DPH_00092|MT873401.1|2020-04-03 (identical to MA_DPH_00218|MT873496.1|2020-04-13) is ignored but added at the end
NOTE: MA_DPH_00306|MT873395.1|2020-04-18 (identical to MA_DPH_00218|MT873496.1|2020-04-13) is ignored but added at the end
NOTE: MA_DPH_00239|MT873387.1|2020-04-16 (identical to MA_DPH_00218|MT873496.1|2020-04-13) is ignored but added at the end
NOTE: MA_DPH_00170|MT873383.1|2020-04-03 (identical to MA_DPH_00218|MT873496.1|2020-04-13) is ignored but added at the end
NOTE: MA_DPH_00130|MT873362.1|2020-04-03 (identical to MA_DPH_00218|MT873496.1|2020-04-13) is ignored but added at the end
NOTE: MA_DPH_00166|MT873342.1|2020-04-03 (identical to MA_DPH_00218|MT873496.1|2020-04-13) is ignored but added at the end
NOTE: MA_DPH_00036|MT873323.1|2020-04-02 (identical to MA_DPH_00218|MT873496.1|2020-04-13) is ignored but added at the end
NOTE: MA_DPH_00151|MT873318.1|2020-04-03 (identical to MA_DPH_00218|MT873496.1|2020-04-13) is ignored but added at the end
NOTE: MA_MGH_00759|MT873314.1|2020-04-10 (identical to MA_DPH_00218|MT873496.1|2020-04-13) is ignored but added at the end
NOTE: MA_DPH_00068|MT873304.1|2020-04-03 (identical to MA_DPH_00218|MT873496.1|2020-04-13) is ignored but added at the end
NOTE: MA_DPH_00183|MT873294.1|2020-04-06 (identical to MA_DPH_00218|MT873496.1|2020-04-13) is ignored but added at the end
NOTE: MA_DPH_00231|MT873286.1|2020-04-16 (identical to MA_DPH_00218|MT873496.1|2020-04-13) is ignored but added at the end
NOTE: MA_DPH_00107|MT873284.1|2020-04-03 (identical to MA_DPH_00218|MT873496.1|2020-04-13) is ignored but added at the end
NOTE: MA_DPH_00182|MT873258.1|2020-04-06 (identical to MA_DPH_00218|MT873496.1|2020-04-13) is ignored but added at the end
NOTE: MA_DPH_00135|MT873247.1|2020-04-03 (identical to MA_DPH_00218|MT873496.1|2020-04-13) is ignored but added at the end
NOTE: MA_DPH_00098|MT873233.1|2020-04-03 (identical to MA_DPH_00218|MT873496.1|2020-04-13) is ignored but added at the end
NOTE: MA_DPH_00102|MT873207.1|2020-04-03 (identical to MA_DPH_00218|MT873496.1|2020-04-13) is ignored but added at the end
NOTE: MA_DPH_00108|MT873179.1|2020-04-03 (identical to MA_DPH_00218|MT873496.1|2020-04-13) is ignored but added at the end
NOTE: MA_DPH_00040|MT873177.1|2020-04-02 (identical to MA_DPH_00218|MT873496.1|2020-04-13) is ignored but added at the end
NOTE: MA_DPH_00126|MT873165.1|2020-04-03 (identical to MA_DPH_00218|MT873496.1|2020-04-13) is ignored but added at the end
NOTE: MA_DPH_00087|MT873157.1|2020-04-03 (identical to MA_DPH_00218|MT873496.1|2020-04-13) is ignored but added at the end
NOTE: MA_MGH_00845|MT873145.1|2020-04-13 (identical to MA_DPH_00218|MT873496.1|2020-04-13) is ignored but added at the end
NOTE: MA_DPH_00058|MT873126.1|2020-04-03 (identical to MA_DPH_00218|MT873496.1|2020-04-13) is ignored but added at the end
NOTE: MA_DPH_00018|MT873123.1|2020-04-01 (identical to MA_DPH_00218|MT873496.1|2020-04-13) is ignored but added at the end
NOTE: MA_DPH_00232|MT873119.1|2020-04-16 (identical to MA_DPH_00218|MT873496.1|2020-04-13) is ignored but added at the end
NOTE: MA_DPH_00114|MT873117.1|2020-04-03 (identical to MA_DPH_00218|MT873496.1|2020-04-13) is ignored but added at the end
NOTE: MA_DPH_00020|MT873105.1|2020-04-01 (identical to MA_DPH_00218|MT873496.1|2020-04-13) is ignored but added at the end
NOTE: MA_DPH_00100|MT873097.1|2020-04-03 (identical to MA_DPH_00218|MT873496.1|2020-04-13) is ignored but added at the end
NOTE: MA_DPH_00225|MT873093.1|2020-04-15 (identical to MA_DPH_00218|MT873496.1|2020-04-13) is ignored but added at the end
NOTE: MA_DPH_00117|MT873088.1|2020-04-03 (identical to MA_DPH_00218|MT873496.1|2020-04-13) is ignored but added at the end
NOTE: MA_MGH_00747|MT873071.1|2020-04-10 (identical to MA_DPH_00218|MT873496.1|2020-04-13) is ignored but added at the end
NOTE: MA_DPH_00203|MT873067.1|2020-04-09 (identical to MA_DPH_00218|MT873496.1|2020-04-13) is ignored but added at the end
NOTE: MA_DPH_00198|MT873057.1|2020-04-07 (identical to MA_DPH_00218|MT873496.1|2020-04-13) is ignored but added at the end
NOTE: MA_MGH_00028|MT520544.1|2020-03-25 (identical to MA_DPH_00218|MT873496.1|2020-04-13) is ignored but added at the end
NOTE: MA_MGH_00062|MT520385.1|2020-03-25 (identical to MA_DPH_00218|MT873496.1|2020-04-13) is ignored but added at the end
NOTE: MA_MGH_00159|MT520376.1|2020-03-26 (identical to MA_DPH_00218|MT873496.1|2020-04-13) is ignored but added at the end
NOTE: MA_MGH_00649|MT520373.1|2020-04-02 (identical to MA_DPH_00218|MT873496.1|2020-04-13) is ignored but added at the end
NOTE: MA_MGH_00156|MT520336.1|2020-03-26 (identical to MA_DPH_00218|MT873496.1|2020-04-13) is ignored but added at the end
NOTE: MA_MGH_00633|MT520264.1|2020-04-02 (identical to MA_DPH_00218|MT873496.1|2020-04-13) is ignored but added at the end
NOTE: MA_MGH_00690|MT520262.1|2020-04-06 (identical to MA_DPH_00218|MT873496.1|2020-04-13) is ignored but added at the end
NOTE: MA_MGH_00602|MT520238.1|2020-03-28 (identical to MA_DPH_00218|MT873496.1|2020-04-13) is ignored but added at the end
NOTE: MA_MGH_00023|MT520224.1|2020-03-24 (identical to MA_DPH_00218|MT873496.1|2020-04-13) is ignored but added at the end
NOTE: MA_MGH_00485|MT520185.1|2020-03-27 (identical to MA_DPH_00218|MT873496.1|2020-04-13) is ignored but added at the end
NOTE: MA_MGH_00067|MT520184.1|2020-03-25 (identical to MA_DPH_00218|MT873496.1|2020-04-13) is ignored but added at the end
NOTE: MA_MGH_00016|MT520176.1|2020-03-25 (identical to MA_DPH_00218|MT873496.1|2020-04-13) is ignored but added at the end
NOTE: MA_MGH_01183|MT873283.1|2020-04-29 (identical to MA_MGH_01063|MT873493.1|2020-05-01) is ignored but added at the end
NOTE: MA_MGH_00996|MT873200.1|2020-05-01 (identical to MA_MGH_01063|MT873493.1|2020-05-01) is ignored but added at the end
NOTE: MA_MGH_00823|MT873198.1|2020-04-13 (identical to MA_MGH_01063|MT873493.1|2020-05-01) is ignored but added at the end
NOTE: MA_MGH_01469|MT873175.1|2020-05-07 (identical to MA_MGH_01063|MT873493.1|2020-05-01) is ignored but added at the end
NOTE: MA_MGH_01443|MT873159.1|2020-04-30 (identical to MA_MGH_01063|MT873493.1|2020-05-01) is ignored but added at the end
NOTE: MA_MGH_01111|MT873102.1|2020-05-01 (identical to MA_MGH_01063|MT873493.1|2020-05-01) is ignored but added at the end
NOTE: MA_MGH_00795|MT873061.1|2020-04-13 (identical to MA_MGH_01063|MT873493.1|2020-05-01) is ignored but added at the end
NOTE: MA_MGH_00006|MT520515.1|2020-03-11 (identical to MA_MGH_01063|MT873493.1|2020-05-01) is ignored but added at the end
NOTE: MA_MGH_00581|MT520501.1|2020-03-28 (identical to MA_MGH_01063|MT873493.1|2020-05-01) is ignored but added at the end
NOTE: MA_MGH_00701|MT520433.1|2020-04-06 (identical to MA_MGH_01063|MT873493.1|2020-05-01) is ignored but added at the end
NOTE: MA_MGH_00017|MT520377.1|2020-03-25 (identical to MA_MGH_01063|MT873493.1|2020-05-01) is ignored but added at the end
NOTE: MA_MGH_00484|MT520361.1|2020-03-27 (identical to MA_MGH_01063|MT873493.1|2020-05-01) is ignored but added at the end
NOTE: MA_MGH_00170|MT520358.1|2020-03-27 (identical to MA_MGH_01063|MT873493.1|2020-05-01) is ignored but added at the end
NOTE: MA_MGH_00627|MT520204.1|2020-03-28 (identical to MA_MGH_01063|MT873493.1|2020-05-01) is ignored but added at the end
NOTE: MA_MGH_00042|MT520180.1|2020-03-25 (identical to MA_MGH_01063|MT873493.1|2020-05-01) is ignored but added at the end
NOTE: MA_MGH_01127|MT873169.1|2020-05-02 (identical to MA_MGH_01290|MT873479.1|2020-05-05) is ignored but added at the end
NOTE: MA_MGH_00922|MT873151.1|2020-05-02 (identical to MA_MGH_01290|MT873479.1|2020-05-05) is ignored but added at the end
NOTE: MA_MGH_01325|MT873120.1|2020-05-05 (identical to MA_MGH_01290|MT873479.1|2020-05-05) is ignored but added at the end
NOTE: MA_MGH_01169|MT873058.1|2020-04-29 (identical to MA_MGH_01290|MT873479.1|2020-05-05) is ignored but added at the end
NOTE: MA_DPH_00295|MT873458.1|2020-04-17 (identical to MA_DPH_00241|MT873469.1|2020-04-16) is ignored but added at the end
NOTE: MA_DPH_00303|MT873424.1|2020-04-17 (identical to MA_DPH_00241|MT873469.1|2020-04-16) is ignored but added at the end
NOTE: MA_DPH_00310|MT873422.1|2020-04-18 (identical to MA_DPH_00241|MT873469.1|2020-04-16) is ignored but added at the end
NOTE: MA_DPH_00315|MT873333.1|2020-04-18 (identical to MA_DPH_00241|MT873469.1|2020-04-16) is ignored but added at the end
NOTE: MA_DPH_00264|MT873279.1|2020-04-17 (identical to MA_DPH_00241|MT873469.1|2020-04-16) is ignored but added at the end
NOTE: MA_DPH_00292|MT873274.1|2020-04-17 (identical to MA_DPH_00241|MT873469.1|2020-04-16) is ignored but added at the end
NOTE: MA_DPH_00308|MT873249.1|2020-04-18 (identical to MA_DPH_00241|MT873469.1|2020-04-16) is ignored but added at the end
NOTE: MA_DPH_00277|MT873183.1|2020-04-17 (identical to MA_DPH_00241|MT873469.1|2020-04-16) is ignored but added at the end
NOTE: MA_DPH_00287|MT873100.1|2020-04-17 (identical to MA_DPH_00241|MT873469.1|2020-04-16) is ignored but added at the end
NOTE: MA_DPH_00244|MT873082.1|2020-04-16 (identical to MA_DPH_00241|MT873469.1|2020-04-16) is ignored but added at the end
NOTE: MA_DPH_00322|MT873069.1|2020-04-18 (identical to MA_DPH_00241|MT873469.1|2020-04-16) is ignored but added at the end
NOTE: MA_MGH_00817|MT873365.1|2020-04-13 (identical to MA_MGH_00791|MT873468.1|2020-04-13) is ignored but added at the end
NOTE: MA_MGH_00834|MT873311.1|2020-04-13 (identical to MA_MGH_00957|MT873463.1|2020-05-03) is ignored but added at the end
NOTE: MA_MGH_00779|MT873263.1|2020-04-12 (identical to MA_MGH_00957|MT873463.1|2020-05-03) is ignored but added at the end
NOTE: MA_MGH_00645|MT520357.1|2020-04-01 (identical to MA_MGH_00957|MT873463.1|2020-05-03) is ignored but added at the end
NOTE: MA_MGH_00659|MT520292.1|2020-04-03 (identical to MA_MGH_00957|MT873463.1|2020-05-03) is ignored but added at the end
NOTE: MA_MGH_00195|MT520278.1|2020-03-26 (identical to MA_MGH_00957|MT873463.1|2020-05-03) is ignored but added at the end
NOTE: MA_MGH_00653|MT520272.1|2020-04-02 (identical to MA_MGH_00957|MT873463.1|2020-05-03) is ignored but added at the end
NOTE: MA_DPH_00034|MT873404.1|2020-04-02 (identical to MA_DPH_00013|MT873452.1|2020-03-28) is ignored but added at the end
NOTE: MA_DPH_00090|MT873356.1|2020-04-03 (identical to MA_DPH_00013|MT873452.1|2020-03-28) is ignored but added at the end
NOTE: MA_MGH_01494|MT873319.1|2020-05-07 (identical to MA_MGH_00798|MT873448.1|2020-04-13) is ignored but added at the end
NOTE: MA_DPH_00243|MT873295.1|2020-04-16 (identical to MA_MGH_00798|MT873448.1|2020-04-13) is ignored but added at the end
NOTE: MA_MGH_00665|MT520403.1|2020-04-04 (identical to MA_MGH_00798|MT873448.1|2020-04-13) is ignored but added at the end
NOTE: MA_MGH_00080|MT520197.1|2020-03-25 (identical to MA_MGH_00798|MT873448.1|2020-04-13) is ignored but added at the end
NOTE: MA_MGH_00161|MT520258.1|2020-03-26 (identical to MA_DPH_00027|MT873419.1|2020-04-02) is ignored but added at the end
NOTE: MA_MGH_00876|MT873349.1|2020-04-14 (identical to MA_MGH_01103|MT873411.1|2020-05-01) is ignored but added at the end
NOTE: MA_MGH_00005|MT520547.1|2020-03-11 (identical to MA_MGH_01103|MT873411.1|2020-05-01) is ignored but added at the end
NOTE: MA_MGH_00432|MT520517.1|2020-03-07 (identical to MA_MGH_01103|MT873411.1|2020-05-01) is ignored but added at the end
NOTE: MA_MGH_00439|MT520509.1|2020-03-07 (identical to MA_MGH_01103|MT873411.1|2020-05-01) is ignored but added at the end
NOTE: MA_MGH_00533|MT520488.1|2020-03-18 (identical to MA_MGH_01103|MT873411.1|2020-05-01) is ignored but added at the end
NOTE: MA_MGH_00684|MT520481.1|2020-03-20 (identical to MA_MGH_01103|MT873411.1|2020-05-01) is ignored but added at the end
NOTE: MA_MGH_00160|MT520469.1|2020-03-26 (identical to MA_MGH_01103|MT873411.1|2020-05-01) is ignored but added at the end
NOTE: MA_MGH_00422|MT520459.1|2020-03-07 (identical to MA_MGH_01103|MT873411.1|2020-05-01) is ignored but added at the end
NOTE: MA_MGH_00418|MT520446.1|2020-03-07 (identical to MA_MGH_01103|MT873411.1|2020-05-01) is ignored but added at the end
NOTE: MA_MGH_00430|MT520441.1|2020-03-07 (identical to MA_MGH_01103|MT873411.1|2020-05-01) is ignored but added at the end
NOTE: MA_MGH_00428|MT520408.1|2020-03-06 (identical to MA_MGH_01103|MT873411.1|2020-05-01) is ignored but added at the end
NOTE: MA_MGH_00419|MT520375.1|2020-03-07 (identical to MA_MGH_01103|MT873411.1|2020-05-01) is ignored but added at the end
NOTE: MA_MGH_00421|MT520341.1|2020-03-07 (identical to MA_MGH_01103|MT873411.1|2020-05-01) is ignored but added at the end
NOTE: MA_MGH_00435|MT520327.1|2020-03-08 (identical to MA_MGH_01103|MT873411.1|2020-05-01) is ignored but added at the end
NOTE: MA_MGH_00438|MT520325.1|2020-03-04 (identical to MA_MGH_01103|MT873411.1|2020-05-01) is ignored but added at the end
NOTE: MA_MGH_00415|MT520316.1|2020-03-07 (identical to MA_MGH_01103|MT873411.1|2020-05-01) is ignored but added at the end
NOTE: MA_MGH_00680|MT520306.1|2020-03-22 (identical to MA_MGH_01103|MT873411.1|2020-05-01) is ignored but added at the end
NOTE: MA_MGH_00185|MT520304.1|2020-03-27 (identical to MA_MGH_01103|MT873411.1|2020-05-01) is ignored but added at the end
NOTE: MA_MGH_00427|MT520287.1|2020-03-07 (identical to MA_MGH_01103|MT873411.1|2020-05-01) is ignored but added at the end
NOTE: MA_MGH_00603|MT520236.1|2020-03-28 (identical to MA_MGH_01103|MT873411.1|2020-05-01) is ignored but added at the end
NOTE: MA_MGH_00661|MT520210.1|2020-04-03 (identical to MA_MGH_01103|MT873411.1|2020-05-01) is ignored but added at the end
NOTE: MA_MGH_00182|MT520199.1|2020-03-26 (identical to MA_MGH_01103|MT873411.1|2020-05-01) is ignored but added at the end
NOTE: MA_MGH_00440|MT520191.1|2020-03-04 (identical to MA_MGH_01103|MT873411.1|2020-05-01) is ignored but added at the end
NOTE: MA_MGH_01096|MT873133.1|2020-05-01 (identical to MA_MGH_01504|MT873391.1|2020-05-07) is ignored but added at the end
NOTE: MA_MGH_01153|MT873092.1|2020-04-29 (identical to MA_MGH_01152|MT873385.1|2020-04-29) is ignored but added at the end
NOTE: MA_MGH_00937|MT873116.1|2020-05-02 (identical to MA_MGH_01084|MT873379.1|2020-05-01) is ignored but added at the end
NOTE: MA_MGH_01089|MT873112.1|2020-05-01 (identical to MA_MGH_01109|MT873373.1|2020-05-01) is ignored but added at the end
NOTE: MA_MGH_00868|MT873056.1|2020-04-14 (identical to MA_MGH_00824|MT873292.1|2020-04-13) is ignored but added at the end
NOTE: MA_MGH_00654|MT520405.1|2020-04-02 (identical to MA_DPH_00176|MT873222.1|2020-04-03) is ignored but added at the end
NOTE: MA_MGH_00065|MT520201.1|2020-03-25 (identical to MA_DPH_00024|MT873153.1|2020-04-02) is ignored but added at the end
NOTE: MA_MGH_00651|MT520214.1|2020-04-02 (identical to MA_MGH_00735|MT873139.1|2020-04-09) is ignored but added at the end
NOTE: MA_MGH_00611|MT520209.1|2020-03-28 (identical to MA_MGH_01126|MT873103.1|2020-05-02) is ignored but added at the end
NOTE: MA_MGH_00233|MT520525.1|2020-04-06 (identical to MA_MGH_00271|MT520539.1|2020-04-01) is ignored but added at the end
NOTE: MA_MGH_00481|MT520516.1|2020-04-04 (identical to MA_MGH_00271|MT520539.1|2020-04-01) is ignored but added at the end
NOTE: MA_MGH_00245|MT520510.1|2020-04-06 (identical to MA_MGH_00271|MT520539.1|2020-04-01) is ignored but added at the end
NOTE: MA_MGH_00305|MT520507.1|2020-04-01 (identical to MA_MGH_00271|MT520539.1|2020-04-01) is ignored but added at the end
NOTE: MA_MGH_00252|MT520504.1|2020-04-06 (identical to MA_MGH_00271|MT520539.1|2020-04-01) is ignored but added at the end
NOTE: MA_MGH_00282|MT520483.1|2020-04-01 (identical to MA_MGH_00271|MT520539.1|2020-04-01) is ignored but added at the end
NOTE: MA_MGH_00244|MT520482.1|2020-04-06 (identical to MA_MGH_00271|MT520539.1|2020-04-01) is ignored but added at the end
NOTE: MA_MGH_00465|MT520465.1|2020-04-04 (identical to MA_MGH_00271|MT520539.1|2020-04-01) is ignored but added at the end
NOTE: MA_MGH_00234|MT520464.1|2020-04-06 (identical to MA_MGH_00271|MT520539.1|2020-04-01) is ignored but added at the end
NOTE: MA_MGH_00468|MT520460.1|2020-04-04 (identical to MA_MGH_00271|MT520539.1|2020-04-01) is ignored but added at the end
NOTE: MA_MGH_00303|MT520454.1|2020-04-01 (identical to MA_MGH_00271|MT520539.1|2020-04-01) is ignored but added at the end
NOTE: MA_MGH_00256|MT520453.1|2020-04-06 (identical to MA_MGH_00271|MT520539.1|2020-04-01) is ignored but added at the end
NOTE: MA_MGH_00251|MT520448.1|2020-04-06 (identical to MA_MGH_00271|MT520539.1|2020-04-01) is ignored but added at the end
NOTE: MA_MGH_00472|MT520436.1|2020-04-04 (identical to MA_MGH_00271|MT520539.1|2020-04-01) is ignored but added at the end
NOTE: MA_MGH_00261|MT520435.1|2020-04-06 (identical to MA_MGH_00271|MT520539.1|2020-04-01) is ignored but added at the end
NOTE: MA_MGH_00446|MT520427.1|2020-04-01 (identical to MA_MGH_00271|MT520539.1|2020-04-01) is ignored but added at the end
NOTE: MA_MGH_00243|MT520421.1|2020-04-06 (identical to MA_MGH_00271|MT520539.1|2020-04-01) is ignored but added at the end
NOTE: MA_MGH_00231|MT520420.1|2020-04-06 (identical to MA_MGH_00271|MT520539.1|2020-04-01) is ignored but added at the end
NOTE: MA_MGH_00447|MT520383.1|2020-04-01 (identical to MA_MGH_00271|MT520539.1|2020-04-01) is ignored but added at the end
NOTE: MA_MGH_00230|MT520374.1|2020-04-06 (identical to MA_MGH_00271|MT520539.1|2020-04-01) is ignored but added at the end
NOTE: MA_MGH_00294|MT520349.1|2020-04-01 (identical to MA_MGH_00271|MT520539.1|2020-04-01) is ignored but added at the end
NOTE: MA_MGH_00273|MT520324.1|2020-04-01 (identical to MA_MGH_00271|MT520539.1|2020-04-01) is ignored but added at the end
NOTE: MA_MGH_00463|MT520319.1|2020-04-04 (identical to MA_MGH_00271|MT520539.1|2020-04-01) is ignored but added at the end
NOTE: MA_MGH_00270|MT520318.1|2020-04-01 (identical to MA_MGH_00271|MT520539.1|2020-04-01) is ignored but added at the end
NOTE: MA_MGH_00239|MT520312.1|2020-04-06 (identical to MA_MGH_00271|MT520539.1|2020-04-01) is ignored but added at the end
NOTE: MA_MGH_00287|MT520309.1|2020-04-01 (identical to MA_MGH_00271|MT520539.1|2020-04-01) is ignored but added at the end
NOTE: MA_MGH_00480|MT520302.1|2020-04-04 (identical to MA_MGH_00271|MT520539.1|2020-04-01) is ignored but added at the end
NOTE: MA_MGH_00475|MT520300.1|2020-04-04 (identical to MA_MGH_00271|MT520539.1|2020-04-01) is ignored but added at the end
NOTE: MA_MGH_00454|MT520298.1|2020-04-04 (identical to MA_MGH_00271|MT520539.1|2020-04-01) is ignored but added at the end
NOTE: MA_MGH_00247|MT520288.1|2020-04-06 (identical to MA_MGH_00271|MT520539.1|2020-04-01) is ignored but added at the end
NOTE: MA_MGH_00280|MT520285.1|2020-04-01 (identical to MA_MGH_00271|MT520539.1|2020-04-01) is ignored but added at the end
NOTE: MA_MGH_00473|MT520276.1|2020-04-04 (identical to MA_MGH_00271|MT520539.1|2020-04-01) is ignored but added at the end
NOTE: MA_MGH_00281|MT520270.1|2020-04-01 (identical to MA_MGH_00271|MT520539.1|2020-04-01) is ignored but added at the end
NOTE: MA_MGH_00283|MT520256.1|2020-04-01 (identical to MA_MGH_00271|MT520539.1|2020-04-01) is ignored but added at the end
NOTE: MA_MGH_00464|MT520252.1|2020-04-04 (identical to MA_MGH_00271|MT520539.1|2020-04-01) is ignored but added at the end
NOTE: MA_MGH_00466|MT520251.1|2020-04-04 (identical to MA_MGH_00271|MT520539.1|2020-04-01) is ignored but added at the end
NOTE: MA_MGH_00254|MT520248.1|2020-04-06 (identical to MA_MGH_00271|MT520539.1|2020-04-01) is ignored but added at the end
NOTE: MA_MGH_00276|MT520247.1|2020-04-01 (identical to MA_MGH_00271|MT520539.1|2020-04-01) is ignored but added at the end
NOTE: MA_MGH_00291|MT520246.1|2020-04-01 (identical to MA_MGH_00271|MT520539.1|2020-04-01) is ignored but added at the end
NOTE: MA_MGH_00285|MT520244.1|2020-04-01 (identical to MA_MGH_00271|MT520539.1|2020-04-01) is ignored but added at the end
NOTE: MA_MGH_00471|MT520243.1|2020-04-04 (identical to MA_MGH_00271|MT520539.1|2020-04-01) is ignored but added at the end
NOTE: MA_MGH_00269|MT520239.1|2020-04-01 (identical to MA_MGH_00271|MT520539.1|2020-04-01) is ignored but added at the end
NOTE: MA_MGH_00264|MT520235.1|2020-04-01 (identical to MA_MGH_00271|MT520539.1|2020-04-01) is ignored but added at the end
NOTE: MA_MGH_00467|MT520234.1|2020-04-04 (identical to MA_MGH_00271|MT520539.1|2020-04-01) is ignored but added at the end
NOTE: MA_MGH_00297|MT520232.1|2020-04-01 (identical to MA_MGH_00271|MT520539.1|2020-04-01) is ignored but added at the end
NOTE: MA_MGH_00288|MT520230.1|2020-04-01 (identical to MA_MGH_00271|MT520539.1|2020-04-01) is ignored but added at the end
NOTE: MA_MGH_00242|MT520222.1|2020-04-06 (identical to MA_MGH_00271|MT520539.1|2020-04-01) is ignored but added at the end
NOTE: MA_MGH_00274|MT520219.1|2020-04-01 (identical to MA_MGH_00271|MT520539.1|2020-04-01) is ignored but added at the end
NOTE: MA_MGH_00266|MT520216.1|2020-04-01 (identical to MA_MGH_00271|MT520539.1|2020-04-01) is ignored but added at the end
NOTE: MA_MGH_00267|MT520206.1|2020-04-01 (identical to MA_MGH_00271|MT520539.1|2020-04-01) is ignored but added at the end
NOTE: MA_MGH_00258|MT520196.1|2020-04-06 (identical to MA_MGH_00271|MT520539.1|2020-04-01) is ignored but added at the end
NOTE: MA_MGH_00461|MT520174.1|2020-04-04 (identical to MA_MGH_00271|MT520539.1|2020-04-01) is ignored but added at the end
NOTE: MA_MGH_00277|MT520173.1|2020-04-01 (identical to MA_MGH_00271|MT520539.1|2020-04-01) is ignored but added at the end
NOTE: MA_MGH_00318|MT520426.1|2020-04-04 (identical to MA_MGH_00295|MT520536.1|2020-04-01) is ignored but added at the end
NOTE: MA_MGH_00453|MT520359.1|2020-04-04 (identical to MA_MGH_00295|MT520536.1|2020-04-01) is ignored but added at the end
NOTE: MA_MGH_00477|MT520283.1|2020-04-04 (identical to MA_MGH_00295|MT520536.1|2020-04-01) is ignored but added at the end
NOTE: MA_MGH_00063|MT520289.1|2020-03-24 (identical to MA_MGH_00071|MT520521.1|2020-03-23) is ignored but added at the end
NOTE: MA_MGH_00530|MT520253.1|2020-03-18 (identical to MA_MGH_00071|MT520521.1|2020-03-23) is ignored but added at the end
NOTE: MA_MGH_00698|MT520411.1|2020-04-06 (identical to MA_MGH_00307|MT520506.1|2020-04-05) is ignored but added at the end
NOTE: MA_MGH_00298|MT520340.1|2020-04-01 (identical to MA_MGH_00257|MT520479.1|2020-04-06) is ignored but added at the end
Alignment was printed to ml/ma_sars_cov_2.uniqueseq.phy

For your convenience alignment with unique sequences printed to ml/ma_sars_cov_2.uniqueseq.phy

Create initial parsimony tree by phylogenetic likelihood library (PLL)... 0.074 seconds

NOTE: 40 MB RAM (0 GB) is required!
Estimate model parameters (epsilon = 0.100)
1. Initial log-likelihood: -48259.391
2. Current log-likelihood: -48034.395
Optimal log-likelihood: -48034.394
Rate parameters:  A-C: 1.00000  A-G: 5.35995  A-T: 1.00000  C-G: 1.00000  C-T: 5.35995  G-T: 1.00000
Base frequencies:  A: 0.296  C: 0.182  G: 0.193  T: 0.329
Parameters optimization took 2 rounds (1.008 sec)
Wrote distance file to... 
Computing ML distances based on estimated model parameters...
Calculating distance matrix: done in 0.707218 secs using 99.97% CPU
Computing ML distances took 0.711866 sec (of wall-clock time) 0.711622 sec (of CPU time)
Setting up auxiliary I and S matrices: done in 0.00941249 secs using 195.4% CPU
Computing RapidNJ tree took 0.038763 sec (of wall-clock time) 0.075724 sec (of CPU time)
Log-likelihood of RapidNJ tree: -48048.010
--------------------------------------------------------------------
|             INITIALIZING CANDIDATE TREE SET                      |
--------------------------------------------------------------------
Generating 98 parsimony trees... 4.969 second
Computing log-likelihood of 98 initial trees ... 5.334 seconds
Current best score: -48029.336

Do NNI search on 20 best initial trees
Estimate model parameters (epsilon = 0.100)
BETTER TREE FOUND at iteration 1: -48029.305
Estimate model parameters (epsilon = 0.100)
BETTER TREE FOUND at iteration 3: -48029.064
Iteration 10 / LogL: -48029.118 / Time: 0h:0m:19s
Estimate model parameters (epsilon = 0.100)
BETTER TREE FOUND at iteration 12: -48028.047
Iteration 20 / LogL: -48031.854 / Time: 0h:0m:24s
Finish initializing candidate tree set (20)
Current best tree score: -48028.047 / CPU time: 22.502
Number of iterations: 20
--------------------------------------------------------------------
|               OPTIMIZING CANDIDATE TREE SET                      |
--------------------------------------------------------------------
Iteration 30 / LogL: -48069.390 / Time: 0h:0m:33s (0h:1m:35s left)
Iteration 40 / LogL: -48052.070 / Time: 0h:0m:43s (0h:1m:20s left)
Iteration 50 / LogL: -48081.722 / Time: 0h:0m:53s (0h:1m:7s left)
Iteration 60 / LogL: -48049.562 / Time: 0h:1m:3s (0h:0m:55s left)
Iteration 70 / LogL: -48060.037 / Time: 0h:1m:13s (0h:0m:44s left)
Iteration 80 / LogL: -48063.889 / Time: 0h:1m:23s (0h:0m:33s left)
Iteration 90 / LogL: -48047.787 / Time: 0h:1m:32s (0h:0m:22s left)
Iteration 100 / LogL: -48042.824 / Time: 0h:1m:42s (0h:0m:12s left)
Iteration 110 / LogL: -48111.896 / Time: 0h:1m:52s (0h:0m:2s left)
TREE SEARCH COMPLETED AFTER 113 ITERATIONS / Time: 0h:1m:55s

--------------------------------------------------------------------
|                    FINALIZING TREE SEARCH                        |
--------------------------------------------------------------------
Performs final model parameters optimization
Estimate model parameters (epsilon = 0.010)
1. Initial log-likelihood: -48028.047
Optimal log-likelihood: -48028.047
Rate parameters:  A-C: 1.00000  A-G: 5.35613  A-T: 1.00000  C-G: 1.00000  C-T: 5.35613  G-T: 1.00000
Base frequencies:  A: 0.296  C: 0.181  G: 0.193  T: 0.329
Parameters optimization took 1 rounds (0.253 sec)
BEST SCORE FOUND : -48028.047
Total tree length: 0.023

Total number of iterations: 113
CPU time used for tree search: 112.472 sec (0h:1m:52s)
Wall-clock time used for tree search: 113.216 sec (0h:1m:53s)
Total CPU time used: 114.865 sec (0h:1m:54s)
Total wall-clock time used: 115.589 sec (0h:1m:55s)

Analysis results written to: 
  IQ-TREE report:                ml/ma_sars_cov_2.iqtree
  Maximum-likelihood tree:       ml/ma_sars_cov_2.treefile
  Likelihood distances:          ml/ma_sars_cov_2.mldist
  Screen log file:               ml/ma_sars_cov_2.log

Date and Time: Fri Nov 14 09:54:13 2025
