Step	tdbl
0	1.741
1	1.760
2	1.451
3	1.790
4	1.906
5	1.699
6	1.656
7	2.795
8	1.766
9	1.794
10	2.101
11	1.854
12	1.723
13	1.518
14	1.961
15	1.922
16	1.757
17	1.857
18	1.650
19	1.741
20	1.612
21	1.624
22	1.860
23	1.941
24	1.510
25	1.456
26	2.296
27	2.238
28	1.919
29	1.771
30	1.630
31	1.735
32	1.900
33	2.322
34	1.799
35	1.803
36	1.678
37	1.549
38	1.931
39	1.793
40	1.964
41	1.694
42	1.851
43	1.711
44	1.574
45	1.536
46	1.813
47	1.792
48	1.461
49	1.596
50	1.702
51	1.662
52	2.047
53	1.708
54	1.773
55	1.978
56	1.973
57	1.987
58	1.832
59	2.060
60	1.724
61	1.748
62	1.689
63	2.158
64	1.707
65	1.802
66	2.531
67	1.721
68	1.808
69	1.770
70	1.804
71	1.948
72	1.812
73	1.749
74	1.608
75	1.634
76	1.621
77	1.962
78	1.925
79	2.324
80	1.782
81	1.781
82	1.647
83	1.911
84	1.651
85	1.604
86	1.879
87	1.591
88	1.926
89	1.462
90	2.018
91	1.976
92	1.844
93	1.683
94	1.806
95	1.591
96	1.748
97	1.809
98	1.774
99	1.609
100	1.780
101	1.723
102	2.074
103	2.034
104	1.545
105	1.894
106	2.267
107	1.531
108	1.624
109	1.765
110	1.534
111	2.007
112	1.942
113	1.720
114	1.832
115	1.691
116	1.430
117	1.526
118	1.714
119	1.636
120	1.645
121	1.589
122	1.859
123	1.928
124	1.747
125	1.886
126	1.853
127	1.803
128	1.971
129	1.808
130	1.815
131	1.733
132	1.818
133	1.741
134	1.864
135	1.857
136	1.982
137	1.750
138	2.155
139	1.801
140	1.633
141	2.039
142	1.563
143	1.836
144	1.814
145	1.743
146	1.800
147	1.678
148	1.878
149	2.045
150	2.364
151	2.036
152	2.164
153	2.082
154	2.042
155	1.700
156	1.631
157	2.031
158	1.875
159	1.659
160	2.066
161	2.125
162	1.666
163	1.940
164	1.642
165	1.814
166	1.628
167	1.645
168	1.730
169	1.541
170	1.974
171	2.145
172	1.910
173	1.712
174	2.071
175	1.962
176	1.822
177	2.115
178	2.212
179	1.877
180	1.769
181	1.739
182	1.741
183	1.690
184	1.697
185	1.806
186	2.113
187	1.904
188	1.875
189	1.507
190	1.691
191	1.554
192	1.848
193	1.858
194	1.734
195	2.366
196	1.810
197	1.641
198	1.745
199	2.107
200	1.974
201	1.777
202	1.843
203	1.788
204	1.582
205	1.714
206	1.750
207	1.535
208	1.666
209	1.757
210	1.796
211	2.219
212	1.767
213	1.944
214	1.879
215	2.044
216	1.989
217	1.494
218	1.595
219	1.955
220	1.941
221	1.880
222	2.079
223	1.756
224	1.590
225	1.447
226	1.503
227	1.786
228	1.829
229	1.621
230	1.950
231	1.936
232	1.694
233	1.995
234	1.877
235	1.821
236	2.016
237	1.958
238	1.931
239	2.176
240	2.014
241	2.267
242	1.492
243	1.544
244	1.751
245	1.871
246	1.631
247	1.658
248	1.860
249	2.135
250	2.260
251	1.659
252	2.146
253	1.747
254	1.563
255	1.729
256	2.119
257	2.029
258	1.603
259	1.954
260	1.865
261	1.968
262	1.488
263	1.545
264	1.779
265	1.743
266	1.663
267	1.543
268	1.695
269	1.718
270	1.988
271	2.079
272	1.631
273	1.778
274	1.597
275	1.765
276	1.918
277	1.712
278	1.606
279	1.527
280	1.774
281	2.467
282	1.864
283	1.396
284	1.580
285	1.558
286	1.647
287	2.014
288	1.765
289	1.582
290	1.731
291	1.619
292	1.601
293	1.631
294	1.731
295	1.683
296	2.243
297	1.804
298	2.007
299	2.172
300	2.040
301	2.811
302	2.006
303	2.453
304	1.995
305	1.633
306	1.659
307	2.066
308	1.911
309	1.676
310	1.997
311	1.842
312	1.861
313	1.620
314	1.665
315	1.794
316	1.886
317	1.960
318	1.657
319	2.326
320	1.869
321	2.121
322	1.871
323	2.536
324	1.754
325	2.314
326	2.023
327	1.967
328	1.690
329	2.015
330	1.876
331	1.690
332	1.763
333	1.601
334	2.184
335	1.826
336	1.856
337	2.048
338	2.206
339	1.652
340	1.639
341	1.600
342	1.511
343	1.951
344	1.926
345	2.029
346	1.758
347	1.644
348	1.769
349	2.040
350	1.773
351	1.828
352	2.618
353	2.407
354	2.081
355	1.812
356	1.704
357	2.199
358	1.777
359	1.870
360	1.580
361	1.696
362	1.812
363	2.097
364	2.153
365	1.724
366	1.844
367	1.877
368	1.621
369	2.351
370	1.979
371	1.722
372	1.689
373	1.796
374	2.170
375	1.991
376	2.018
377	1.970
378	1.723
379	1.705
380	1.843
381	1.654
382	1.713
383	1.847
384	1.718
385	2.055
386	2.697
387	2.034
388	1.842
389	1.947
390	1.529
391	1.844
392	1.661
393	1.736
394	1.573
395	1.756
396	1.604
397	1.708
398	2.350
399	1.859
400	1.754
401	2.043
402	1.489
403	1.909
404	1.823
405	1.861
406	1.954
407	2.023
408	1.731
409	1.862
410	1.736
411	1.941
412	1.528
413	1.880
414	1.737
415	1.785
416	1.526
417	1.748
418	1.838
419	2.044
420	1.807
421	1.660
422	1.947
423	1.656
424	1.487
425	1.814
426	1.623
427	1.643
428	1.627
429	1.390
430	1.511
431	1.624
432	1.585
433	1.697
434	1.659
435	1.403
436	1.842
437	1.749
438	1.916
439	1.997
440	1.501
441	1.347
442	1.772
443	1.801
444	1.703
445	1.718
446	1.850
447	1.829
448	1.580
449	1.901
450	1.839
451	1.834
452	1.913
453	1.854
454	1.699
455	1.613
456	1.839
457	1.862
458	1.672
459	1.942
460	2.187
461	1.830
462	2.052
463	1.727
464	1.710
465	1.771
466	1.573
467	2.098
468	1.703
469	1.596
470	1.628
471	1.642
472	1.748
473	1.721
474	1.692
475	1.827
476	1.782
477	1.756
478	1.898
479	1.720
480	1.486
481	1.652
482	1.493
483	1.635
484	1.702
485	1.818
486	2.108
487	2.215
488	1.743
489	1.825
490	1.878
491	1.789
492	1.781
493	1.614
494	1.911
495	1.500
496	1.836
497	2.162
498	1.977
499	2.379
500	1.827
501	1.838
502	1.664
503	2.144
504	1.651
505	1.830
506	1.663
507	1.815
508	2.323
509	1.561
510	1.760
511	1.802
512	1.671
513	1.731
514	1.869
515	1.871
516	2.189
517	1.768
518	1.653
519	1.817
520	1.813
521	2.072
522	2.057
523	1.962
524	1.995
525	1.675
526	2.090
527	1.897
528	1.891
529	2.037
530	2.320
531	1.850
532	1.552
533	1.521
534	1.451
535	1.869
536	2.002
537	1.843
538	1.501
539	1.462
540	1.861
541	2.336
542	1.730
543	2.111
544	1.788
545	2.118
546	1.697
547	1.941
548	1.930
549	1.519
550	1.750
551	1.761
552	1.916
553	1.771
554	1.806
555	1.971
556	1.898
557	1.823
558	1.698
559	1.336
560	1.786
561	1.809
562	1.545
563	1.985
564	1.641
565	1.677
566	1.766
567	1.842
568	2.026
569	1.757
570	1.940
571	1.987
572	2.243
573	2.067
574	1.560
575	1.615
576	1.657
577	1.962
578	1.498
579	1.793
580	1.440
581	2.078
582	1.943
583	1.930
584	1.651
585	1.927
586	1.829
587	1.974
588	1.547
589	1.524
590	1.917
591	1.888
592	1.733
593	1.963
594	1.618
595	1.626
596	1.599
597	1.482
598	1.904
599	1.688
600	1.747
601	1.750
602	2.056
603	1.864
604	1.910
605	1.564
606	1.955
607	2.029
608	1.790
609	1.595
610	1.999
611	1.893
612	1.813
613	1.666
614	1.821
615	1.575
616	1.617
617	1.947
618	2.058
619	2.036
620	1.876
621	1.569
622	1.723
623	1.959
624	2.140
625	2.116
626	1.725
627	2.107
628	1.826
629	1.794
630	1.943
631	1.978
632	1.805
633	2.320
634	1.926
635	1.743
636	1.890
637	1.535
638	1.642
639	1.658
640	1.947
641	2.100
642	2.170
643	2.168
644	1.947
645	1.592
646	1.944
647	1.818
648	2.014
649	1.960
650	1.805
651	2.078
652	1.647
653	1.993
654	1.844
655	1.730
656	2.312
657	1.612
658	2.613
659	1.939
660	1.738
661	1.947
662	1.708
663	1.685
664	1.705
665	2.287
666	1.774
667	1.871
668	1.639
669	1.580
670	1.776
671	1.660
672	1.555
673	1.573
674	1.640
675	1.783
676	1.737
677	1.953
678	1.605
679	2.224
680	1.602
681	1.701
682	1.720
683	2.010
684	2.063
685	1.917
686	1.684
687	1.833
688	1.603
689	1.753
690	1.740
691	1.706
692	1.821
693	1.429
694	1.957
695	1.761
696	1.820
697	1.767
698	1.793
699	1.548
700	1.767
701	1.737
702	1.934
703	1.780
704	2.153
705	1.779
706	1.919
707	1.857
708	1.731
709	1.463
710	1.612
711	1.476
712	1.625
713	1.865
714	2.002
715	1.817
716	1.601
717	1.761
718	1.824
719	1.631
720	1.990
721	1.462
722	1.841
723	1.779
724	2.016
725	1.803
726	1.997
727	2.076
728	1.748
729	1.629
730	1.693
731	1.754
732	1.392
733	1.612
734	2.051
735	1.710
736	2.167
737	1.710
738	1.819
739	1.909
740	1.999
741	2.134
742	1.858
743	1.698
744	1.431
745	1.657
746	1.754
747	1.831
748	1.630
749	1.987
750	1.678
751	1.580
752	1.771
753	1.712
754	1.986
755	1.819
756	2.062
757	2.079
758	1.903
759	2.021
760	1.927
761	1.952
762	1.755
763	2.165
764	1.844
765	2.470
766	2.398
767	2.185
768	1.985
769	1.852
770	1.906
771	2.359
772	1.875
773	1.946
774	1.574
775	1.741
776	1.701
777	2.129
778	1.881
779	1.965
780	1.590
781	1.796
782	1.608
783	1.846
784	1.634
785	1.814
786	1.810
787	1.936
788	1.644
789	1.407
790	1.751
791	2.023
792	1.676
793	2.043
794	2.261
795	1.857
796	1.716
797	1.616
798	1.684
799	1.805
800	1.819
801	1.752
802	2.000
803	1.890
804	1.913
805	1.557
806	1.684
807	1.650
808	1.643
809	1.949
810	2.037
811	1.969
812	1.699
813	1.819
814	1.641
815	1.663
816	1.903
817	1.738
818	1.385
819	2.060
820	1.677
821	1.567
822	1.480
823	1.891
824	1.985
825	1.866
826	1.931
827	1.712
828	1.727
829	2.027
830	1.885
831	1.683
832	1.904
833	1.903
834	2.089
835	1.721
836	1.953
837	1.701
838	1.966
839	1.480
840	1.942
841	1.429
842	1.494
843	1.665
844	1.810
845	1.790
846	2.072
847	2.012
848	1.696
849	1.784
850	1.758
851	2.134
852	1.688
853	1.745
854	1.652
855	1.852
856	1.974
857	1.892
858	1.642
859	1.570
860	1.950
861	1.549
862	1.595
863	2.009
864	2.005
865	1.746
866	2.100
867	2.073
868	1.692
869	1.904
870	1.637
871	1.984
872	1.615
873	1.844
874	1.583
875	1.606
876	2.018
877	1.888
878	1.703
879	1.792
880	2.550
881	2.283
882	1.676
883	1.735
884	1.641
885	1.697
886	1.803
887	1.985
888	1.700
889	1.521
890	1.814
891	1.665
892	1.867
893	1.712
894	1.400
895	1.718
896	1.949
897	1.975
898	1.698
899	1.723
900	1.684
901	1.557
902	2.388
903	2.342
904	2.012
905	1.937
906	1.748
907	1.418
908	1.701
909	1.681
910	1.739
911	1.978
912	1.689
913	1.595
914	1.492
915	1.849
916	1.742
917	1.858
918	1.685
919	1.674
920	2.267
921	1.898
922	2.285
923	1.757
924	1.685
925	2.401
926	1.800
927	2.072
928	2.151
929	2.007
930	2.014
931	2.339
932	2.028
933	2.156
934	1.517
935	1.484
936	2.144
937	2.516
938	1.735
939	1.910
940	2.147
941	1.767
942	1.714
943	1.792
944	1.562
945	2.207
946	2.155
947	2.110
948	2.022
949	1.708
950	1.977
951	1.826
952	1.883
953	1.977
954	1.504
955	1.480
956	1.808
957	1.618
958	1.792
959	2.017
960	1.592
961	1.790
962	1.560
963	1.706
964	1.608
965	1.812
966	1.704
967	1.668
968	1.782
969	1.558
970	1.582
971	1.666
972	1.768
973	1.854
974	2.247
975	1.931
976	1.833
977	1.581
978	1.718
979	1.907
980	1.918
981	1.599
982	1.814
983	2.110
984	2.241
985	2.606
986	1.969
987	1.800
988	1.765
989	2.175
990	1.972
991	2.047
992	1.934
993	1.773
994	1.721
995	1.895
996	1.731
997	1.860
998	1.458
999	1.811
1000	1.724
1001	1.590
1002	1.800
1003	2.072
1004	1.545
1005	1.291
1006	1.971
1007	2.082
1008	1.930
1009	1.641
1010	1.676
1011	1.502
1012	1.575
1013	1.572
1014	2.048
1015	1.597
1016	1.754
1017	2.006
1018	1.753
1019	1.854
1020	1.534
1021	1.897
1022	1.776
1023	1.641
1024	1.607
1025	1.549
1026	1.817
1027	1.562
1028	2.055
1029	1.641
1030	1.498
1031	1.544
1032	1.678
1033	2.100
1034	2.200
1035	2.070
1036	1.709
1037	1.813
1038	1.901
1039	1.795
1040	1.944
1041	1.880
1042	1.399
1043	1.629
1044	1.649
1045	1.563
1046	1.726
1047	1.711
1048	1.600
1049	1.520
1050	1.799
1051	1.697
1052	1.706
1053	1.866
1054	1.618
1055	2.112
1056	1.660
1057	2.010
1058	2.107
1059	1.878
1060	1.803
1061	1.953
1062	1.963
1063	1.772
1064	1.669
1065	1.675
1066	1.817
1067	1.703
1068	1.537
1069	1.599
1070	1.545
1071	1.699
1072	1.406
1073	1.767
1074	1.910
1075	1.947
1076	1.908
1077	2.628
1078	1.705
1079	1.560
1080	1.819
1081	1.620
1082	1.503
1083	1.516
1084	2.117
1085	1.706
1086	1.841
1087	2.230
1088	2.283
1089	1.876
1090	1.798
1091	1.708
1092	1.875
1093	1.997
1094	1.992
1095	1.656
1096	1.826
1097	1.615
1098	1.697
1099	1.533
1100	1.360
1101	1.755
1102	1.860
1103	1.671
1104	1.979
1105	2.030
1106	2.038
1107	2.092
1108	1.845
1109	1.991
1110	2.022
1111	1.919
1112	1.848
1113	1.923
1114	1.828
1115	1.577
1116	1.677
1117	1.536
1118	1.792
1119	2.356
1120	1.527
1121	1.899
1122	1.665
1123	1.724
1124	1.625
1125	1.747
1126	1.680
1127	1.860
1128	1.751
1129	1.867
1130	1.563
1131	1.610
1132	2.115
1133	1.862
1134	2.203
1135	1.792
1136	2.104
1137	2.040
1138	1.649
1139	1.709
1140	2.010
1141	1.676
1142	1.789
1143	1.867
1144	1.940
1145	1.997
1146	1.862
1147	1.810
1148	1.756
1149	1.612
1150	1.851
1151	1.983
1152	1.781
1153	1.896
1154	1.823
1155	1.813
1156	2.053
1157	1.766
1158	1.824
1159	1.808
1160	1.731
1161	2.074
1162	1.766
1163	1.771
1164	1.965
1165	1.930
1166	1.985
1167	2.075
1168	1.631
1169	1.630
1170	2.228
1171	1.698
1172	1.508
1173	1.623
1174	2.135
1175	2.186
1176	1.671
1177	1.604
1178	1.467
1179	1.962
1180	1.719
1181	2.066
1182	1.711
1183	1.486
1184	1.959
1185	2.047
1186	1.665
1187	1.713
1188	1.719
1189	1.648
1190	1.740
1191	2.124
1192	1.791
1193	1.872
1194	2.204
1195	1.974
1196	1.555
1197	1.901
1198	1.632
1199	1.937
1200	1.874
1201	1.634
1202	2.174
1203	1.861
1204	1.982
1205	2.246
1206	1.778
1207	1.806
1208	1.655
1209	1.976
1210	1.552
1211	1.609
1212	1.988
1213	1.682
1214	1.660
1215	1.664
1216	1.939
1217	1.591
1218	2.098
1219	1.683
1220	2.070
1221	1.814
1222	1.835
1223	1.903
1224	1.988
1225	1.676
1226	1.613
1227	1.656
1228	2.208
1229	1.648
1230	1.618
1231	2.022
1232	2.378
1233	2.039
1234	1.829
1235	1.568
1236	2.033
1237	1.743
1238	1.822
1239	1.732
1240	1.584
1241	1.640
1242	1.928
1243	1.542
1244	1.660
1245	2.320
1246	1.450
1247	1.662
1248	1.854
1249	1.501
1250	1.858
1251	1.649
1252	1.533
1253	1.313
1254	2.198
1255	1.785
1256	2.026
1257	1.822
1258	1.443
1259	1.738
1260	1.705
1261	1.646
1262	1.337
1263	1.856
1264	1.756
1265	1.521
1266	1.991
1267	1.659
1268	1.563
1269	1.552
1270	1.734
1271	1.415
1272	1.715
1273	1.807
1274	1.697
1275	1.913
1276	1.768
1277	1.533
1278	1.490
1279	1.830
1280	1.621
1281	1.532
1282	1.759
1283	1.931
1284	1.969
1285	1.963
1286	1.644
1287	1.978
1288	1.677
1289	1.955
1290	2.072
1291	1.739
1292	1.939
1293	1.836
1294	1.645
1295	1.814
1296	2.115
1297	2.045
1298	1.520
1299	1.969
1300	1.648
1301	1.742
1302	1.886
1303	2.023
1304	1.658
1305	1.614
1306	1.937
1307	2.301
1308	2.047
1309	2.558
1310	3.031
1311	2.098
1312	1.672
1313	1.832
1314	1.665
1315	1.738
1316	1.780
1317	1.591
1318	1.978
1319	1.791
1320	1.610
1321	1.594
1322	2.150
1323	1.651
1324	1.626
1325	1.595
1326	2.044
1327	2.164
1328	1.863
1329	1.732
1330	2.315
1331	1.822
1332	2.352
1333	1.982
1334	2.206
1335	1.800
1336	1.641
1337	1.595
1338	1.767
1339	1.475
1340	1.289
1341	1.768
1342	1.472
1343	1.661
1344	1.568
1345	1.623
1346	1.694
1347	1.614
1348	1.647
1349	1.854
1350	1.731
1351	1.788
1352	1.837
1353	1.858
1354	1.630
1355	1.715
1356	1.550
1357	1.792
1358	1.796
1359	2.519
1360	1.801
1361	1.806
1362	1.915
1363	1.598
1364	1.774
1365	2.374
1366	2.437
1367	1.697
1368	1.690
1369	1.691
1370	1.917
1371	1.740
1372	1.531
1373	1.857
1374	1.954
1375	1.718
1376	1.777
1377	1.875
1378	1.532
1379	1.726
1380	1.694
1381	1.935
1382	1.834
1383	1.905
1384	1.772
1385	1.920
1386	1.805
1387	1.731
1388	1.943
1389	1.847
1390	1.954
1391	1.889
1392	1.646
1393	1.795
1394	1.636
1395	1.777
1396	1.708
1397	1.831
1398	2.119
1399	1.828
1400	1.667
1401	1.784
1402	1.852
1403	1.753
1404	2.085
1405	1.548
1406	1.660
1407	1.890
1408	1.949
1409	2.020
1410	1.710
1411	1.620
1412	1.523
1413	1.616
1414	2.001
1415	1.749
1416	1.899
1417	1.814
1418	2.012
1419	1.979
1420	1.883
1421	2.085
1422	1.699
1423	1.680
1424	1.714
1425	1.472
1426	1.856
1427	1.817
1428	1.390
1429	1.906
1430	1.675
1431	1.894
1432	1.668
1433	1.513
1434	1.564
1435	1.718
1436	1.962
1437	2.251
1438	1.833
1439	1.652
1440	1.506
1441	1.809
1442	2.019
1443	2.000
1444	1.737
1445	1.592
1446	1.514
1447	1.781
1448	1.927
1449	1.493
1450	1.507
1451	1.580
1452	1.545
1453	1.684
1454	1.768
1455	1.601
1456	1.886
1457	1.985
1458	1.601
1459	1.789
1460	1.915
1461	1.910
1462	2.060
1463	1.701
1464	1.447
1465	1.571
1466	1.543
1467	1.458
1468	1.603
1469	1.965
1470	1.609
1471	2.242
1472	2.305
1473	1.798
1474	1.937
1475	2.065
1476	1.587
1477	1.889
1478	2.012
1479	1.604
1480	1.617
1481	1.727
1482	1.985
1483	1.566
1484	1.779
1485	1.487
1486	1.875
1487	1.482
1488	1.625
1489	1.803
1490	1.953
1491	1.619
1492	1.726
1493	1.659
1494	2.249
1495	1.917
1496	1.680
1497	1.894
1498	1.362
1499	1.582
1500	1.324
1501	1.567
1502	1.584
1503	1.724
1504	1.741
1505	1.694
1506	1.668
1507	2.100
1508	1.814
1509	1.794
1510	1.888
1511	1.754
1512	1.600
1513	1.832
1514	2.070
1515	1.978
1516	1.692
1517	2.097
1518	1.913
1519	1.697
1520	1.672
1521	1.689
1522	1.637
1523	1.951
1524	1.730
1525	2.124
1526	1.751
1527	1.977
1528	2.111
1529	1.986
1530	2.103
1531	1.873
1532	1.964
1533	1.711
1534	2.056
1535	2.089
1536	2.248
1537	1.725
1538	2.256
1539	2.127
1540	1.907
1541	2.015
1542	1.697
1543	1.501
1544	1.629
1545	1.494
1546	2.040
1547	1.302
1548	1.862
1549	2.121
1550	1.554
1551	1.814
1552	1.867
1553	1.713
1554	1.746
1555	2.162
1556	1.805
1557	1.824
1558	1.903
1559	2.014
1560	1.890
1561	1.736
1562	1.938
1563	1.786
1564	1.928
1565	1.959
1566	1.587
1567	2.061
1568	1.392
1569	1.463
1570	1.495
1571	1.449
1572	1.979
1573	2.016
1574	1.689
1575	1.576
1576	1.678
1577	1.384
1578	1.873
1579	1.818
1580	2.293
1581	2.217
1582	1.794
1583	1.576
1584	1.637
1585	1.628
1586	1.546
1587	1.740
1588	1.474
1589	1.817
1590	1.951
1591	1.655
1592	1.963
1593	1.886
1594	1.736
1595	1.940
1596	1.818
1597	1.744
1598	1.656
1599	2.238
1600	1.787
1601	1.916
1602	1.701
1603	2.038
1604	1.950
1605	1.902
1606	1.728
1607	1.892
1608	1.701
1609	1.892
1610	1.549
1611	2.097
1612	1.726
1613	2.219
1614	2.058
1615	1.734
1616	1.933
1617	2.717
1618	2.089
1619	1.761
1620	1.764
1621	2.261
1622	2.122
1623	1.857
1624	2.136
1625	1.876
1626	1.992
1627	1.923
1628	1.977
1629	1.870
1630	1.715
1631	1.613
1632	1.929
1633	1.744
1634	1.961
1635	1.499
1636	1.825
1637	1.786
1638	1.943
1639	1.906
1640	1.803
1641	1.994
1642	1.655
1643	2.079
1644	2.336
1645	1.718
1646	2.119
1647	1.762
1648	1.783
1649	1.680
1650	1.890
1651	1.986
1652	2.041
1653	1.347
1654	1.709
1655	1.779
1656	1.628
1657	1.868
1658	1.523
1659	2.000
1660	2.319
1661	1.752
1662	1.747
1663	1.645
1664	1.636
1665	2.063
1666	2.076
1667	1.729
1668	1.786
1669	1.545
1670	1.525
1671	1.992
1672	2.224
1673	1.857
1674	2.132
1675	1.729
1676	2.036
1677	1.714
1678	1.614
1679	1.853
1680	1.906
1681	1.739
1682	1.692
1683	1.746
1684	2.084
1685	1.749
1686	1.791
1687	1.960
1688	1.882
1689	1.771
1690	1.997
1691	1.543
1692	1.616
1693	1.983
1694	1.463
1695	1.308
1696	2.022
1697	1.590
1698	1.668
1699	1.869
1700	1.984
1701	1.744
1702	1.694
1703	1.583
1704	1.489
1705	1.879
1706	1.767
1707	1.773
1708	1.484
1709	1.524
1710	1.650
1711	1.976
1712	2.082
1713	1.786
1714	1.934
1715	1.972
1716	1.468
1717	1.656
1718	1.509
1719	1.680
1720	1.910
1721	1.715
1722	1.573
1723	1.976
1724	1.581
1725	1.745
1726	1.618
1727	1.780
1728	1.801
1729	1.550
1730	1.868
1731	1.588
1732	1.952
1733	2.193
1734	1.897
1735	1.810
1736	1.878
1737	1.960
1738	1.987
1739	1.989
1740	2.218
1741	2.141
1742	1.757
1743	1.739
1744	1.536
1745	2.247
1746	2.008
1747	1.650
1748	1.855
1749	2.020
1750	1.692
1751	2.069
1752	1.769
1753	1.993
1754	1.621
1755	1.883
1756	1.723
1757	1.814
1758	1.761
1759	2.125
1760	1.712
1761	1.961
1762	2.217
1763	2.216
1764	1.955
1765	1.922
1766	2.254
1767	2.244
1768	1.926
1769	1.595
1770	1.843
1771	1.530
1772	1.681
1773	1.852
1774	1.717
1775	1.812
1776	1.871
1777	1.740
1778	1.958
1779	2.164
1780	1.458
1781	1.823
1782	1.777
1783	1.892
1784	1.781
1785	1.930
1786	1.644
1787	1.967
1788	1.995
1789	1.710
1790	1.410
1791	1.735
1792	1.593
1793	1.789
1794	1.678
1795	1.703
1796	1.970
1797	1.468
1798	2.055
1799	1.668
1800	2.178
1801	1.926
1802	1.812
1803	1.414
1804	1.564
1805	1.919
1806	1.913
1807	1.885
1808	1.962
1809	1.551
1810	1.793
1811	1.988
1812	2.012
1813	2.094
1814	2.350
1815	1.703
1816	2.043
1817	1.506
1818	1.516
1819	1.274
1820	1.754
1821	1.906
1822	2.015
1823	2.036
1824	1.986
1825	2.038
1826	1.870
1827	1.957
1828	2.033
1829	1.856
1830	1.855
1831	1.611
1832	1.742
1833	1.558
1834	1.876
1835	1.778
1836	2.002
1837	1.595
1838	1.840
1839	2.054
1840	1.613
1841	1.932
1842	1.499
1843	1.565
1844	2.074
1845	2.177
1846	2.031
1847	2.294
1848	1.803
1849	1.617
1850	1.789
1851	1.862
1852	2.099
1853	1.758
1854	1.914
1855	1.554
1856	1.835
1857	1.536
1858	1.470
1859	1.615
1860	1.891
1861	1.689
1862	1.383
1863	1.887
1864	1.555
1865	1.868
1866	1.914
1867	1.789
1868	1.994
1869	1.808
1870	2.100
1871	2.007
1872	2.095
1873	2.427
1874	2.186
1875	2.095
1876	1.513
1877	1.852
1878	1.916
1879	1.592
1880	1.827
1881	1.834
1882	1.793
1883	1.712
1884	1.545
1885	1.925
1886	1.572
1887	1.854
1888	1.903
1889	1.596
1890	1.605
1891	1.475
1892	2.088
1893	1.608
1894	1.604
1895	1.706
1896	1.690
1897	1.772
1898	1.674
1899	1.904
1900	1.742
1901	1.700
1902	2.304
1903	1.890
1904	1.696
1905	1.739
1906	1.861
1907	2.118
1908	1.965
1909	1.469
1910	1.585
1911	1.627
1912	1.827
1913	1.770
1914	2.154
1915	1.864
1916	1.601
1917	1.708
1918	1.936
1919	1.462
1920	1.783
1921	1.801
1922	1.578
1923	1.849
1924	2.298
1925	1.856
1926	1.575
1927	1.881
1928	1.905
1929	1.787
1930	1.722
1931	1.701
1932	1.426
1933	1.613
1934	2.015
1935	1.774
1936	1.975
1937	1.572
1938	1.790
1939	1.578
1940	1.621
1941	1.742
1942	1.819
1943	2.043
1944	1.691
1945	1.695
1946	1.684
1947	1.655
1948	1.572
1949	1.579
1950	1.584
1951	1.992
1952	1.425
1953	1.605
1954	1.834
1955	1.560
1956	1.816
1957	1.732
1958	1.566
1959	1.874
1960	1.752
1961	1.848
1962	1.574
1963	1.786
1964	1.621
1965	1.848
1966	2.160
1967	2.072
1968	2.077
1969	1.902
1970	2.109
1971	2.110
1972	1.995
1973	2.404
1974	1.554
1975	1.725
1976	1.692
1977	2.000
1978	1.748
1979	1.887
1980	1.766
1981	2.145
1982	1.823
1983	2.318
1984	2.158
1985	1.927
1986	2.430
1987	1.407
1988	1.945
1989	1.651
1990	1.733
1991	2.367
1992	1.893
1993	1.918
1994	1.684
1995	1.935
1996	1.821
1997	1.784
1998	1.491
1999	1.883
2000	1.660
2001	1.655
2002	2.080
2003	1.597
2004	1.673
2005	1.533
2006	2.063
2007	1.707
2008	1.676
2009	1.748
2010	2.019
2011	2.119
2012	1.993
2013	1.738
2014	1.907
2015	2.053
2016	1.779
2017	1.934
2018	1.947
2019	1.901
2020	1.725
2021	1.824
2022	1.880
2023	1.497
2024	1.935
2025	2.136
2026	1.811
2027	1.646
2028	1.864
2029	1.863
2030	1.912
2031	1.659
2032	1.818
2033	1.913
2034	2.046
2035	1.871
2036	2.129
2037	1.931
2038	1.625
2039	1.458
2040	1.642
2041	1.759
2042	1.830
2043	1.860
2044	2.188
2045	1.725
2046	1.686
2047	1.843
2048	1.711
2049	1.627
2050	1.464
2051	1.908
2052	2.034
2053	1.743
2054	1.536
2055	1.695
2056	2.411
2057	1.637
2058	2.054
2059	1.771
2060	1.852
2061	1.727
2062	1.737
2063	1.667
2064	2.120
2065	1.736
2066	1.883
2067	1.838
2068	2.178
2069	2.054
2070	1.664
2071	1.744
2072	1.936
2073	2.107
2074	2.300
2075	1.727
2076	1.739
2077	1.429
2078	1.717
2079	1.613
2080	1.417
2081	1.950
2082	1.597
2083	1.899
2084	1.762
2085	1.643
2086	1.789
2087	1.684
2088	1.968
2089	2.215
2090	2.013
2091	1.743
2092	1.834
2093	1.706
2094	1.917
2095	1.773
2096	2.212
2097	1.917
2098	1.722
2099	1.700
2100	1.576
2101	1.774
2102	1.722
2103	1.606
2104	1.820
2105	2.752
2106	1.813
2107	1.591
2108	1.737
2109	1.845
2110	1.865
2111	1.818
2112	2.918
2113	2.028
2114	1.793
2115	1.729
2116	1.748
2117	2.011
2118	2.042
2119	1.972
2120	1.834
2121	2.075
2122	1.534
2123	1.864
2124	1.752
2125	1.677
2126	2.049
2127	2.197
2128	1.879
2129	1.838
2130	1.893
2131	1.923
2132	1.938
2133	1.581
2134	1.521
2135	1.911
2136	1.687
2137	1.619
2138	1.976
2139	1.968
2140	1.965
2141	1.816
2142	1.968
2143	1.896
2144	1.975
2145	1.745
2146	1.800
2147	1.949
2148	1.688
2149	1.771
2150	1.567
2151	2.007
2152	2.066
2153	1.798
2154	1.762
2155	2.042
2156	1.955
2157	1.634
2158	1.645
2159	1.448
2160	1.917
2161	1.862
2162	1.717
2163	1.671
2164	1.944
2165	1.678
2166	1.482
2167	1.700
2168	1.453
2169	1.616
2170	1.852
2171	1.709
2172	2.569
2173	2.177
2174	1.862
2175	1.542
2176	1.446
2177	1.729
2178	1.695
2179	1.968
2180	1.877
2181	1.940
2182	2.218
2183	1.895
2184	2.019
2185	1.749
2186	1.797
2187	1.818
2188	1.846
2189	1.729
2190	2.125
2191	2.020
2192	1.913
2193	1.852
2194	2.035
2195	1.904
2196	1.597
2197	1.640
2198	2.041
2199	1.832
2200	1.520
2201	1.639
2202	1.673
2203	1.829
2204	1.765
2205	1.479
2206	1.665
2207	1.996
2208	1.903
2209	1.757
2210	1.815
2211	1.593
2212	1.949
2213	1.703
2214	2.229
2215	1.787
2216	1.802
2217	1.804
2218	1.708
2219	1.404
2220	1.424
2221	1.581
2222	1.901
2223	1.632
2224	1.669
2225	1.530
2226	2.241
2227	2.271
2228	1.897
2229	1.743
2230	1.792
2231	1.807
2232	1.477
2233	1.952
2234	1.900
2235	1.821
2236	1.746
2237	1.910
2238	2.169
2239	1.651
2240	1.926
2241	1.566
2242	1.896
2243	1.982
2244	1.823
2245	2.091
2246	1.904
2247	1.746
2248	1.848
2249	1.741
2250	1.621
2251	1.714
2252	2.054
2253	1.636
2254	1.585
2255	1.782
2256	2.258
2257	1.906
2258	2.739
2259	1.814
2260	1.871
2261	1.785
2262	1.834
2263	1.657
2264	2.279
2265	1.892
2266	1.782
2267	1.726
2268	1.591
2269	1.983
2270	1.737
2271	1.742
2272	1.661
2273	1.540
2274	1.882
2275	2.182
2276	1.766
2277	1.529
2278	1.885
2279	1.861
2280	1.769
2281	1.671
2282	1.641
2283	1.458
2284	1.752
2285	1.897
2286	1.861
2287	1.958
2288	1.959
2289	1.722
2290	1.700
2291	1.683
2292	1.514
2293	1.760
2294	1.602
2295	1.993
2296	1.685
2297	2.042
2298	1.994
2299	1.958
2300	1.665
2301	2.030
2302	1.856
2303	1.691
2304	1.952
2305	1.852
2306	1.775
2307	1.616
2308	1.568
2309	1.771
2310	1.696
2311	2.046
2312	1.623
2313	1.701
2314	2.137
2315	1.538
2316	1.611
2317	1.847
2318	1.664
2319	1.656
2320	2.123
2321	1.631
2322	2.072
2323	2.047
2324	2.317
2325	2.044
2326	1.819
2327	1.954
2328	1.910
2329	1.676
2330	1.773
2331	1.714
2332	1.988
2333	1.849
2334	1.592
2335	1.953
2336	1.966
2337	1.760
2338	2.197
2339	1.547
2340	1.792
2341	1.659
2342	1.738
2343	2.178
2344	1.593
2345	1.716
2346	2.019
2347	1.959
2348	1.812
2349	2.094
2350	2.513
2351	1.748
2352	1.865
2353	1.907
2354	1.628
2355	1.855
2356	1.649
2357	1.810
2358	1.656
2359	1.771
2360	1.689
2361	1.720
2362	1.823
2363	1.649
2364	1.591
2365	1.834
2366	1.996
2367	1.727
2368	1.702
2369	1.587
2370	1.465
2371	1.882
2372	1.459
2373	1.477
2374	1.846
2375	1.606
2376	1.677
2377	1.540
2378	1.587
2379	1.812
2380	2.057
2381	2.079
2382	1.454
2383	2.007
2384	1.625
2385	1.785
2386	1.621
2387	1.638
2388	1.959
2389	1.965
2390	1.832
2391	1.757
2392	1.744
2393	1.796
2394	1.807
2395	1.886
2396	1.728
2397	1.668
2398	1.761
2399	1.792
2400	1.646
2401	1.656
2402	2.033
2403	1.778
2404	2.065
2405	1.661
2406	1.714
2407	1.838
2408	1.804
2409	1.580
2410	1.595
2411	1.988
2412	1.848
2413	2.039
2414	1.955
2415	1.772
2416	1.649
2417	1.477
2418	1.344
2419	1.583
2420	1.528
2421	1.426
2422	1.907
2423	1.764
2424	1.775
2425	1.769
2426	1.341
2427	1.537
2428	1.759
2429	1.572
2430	1.745
2431	1.914
2432	1.941
2433	1.801
2434	1.519
2435	1.777
2436	1.608
2437	2.297
2438	2.178
2439	1.752
2440	2.200
2441	1.813
2442	1.986
2443	1.631
2444	1.707
2445	1.680
2446	1.942
2447	1.625
2448	2.315
2449	2.032
2450	1.968
2451	2.274
2452	1.690
2453	1.837
2454	1.664
2455	1.824
2456	1.981
2457	1.594
2458	1.635
2459	1.877
2460	1.735
2461	1.968
2462	1.690
2463	1.990
2464	1.777
2465	1.793
2466	1.962
2467	1.693
2468	1.709
2469	1.609
2470	1.687
2471	1.718
2472	1.715
2473	1.624
2474	1.882
2475	1.673
2476	1.643
2477	1.700
2478	2.022
2479	2.075
2480	1.675
2481	1.965
2482	1.811
2483	1.701
2484	1.458
2485	1.890
2486	1.554
2487	2.029
2488	1.795
2489	1.496
2490	1.630
2491	1.910
2492	1.444
2493	1.477
2494	1.628
2495	1.805
2496	1.460
2497	2.023
2498	2.069
2499	1.738
2500	1.948
2501	1.467
2502	1.462
2503	1.643
2504	1.829
2505	1.799
2506	2.326
2507	2.102
2508	1.585
2509	1.512
2510	1.618
2511	1.538
2512	1.760
2513	1.766
2514	1.987
2515	1.630
2516	1.611
2517	2.056
2518	1.930
2519	1.813
2520	2.009
2521	1.822
2522	1.850
2523	1.640
2524	2.033
2525	1.637
2526	2.121
2527	1.662
2528	1.579
2529	1.769
2530	1.822
2531	2.188
2532	1.859
2533	2.015
2534	1.937
2535	1.770
2536	2.026
2537	2.040
2538	2.009
2539	1.481
2540	1.793
2541	2.161
2542	2.116
2543	1.901
2544	1.870
2545	1.849
2546	2.095
2547	1.794
2548	1.745
2549	1.882
2550	1.597
2551	1.888
2552	1.652
2553	1.556
2554	1.934
2555	1.595
2556	1.698
2557	1.592
2558	1.624
2559	1.849
2560	1.997
2561	1.726
2562	1.917
2563	1.933
2564	1.793
2565	1.876
2566	1.748
2567	2.069
2568	1.925
2569	2.158
2570	1.847
2571	1.680
2572	1.982
2573	1.715
2574	1.650
2575	1.577
2576	1.512
2577	1.780
2578	1.812
2579	2.043
2580	2.302
2581	2.058
2582	1.686
2583	1.868
2584	1.774
2585	2.459
2586	2.210
2587	1.707
2588	1.739
2589	1.839
2590	1.925
2591	2.120
2592	1.872
2593	1.936
2594	1.968
2595	2.279
2596	1.736
2597	2.015
2598	2.275
2599	2.140
2600	1.965
2601	2.149
2602	2.137
2603	1.891
2604	1.800
2605	1.996
2606	1.667
2607	2.176
2608	2.168
2609	1.622
2610	1.962
2611	2.081
2612	1.658
2613	1.737
2614	1.723
2615	1.860
2616	2.216
2617	1.842
2618	2.057
2619	2.391
2620	2.047
2621	1.710
2622	1.807
2623	1.725
2624	1.775
2625	1.793
2626	1.705
2627	2.133
2628	1.834
2629	1.977
2630	1.703
2631	1.844
2632	1.789
2633	1.849
2634	1.817
2635	1.942
2636	1.750
2637	1.816
2638	1.804
2639	1.670
2640	1.991
2641	2.013
2642	2.178
2643	1.749
2644	1.806
2645	1.683
2646	1.819
2647	1.936
2648	1.548
2649	1.613
2650	1.656
2651	2.354
2652	2.039
2653	1.760
2654	1.859
2655	1.542
2656	1.601
2657	1.638
2658	1.832
2659	2.067
2660	2.155
2661	2.222
2662	1.661
2663	2.263
2664	1.768
2665	1.610
2666	2.194
2667	1.876
2668	1.600
2669	1.595
2670	1.492
2671	1.688
2672	1.504
2673	1.788
2674	2.104
2675	2.208
2676	1.577
2677	1.769
2678	2.346
2679	1.618
2680	2.085
2681	1.957
2682	1.945
2683	1.635
2684	2.046
2685	1.727
2686	1.749
2687	1.644
2688	1.591
2689	1.741
2690	1.594
2691	1.632
2692	1.788
2693	1.592
2694	1.793
2695	1.767
2696	1.659
2697	1.677
2698	1.677
2699	1.793
2700	1.718
2701	1.442
2702	1.550
2703	1.773
2704	1.713
2705	1.493
2706	1.558
2707	1.691
2708	1.652
2709	1.940
2710	2.257
2711	2.058
2712	1.812
2713	1.671
2714	1.778
2715	1.497
2716	1.591
2717	1.671
2718	1.747
2719	1.826
2720	1.869
2721	1.949
2722	1.725
2723	1.754
2724	1.885
2725	1.925
2726	1.795
2727	1.609
2728	1.543
2729	1.803
2730	1.943
2731	1.995
2732	1.749
2733	1.966
2734	1.487
2735	1.837
2736	1.541
2737	2.079
2738	2.038
2739	1.682
2740	1.591
2741	2.227
2742	1.759
2743	1.799
2744	1.461
2745	2.432
2746	2.050
2747	1.746
2748	1.911
2749	1.651
2750	1.590
2751	1.683
2752	1.770
2753	2.072
2754	1.650
2755	1.746
2756	2.186
2757	2.082
2758	1.780
2759	2.024
2760	2.121
2761	1.388
2762	1.460
2763	1.635
2764	1.809
2765	1.653
2766	1.866
2767	1.921
2768	1.683
2769	1.671
2770	1.685
2771	1.753
2772	2.349
2773	1.782
2774	1.827
2775	1.656
2776	2.544
2777	1.621
2778	1.824
2779	2.065
2780	1.594
2781	1.610
2782	1.548
2783	2.012
2784	1.777
2785	1.646
2786	1.712
2787	1.705
2788	2.074
2789	2.190
2790	1.961
2791	2.640
2792	1.641
2793	1.805
2794	1.903
2795	1.810
2796	1.544
2797	1.678
2798	1.911
2799	1.636
2800	1.789
2801	2.190
2802	2.398
2803	1.871
2804	1.619
2805	1.706
2806	1.746
2807	2.288
2808	2.336
2809	2.039
2810	1.759
2811	1.864
2812	1.878
2813	1.857
2814	1.933
2815	2.279
2816	2.058
2817	1.954
2818	1.543
2819	1.732
2820	1.769
2821	2.052
2822	1.863
2823	1.855
2824	1.782
2825	1.737
2826	1.552
2827	1.732
2828	1.640
2829	1.686
2830	1.911
2831	1.649
2832	1.710
2833	1.600
2834	1.786
2835	1.771
2836	1.971
2837	1.681
2838	1.963
2839	1.811
2840	1.735
2841	1.502
2842	1.710
2843	1.775
2844	1.754
2845	1.733
2846	1.721
2847	1.690
2848	1.631
2849	1.807
2850	1.694
2851	1.574
2852	1.486
2853	1.314
2854	1.521
2855	1.927
2856	1.787
2857	1.553
2858	1.836
2859	1.901
2860	1.538
2861	2.142
2862	1.776
2863	1.556
2864	1.825
2865	1.613
2866	1.575
2867	1.727
2868	2.138
2869	1.887
2870	2.023
2871	1.458
2872	2.207
2873	2.026
2874	1.700
2875	1.784
2876	1.715
2877	1.986
2878	2.111
2879	1.925
2880	1.684
2881	1.723
2882	2.061
2883	1.887
2884	1.518
2885	1.963
2886	1.812
2887	1.587
2888	1.695
2889	1.484
2890	1.646
2891	1.759
2892	1.629
2893	1.489
2894	2.002
2895	1.521
2896	1.832
2897	1.806
2898	1.779
2899	1.849
2900	1.664
2901	1.584
2902	1.947
2903	2.095
2904	1.540
2905	1.651
2906	1.722
2907	1.616
2908	1.795
2909	2.093
2910	1.932
2911	2.367
2912	1.967
2913	1.663
2914	1.864
2915	1.819
2916	1.753
2917	1.952
2918	1.910
2919	1.828
2920	1.922
2921	1.835
2922	2.316
2923	2.141
2924	2.036
2925	2.183
2926	2.094
2927	1.621
2928	1.560
2929	1.602
2930	1.426
2931	1.336
2932	1.786
2933	1.592
2934	1.697
2935	1.924
2936	1.589
2937	1.715
2938	1.551
2939	1.981
2940	2.015
2941	2.408
2942	2.222
2943	1.741
2944	1.837
2945	1.905
2946	1.487
2947	1.521
2948	1.876
2949	1.563
2950	1.719
2951	1.820
2952	1.879
2953	1.536
2954	1.803
2955	1.686
2956	1.883
2957	2.318
2958	1.877
2959	1.781
2960	1.625
2961	1.776
2962	1.945
2963	1.720
2964	1.870
2965	1.785
2966	1.701
2967	1.950
2968	1.925
2969	1.666
2970	1.485
2971	1.797
2972	1.622
2973	1.900
2974	1.886
2975	2.025
2976	1.914
2977	1.773
2978	2.291
2979	1.717
2980	2.224
2981	1.864
2982	1.879
2983	1.675
2984	1.668
2985	1.846
2986	1.827
2987	1.747
2988	1.670
2989	1.628
2990	1.722
2991	1.645
2992	1.625
2993	1.658
2994	1.756
2995	2.048
2996	2.573
2997	1.823
2998	1.830
2999	1.857
3000	1.562
3001	2.209
3002	1.754
3003	1.948
3004	1.764
3005	1.852
3006	2.489
3007	1.887
3008	1.947
3009	1.723
3010	1.883
3011	1.963
3012	1.698
3013	1.858
3014	2.213
3015	2.231
3016	1.972
3017	1.614
3018	2.112
3019	1.660
3020	1.987
3021	1.824
3022	2.229
3023	1.549
3024	2.347
3025	1.569
3026	1.752
3027	2.031
3028	2.452
3029	1.751
3030	2.067
3031	2.124
3032	1.825
3033	1.669
3034	2.607
3035	1.902
3036	1.898
3037	1.974
3038	1.648
3039	1.673
3040	1.566
3041	1.689
3042	1.613
3043	1.579
3044	1.641
3045	1.923
3046	1.773
3047	1.741
3048	1.614
3049	1.356
3050	1.625
3051	1.742
3052	1.617
3053	1.686
3054	1.625
3055	1.416
3056	1.680
3057	1.854
3058	1.778
3059	1.810
3060	1.583
3061	1.970
3062	1.573
3063	1.814
3064	1.767
3065	1.475
3066	1.971
3067	1.952
3068	1.849
3069	1.852
3070	2.414
3071	1.971
3072	1.880
3073	2.013
3074	2.148
3075	1.766
3076	1.825
3077	2.310
3078	2.010
3079	1.846
3080	1.891
3081	1.815
3082	1.554
3083	2.039
3084	1.692
3085	1.664
3086	1.786
3087	1.647
3088	1.667
3089	1.727
3090	1.716
3091	1.544
3092	1.825
3093	1.934
3094	1.460
3095	1.946
3096	2.014
3097	1.573
3098	1.812
3099	2.338
3100	1.604
3101	1.880
3102	1.957
3103	2.001
3104	1.549
3105	1.676
3106	2.032
3107	2.076
3108	1.940
3109	1.604
3110	1.743
3111	1.811
3112	1.864
3113	1.950
3114	1.752
3115	1.803
3116	1.654
3117	1.872
3118	1.787
3119	1.971
3120	1.607
3121	1.965
3122	1.679
3123	1.833
3124	1.628
3125	1.538
3126	2.208
3127	2.000
3128	1.750
3129	1.896
3130	1.861
3131	1.863
3132	1.927
3133	2.097
3134	2.103
3135	1.744
3136	1.522
3137	1.678
3138	2.196
3139	1.816
3140	1.740
3141	1.965
3142	2.138
3143	1.739
3144	1.742
3145	1.652
3146	2.041
3147	1.901
3148	1.673
3149	1.984
3150	1.900
3151	1.586
3152	1.736
3153	1.567
3154	1.557
3155	1.740
3156	1.762
3157	2.016
3158	1.639
3159	2.540
3160	1.796
3161	1.601
3162	1.899
3163	1.637
3164	1.918
3165	1.828
3166	2.025
3167	2.223
3168	1.937
3169	2.022
3170	1.706
3171	2.061
3172	1.819
3173	1.956
3174	1.988
3175	2.053
3176	1.811
3177	1.894
3178	1.638
3179	1.864
3180	1.422
3181	2.009
3182	2.237
3183	1.583
3184	1.849
3185	1.567
3186	1.919
3187	1.595
3188	1.482
3189	1.860
3190	1.958
3191	1.746
3192	1.640
3193	1.931
3194	2.287
3195	1.696
3196	1.379
3197	1.508
3198	1.668
3199	1.886
3200	1.779
3201	1.706
3202	1.709
3203	1.729
3204	1.867
3205	1.854
3206	1.575
3207	1.624
3208	1.651
3209	1.769
3210	2.107
3211	1.659
3212	1.548
3213	1.895
3214	1.427
3215	1.708
3216	1.856
3217	1.997
3218	1.798
3219	1.919
3220	1.889
3221	1.706
3222	1.685
3223	2.326
3224	2.043
3225	2.543
3226	1.840
3227	1.894
3228	2.159
3229	1.884
3230	1.646
3231	1.554
3232	1.639
3233	1.769
3234	1.939
3235	1.729
3236	2.068
3237	2.082
3238	1.669
3239	1.829
3240	1.992
3241	1.809
3242	1.801
3243	1.616
3244	1.916
3245	1.947
3246	2.129
3247	2.234
3248	1.941
3249	1.865
3250	1.719
3251	1.612
3252	1.682
3253	1.741
3254	1.541
3255	1.890
3256	1.491
3257	1.767
3258	1.873
3259	2.087
3260	1.876
3261	2.234
3262	1.932
3263	1.662
3264	1.690
3265	1.665
3266	1.605
3267	2.227
3268	2.008
3269	1.968
3270	1.937
3271	1.983
3272	1.508
3273	1.721
3274	1.773
3275	1.811
3276	2.081
3277	2.171
3278	1.824
3279	1.707
3280	1.896
3281	1.658
3282	1.520
3283	1.566
3284	1.584
3285	1.617
3286	1.604
3287	1.879
3288	1.668
3289	1.739
3290	1.977
3291	1.725
3292	1.608
3293	1.724
3294	2.018
3295	2.097
3296	2.240
3297	1.463
3298	1.882
3299	1.990
3300	1.612
3301	1.950
3302	1.846
3303	1.810
3304	1.685
3305	1.408
3306	1.575
3307	2.357
3308	1.858
3309	1.527
3310	1.561
3311	1.560
3312	1.810
3313	1.923
3314	1.987
3315	1.856
3316	1.620
3317	1.493
3318	1.636
3319	1.655
3320	1.780
3321	1.823
3322	1.503
3323	1.694
3324	1.783
3325	1.770
3326	1.929
3327	1.710
3328	1.697
3329	1.845
3330	1.793
3331	1.632
3332	1.577
3333	1.680
3334	1.777
3335	1.820
3336	2.113
3337	1.806
3338	2.116
3339	1.907
3340	1.900
3341	1.620
3342	2.092
3343	1.845
3344	1.735
3345	2.025
3346	1.662
3347	2.070
3348	1.804
3349	1.659
3350	1.801
3351	1.710
3352	1.715
3353	1.666
3354	1.484
3355	1.650
3356	1.915
3357	1.788
3358	1.775
3359	1.930
3360	1.816
3361	1.615
3362	1.567
3363	1.356
3364	1.564
3365	1.758
3366	1.561
3367	1.905
3368	1.666
3369	2.228
3370	2.113
3371	1.964
3372	2.091
3373	1.563
3374	1.772
3375	2.292
3376	1.753
3377	1.616
3378	1.752
3379	1.653
3380	2.042
3381	2.215
3382	1.531
3383	1.790
3384	1.532
3385	1.894
3386	1.515
3387	1.799
3388	1.878
3389	1.728
3390	1.785
3391	1.433
3392	1.736
3393	1.555
3394	1.834
3395	1.756
3396	1.717
3397	1.793
3398	1.572
3399	1.718
3400	1.418
3401	1.875
3402	1.933
3403	2.025
3404	2.024
3405	2.008
3406	2.450
3407	1.694
3408	1.781
3409	1.705
3410	1.628
3411	1.912
3412	1.791
3413	1.590
3414	2.043
3415	1.847
3416	1.781
3417	1.785
3418	2.015
3419	1.779
3420	1.680
3421	1.707
3422	1.899
3423	2.328
3424	1.880
3425	2.183
3426	2.003
3427	2.095
3428	1.570
3429	1.595
3430	1.980
3431	1.550
3432	1.688
3433	1.667
3434	1.992
3435	1.625
3436	1.760
3437	1.671
3438	1.789
3439	1.800
3440	1.805
3441	1.823
3442	1.411
3443	1.797
3444	2.001
3445	1.772
3446	1.812
3447	1.710
3448	1.726
3449	1.871
3450	1.766
3451	2.090
3452	1.980
3453	1.517
3454	1.604
3455	1.728
3456	2.118
3457	1.635
3458	1.510
3459	1.598
3460	1.877
3461	1.686
3462	2.056
3463	2.022
3464	1.855
3465	1.761
3466	2.032
3467	1.724
3468	1.947
3469	1.872
3470	1.515
3471	1.821
3472	1.748
3473	1.973
3474	1.706
3475	2.031
3476	1.855
3477	1.794
3478	1.694
3479	2.170
3480	1.556
3481	1.531
3482	1.714
3483	1.681
3484	1.834
3485	1.690
3486	1.671
3487	1.814
3488	1.695
3489	1.980
3490	1.911
3491	1.536
3492	2.095
3493	1.562
3494	2.064
3495	2.061
3496	2.191
3497	1.608
3498	1.770
3499	1.720
3500	1.900
