IQ-TREE multicore version 2.3.6 for Linux x86 64-bit built Aug  1 2024
Developed by Bui Quang Minh, Nguyen Lam Tung, Olga Chernomor, Heiko Schmidt,
Dominik Schrempf, Michael Woodhams, Ly Trong Nhan, Thomas Wong

Host:    patrick-varillys-laptop (AVX2, FMA3, 62 GB RAM)
Command: ../iqtree2 -s exp_1000/inputs/exp_1000.fasta -m HKY+FO --prefix exp_1000/ml_outputs/exp_1000
Seed:    276983 (Using SPRNG - Scalable Parallel Random Number Generator)
Time:    Fri Mar 14 22:30:07 2025
Kernel:  AVX+FMA - 1 threads (22 CPU cores detected)

HINT: Use -nt option to specify number of threads because your CPU has 22 cores!
HINT: -nt AUTO will automatically determine the best number of threads to use.

Reading alignment file exp_1000/inputs/exp_1000.fasta ... Fasta format detected
Reading fasta file: done in 0.210192 secs using 90.95% CPU
Alignment most likely contains DNA/RNA sequences
Alignment has 1000 sequences with 30000 columns, 919 distinct patterns
451 parsimony-informative, 508 singleton sites, 29041 constant sites
                     Gap/Ambiguity  Composition  p-value
Analyzing sequences: done in 0.00116209 secs using 96.03% CPU
   1  TIP_806|2024-01-25     0.00%    passed     99.99%
   2  TIP_630|2024-01-08     0.00%    passed    100.00%
   3  TIP_903|2024-01-14     0.00%    passed    100.00%
   4  TIP_142|2024-01-20     0.00%    passed    100.00%
   5  TIP_673|2024-01-28     0.00%    passed    100.00%
   6  TIP_641|2024-01-25     0.00%    passed    100.00%
   7  TIP_676|2024-01-14     0.00%    passed    100.00%
   8  TIP_822|2024-01-14     0.00%    passed    100.00%
   9  TIP_250|2024-01-30     0.00%    passed    100.00%
  10  TIP_280|2024-02-02     0.00%    passed    100.00%
  11  TIP_764|2024-02-22     0.00%    passed    100.00%
  12  TIP_33|2024-02-24      0.00%    passed    100.00%
  13  TIP_219|2024-02-29     0.00%    passed    100.00%
  14  TIP_403|2024-04-03     0.00%    passed    100.00%
  15  TIP_951|2024-03-25     0.00%    passed    100.00%
  16  TIP_378|2024-03-27     0.00%    passed    100.00%
  17  TIP_796|2024-04-04     0.00%    passed     99.99%
  18  TIP_790|2024-04-02     0.00%    passed    100.00%
  19  TIP_174|2024-04-07     0.00%    passed    100.00%
  20  TIP_521|2024-04-21     0.00%    passed    100.00%
  21  TIP_821|2024-04-29     0.00%    passed    100.00%
  22  TIP_238|2024-04-21     0.00%    passed    100.00%
  23  TIP_354|2024-04-16     0.00%    passed    100.00%
  24  TIP_986|2024-04-15     0.00%    passed    100.00%
  25  TIP_643|2024-04-16     0.00%    passed    100.00%
  26  TIP_393|2024-04-16     0.00%    passed    100.00%
  27  TIP_360|2024-05-05     0.00%    passed    100.00%
  28  TIP_847|2024-05-25     0.00%    passed     99.99%
  29  TIP_123|2024-05-19     0.00%    passed    100.00%
  30  TIP_225|2024-07-29     0.00%    passed    100.00%
  31  TIP_47|2024-07-27      0.00%    passed    100.00%
  32  TIP_18|2024-07-29      0.00%    passed    100.00%
  33  TIP_477|2024-07-26     0.00%    passed    100.00%
  34  TIP_999|2024-06-09     0.00%    passed    100.00%
  35  TIP_496|2024-06-12     0.00%    passed    100.00%
  36  TIP_574|2024-07-14     0.00%    passed    100.00%
  37  TIP_30|2024-07-09      0.00%    passed     99.99%
  38  TIP_19|2024-07-28      0.00%    passed     99.99%
  39  TIP_561|2024-07-08     0.00%    passed    100.00%
  40  TIP_380|2024-06-29     0.00%    passed    100.00%
  41  TIP_588|2024-06-16     0.00%    passed    100.00%
  42  TIP_66|2024-06-19      0.00%    passed    100.00%
  43  TIP_984|2024-07-14     0.00%    passed    100.00%
  44  TIP_367|2024-06-19     0.00%    passed    100.00%
  45  TIP_237|2024-07-03     0.00%    passed     99.99%
  46  TIP_337|2024-06-30     0.00%    passed     99.99%
  47  TIP_627|2024-07-30     0.00%    passed     99.98%
  48  TIP_646|2024-07-13     0.00%    passed     99.98%
  49  TIP_719|2024-07-28     0.00%    passed    100.00%
  50  TIP_12|2024-07-20      0.00%    passed     99.99%
  51  TIP_220|2024-04-01     0.00%    passed    100.00%
  52  TIP_779|2024-04-06     0.00%    passed    100.00%
  53  TIP_688|2024-03-08     0.00%    passed    100.00%
  54  TIP_667|2024-03-14     0.00%    passed    100.00%
  55  TIP_291|2024-03-07     0.00%    passed    100.00%
  56  TIP_409|2024-03-16     0.00%    passed    100.00%
  57  TIP_276|2024-03-11     0.00%    passed    100.00%
  58  TIP_212|2024-03-14     0.00%    passed    100.00%
  59  TIP_26|2024-04-02      0.00%    passed    100.00%
  60  TIP_978|2024-03-26     0.00%    passed    100.00%
  61  TIP_7|2024-04-07       0.00%    passed    100.00%
  62  TIP_401|2024-05-22     0.00%    passed    100.00%
  63  TIP_349|2024-05-20     0.00%    passed    100.00%
  64  TIP_256|2024-05-27     0.00%    passed    100.00%
  65  TIP_14|2024-05-30      0.00%    passed    100.00%
  66  TIP_408|2024-05-26     0.00%    passed    100.00%
  67  TIP_87|2024-06-03      0.00%    passed    100.00%
  68  TIP_485|2024-06-13     0.00%    passed    100.00%
  69  TIP_516|2024-07-02     0.00%    passed    100.00%
  70  TIP_303|2024-06-30     0.00%    passed    100.00%
  71  TIP_134|2024-07-15     0.00%    passed    100.00%
  72  TIP_887|2024-07-27     0.00%    passed    100.00%
  73  TIP_298|2024-07-29     0.00%    passed    100.00%
  74  TIP_482|2024-07-24     0.00%    passed    100.00%
  75  TIP_164|2024-07-30     0.00%    passed    100.00%
  76  TIP_29|2024-07-21      0.00%    passed    100.00%
  77  TIP_966|2024-07-22     0.00%    passed    100.00%
  78  TIP_181|2024-05-17     0.00%    passed    100.00%
  79  TIP_242|2024-05-20     0.00%    passed    100.00%
  80  TIP_767|2024-05-27     0.00%    passed    100.00%
  81  TIP_769|2024-06-22     0.00%    passed    100.00%
  82  TIP_432|2024-07-02     0.00%    passed    100.00%
  83  TIP_844|2024-05-25     0.00%    passed    100.00%
  84  TIP_704|2024-05-30     0.00%    passed    100.00%
  85  TIP_486|2024-06-19     0.00%    passed    100.00%
  86  TIP_856|2024-07-12     0.00%    passed    100.00%
  87  TIP_93|2024-07-13      0.00%    passed    100.00%
  88  TIP_876|2024-06-26     0.00%    passed    100.00%
  89  TIP_572|2024-07-09     0.00%    passed    100.00%
  90  TIP_609|2024-07-23     0.00%    passed     99.99%
  91  TIP_157|2024-07-17     0.00%    passed    100.00%
  92  TIP_244|2024-07-19     0.00%    passed     99.99%
  93  TIP_552|2024-07-29     0.00%    passed     99.99%
  94  TIP_255|2024-07-23     0.00%    passed    100.00%
  95  TIP_674|2024-07-25     0.00%    passed     99.99%
  96  TIP_48|2024-04-27      0.00%    passed    100.00%
  97  TIP_879|2024-05-13     0.00%    passed    100.00%
  98  TIP_970|2024-05-03     0.00%    passed    100.00%
  99  TIP_774|2024-05-26     0.00%    passed    100.00%
 100  TIP_782|2024-06-13     0.00%    passed    100.00%
 101  TIP_350|2024-06-09     0.00%    passed    100.00%
 102  TIP_949|2024-06-10     0.00%    passed    100.00%
 103  TIP_979|2024-06-10     0.00%    passed    100.00%
 104  TIP_52|2024-06-18      0.00%    passed    100.00%
 105  TIP_328|2024-06-06     0.00%    passed    100.00%
 106  TIP_124|2024-06-11     0.00%    passed    100.00%
 107  TIP_568|2024-07-14     0.00%    passed    100.00%
 108  TIP_96|2024-07-15      0.00%    passed    100.00%
 109  TIP_487|2024-07-08     0.00%    passed    100.00%
 110  TIP_473|2024-07-28     0.00%    passed    100.00%
 111  TIP_479|2024-07-22     0.00%    passed    100.00%
 112  TIP_330|2024-07-26     0.00%    passed    100.00%
 113  TIP_399|2024-05-22     0.00%    passed    100.00%
 114  TIP_492|2024-07-25     0.00%    passed    100.00%
 115  TIP_975|2024-06-12     0.00%    passed    100.00%
 116  TIP_716|2024-06-21     0.00%    passed    100.00%
 117  TIP_538|2024-07-01     0.00%    passed     99.99%
 118  TIP_546|2024-06-29     0.00%    passed     99.99%
 119  TIP_702|2024-06-28     0.00%    passed    100.00%
 120  TIP_500|2024-06-23     0.00%    passed    100.00%
 121  TIP_648|2024-07-01     0.00%    passed    100.00%
 122  TIP_905|2024-06-20     0.00%    passed    100.00%
 123  TIP_144|2024-07-01     0.00%    passed    100.00%
 124  TIP_4|2024-07-04       0.00%    passed    100.00%
 125  TIP_988|2024-07-18     0.00%    passed     99.99%
 126  TIP_831|2024-07-16     0.00%    passed     99.99%
 127  TIP_884|2024-07-01     0.00%    passed    100.00%
 128  TIP_417|2024-06-30     0.00%    passed    100.00%
 129  TIP_65|2024-07-01      0.00%    passed    100.00%
 130  TIP_126|2024-07-09     0.00%    passed    100.00%
 131  TIP_478|2024-07-09     0.00%    passed    100.00%
 132  TIP_705|2024-06-24     0.00%    passed    100.00%
 133  TIP_778|2024-06-12     0.00%    passed    100.00%
 134  TIP_828|2024-07-03     0.00%    passed     99.99%
 135  TIP_526|2024-07-04     0.00%    passed     99.99%
 136  TIP_748|2024-07-12     0.00%    passed    100.00%
 137  TIP_434|2024-07-05     0.00%    passed     99.99%
 138  TIP_262|2024-07-06     0.00%    passed     99.99%
 139  TIP_612|2024-07-07     0.00%    passed     99.99%
 140  TIP_51|2024-07-12      0.00%    passed     99.99%
 141  TIP_956|2024-07-07     0.00%    passed     99.99%
 142  TIP_732|2024-07-12     0.00%    passed     99.99%
 143  TIP_530|2024-07-15     0.00%    passed     99.99%
 144  TIP_269|2024-07-08     0.00%    passed     99.99%
 145  TIP_213|2024-07-29     0.00%    passed     99.99%
 146  TIP_536|2024-07-20     0.00%    passed     99.99%
 147  TIP_138|2024-07-22     0.00%    passed     99.99%
 148  TIP_798|2024-07-26     0.00%    passed     99.99%
 149  TIP_638|2024-07-25     0.00%    passed     99.99%
 150  TIP_760|2024-06-29     0.00%    passed    100.00%
 151  TIP_172|2024-07-21     0.00%    passed    100.00%
 152  TIP_313|2024-07-30     0.00%    passed    100.00%
 153  TIP_598|2024-07-20     0.00%    passed    100.00%
 154  TIP_67|2024-07-09      0.00%    passed    100.00%
 155  TIP_329|2024-07-17     0.00%    passed    100.00%
 156  TIP_191|2024-07-24     0.00%    passed    100.00%
 157  TIP_803|2024-07-25     0.00%    passed    100.00%
 158  TIP_321|2024-07-16     0.00%    passed    100.00%
 159  TIP_952|2024-07-24     0.00%    passed    100.00%
 160  TIP_929|2024-07-30     0.00%    passed     99.99%
 161  TIP_663|2024-07-25     0.00%    passed    100.00%
 162  TIP_159|2024-07-28     0.00%    passed    100.00%
 163  TIP_310|2024-07-15     0.00%    passed    100.00%
 164  TIP_208|2024-07-12     0.00%    passed     99.99%
 165  TIP_880|2024-06-28     0.00%    passed     99.99%
 166  TIP_234|2024-07-20     0.00%    passed     99.99%
 167  TIP_454|2024-06-26     0.00%    passed     99.99%
 168  TIP_549|2024-07-11     0.00%    passed     99.99%
 169  TIP_599|2024-07-10     0.00%    passed     99.99%
 170  TIP_916|2024-07-23     0.00%    passed     99.98%
 171  TIP_456|2024-07-06     0.00%    passed     99.99%
 172  TIP_622|2024-07-22     0.00%    passed     99.99%
 173  TIP_416|2024-07-16     0.00%    passed     99.99%
 174  TIP_245|2024-06-30     0.00%    passed    100.00%
 175  TIP_850|2024-07-06     0.00%    passed    100.00%
 176  TIP_99|2024-07-07      0.00%    passed    100.00%
 177  TIP_282|2024-07-09     0.00%    passed    100.00%
 178  TIP_74|2024-07-18      0.00%    passed    100.00%
 179  TIP_384|2024-07-02     0.00%    passed    100.00%
 180  TIP_849|2024-07-04     0.00%    passed    100.00%
 181  TIP_53|2024-07-17      0.00%    passed    100.00%
 182  TIP_415|2024-07-24     0.00%    passed    100.00%
 183  TIP_624|2024-07-25     0.00%    passed    100.00%
 184  TIP_98|2024-06-23      0.00%    passed    100.00%
 185  TIP_981|2024-06-23     0.00%    passed    100.00%
 186  TIP_874|2024-07-24     0.00%    passed    100.00%
 187  TIP_747|2024-07-05     0.00%    passed    100.00%
 188  TIP_614|2024-07-10     0.00%    passed    100.00%
 189  TIP_43|2024-07-17      0.00%    passed    100.00%
 190  TIP_452|2024-07-12     0.00%    passed    100.00%
 191  TIP_365|2024-07-02     0.00%    passed    100.00%
 192  TIP_75|2024-07-01      0.00%    passed    100.00%
 193  TIP_316|2024-07-02     0.00%    passed    100.00%
 194  TIP_520|2024-07-22     0.00%    passed     99.99%
 195  TIP_1000|2024-07-29    0.00%    passed     99.99%
 196  TIP_474|2024-07-27     0.00%    passed     99.99%
 197  TIP_436|2024-07-18     0.00%    passed    100.00%
 198  TIP_947|2024-07-23     0.00%    passed     99.99%
 199  TIP_640|2024-07-29     0.00%    passed     99.98%
 200  TIP_446|2024-07-28     0.00%    passed    100.00%
 201  TIP_590|2024-07-16     0.00%    passed    100.00%
 202  TIP_593|2024-07-15     0.00%    passed    100.00%
 203  TIP_490|2024-07-12     0.00%    passed    100.00%
 204  TIP_136|2024-07-30     0.00%    passed    100.00%
 205  TIP_381|2024-07-29     0.00%    passed    100.00%
 206  TIP_684|2024-07-24     0.00%    passed    100.00%
 207  TIP_109|2024-07-22     0.00%    passed    100.00%
 208  TIP_551|2024-03-28     0.00%    passed    100.00%
 209  TIP_148|2024-03-29     0.00%    passed    100.00%
 210  TIP_893|2024-04-15     0.00%    passed    100.00%
 211  TIP_786|2024-04-22     0.00%    passed    100.00%
 212  TIP_80|2024-04-22      0.00%    passed    100.00%
 213  TIP_132|2024-05-11     0.00%    passed    100.00%
 214  TIP_804|2024-05-15     0.00%    passed    100.00%
 215  TIP_890|2024-05-13     0.00%    passed    100.00%
 216  TIP_816|2024-05-29     0.00%    passed    100.00%
 217  TIP_11|2024-06-03      0.00%    passed    100.00%
 218  TIP_875|2024-06-08     0.00%    passed    100.00%
 219  TIP_197|2024-06-15     0.00%    passed    100.00%
 220  TIP_146|2024-06-13     0.00%    passed    100.00%
 221  TIP_100|2024-04-11     0.00%    passed    100.00%
 222  TIP_983|2024-04-22     0.00%    passed    100.00%
 223  TIP_117|2024-04-22     0.00%    passed    100.00%
 224  TIP_675|2024-05-11     0.00%    passed    100.00%
 225  TIP_341|2024-04-24     0.00%    passed    100.00%
 226  TIP_857|2024-06-15     0.00%    passed     99.99%
 227  TIP_961|2024-06-07     0.00%    passed     99.99%
 228  TIP_635|2024-05-07     0.00%    passed    100.00%
 229  TIP_101|2024-05-06     0.00%    passed    100.00%
 230  TIP_386|2024-05-08     0.00%    passed    100.00%
 231  TIP_70|2024-05-11      0.00%    passed    100.00%
 232  TIP_103|2024-04-27     0.00%    passed    100.00%
 233  TIP_932|2024-05-01     0.00%    passed    100.00%
 234  TIP_488|2024-06-05     0.00%    passed    100.00%
 235  TIP_722|2024-05-27     0.00%    passed     99.99%
 236  TIP_112|2024-07-04     0.00%    passed    100.00%
 237  TIP_224|2024-06-30     0.00%    passed    100.00%
 238  TIP_28|2024-07-15      0.00%    passed     99.99%
 239  TIP_871|2024-07-25     0.00%    passed     99.99%
 240  TIP_781|2024-06-24     0.00%    passed     99.99%
 241  TIP_389|2024-07-12     0.00%    passed    100.00%
 242  TIP_84|2024-07-26      0.00%    passed     99.98%
 243  TIP_969|2024-07-17     0.00%    passed     99.99%
 244  TIP_810|2024-07-26     0.00%    passed     99.99%
 245  TIP_913|2024-07-30     0.00%    passed     99.99%
 246  TIP_613|2024-07-24     0.00%    passed     99.99%
 247  TIP_812|2024-07-28     0.00%    passed     99.99%
 248  TIP_626|2024-07-30     0.00%    passed    100.00%
 249  TIP_147|2024-07-27     0.00%    passed    100.00%
 250  TIP_746|2024-07-16     0.00%    passed     99.99%
 251  TIP_921|2024-07-10     0.00%    passed     99.99%
 252  TIP_808|2024-07-14     0.00%    passed     99.99%
 253  TIP_383|2024-06-28     0.00%    passed     99.99%
 254  TIP_426|2024-07-16     0.00%    passed     99.99%
 255  TIP_819|2024-07-12     0.00%    passed     99.99%
 256  TIP_418|2024-07-15     0.00%    passed     99.99%
 257  TIP_216|2024-07-30     0.00%    passed    100.00%
 258  TIP_128|2024-06-19     0.00%    passed     99.99%
 259  TIP_930|2024-06-29     0.00%    passed     99.99%
 260  TIP_459|2024-07-26     0.00%    passed    100.00%
 261  TIP_466|2024-07-27     0.00%    passed     99.99%
 262  TIP_439|2024-07-28     0.00%    passed     99.99%
 263  TIP_271|2024-07-24     0.00%    passed     99.99%
 264  TIP_730|2024-07-20     0.00%    passed     99.99%
 265  TIP_202|2024-07-29     0.00%    passed     99.99%
 266  TIP_211|2024-07-24     0.00%    passed     99.99%
 267  TIP_61|2024-06-19      0.00%    passed     99.99%
 268  TIP_455|2024-06-25     0.00%    passed     99.99%
 269  TIP_411|2024-07-07     0.00%    passed     99.99%
 270  TIP_374|2024-07-04     0.00%    passed     99.99%
 271  TIP_550|2024-07-20     0.00%    passed     99.99%
 272  TIP_972|2024-07-26     0.00%    passed     99.99%
 273  TIP_610|2024-07-01     0.00%    passed     99.99%
 274  TIP_169|2024-07-02     0.00%    passed     99.99%
 275  TIP_106|2024-07-13     0.00%    passed     99.99%
 276  TIP_891|2024-07-10     0.00%    passed     99.99%
 277  TIP_397|2024-07-10     0.00%    passed     99.99%
 278  TIP_569|2024-07-10     0.00%    passed     99.99%
 279  TIP_659|2024-07-14     0.00%    passed     99.99%
 280  TIP_554|2024-07-24     0.00%    passed     99.99%
 281  TIP_358|2024-07-30     0.00%    passed     99.99%
 282  TIP_677|2024-07-28     0.00%    passed     99.99%
 283  TIP_185|2024-07-22     0.00%    passed     99.99%
 284  TIP_16|2024-04-26      0.00%    passed    100.00%
 285  TIP_652|2024-05-06     0.00%    passed    100.00%
 286  TIP_605|2024-04-29     0.00%    passed    100.00%
 287  TIP_621|2024-04-28     0.00%    passed    100.00%
 288  TIP_943|2024-05-15     0.00%    passed    100.00%
 289  TIP_644|2024-05-23     0.00%    passed    100.00%
 290  TIP_901|2024-05-13     0.00%    passed    100.00%
 291  TIP_771|2024-05-01     0.00%    passed    100.00%
 292  TIP_36|2024-05-19      0.00%    passed    100.00%
 293  TIP_45|2024-05-17      0.00%    passed    100.00%
 294  TIP_285|2024-05-22     0.00%    passed    100.00%
 295  TIP_720|2024-05-31     0.00%    passed    100.00%
 296  TIP_183|2024-06-16     0.00%    passed    100.00%
 297  TIP_911|2024-06-28     0.00%    passed    100.00%
 298  TIP_528|2024-06-27     0.00%    passed    100.00%
 299  TIP_514|2024-07-06     0.00%    passed    100.00%
 300  TIP_655|2024-05-23     0.00%    passed     99.99%
 301  TIP_391|2024-05-12     0.00%    passed    100.00%
 302  TIP_294|2024-05-13     0.00%    passed    100.00%
 303  TIP_377|2024-06-01     0.00%    passed     99.99%
 304  TIP_563|2024-05-30     0.00%    passed     99.99%
 305  TIP_170|2024-06-02     0.00%    passed    100.00%
 306  TIP_254|2024-06-14     0.00%    passed    100.00%
 307  TIP_813|2024-06-28     0.00%    passed    100.00%
 308  TIP_825|2024-07-02     0.00%    passed    100.00%
 309  TIP_645|2024-07-16     0.00%    passed    100.00%
 310  TIP_300|2024-07-30     0.00%    passed    100.00%
 311  TIP_924|2024-07-27     0.00%    passed    100.00%
 312  TIP_76|2024-06-29      0.00%    passed    100.00%
 313  TIP_787|2024-07-17     0.00%    passed    100.00%
 314  TIP_953|2024-07-12     0.00%    passed    100.00%
 315  TIP_693|2024-07-10     0.00%    passed    100.00%
 316  TIP_995|2024-07-30     0.00%    passed    100.00%
 317  TIP_699|2024-07-29     0.00%    passed    100.00%
 318  TIP_942|2024-07-29     0.00%    passed    100.00%
 319  TIP_587|2024-07-29     0.00%    passed    100.00%
 320  TIP_578|2024-07-29     0.00%    passed    100.00%
 321  TIP_201|2024-07-26     0.00%    passed    100.00%
 322  TIP_171|2024-07-13     0.00%    passed    100.00%
 323  TIP_319|2024-05-22     0.00%    passed     99.99%
 324  TIP_62|2024-06-08      0.00%    passed     99.99%
 325  TIP_463|2024-05-14     0.00%    passed    100.00%
 326  TIP_214|2024-05-26     0.00%    passed    100.00%
 327  TIP_40|2024-05-30      0.00%    passed    100.00%
 328  TIP_531|2024-05-27     0.00%    passed    100.00%
 329  TIP_2|2024-05-13       0.00%    passed    100.00%
 330  TIP_766|2024-05-23     0.00%    passed    100.00%
 331  TIP_629|2024-05-20     0.00%    passed    100.00%
 332  TIP_619|2024-05-27     0.00%    passed    100.00%
 333  TIP_241|2024-05-18     0.00%    passed    100.00%
 334  TIP_344|2024-05-17     0.00%    passed    100.00%
 335  TIP_670|2024-05-17     0.00%    passed    100.00%
 336  TIP_906|2024-05-17     0.00%    passed    100.00%
 337  TIP_768|2024-05-24     0.00%    passed    100.00%
 338  TIP_412|2024-05-18     0.00%    passed     99.99%
 339  TIP_980|2024-05-22     0.00%    passed    100.00%
 340  TIP_580|2024-05-26     0.00%    passed    100.00%
 341  TIP_60|2024-05-19      0.00%    passed    100.00%
 342  TIP_304|2024-07-06     0.00%    passed    100.00%
 343  TIP_855|2024-06-29     0.00%    passed    100.00%
 344  TIP_577|2024-07-05     0.00%    passed    100.00%
 345  TIP_898|2024-07-04     0.00%    passed    100.00%
 346  TIP_665|2024-06-02     0.00%    passed    100.00%
 347  TIP_864|2024-06-06     0.00%    passed    100.00%
 348  TIP_958|2024-06-15     0.00%    passed    100.00%
 349  TIP_274|2024-06-14     0.00%    passed    100.00%
 350  TIP_713|2024-06-12     0.00%    passed    100.00%
 351  TIP_691|2024-06-18     0.00%    passed    100.00%
 352  TIP_351|2024-06-24     0.00%    passed    100.00%
 353  TIP_811|2024-06-26     0.00%    passed    100.00%
 354  TIP_802|2024-05-27     0.00%    passed    100.00%
 355  TIP_226|2024-06-03     0.00%    passed    100.00%
 356  TIP_253|2024-07-16     0.00%    passed    100.00%
 357  TIP_438|2024-07-18     0.00%    passed     99.99%
 358  TIP_886|2024-06-30     0.00%    passed    100.00%
 359  TIP_814|2024-07-24     0.00%    passed    100.00%
 360  TIP_218|2024-07-24     0.00%    passed    100.00%
 361  TIP_752|2024-06-07     0.00%    passed     99.99%
 362  TIP_801|2024-06-03     0.00%    passed    100.00%
 363  TIP_89|2024-06-08      0.00%    passed     99.99%
 364  TIP_742|2024-06-01     0.00%    passed    100.00%
 365  TIP_440|2024-06-16     0.00%    passed    100.00%
 366  TIP_64|2024-07-10      0.00%    passed     99.99%
 367  TIP_726|2024-07-23     0.00%    passed    100.00%
 368  TIP_273|2024-07-14     0.00%    passed    100.00%
 369  TIP_420|2024-07-10     0.00%    passed    100.00%
 370  TIP_575|2024-07-29     0.00%    passed     99.99%
 371  TIP_860|2024-06-21     0.00%    passed    100.00%
 372  TIP_789|2024-07-13     0.00%    passed     99.99%
 373  TIP_637|2024-06-29     0.00%    passed    100.00%
 374  TIP_800|2024-07-12     0.00%    passed    100.00%
 375  TIP_776|2024-07-26     0.00%    passed    100.00%
 376  TIP_745|2024-07-18     0.00%    passed    100.00%
 377  TIP_272|2024-07-27     0.00%    passed     99.99%
 378  TIP_861|2024-07-01     0.00%    passed    100.00%
 379  TIP_94|2024-07-01      0.00%    passed    100.00%
 380  TIP_973|2024-07-04     0.00%    passed    100.00%
 381  TIP_332|2024-07-18     0.00%    passed    100.00%
 382  TIP_653|2024-07-04     0.00%    passed    100.00%
 383  TIP_689|2024-07-23     0.00%    passed     99.99%
 384  TIP_596|2024-07-21     0.00%    passed     99.99%
 385  TIP_935|2024-07-30     0.00%    passed     99.99%
 386  TIP_82|2024-07-29      0.00%    passed     99.99%
 387  TIP_728|2024-07-30     0.00%    passed     99.99%
 388  TIP_650|2024-06-23     0.00%    passed     99.99%
 389  TIP_838|2024-06-26     0.00%    passed     99.99%
 390  TIP_741|2024-06-29     0.00%    passed     99.99%
 391  TIP_682|2024-06-30     0.00%    passed     99.99%
 392  TIP_252|2024-07-24     0.00%    passed     99.99%
 393  TIP_141|2024-07-14     0.00%    passed     99.99%
 394  TIP_576|2024-07-22     0.00%    passed     99.99%
 395  TIP_504|2024-07-15     0.00%    passed     99.99%
 396  TIP_566|2024-07-10     0.00%    passed     99.99%
 397  TIP_620|2024-06-25     0.00%    passed     99.99%
 398  TIP_334|2024-07-10     0.00%    passed     99.99%
 399  TIP_863|2024-07-28     0.00%    passed     99.99%
 400  TIP_379|2024-07-12     0.00%    passed     99.99%
 401  TIP_888|2024-07-11     0.00%    passed     99.99%
 402  TIP_315|2024-07-21     0.00%    passed     99.98%
 403  TIP_701|2024-07-22     0.00%    passed     99.99%
 404  TIP_698|2024-07-20     0.00%    passed     99.98%
 405  TIP_683|2024-07-14     0.00%    passed     99.99%
 406  TIP_458|2024-07-30     0.00%    passed     99.97%
 407  TIP_414|2024-07-29     0.00%    passed     99.97%
 408  TIP_259|2024-07-30     0.00%    passed     99.98%
 409  TIP_946|2024-07-30     0.00%    passed     99.98%
 410  TIP_429|2024-07-18     0.00%    passed     99.99%
 411  TIP_297|2024-07-22     0.00%    passed     99.99%
 412  TIP_86|2024-07-19      0.00%    passed     99.99%
 413  TIP_581|2024-07-17     0.00%    passed     99.99%
 414  TIP_104|2024-07-28     0.00%    passed     99.98%
 415  TIP_163|2024-07-28     0.00%    passed     99.99%
 416  TIP_15|2024-07-20      0.00%    passed     99.99%
 417  TIP_830|2024-02-09     0.00%    passed    100.00%
 418  TIP_537|2024-03-07     0.00%    passed    100.00%
 419  TIP_839|2024-02-18     0.00%    passed    100.00%
 420  TIP_233|2024-02-28     0.00%    passed    100.00%
 421  TIP_525|2024-02-26     0.00%    passed    100.00%
 422  TIP_405|2024-02-23     0.00%    passed    100.00%
 423  TIP_215|2024-03-25     0.00%    passed    100.00%
 424  TIP_42|2024-03-12      0.00%    passed    100.00%
 425  TIP_270|2024-04-02     0.00%    passed    100.00%
 426  TIP_362|2024-04-28     0.00%    passed    100.00%
 427  TIP_339|2024-05-05     0.00%    passed    100.00%
 428  TIP_481|2024-05-05     0.00%    passed    100.00%
 429  TIP_221|2024-04-27     0.00%    passed    100.00%
 430  TIP_941|2024-05-03     0.00%    passed    100.00%
 431  TIP_920|2024-05-03     0.00%    passed    100.00%
 432  TIP_608|2024-05-02     0.00%    passed    100.00%
 433  TIP_331|2024-05-07     0.00%    passed    100.00%
 434  TIP_749|2024-05-03     0.00%    passed    100.00%
 435  TIP_660|2024-05-12     0.00%    passed    100.00%
 436  TIP_404|2024-05-10     0.00%    passed    100.00%
 437  TIP_524|2024-05-18     0.00%    passed    100.00%
 438  TIP_628|2024-05-20     0.00%    passed    100.00%
 439  TIP_376|2024-05-25     0.00%    passed    100.00%
 440  TIP_529|2024-06-06     0.00%    passed    100.00%
 441  TIP_910|2024-05-26     0.00%    passed    100.00%
 442  TIP_709|2024-06-09     0.00%    passed    100.00%
 443  TIP_200|2024-05-04     0.00%    passed    100.00%
 444  TIP_556|2024-05-10     0.00%    passed    100.00%
 445  TIP_636|2024-05-03     0.00%    passed    100.00%
 446  TIP_721|2024-05-13     0.00%    passed    100.00%
 447  TIP_314|2024-05-15     0.00%    passed    100.00%
 448  TIP_108|2024-05-21     0.00%    passed    100.00%
 449  TIP_457|2024-05-30     0.00%    passed    100.00%
 450  TIP_737|2024-07-10     0.00%    passed    100.00%
 451  TIP_431|2024-06-24     0.00%    passed    100.00%
 452  TIP_289|2024-07-02     0.00%    passed    100.00%
 453  TIP_345|2024-07-06     0.00%    passed    100.00%
 454  TIP_817|2024-06-22     0.00%    passed    100.00%
 455  TIP_92|2024-06-18      0.00%    passed    100.00%
 456  TIP_296|2024-06-18     0.00%    passed    100.00%
 457  TIP_447|2024-07-18     0.00%    passed     99.99%
 458  TIP_441|2024-07-20     0.00%    passed     99.98%
 459  TIP_38|2024-06-27      0.00%    passed     99.99%
 460  TIP_799|2024-07-15     0.00%    passed     99.98%
 461  TIP_395|2024-07-27     0.00%    passed     99.99%
 462  TIP_851|2024-07-26     0.00%    passed     99.97%
 463  TIP_484|2024-04-17     0.00%    passed    100.00%
 464  TIP_346|2024-04-26     0.00%    passed    100.00%
 465  TIP_543|2024-04-22     0.00%    passed    100.00%
 466  TIP_340|2024-05-02     0.00%    passed    100.00%
 467  TIP_558|2024-05-21     0.00%    passed     99.99%
 468  TIP_583|2024-05-25     0.00%    passed     99.99%
 469  TIP_912|2024-05-26     0.00%    passed     99.99%
 470  TIP_997|2024-05-16     0.00%    passed    100.00%
 471  TIP_6|2024-06-04       0.00%    passed    100.00%
 472  TIP_954|2024-06-07     0.00%    passed    100.00%
 473  TIP_326|2024-06-20     0.00%    passed     99.99%
 474  TIP_928|2024-07-16     0.00%    passed    100.00%
 475  TIP_189|2024-06-23     0.00%    passed    100.00%
 476  TIP_396|2024-07-06     0.00%    passed    100.00%
 477  TIP_428|2024-07-06     0.00%    passed    100.00%
 478  TIP_175|2024-06-25     0.00%    passed    100.00%
 479  TIP_335|2024-07-17     0.00%    passed    100.00%
 480  TIP_963|2024-07-08     0.00%    passed    100.00%
 481  TIP_607|2024-07-01     0.00%    passed    100.00%
 482  TIP_633|2024-07-12     0.00%    passed    100.00%
 483  TIP_560|2024-07-06     0.00%    passed    100.00%
 484  TIP_41|2024-06-30      0.00%    passed    100.00%
 485  TIP_371|2024-07-15     0.00%    passed    100.00%
 486  TIP_56|2024-07-10      0.00%    passed    100.00%
 487  TIP_777|2024-07-11     0.00%    passed    100.00%
 488  TIP_833|2024-06-21     0.00%    passed    100.00%
 489  TIP_707|2024-06-18     0.00%    passed    100.00%
 490  TIP_317|2024-06-13     0.00%    passed    100.00%
 491  TIP_23|2024-06-21      0.00%    passed    100.00%
 492  TIP_712|2024-07-16     0.00%    passed    100.00%
 493  TIP_679|2024-07-24     0.00%    passed    100.00%
 494  TIP_991|2024-07-27     0.00%    passed    100.00%
 495  TIP_765|2024-07-27     0.00%    passed    100.00%
 496  TIP_110|2024-07-19     0.00%    passed    100.00%
 497  TIP_155|2024-07-17     0.00%    passed    100.00%
 498  TIP_394|2024-06-28     0.00%    passed     99.99%
 499  TIP_744|2024-06-27     0.00%    passed     99.99%
 500  TIP_131|2024-07-24     0.00%    passed    100.00%
 501  TIP_206|2024-07-30     0.00%    passed    100.00%
 502  TIP_545|2024-07-23     0.00%    passed    100.00%
 503  TIP_364|2024-07-29     0.00%    passed     99.99%
 504  TIP_827|2024-07-14     0.00%    passed     99.98%
 505  TIP_723|2024-07-16     0.00%    passed     99.99%
 506  TIP_483|2024-07-27     0.00%    passed     99.99%
 507  TIP_460|2024-07-24     0.00%    passed     99.98%
 508  TIP_257|2024-07-08     0.00%    passed     99.99%
 509  TIP_586|2024-07-12     0.00%    passed     99.99%
 510  TIP_513|2024-07-27     0.00%    passed     99.99%
 511  TIP_231|2024-07-02     0.00%    passed    100.00%
 512  TIP_55|2024-07-07      0.00%    passed     99.99%
 513  TIP_710|2024-07-10     0.00%    passed     99.99%
 514  TIP_927|2024-07-08     0.00%    passed     99.99%
 515  TIP_955|2024-07-23     0.00%    passed    100.00%
 516  TIP_499|2024-07-21     0.00%    passed    100.00%
 517  TIP_987|2024-06-28     0.00%    passed    100.00%
 518  TIP_3|2024-07-29       0.00%    passed     99.99%
 519  TIP_696|2024-07-13     0.00%    passed     99.99%
 520  TIP_239|2024-07-19     0.00%    passed    100.00%
 521  TIP_127|2024-07-23     0.00%    passed    100.00%
 522  TIP_249|2024-07-23     0.00%    passed    100.00%
 523  TIP_137|2024-07-20     0.00%    passed    100.00%
 524  TIP_865|2024-07-28     0.00%    passed    100.00%
 525  TIP_210|2024-07-19     0.00%    passed    100.00%
 526  TIP_187|2024-05-10     0.00%    passed    100.00%
 527  TIP_472|2024-06-05     0.00%    passed    100.00%
 528  TIP_323|2024-06-15     0.00%    passed    100.00%
 529  TIP_198|2024-06-18     0.00%    passed    100.00%
 530  TIP_467|2024-06-12     0.00%    passed    100.00%
 531  TIP_78|2024-07-08      0.00%    passed    100.00%
 532  TIP_59|2024-06-05      0.00%    passed    100.00%
 533  TIP_54|2024-06-04      0.00%    passed    100.00%
 534  TIP_519|2024-06-22     0.00%    passed    100.00%
 535  TIP_785|2024-06-11     0.00%    passed    100.00%
 536  TIP_217|2024-05-30     0.00%    passed    100.00%
 537  TIP_139|2024-06-07     0.00%    passed    100.00%
 538  TIP_261|2024-06-22     0.00%    passed     99.99%
 539  TIP_601|2024-06-25     0.00%    passed     99.99%
 540  TIP_81|2024-06-24      0.00%    passed     99.99%
 541  TIP_700|2024-07-27     0.00%    passed     99.99%
 542  TIP_968|2024-07-29     0.00%    passed     99.99%
 543  TIP_751|2024-07-18     0.00%    passed     99.99%
 544  TIP_318|2024-07-30     0.00%    passed     99.99%
 545  TIP_69|2024-07-24      0.00%    passed     99.99%
 546  TIP_470|2024-07-18     0.00%    passed     99.99%
 547  TIP_625|2024-07-29     0.00%    passed     99.98%
 548  TIP_757|2024-07-20     0.00%    passed     99.98%
 549  TIP_770|2024-07-29     0.00%    passed     99.98%
 550  TIP_24|2024-07-18      0.00%    passed     99.98%
 551  TIP_199|2024-07-30     0.00%    passed     99.99%
 552  TIP_826|2024-07-24     0.00%    passed     99.99%
 553  TIP_534|2024-07-23     0.00%    passed     99.99%
 554  TIP_79|2024-07-28      0.00%    passed     99.99%
 555  TIP_894|2024-05-10     0.00%    passed    100.00%
 556  TIP_207|2024-05-14     0.00%    passed    100.00%
 557  TIP_948|2024-05-16     0.00%    passed    100.00%
 558  TIP_579|2024-05-14     0.00%    passed    100.00%
 559  TIP_223|2024-06-10     0.00%    passed    100.00%
 560  TIP_333|2024-06-24     0.00%    passed    100.00%
 561  TIP_959|2024-06-15     0.00%    passed    100.00%
 562  TIP_149|2024-06-20     0.00%    passed    100.00%
 563  TIP_985|2024-07-30     0.00%    passed    100.00%
 564  TIP_236|2024-06-24     0.00%    passed    100.00%
 565  TIP_184|2024-06-21     0.00%    passed    100.00%
 566  TIP_336|2024-06-26     0.00%    passed    100.00%
 567  TIP_278|2024-06-23     0.00%    passed    100.00%
 568  TIP_475|2024-07-05     0.00%    passed     99.99%
 569  TIP_517|2024-07-09     0.00%    passed     99.99%
 570  TIP_510|2024-07-28     0.00%    passed    100.00%
 571  TIP_491|2024-07-25     0.00%    passed    100.00%
 572  TIP_559|2024-07-19     0.00%    passed    100.00%
 573  TIP_222|2024-07-14     0.00%    passed    100.00%
 574  TIP_352|2024-07-22     0.00%    passed    100.00%
 575  TIP_305|2024-07-20     0.00%    passed    100.00%
 576  TIP_248|2024-06-06     0.00%    passed    100.00%
 577  TIP_634|2024-06-14     0.00%    passed     99.99%
 578  TIP_738|2024-07-08     0.00%    passed    100.00%
 579  TIP_97|2024-07-15      0.00%    passed    100.00%
 580  TIP_965|2024-07-28     0.00%    passed    100.00%
 581  TIP_881|2024-07-25     0.00%    passed     99.99%
 582  TIP_642|2024-07-27     0.00%    passed    100.00%
 583  TIP_562|2024-07-20     0.00%    passed    100.00%
 584  TIP_877|2024-07-16     0.00%    passed    100.00%
 585  TIP_464|2024-07-25     0.00%    passed    100.00%
 586  TIP_824|2024-07-28     0.00%    passed    100.00%
 587  TIP_859|2024-07-26     0.00%    passed    100.00%
 588  TIP_977|2024-06-22     0.00%    passed    100.00%
 589  TIP_453|2024-06-27     0.00%    passed    100.00%
 590  TIP_348|2024-06-09     0.00%    passed    100.00%
 591  TIP_548|2024-06-13     0.00%    passed    100.00%
 592  TIP_962|2024-06-09     0.00%    passed    100.00%
 593  TIP_547|2024-07-05     0.00%    passed    100.00%
 594  TIP_982|2024-07-11     0.00%    passed    100.00%
 595  TIP_111|2024-07-08     0.00%    passed    100.00%
 596  TIP_994|2024-07-07     0.00%    passed    100.00%
 597  TIP_809|2024-07-17     0.00%    passed    100.00%
 598  TIP_168|2024-07-26     0.00%    passed    100.00%
 599  TIP_843|2024-07-15     0.00%    passed    100.00%
 600  TIP_283|2024-06-21     0.00%    passed    100.00%
 601  TIP_739|2024-06-27     0.00%    passed    100.00%
 602  TIP_107|2024-07-20     0.00%    passed    100.00%
 603  TIP_462|2024-07-22     0.00%    passed    100.00%
 604  TIP_143|2024-07-06     0.00%    passed    100.00%
 605  TIP_309|2024-07-09     0.00%    passed    100.00%
 606  TIP_658|2024-07-17     0.00%    passed    100.00%
 607  TIP_390|2024-07-21     0.00%    passed    100.00%
 608  TIP_750|2024-07-20     0.00%    passed    100.00%
 609  TIP_402|2024-06-28     0.00%    passed    100.00%
 610  TIP_867|2024-07-14     0.00%    passed    100.00%
 611  TIP_279|2024-07-25     0.00%    passed     99.99%
 612  TIP_729|2024-07-05     0.00%    passed    100.00%
 613  TIP_406|2024-07-20     0.00%    passed    100.00%
 614  TIP_1|2024-07-15       0.00%    passed    100.00%
 615  TIP_410|2024-07-29     0.00%    passed    100.00%
 616  TIP_582|2024-07-22     0.00%    passed    100.00%
 617  TIP_717|2024-07-28     0.00%    passed    100.00%
 618  TIP_807|2024-07-28     0.00%    passed    100.00%
 619  TIP_275|2024-07-28     0.00%    passed    100.00%
 620  TIP_152|2024-03-09     0.00%    passed    100.00%
 621  TIP_468|2024-03-07     0.00%    passed    100.00%
 622  TIP_21|2024-03-27      0.00%    passed    100.00%
 623  TIP_162|2024-04-04     0.00%    passed    100.00%
 624  TIP_287|2024-04-11     0.00%    passed    100.00%
 625  TIP_617|2024-04-10     0.00%    passed    100.00%
 626  TIP_266|2024-05-03     0.00%    passed     99.99%
 627  TIP_476|2024-04-17     0.00%    passed    100.00%
 628  TIP_49|2024-04-11      0.00%    passed    100.00%
 629  TIP_392|2024-04-26     0.00%    passed    100.00%
 630  TIP_909|2024-04-22     0.00%    passed    100.00%
 631  TIP_178|2024-05-13     0.00%    passed    100.00%
 632  TIP_512|2024-05-11     0.00%    passed    100.00%
 633  TIP_815|2024-05-08     0.00%    passed    100.00%
 634  TIP_161|2024-05-14     0.00%    passed    100.00%
 635  TIP_180|2024-05-19     0.00%    passed    100.00%
 636  TIP_573|2024-05-15     0.00%    passed    100.00%
 637  TIP_167|2024-05-17     0.00%    passed    100.00%
 638  TIP_616|2024-05-27     0.00%    passed    100.00%
 639  TIP_133|2024-05-25     0.00%    passed    100.00%
 640  TIP_792|2024-04-01     0.00%    passed    100.00%
 641  TIP_34|2024-04-28      0.00%    passed    100.00%
 642  TIP_166|2024-04-22     0.00%    passed    100.00%
 643  TIP_494|2024-04-28     0.00%    passed    100.00%
 644  TIP_649|2024-05-08     0.00%    passed     99.99%
 645  TIP_425|2024-06-01     0.00%    passed    100.00%
 646  TIP_759|2024-05-26     0.00%    passed    100.00%
 647  TIP_511|2024-05-26     0.00%    passed    100.00%
 648  TIP_501|2024-05-23     0.00%    passed    100.00%
 649  TIP_306|2024-06-12     0.00%    passed     99.99%
 650  TIP_114|2024-07-01     0.00%    passed     99.98%
 651  TIP_400|2024-06-22     0.00%    passed     99.98%
 652  TIP_672|2024-06-27     0.00%    passed     99.98%
 653  TIP_567|2024-06-23     0.00%    passed     99.99%
 654  TIP_363|2024-06-22     0.00%    passed     99.99%
 655  TIP_240|2024-06-08     0.00%    passed    100.00%
 656  TIP_669|2024-06-15     0.00%    passed     99.99%
 657  TIP_203|2024-06-21     0.00%    passed     99.99%
 658  TIP_654|2024-06-26     0.00%    passed     99.99%
 659  TIP_307|2024-06-26     0.00%    passed     99.99%
 660  TIP_535|2024-07-18     0.00%    passed     99.99%
 661  TIP_424|2024-07-24     0.00%    passed     99.99%
 662  TIP_907|2024-07-29     0.00%    passed     99.99%
 663  TIP_820|2024-07-25     0.00%    passed    100.00%
 664  TIP_797|2024-07-21     0.00%    passed     99.99%
 665  TIP_892|2024-07-25     0.00%    passed     99.99%
 666  TIP_158|2024-07-26     0.00%    passed     99.99%
 667  TIP_553|2024-07-28     0.00%    passed     99.99%
 668  TIP_368|2024-07-27     0.00%    passed     99.99%
 669  TIP_433|2024-03-31     0.00%    passed    100.00%
 670  TIP_784|2024-04-02     0.00%    passed    100.00%
 671  TIP_288|2024-04-22     0.00%    passed    100.00%
 672  TIP_926|2024-04-26     0.00%    passed    100.00%
 673  TIP_976|2024-04-15     0.00%    passed    100.00%
 674  TIP_489|2024-04-25     0.00%    passed    100.00%
 675  TIP_756|2024-04-20     0.00%    passed    100.00%
 676  TIP_685|2024-05-05     0.00%    passed    100.00%
 677  TIP_437|2024-04-30     0.00%    passed    100.00%
 678  TIP_931|2024-05-05     0.00%    passed    100.00%
 679  TIP_284|2024-05-03     0.00%    passed    100.00%
 680  TIP_35|2024-06-09      0.00%    passed     99.99%
 681  TIP_338|2024-06-02     0.00%    passed    100.00%
 682  TIP_715|2024-06-12     0.00%    passed     99.99%
 683  TIP_656|2024-06-19     0.00%    passed     99.99%
 684  TIP_936|2024-06-30     0.00%    passed     99.99%
 685  TIP_209|2024-07-22     0.00%    passed     99.99%
 686  TIP_690|2024-07-03     0.00%    passed     99.99%
 687  TIP_754|2024-06-27     0.00%    passed     99.99%
 688  TIP_173|2024-07-03     0.00%    passed     99.99%
 689  TIP_281|2024-07-15     0.00%    passed     99.98%
 690  TIP_841|2024-06-21     0.00%    passed    100.00%
 691  TIP_662|2024-06-29     0.00%    passed     99.99%
 692  TIP_320|2024-06-26     0.00%    passed    100.00%
 693  TIP_908|2024-06-26     0.00%    passed    100.00%
 694  TIP_165|2024-06-25     0.00%    passed     99.99%
 695  TIP_90|2024-06-30      0.00%    passed     99.99%
 696  TIP_611|2024-07-27     0.00%    passed    100.00%
 697  TIP_957|2024-07-30     0.00%    passed     99.99%
 698  TIP_589|2024-07-09     0.00%    passed    100.00%
 699  TIP_775|2024-06-30     0.00%    passed     99.99%
 700  TIP_990|2024-06-15     0.00%    passed     99.99%
 701  TIP_597|2024-06-29     0.00%    passed     99.99%
 702  TIP_666|2024-06-26     0.00%    passed     99.99%
 703  TIP_755|2024-06-05     0.00%    passed     99.99%
 704  TIP_555|2024-06-15     0.00%    passed    100.00%
 705  TIP_896|2024-06-17     0.00%    passed    100.00%
 706  TIP_835|2024-07-08     0.00%    passed    100.00%
 707  TIP_743|2024-07-05     0.00%    passed    100.00%
 708  TIP_694|2024-07-17     0.00%    passed    100.00%
 709  TIP_872|2024-07-13     0.00%    passed    100.00%
 710  TIP_135|2024-07-10     0.00%    passed    100.00%
 711  TIP_388|2024-07-09     0.00%    passed    100.00%
 712  TIP_503|2024-07-25     0.00%    passed    100.00%
 713  TIP_461|2024-07-11     0.00%    passed    100.00%
 714  TIP_878|2024-07-08     0.00%    passed    100.00%
 715  TIP_190|2024-06-08     0.00%    passed     99.99%
 716  TIP_594|2024-06-11     0.00%    passed     99.99%
 717  TIP_229|2024-06-14     0.00%    passed     99.99%
 718  TIP_311|2024-07-01     0.00%    passed     99.99%
 719  TIP_708|2024-06-26     0.00%    passed    100.00%
 720  TIP_623|2024-06-27     0.00%    passed    100.00%
 721  TIP_129|2024-06-27     0.00%    passed     99.99%
 722  TIP_37|2024-07-17      0.00%    passed     99.99%
 723  TIP_727|2024-07-18     0.00%    passed     99.99%
 724  TIP_763|2024-07-22     0.00%    passed     99.99%
 725  TIP_286|2024-07-15     0.00%    passed     99.98%
 726  TIP_308|2024-07-20     0.00%    passed     99.99%
 727  TIP_686|2024-07-23     0.00%    passed     99.99%
 728  TIP_295|2024-07-17     0.00%    passed     99.99%
 729  TIP_967|2024-07-23     0.00%    passed     99.99%
 730  TIP_606|2024-06-21     0.00%    passed     99.99%
 731  TIP_923|2024-06-25     0.00%    passed    100.00%
 732  TIP_375|2024-06-30     0.00%    passed     99.99%
 733  TIP_13|2024-06-27      0.00%    passed     99.99%
 734  TIP_695|2024-07-09     0.00%    passed     99.99%
 735  TIP_795|2024-07-09     0.00%    passed     99.99%
 736  TIP_919|2024-07-18     0.00%    passed     99.99%
 737  TIP_17|2024-07-26      0.00%    passed     99.99%
 738  TIP_993|2024-07-25     0.00%    passed     99.99%
 739  TIP_277|2024-06-19     0.00%    passed     99.99%
 740  TIP_934|2024-06-29     0.00%    passed     99.99%
 741  TIP_119|2024-07-02     0.00%    passed     99.99%
 742  TIP_140|2024-07-07     0.00%    passed     99.99%
 743  TIP_113|2024-07-04     0.00%    passed     99.99%
 744  TIP_772|2024-07-22     0.00%    passed     99.99%
 745  TIP_992|2024-07-11     0.00%    passed    100.00%
 746  TIP_77|2024-07-23      0.00%    passed     99.99%
 747  TIP_870|2024-07-29     0.00%    passed     99.99%
 748  TIP_347|2024-07-14     0.00%    passed     99.99%
 749  TIP_343|2024-07-27     0.00%    passed     99.98%
 750  TIP_50|2024-07-01      0.00%    passed     99.99%
 751  TIP_603|2024-07-18     0.00%    passed     99.99%
 752  TIP_788|2024-07-13     0.00%    passed    100.00%
 753  TIP_204|2024-07-27     0.00%    passed    100.00%
 754  TIP_91|2024-07-22      0.00%    passed    100.00%
 755  TIP_882|2024-06-28     0.00%    passed     99.99%
 756  TIP_153|2024-07-02     0.00%    passed     99.99%
 757  TIP_355|2024-07-20     0.00%    passed     99.98%
 758  TIP_842|2024-07-27     0.00%    passed     99.99%
 759  TIP_469|2024-07-26     0.00%    passed    100.00%
 760  TIP_246|2024-07-17     0.00%    passed     99.99%
 761  TIP_868|2024-07-22     0.00%    passed     99.99%
 762  TIP_268|2024-07-27     0.00%    passed     99.98%
 763  TIP_430|2024-07-27     0.00%    passed     99.99%
 764  TIP_102|2024-07-28     0.00%    passed     99.99%
 765  TIP_427|2024-07-24     0.00%    passed     99.99%
 766  TIP_852|2024-04-22     0.00%    passed    100.00%
 767  TIP_933|2024-05-02     0.00%    passed    100.00%
 768  TIP_160|2024-05-01     0.00%    passed    100.00%
 769  TIP_188|2024-05-14     0.00%    passed    100.00%
 770  TIP_523|2024-05-17     0.00%    passed    100.00%
 771  TIP_293|2024-05-15     0.00%    passed    100.00%
 772  TIP_449|2024-06-05     0.00%    passed     99.99%
 773  TIP_505|2024-05-30     0.00%    passed    100.00%
 774  TIP_177|2024-05-10     0.00%    passed    100.00%
 775  TIP_565|2024-05-22     0.00%    passed    100.00%
 776  TIP_639|2024-05-20     0.00%    passed    100.00%
 777  TIP_595|2024-05-24     0.00%    passed    100.00%
 778  TIP_247|2024-05-21     0.00%    passed    100.00%
 779  TIP_372|2024-06-09     0.00%    passed    100.00%
 780  TIP_604|2024-06-12     0.00%    passed    100.00%
 781  TIP_917|2024-06-12     0.00%    passed     99.99%
 782  TIP_243|2024-06-02     0.00%    passed    100.00%
 783  TIP_889|2024-06-02     0.00%    passed    100.00%
 784  TIP_186|2024-06-09     0.00%    passed    100.00%
 785  TIP_9|2024-06-08       0.00%    passed    100.00%
 786  TIP_465|2024-06-17     0.00%    passed    100.00%
 787  TIP_544|2024-06-16     0.00%    passed    100.00%
 788  TIP_419|2024-06-10     0.00%    passed     99.99%
 789  TIP_592|2024-06-11     0.00%    passed     99.99%
 790  TIP_805|2024-06-01     0.00%    passed    100.00%
 791  TIP_435|2024-06-12     0.00%    passed    100.00%
 792  TIP_122|2024-07-08     0.00%    passed     99.99%
 793  TIP_366|2024-06-25     0.00%    passed    100.00%
 794  TIP_8|2024-06-27       0.00%    passed    100.00%
 795  TIP_154|2024-06-20     0.00%    passed     99.99%
 796  TIP_451|2024-07-10     0.00%    passed     99.99%
 797  TIP_105|2024-07-18     0.00%    passed     99.99%
 798  TIP_83|2024-07-17      0.00%    passed     99.99%
 799  TIP_515|2024-07-15     0.00%    passed     99.99%
 800  TIP_31|2024-07-26      0.00%    passed     99.96%
 801  TIP_130|2024-07-26     0.00%    passed     99.98%
 802  TIP_944|2024-07-25     0.00%    passed     99.98%
 803  TIP_564|2024-05-12     0.00%    passed    100.00%
 804  TIP_58|2024-05-20      0.00%    passed    100.00%
 805  TIP_761|2024-06-11     0.00%    passed     99.99%
 806  TIP_899|2024-06-11     0.00%    passed     99.99%
 807  TIP_618|2024-06-04     0.00%    passed    100.00%
 808  TIP_357|2024-06-04     0.00%    passed    100.00%
 809  TIP_950|2024-06-12     0.00%    passed    100.00%
 810  TIP_301|2024-06-25     0.00%    passed    100.00%
 811  TIP_150|2024-06-15     0.00%    passed    100.00%
 812  TIP_974|2024-07-08     0.00%    passed    100.00%
 813  TIP_228|2024-07-04     0.00%    passed    100.00%
 814  TIP_591|2024-06-12     0.00%    passed    100.00%
 815  TIP_232|2024-06-21     0.00%    passed    100.00%
 816  TIP_230|2024-07-07     0.00%    passed    100.00%
 817  TIP_584|2024-07-15     0.00%    passed     99.99%
 818  TIP_897|2024-05-26     0.00%    passed    100.00%
 819  TIP_322|2024-06-05     0.00%    passed    100.00%
 820  TIP_471|2024-06-08     0.00%    passed    100.00%
 821  TIP_832|2024-06-11     0.00%    passed    100.00%
 822  TIP_145|2024-06-22     0.00%    passed    100.00%
 823  TIP_718|2024-06-26     0.00%    passed    100.00%
 824  TIP_63|2024-07-07      0.00%    passed    100.00%
 825  TIP_725|2024-07-11     0.00%    passed     99.99%
 826  TIP_570|2024-07-09     0.00%    passed     99.99%
 827  TIP_724|2024-07-14     0.00%    passed     99.99%
 828  TIP_571|2024-07-20     0.00%    passed     99.99%
 829  TIP_205|2024-07-27     0.00%    passed     99.99%
 830  TIP_740|2024-07-25     0.00%    passed     99.98%
 831  TIP_120|2024-07-20     0.00%    passed     99.99%
 832  TIP_27|2024-07-25      0.00%    passed     99.98%
 833  TIP_176|2024-07-25     0.00%    passed     99.99%
 834  TIP_925|2024-07-25     0.00%    passed     99.99%
 835  TIP_541|2024-07-02     0.00%    passed    100.00%
 836  TIP_540|2024-07-05     0.00%    passed    100.00%
 837  TIP_733|2024-07-20     0.00%    passed    100.00%
 838  TIP_734|2024-07-26     0.00%    passed    100.00%
 839  TIP_585|2024-07-26     0.00%    passed    100.00%
 840  TIP_507|2024-07-27     0.00%    passed    100.00%
 841  TIP_527|2024-07-16     0.00%    passed    100.00%
 842  TIP_235|2024-07-26     0.00%    passed    100.00%
 843  TIP_854|2024-07-21     0.00%    passed    100.00%
 844  TIP_151|2024-07-29     0.00%    passed     99.99%
 845  TIP_904|2024-07-21     0.00%    passed     99.99%
 846  TIP_846|2024-07-22     0.00%    passed    100.00%
 847  TIP_915|2024-07-25     0.00%    passed    100.00%
 848  TIP_971|2024-05-14     0.00%    passed    100.00%
 849  TIP_914|2024-05-16     0.00%    passed    100.00%
 850  TIP_448|2024-05-16     0.00%    passed    100.00%
 851  TIP_445|2024-06-06     0.00%    passed     99.99%
 852  TIP_493|2024-06-05     0.00%    passed    100.00%
 853  TIP_840|2024-05-17     0.00%    passed    100.00%
 854  TIP_791|2024-06-03     0.00%    passed    100.00%
 855  TIP_227|2024-06-08     0.00%    passed    100.00%
 856  TIP_85|2024-06-11      0.00%    passed    100.00%
 857  TIP_989|2024-06-06     0.00%    passed    100.00%
 858  TIP_382|2024-06-04     0.00%    passed    100.00%
 859  TIP_193|2024-06-16     0.00%    passed    100.00%
 860  TIP_20|2024-06-29      0.00%    passed    100.00%
 861  TIP_651|2024-06-26     0.00%    passed    100.00%
 862  TIP_731|2024-06-08     0.00%    passed    100.00%
 863  TIP_182|2024-06-09     0.00%    passed    100.00%
 864  TIP_71|2024-06-19      0.00%    passed    100.00%
 865  TIP_647|2024-06-15     0.00%    passed    100.00%
 866  TIP_263|2024-06-10     0.00%    passed    100.00%
 867  TIP_900|2024-06-26     0.00%    passed    100.00%
 868  TIP_678|2024-06-30     0.00%    passed    100.00%
 869  TIP_753|2024-07-04     0.00%    passed    100.00%
 870  TIP_998|2024-07-06     0.00%    passed    100.00%
 871  TIP_423|2024-06-28     0.00%    passed    100.00%
 872  TIP_44|2024-07-03      0.00%    passed    100.00%
 873  TIP_509|2024-07-08     0.00%    passed    100.00%
 874  TIP_687|2024-07-05     0.00%    passed    100.00%
 875  TIP_498|2024-07-26     0.00%    passed    100.00%
 876  TIP_421|2024-07-17     0.00%    passed    100.00%
 877  TIP_902|2024-07-19     0.00%    passed    100.00%
 878  TIP_327|2024-07-25     0.00%    passed    100.00%
 879  TIP_533|2024-07-25     0.00%    passed    100.00%
 880  TIP_385|2024-07-29     0.00%    passed    100.00%
 881  TIP_370|2024-07-24     0.00%    passed    100.00%
 882  TIP_39|2024-07-26      0.00%    passed     99.98%
 883  TIP_73|2024-07-17      0.00%    passed    100.00%
 884  TIP_68|2024-07-25      0.00%    passed    100.00%
 885  TIP_681|2024-07-30     0.00%    passed    100.00%
 886  TIP_5|2024-07-26       0.00%    passed    100.00%
 887  TIP_192|2024-07-13     0.00%    passed     99.99%
 888  TIP_600|2024-07-13     0.00%    passed     99.99%
 889  TIP_762|2024-07-22     0.00%    passed     99.99%
 890  TIP_996|2024-07-29     0.00%    passed     99.99%
 891  TIP_115|2024-07-23     0.00%    passed     99.99%
 892  TIP_818|2024-05-25     0.00%    passed    100.00%
 893  TIP_251|2024-06-07     0.00%    passed    100.00%
 894  TIP_116|2024-06-14     0.00%    passed    100.00%
 895  TIP_632|2024-06-16     0.00%    passed    100.00%
 896  TIP_506|2024-06-15     0.00%    passed    100.00%
 897  TIP_938|2024-06-11     0.00%    passed    100.00%
 898  TIP_444|2024-06-18     0.00%    passed    100.00%
 899  TIP_302|2024-06-28     0.00%    passed    100.00%
 900  TIP_480|2024-07-11     0.00%    passed    100.00%
 901  TIP_532|2024-06-30     0.00%    passed    100.00%
 902  TIP_829|2024-07-21     0.00%    passed    100.00%
 903  TIP_937|2024-07-06     0.00%    passed    100.00%
 904  TIP_508|2024-07-19     0.00%    passed    100.00%
 905  TIP_703|2024-07-24     0.00%    passed    100.00%
 906  TIP_264|2024-07-30     0.00%    passed     99.99%
 907  TIP_118|2024-07-29     0.00%    passed    100.00%
 908  TIP_964|2024-06-30     0.00%    passed     99.99%
 909  TIP_885|2024-07-04     0.00%    passed    100.00%
 910  TIP_783|2024-07-03     0.00%    passed    100.00%
 911  TIP_258|2024-07-12     0.00%    passed    100.00%
 912  TIP_918|2024-06-20     0.00%    passed    100.00%
 913  TIP_895|2024-07-06     0.00%    passed    100.00%
 914  TIP_837|2024-07-28     0.00%    passed    100.00%
 915  TIP_602|2024-07-27     0.00%    passed     99.99%
 916  TIP_661|2024-07-23     0.00%    passed    100.00%
 917  TIP_72|2024-06-28      0.00%    passed    100.00%
 918  TIP_671|2024-07-06     0.00%    passed    100.00%
 919  TIP_450|2024-07-05     0.00%    passed    100.00%
 920  TIP_407|2024-07-10     0.00%    passed    100.00%
 921  TIP_398|2024-07-26     0.00%    passed     99.98%
 922  TIP_46|2024-07-26      0.00%    passed     99.99%
 923  TIP_290|2024-07-07     0.00%    passed     99.99%
 924  TIP_539|2024-07-17     0.00%    passed     99.99%
 925  TIP_442|2024-07-24     0.00%    passed     99.99%
 926  TIP_267|2024-07-30     0.00%    passed     99.99%
 927  TIP_32|2024-07-27      0.00%    passed     99.99%
 928  TIP_194|2024-07-30     0.00%    passed    100.00%
 929  TIP_95|2024-07-27      0.00%    passed    100.00%
 930  TIP_873|2024-07-28     0.00%    passed    100.00%
 931  TIP_858|2024-07-30     0.00%    passed    100.00%
 932  TIP_939|2024-07-29     0.00%    passed    100.00%
 933  TIP_195|2024-06-29     0.00%    passed    100.00%
 934  TIP_736|2024-07-28     0.00%    passed    100.00%
 935  TIP_196|2024-07-26     0.00%    passed    100.00%
 936  TIP_522|2024-07-29     0.00%    passed    100.00%
 937  TIP_922|2024-07-10     0.00%    passed    100.00%
 938  TIP_356|2024-07-08     0.00%    passed    100.00%
 939  TIP_125|2024-07-01     0.00%    passed    100.00%
 940  TIP_883|2024-07-11     0.00%    passed     99.99%
 941  TIP_794|2024-07-29     0.00%    passed    100.00%
 942  TIP_413|2024-07-27     0.00%    passed    100.00%
 943  TIP_373|2024-06-07     0.00%    passed    100.00%
 944  TIP_945|2024-06-16     0.00%    passed    100.00%
 945  TIP_714|2024-06-24     0.00%    passed    100.00%
 946  TIP_502|2024-07-03     0.00%    passed    100.00%
 947  TIP_853|2024-07-08     0.00%    passed    100.00%
 948  TIP_495|2024-07-15     0.00%    passed     99.99%
 949  TIP_22|2024-07-30      0.00%    passed     99.98%
 950  TIP_845|2024-07-22     0.00%    passed     99.98%
 951  TIP_692|2024-07-08     0.00%    passed    100.00%
 952  TIP_25|2024-06-24      0.00%    passed    100.00%
 953  TIP_940|2024-07-10     0.00%    passed    100.00%
 954  TIP_179|2024-07-21     0.00%    passed    100.00%
 955  TIP_706|2024-07-16     0.00%    passed    100.00%
 956  TIP_369|2024-07-23     0.00%    passed    100.00%
 957  TIP_121|2024-07-17     0.00%    passed    100.00%
 958  TIP_156|2024-07-17     0.00%    passed    100.00%
 959  TIP_497|2024-07-24     0.00%    passed    100.00%
 960  TIP_312|2024-07-20     0.00%    passed    100.00%
 961  TIP_542|2024-07-27     0.00%    passed    100.00%
 962  TIP_359|2024-07-28     0.00%    passed    100.00%
 963  TIP_780|2024-06-22     0.00%    passed    100.00%
 964  TIP_292|2024-07-08     0.00%    passed    100.00%
 965  TIP_361|2024-07-22     0.00%    passed    100.00%
 966  TIP_422|2024-07-25     0.00%    passed    100.00%
 967  TIP_862|2024-06-23     0.00%    passed    100.00%
 968  TIP_668|2024-06-22     0.00%    passed    100.00%
 969  TIP_387|2024-06-26     0.00%    passed    100.00%
 970  TIP_342|2024-07-05     0.00%    passed    100.00%
 971  TIP_960|2024-07-02     0.00%    passed    100.00%
 972  TIP_869|2024-07-09     0.00%    passed    100.00%
 973  TIP_557|2024-07-30     0.00%    passed    100.00%
 974  TIP_353|2024-07-21     0.00%    passed    100.00%
 975  TIP_631|2024-07-24     0.00%    passed    100.00%
 976  TIP_299|2024-07-15     0.00%    passed    100.00%
 977  TIP_866|2024-07-25     0.00%    passed    100.00%
 978  TIP_773|2024-07-22     0.00%    passed    100.00%
 979  TIP_88|2024-07-08      0.00%    passed    100.00%
 980  TIP_680|2024-07-02     0.00%    passed    100.00%
 981  TIP_697|2024-06-30     0.00%    passed    100.00%
 982  TIP_324|2024-06-30     0.00%    passed    100.00%
 983  TIP_664|2024-07-13     0.00%    passed    100.00%
 984  TIP_443|2024-07-26     0.00%    passed    100.00%
 985  TIP_834|2024-07-28     0.00%    passed    100.00%
 986  TIP_657|2024-07-20     0.00%    passed     99.99%
 987  TIP_823|2024-07-19     0.00%    passed    100.00%
 988  TIP_325|2024-07-26     0.00%    passed    100.00%
 989  TIP_10|2024-07-24      0.00%    passed    100.00%
 990  TIP_836|2024-06-28     0.00%    passed    100.00%
 991  TIP_265|2024-06-28     0.00%    passed    100.00%
 992  TIP_735|2024-07-15     0.00%    passed    100.00%
 993  TIP_848|2024-07-09     0.00%    passed    100.00%
 994  TIP_793|2024-07-11     0.00%    passed    100.00%
 995  TIP_260|2024-07-16     0.00%    passed     99.99%
 996  TIP_518|2024-07-15     0.00%    passed    100.00%
 997  TIP_711|2024-06-28     0.00%    passed    100.00%
 998  TIP_615|2024-07-07     0.00%    passed    100.00%
 999  TIP_57|2024-07-01      0.00%    passed    100.00%
1000  TIP_758|2024-06-30     0.00%    passed    100.00%
****  TOTAL                  0.00%  0 sequences failed composition chi2 test (p-value<5%; df=3)
NOTE: TIP_673|2024-01-28 is identical to TIP_142|2024-01-20 but kept for subsequent analysis
NOTE: TIP_250|2024-01-30 is identical to TIP_676|2024-01-14 but kept for subsequent analysis
NOTE: TIP_219|2024-02-29 is identical to TIP_33|2024-02-24 but kept for subsequent analysis
NOTE: TIP_378|2024-03-27 is identical to TIP_951|2024-03-25 but kept for subsequent analysis
NOTE: TIP_354|2024-04-16 is identical to TIP_174|2024-04-07 but kept for subsequent analysis
NOTE: TIP_380|2024-06-29 is identical to TIP_999|2024-06-09 but kept for subsequent analysis
NOTE: TIP_7|2024-04-07 is identical to TIP_978|2024-03-26 but kept for subsequent analysis
NOTE: TIP_87|2024-06-03 is identical to TIP_349|2024-05-20 but kept for subsequent analysis
NOTE: TIP_134|2024-07-15 is identical to TIP_303|2024-06-30 but kept for subsequent analysis
NOTE: TIP_482|2024-07-24 is identical to TIP_887|2024-07-27 but kept for subsequent analysis
NOTE: TIP_432|2024-07-02 is identical to TIP_769|2024-06-22 but kept for subsequent analysis
NOTE: TIP_486|2024-06-19 is identical to TIP_844|2024-05-25 but kept for subsequent analysis
NOTE: TIP_93|2024-07-13 is identical to TIP_856|2024-07-12 but kept for subsequent analysis
NOTE: TIP_552|2024-07-29 is identical to TIP_244|2024-07-19 but kept for subsequent analysis
NOTE: TIP_949|2024-06-10 is identical to TIP_350|2024-06-09 but kept for subsequent analysis
NOTE: TIP_479|2024-07-22 is identical to TIP_473|2024-07-28 but kept for subsequent analysis
NOTE: TIP_716|2024-06-21 is identical to TIP_975|2024-06-12 but kept for subsequent analysis
NOTE: TIP_546|2024-06-29 is identical to TIP_538|2024-07-01 but kept for subsequent analysis
NOTE: TIP_526|2024-07-04 is identical to TIP_828|2024-07-03 but kept for subsequent analysis
NOTE: TIP_536|2024-07-20 is identical to TIP_213|2024-07-29 but kept for subsequent analysis
NOTE: TIP_663|2024-07-25 is identical to TIP_321|2024-07-16 but kept for subsequent analysis
NOTE: TIP_310|2024-07-15 is identical to TIP_159|2024-07-28 but kept for subsequent analysis
NOTE: TIP_454|2024-06-26 is identical to TIP_880|2024-06-28 but kept for subsequent analysis
NOTE: TIP_384|2024-07-02 is identical to TIP_74|2024-07-18 but kept for subsequent analysis
NOTE: TIP_981|2024-06-23 is identical to TIP_98|2024-06-23 but kept for subsequent analysis
NOTE: TIP_614|2024-07-10 is identical to TIP_747|2024-07-05 but kept for subsequent analysis
NOTE: TIP_316|2024-07-02 is identical to TIP_75|2024-07-01 but kept for subsequent analysis
NOTE: TIP_1000|2024-07-29 is identical to TIP_520|2024-07-22 but kept for subsequent analysis
NOTE: TIP_593|2024-07-15 is identical to TIP_590|2024-07-16 but kept for subsequent analysis
NOTE: TIP_109|2024-07-22 is identical to TIP_381|2024-07-29 but kept for subsequent analysis
NOTE: TIP_80|2024-04-22 is identical to TIP_786|2024-04-22 but kept for subsequent analysis
NOTE: TIP_804|2024-05-15 is identical to TIP_132|2024-05-11 but kept for subsequent analysis
NOTE: TIP_983|2024-04-22 is identical to TIP_100|2024-04-11 but kept for subsequent analysis
NOTE: TIP_224|2024-06-30 is identical to TIP_112|2024-07-04 but kept for subsequent analysis
NOTE: TIP_871|2024-07-25 is identical to TIP_28|2024-07-15 but kept for subsequent analysis
NOTE: TIP_810|2024-07-26 is identical to TIP_969|2024-07-17 but kept for subsequent analysis
NOTE: TIP_147|2024-07-27 is identical to TIP_626|2024-07-30 but kept for subsequent analysis
NOTE: TIP_921|2024-07-10 is identical to TIP_746|2024-07-16 but kept for subsequent analysis
NOTE: TIP_426|2024-07-16 is identical to TIP_383|2024-06-28 but kept for subsequent analysis
NOTE: TIP_930|2024-06-29 is identical to TIP_128|2024-06-19 but kept for subsequent analysis
NOTE: TIP_271|2024-07-24 is identical to TIP_439|2024-07-28 but kept for subsequent analysis
NOTE: TIP_411|2024-07-07 is identical to TIP_455|2024-06-25 but kept for subsequent analysis
NOTE: TIP_397|2024-07-10 is identical to TIP_891|2024-07-10 but kept for subsequent analysis
NOTE: TIP_943|2024-05-15 is identical to TIP_621|2024-04-28 but kept for subsequent analysis
NOTE: TIP_528|2024-06-27 is identical to TIP_911|2024-06-28 but kept for subsequent analysis
NOTE: TIP_563|2024-05-30 is identical to TIP_377|2024-06-01 but kept for subsequent analysis
NOTE: TIP_813|2024-06-28 is identical to TIP_254|2024-06-14 but kept for subsequent analysis
NOTE: TIP_76|2024-06-29 is identical to TIP_645|2024-07-16 but kept for subsequent analysis
NOTE: TIP_699|2024-07-29 is identical to TIP_995|2024-07-30 but kept for subsequent analysis
NOTE: TIP_40|2024-05-30 is identical to TIP_214|2024-05-26 but kept for subsequent analysis
NOTE: TIP_898|2024-07-04 is identical to TIP_577|2024-07-05 but kept for subsequent analysis
NOTE: TIP_274|2024-06-14 is identical to TIP_864|2024-06-06 but kept for subsequent analysis
NOTE: TIP_800|2024-07-12 is identical to TIP_637|2024-06-29 but kept for subsequent analysis
NOTE: TIP_745|2024-07-18 is identical to TIP_776|2024-07-26 but kept for subsequent analysis
NOTE: TIP_332|2024-07-18 is identical to TIP_973|2024-07-04 but kept for subsequent analysis
NOTE: TIP_596|2024-07-21 is identical to TIP_689|2024-07-23 but kept for subsequent analysis
NOTE: TIP_620|2024-06-25 is identical to TIP_650|2024-06-23 but kept for subsequent analysis
NOTE: TIP_682|2024-06-30 is identical to TIP_838|2024-06-26 but kept for subsequent analysis
NOTE: TIP_414|2024-07-29 is identical to TIP_458|2024-07-30 but kept for subsequent analysis
NOTE: TIP_946|2024-07-30 is identical to TIP_259|2024-07-30 but kept for subsequent analysis
NOTE: TIP_42|2024-03-12 is identical to TIP_215|2024-03-25 but kept for subsequent analysis
NOTE: TIP_339|2024-05-05 is identical to TIP_362|2024-04-28 but kept for subsequent analysis
NOTE: TIP_749|2024-05-03 is identical to TIP_331|2024-05-07 but kept for subsequent analysis
NOTE: TIP_628|2024-05-20 is identical to TIP_524|2024-05-18 but kept for subsequent analysis
NOTE: TIP_92|2024-06-18 is identical to TIP_289|2024-07-02 but kept for subsequent analysis
NOTE: TIP_583|2024-05-25 is identical to TIP_558|2024-05-21 but kept for subsequent analysis
NOTE: TIP_317|2024-06-13 is identical to TIP_997|2024-05-16 but kept for subsequent analysis
NOTE: TIP_175|2024-06-25 is identical to TIP_189|2024-06-23 but kept for subsequent analysis
NOTE: TIP_777|2024-07-11 is identical to TIP_56|2024-07-10 but kept for subsequent analysis
NOTE: TIP_707|2024-06-18 is identical to TIP_833|2024-06-21 but kept for subsequent analysis
NOTE: TIP_155|2024-07-17 is identical to TIP_110|2024-07-19 but kept for subsequent analysis
NOTE: TIP_744|2024-06-27 is identical to TIP_394|2024-06-28 but kept for subsequent analysis
NOTE: TIP_545|2024-07-23 is identical to TIP_206|2024-07-30 but kept for subsequent analysis
NOTE: TIP_513|2024-07-27 is identical to TIP_586|2024-07-12 but kept for subsequent analysis
NOTE: TIP_499|2024-07-21 is identical to TIP_955|2024-07-23 but kept for subsequent analysis
NOTE: TIP_696|2024-07-13 is identical to TIP_3|2024-07-29 but kept for subsequent analysis
NOTE: TIP_217|2024-05-30 is identical to TIP_187|2024-05-10 but kept for subsequent analysis
NOTE: TIP_59|2024-06-05 is identical to TIP_472|2024-06-05 but kept for subsequent analysis
NOTE: TIP_467|2024-06-12 is identical to TIP_198|2024-06-18 but kept for subsequent analysis
NOTE: TIP_601|2024-06-25 is identical to TIP_261|2024-06-22 but kept for subsequent analysis
NOTE: TIP_968|2024-07-29 is identical to TIP_700|2024-07-27 but kept for subsequent analysis
NOTE: TIP_757|2024-07-20 is identical to TIP_625|2024-07-29 but kept for subsequent analysis
NOTE: TIP_959|2024-06-15 is identical to TIP_223|2024-06-10 but kept for subsequent analysis
NOTE: TIP_517|2024-07-09 is identical to TIP_475|2024-07-05 but kept for subsequent analysis
NOTE: TIP_222|2024-07-14 is identical to TIP_559|2024-07-19 but kept for subsequent analysis
NOTE: TIP_738|2024-07-08 is identical to TIP_248|2024-06-06 but kept for subsequent analysis
NOTE: TIP_464|2024-07-25 is identical to TIP_877|2024-07-16 but kept for subsequent analysis
NOTE: TIP_859|2024-07-26 is identical to TIP_824|2024-07-28 but kept for subsequent analysis
NOTE: TIP_962|2024-06-09 is identical to TIP_548|2024-06-13 but kept for subsequent analysis
NOTE: TIP_111|2024-07-08 is identical to TIP_982|2024-07-11 but kept for subsequent analysis
NOTE: TIP_462|2024-07-22 is identical to TIP_107|2024-07-20 but kept for subsequent analysis
NOTE: TIP_390|2024-07-21 is identical to TIP_658|2024-07-17 but kept for subsequent analysis
NOTE: TIP_406|2024-07-20 is identical to TIP_729|2024-07-05 but kept for subsequent analysis
NOTE: TIP_468|2024-03-07 is identical to TIP_152|2024-03-09 but kept for subsequent analysis
NOTE: TIP_400|2024-06-22 is identical to TIP_114|2024-07-01 but kept for subsequent analysis
NOTE: TIP_363|2024-06-22 is identical to TIP_567|2024-06-23 but kept for subsequent analysis
NOTE: TIP_654|2024-06-26 is identical to TIP_203|2024-06-21 but kept for subsequent analysis
NOTE: TIP_797|2024-07-21 is identical to TIP_907|2024-07-29 but kept for subsequent analysis
NOTE: TIP_976|2024-04-15 is identical to TIP_926|2024-04-26 but kept for subsequent analysis
NOTE: TIP_437|2024-04-30 is identical to TIP_685|2024-05-05 but kept for subsequent analysis
NOTE: TIP_173|2024-07-03 is identical to TIP_715|2024-06-12 but kept for subsequent analysis
NOTE: TIP_936|2024-06-30 is identical to TIP_656|2024-06-19 but kept for subsequent analysis
NOTE: TIP_908|2024-06-26 is identical to TIP_320|2024-06-26 but kept for subsequent analysis
NOTE: TIP_666|2024-06-26 is identical to TIP_990|2024-06-15 but kept for subsequent analysis
NOTE: TIP_503|2024-07-25 is identical to TIP_872|2024-07-13 but kept for subsequent analysis
NOTE: TIP_388|2024-07-09 is identical to TIP_135|2024-07-10 but kept for subsequent analysis
NOTE: TIP_229|2024-06-14 is identical to TIP_594|2024-06-11 but kept for subsequent analysis
NOTE: TIP_727|2024-07-18 is identical to TIP_37|2024-07-17 but kept for subsequent analysis
NOTE: TIP_13|2024-06-27 is identical to TIP_375|2024-06-30 but kept for subsequent analysis
NOTE: TIP_795|2024-07-09 is identical to TIP_695|2024-07-09 but kept for subsequent analysis
NOTE: TIP_204|2024-07-27 is identical to TIP_788|2024-07-13 but kept for subsequent analysis
NOTE: TIP_102|2024-07-28 is identical to TIP_430|2024-07-27 but kept for subsequent analysis
NOTE: TIP_639|2024-05-20 is identical to TIP_565|2024-05-22 but kept for subsequent analysis
NOTE: TIP_604|2024-06-12 is identical to TIP_372|2024-06-09 but kept for subsequent analysis
NOTE: TIP_544|2024-06-16 is identical to TIP_465|2024-06-17 but kept for subsequent analysis
NOTE: TIP_592|2024-06-11 is identical to TIP_419|2024-06-10 but kept for subsequent analysis
NOTE: TIP_515|2024-07-15 is identical to TIP_83|2024-07-17 but kept for subsequent analysis
NOTE: TIP_944|2024-07-25 is identical to TIP_130|2024-07-26 but kept for subsequent analysis
NOTE: TIP_899|2024-06-11 is identical to TIP_761|2024-06-11 but kept for subsequent analysis
NOTE: TIP_357|2024-06-04 is identical to TIP_618|2024-06-04 but kept for subsequent analysis
NOTE: TIP_228|2024-07-04 is identical to TIP_974|2024-07-08 but kept for subsequent analysis
NOTE: TIP_471|2024-06-08 is identical to TIP_322|2024-06-05 but kept for subsequent analysis
NOTE: TIP_570|2024-07-09 is identical to TIP_725|2024-07-11 but kept for subsequent analysis
NOTE: TIP_120|2024-07-20 is identical to TIP_205|2024-07-27 but kept for subsequent analysis
NOTE: TIP_915|2024-07-25 is identical to TIP_846|2024-07-22 but kept for subsequent analysis
NOTE: TIP_448|2024-05-16 is identical to TIP_914|2024-05-16 but kept for subsequent analysis
NOTE: TIP_382|2024-06-04 is identical to TIP_840|2024-05-17 but kept for subsequent analysis
NOTE: TIP_753|2024-07-04 is identical to TIP_678|2024-06-30 but kept for subsequent analysis
NOTE: TIP_533|2024-07-25 is identical to TIP_327|2024-07-25 but kept for subsequent analysis
NOTE: TIP_68|2024-07-25 is identical to TIP_73|2024-07-17 but kept for subsequent analysis
NOTE: TIP_600|2024-07-13 is identical to TIP_192|2024-07-13 but kept for subsequent analysis
NOTE: TIP_116|2024-06-14 is identical to TIP_251|2024-06-07 but kept for subsequent analysis
NOTE: TIP_506|2024-06-15 is identical to TIP_632|2024-06-16 but kept for subsequent analysis
NOTE: TIP_937|2024-07-06 is identical to TIP_302|2024-06-28 but kept for subsequent analysis
NOTE: TIP_118|2024-07-29 is identical to TIP_703|2024-07-24 but kept for subsequent analysis
NOTE: TIP_450|2024-07-05 is identical to TIP_671|2024-07-06 but kept for subsequent analysis
NOTE: TIP_32|2024-07-27 is identical to TIP_267|2024-07-30 but kept for subsequent analysis
NOTE: TIP_858|2024-07-30 is identical to TIP_95|2024-07-27 but kept for subsequent analysis
NOTE: TIP_922|2024-07-10 is identical to TIP_195|2024-06-29 but kept for subsequent analysis
NOTE: TIP_780|2024-06-22 is identical to TIP_373|2024-06-07 but kept for subsequent analysis
NOTE: TIP_714|2024-06-24 is identical to TIP_945|2024-06-16 but kept for subsequent analysis
NOTE: TIP_179|2024-07-21 is identical to TIP_940|2024-07-10 but kept for subsequent analysis
NOTE: TIP_121|2024-07-17 is identical to TIP_706|2024-07-16 but kept for subsequent analysis
NOTE: TIP_542|2024-07-27 is identical to TIP_312|2024-07-20 but kept for subsequent analysis
NOTE: TIP_422|2024-07-25 is identical to TIP_361|2024-07-22 but kept for subsequent analysis
NOTE: TIP_960|2024-07-02 is identical to TIP_342|2024-07-05 but kept for subsequent analysis
NOTE: TIP_353|2024-07-21 is identical to TIP_869|2024-07-09 but kept for subsequent analysis
NOTE: TIP_773|2024-07-22 is identical to TIP_866|2024-07-25 but kept for subsequent analysis
NOTE: TIP_697|2024-06-30 is identical to TIP_88|2024-07-08 but kept for subsequent analysis
NOTE: TIP_711|2024-06-28 is identical to TIP_836|2024-06-28 but kept for subsequent analysis
NOTE: TIP_848|2024-07-09 is identical to TIP_735|2024-07-15 but kept for subsequent analysis
NOTE: TIP_518|2024-07-15 is identical to TIP_793|2024-07-11 but kept for subsequent analysis
NOTE: 237 identical sequences (see below) will be ignored for subsequent analysis
NOTE: TIP_641|2024-01-25 (identical to TIP_142|2024-01-20) is ignored but added at the end
NOTE: TIP_280|2024-02-02 (identical to TIP_676|2024-01-14) is ignored but added at the end
NOTE: TIP_688|2024-03-08 (identical to TIP_33|2024-02-24) is ignored but added at the end
NOTE: TIP_667|2024-03-14 (identical to TIP_33|2024-02-24) is ignored but added at the end
NOTE: TIP_291|2024-03-07 (identical to TIP_33|2024-02-24) is ignored but added at the end
NOTE: TIP_409|2024-03-16 (identical to TIP_33|2024-02-24) is ignored but added at the end
NOTE: TIP_276|2024-03-11 (identical to TIP_33|2024-02-24) is ignored but added at the end
NOTE: TIP_212|2024-03-14 (identical to TIP_33|2024-02-24) is ignored but added at the end
NOTE: TIP_790|2024-04-02 (identical to TIP_951|2024-03-25) is ignored but added at the end
NOTE: TIP_986|2024-04-15 (identical to TIP_174|2024-04-07) is ignored but added at the end
NOTE: TIP_643|2024-04-16 (identical to TIP_174|2024-04-07) is ignored but added at the end
NOTE: TIP_393|2024-04-16 (identical to TIP_174|2024-04-07) is ignored but added at the end
NOTE: TIP_360|2024-05-05 (identical to TIP_174|2024-04-07) is ignored but added at the end
NOTE: TIP_588|2024-06-16 (identical to TIP_999|2024-06-09) is ignored but added at the end
NOTE: TIP_66|2024-06-19 (identical to TIP_999|2024-06-09) is ignored but added at the end
NOTE: TIP_551|2024-03-28 (identical to TIP_978|2024-03-26) is ignored but added at the end
NOTE: TIP_148|2024-03-29 (identical to TIP_978|2024-03-26) is ignored but added at the end
NOTE: TIP_876|2024-06-26 (identical to TIP_844|2024-05-25) is ignored but added at the end
NOTE: TIP_674|2024-07-25 (identical to TIP_244|2024-07-19) is ignored but added at the end
NOTE: TIP_979|2024-06-10 (identical to TIP_350|2024-06-09) is ignored but added at the end
NOTE: TIP_330|2024-07-26 (identical to TIP_473|2024-07-28) is ignored but added at the end
NOTE: TIP_702|2024-06-28 (identical to TIP_975|2024-06-12) is ignored but added at the end
NOTE: TIP_500|2024-06-23 (identical to TIP_975|2024-06-12) is ignored but added at the end
NOTE: TIP_905|2024-06-20 (identical to TIP_975|2024-06-12) is ignored but added at the end
NOTE: TIP_434|2024-07-05 (identical to TIP_828|2024-07-03) is ignored but added at the end
NOTE: TIP_262|2024-07-06 (identical to TIP_828|2024-07-03) is ignored but added at the end
NOTE: TIP_612|2024-07-07 (identical to TIP_828|2024-07-03) is ignored but added at the end
NOTE: TIP_956|2024-07-07 (identical to TIP_828|2024-07-03) is ignored but added at the end
NOTE: TIP_138|2024-07-22 (identical to TIP_213|2024-07-29) is ignored but added at the end
NOTE: TIP_416|2024-07-16 (identical to TIP_880|2024-06-28) is ignored but added at the end
NOTE: TIP_849|2024-07-04 (identical to TIP_74|2024-07-18) is ignored but added at the end
NOTE: TIP_53|2024-07-17 (identical to TIP_74|2024-07-18) is ignored but added at the end
NOTE: TIP_624|2024-07-25 (identical to TIP_74|2024-07-18) is ignored but added at the end
NOTE: TIP_365|2024-07-02 (identical to TIP_98|2024-06-23) is ignored but added at the end
NOTE: TIP_43|2024-07-17 (identical to TIP_747|2024-07-05) is ignored but added at the end
NOTE: TIP_452|2024-07-12 (identical to TIP_747|2024-07-05) is ignored but added at the end
NOTE: TIP_474|2024-07-27 (identical to TIP_520|2024-07-22) is ignored but added at the end
NOTE: TIP_490|2024-07-12 (identical to TIP_590|2024-07-16) is ignored but added at the end
NOTE: TIP_890|2024-05-13 (identical to TIP_132|2024-05-11) is ignored but added at the end
NOTE: TIP_11|2024-06-03 (identical to TIP_132|2024-05-11) is ignored but added at the end
NOTE: TIP_117|2024-04-22 (identical to TIP_100|2024-04-11) is ignored but added at the end
NOTE: TIP_341|2024-04-24 (identical to TIP_100|2024-04-11) is ignored but added at the end
NOTE: TIP_103|2024-04-27 (identical to TIP_100|2024-04-11) is ignored but added at the end
NOTE: TIP_932|2024-05-01 (identical to TIP_100|2024-04-11) is ignored but added at the end
NOTE: TIP_16|2024-04-26 (identical to TIP_100|2024-04-11) is ignored but added at the end
NOTE: TIP_613|2024-07-24 (identical to TIP_969|2024-07-17) is ignored but added at the end
NOTE: TIP_819|2024-07-12 (identical to TIP_383|2024-06-28) is ignored but added at the end
NOTE: TIP_418|2024-07-15 (identical to TIP_383|2024-06-28) is ignored but added at the end
NOTE: TIP_730|2024-07-20 (identical to TIP_439|2024-07-28) is ignored but added at the end
NOTE: TIP_202|2024-07-29 (identical to TIP_439|2024-07-28) is ignored but added at the end
NOTE: TIP_211|2024-07-24 (identical to TIP_439|2024-07-28) is ignored but added at the end
NOTE: TIP_374|2024-07-04 (identical to TIP_455|2024-06-25) is ignored but added at the end
NOTE: TIP_550|2024-07-20 (identical to TIP_455|2024-06-25) is ignored but added at the end
NOTE: TIP_972|2024-07-26 (identical to TIP_455|2024-06-25) is ignored but added at the end
NOTE: TIP_610|2024-07-01 (identical to TIP_455|2024-06-25) is ignored but added at the end
NOTE: TIP_169|2024-07-02 (identical to TIP_455|2024-06-25) is ignored but added at the end
NOTE: TIP_569|2024-07-10 (identical to TIP_891|2024-07-10) is ignored but added at the end
NOTE: TIP_659|2024-07-14 (identical to TIP_891|2024-07-10) is ignored but added at the end
NOTE: TIP_554|2024-07-24 (identical to TIP_891|2024-07-10) is ignored but added at the end
NOTE: TIP_358|2024-07-30 (identical to TIP_891|2024-07-10) is ignored but added at the end
NOTE: TIP_185|2024-07-22 (identical to TIP_891|2024-07-10) is ignored but added at the end
NOTE: TIP_771|2024-05-01 (identical to TIP_621|2024-04-28) is ignored but added at the end
NOTE: TIP_45|2024-05-17 (identical to TIP_621|2024-04-28) is ignored but added at the end
NOTE: TIP_285|2024-05-22 (identical to TIP_621|2024-04-28) is ignored but added at the end
NOTE: TIP_391|2024-05-12 (identical to TIP_621|2024-04-28) is ignored but added at the end
NOTE: TIP_463|2024-05-14 (identical to TIP_621|2024-04-28) is ignored but added at the end
NOTE: TIP_629|2024-05-20 (identical to TIP_621|2024-04-28) is ignored but added at the end
NOTE: TIP_619|2024-05-27 (identical to TIP_621|2024-04-28) is ignored but added at the end
NOTE: TIP_241|2024-05-18 (identical to TIP_621|2024-04-28) is ignored but added at the end
NOTE: TIP_344|2024-05-17 (identical to TIP_621|2024-04-28) is ignored but added at the end
NOTE: TIP_670|2024-05-17 (identical to TIP_621|2024-04-28) is ignored but added at the end
NOTE: TIP_906|2024-05-17 (identical to TIP_621|2024-04-28) is ignored but added at the end
NOTE: TIP_768|2024-05-24 (identical to TIP_621|2024-04-28) is ignored but added at the end
NOTE: TIP_60|2024-05-19 (identical to TIP_621|2024-04-28) is ignored but added at the end
NOTE: TIP_665|2024-06-02 (identical to TIP_621|2024-04-28) is ignored but added at the end
NOTE: TIP_802|2024-05-27 (identical to TIP_621|2024-04-28) is ignored but added at the end
NOTE: TIP_801|2024-06-03 (identical to TIP_621|2024-04-28) is ignored but added at the end
NOTE: TIP_742|2024-06-01 (identical to TIP_621|2024-04-28) is ignored but added at the end
NOTE: TIP_514|2024-07-06 (identical to TIP_911|2024-06-28) is ignored but added at the end
NOTE: TIP_953|2024-07-12 (identical to TIP_645|2024-07-16) is ignored but added at the end
NOTE: TIP_693|2024-07-10 (identical to TIP_645|2024-07-16) is ignored but added at the end
NOTE: TIP_201|2024-07-26 (identical to TIP_645|2024-07-16) is ignored but added at the end
NOTE: TIP_171|2024-07-13 (identical to TIP_645|2024-07-16) is ignored but added at the end
NOTE: TIP_531|2024-05-27 (identical to TIP_214|2024-05-26) is ignored but added at the end
NOTE: TIP_713|2024-06-12 (identical to TIP_864|2024-06-06) is ignored but added at the end
NOTE: TIP_653|2024-07-04 (identical to TIP_973|2024-07-04) is ignored but added at the end
NOTE: TIP_935|2024-07-30 (identical to TIP_689|2024-07-23) is ignored but added at the end
NOTE: TIP_82|2024-07-29 (identical to TIP_689|2024-07-23) is ignored but added at the end
NOTE: TIP_334|2024-07-10 (identical to TIP_650|2024-06-23) is ignored but added at the end
NOTE: TIP_379|2024-07-12 (identical to TIP_650|2024-06-23) is ignored but added at the end
NOTE: TIP_888|2024-07-11 (identical to TIP_650|2024-06-23) is ignored but added at the end
NOTE: TIP_701|2024-07-22 (identical to TIP_650|2024-06-23) is ignored but added at the end
NOTE: TIP_683|2024-07-14 (identical to TIP_650|2024-06-23) is ignored but added at the end
NOTE: TIP_429|2024-07-18 (identical to TIP_650|2024-06-23) is ignored but added at the end
NOTE: TIP_297|2024-07-22 (identical to TIP_650|2024-06-23) is ignored but added at the end
NOTE: TIP_86|2024-07-19 (identical to TIP_650|2024-06-23) is ignored but added at the end
NOTE: TIP_581|2024-07-17 (identical to TIP_650|2024-06-23) is ignored but added at the end
NOTE: TIP_163|2024-07-28 (identical to TIP_650|2024-06-23) is ignored but added at the end
NOTE: TIP_15|2024-07-20 (identical to TIP_650|2024-06-23) is ignored but added at the end
NOTE: TIP_270|2024-04-02 (identical to TIP_215|2024-03-25) is ignored but added at the end
NOTE: TIP_481|2024-05-05 (identical to TIP_362|2024-04-28) is ignored but added at the end
NOTE: TIP_529|2024-06-06 (identical to TIP_331|2024-05-07) is ignored but added at the end
NOTE: TIP_910|2024-05-26 (identical to TIP_331|2024-05-07) is ignored but added at the end
NOTE: TIP_200|2024-05-04 (identical to TIP_331|2024-05-07) is ignored but added at the end
NOTE: TIP_721|2024-05-13 (identical to TIP_331|2024-05-07) is ignored but added at the end
NOTE: TIP_314|2024-05-15 (identical to TIP_331|2024-05-07) is ignored but added at the end
NOTE: TIP_108|2024-05-21 (identical to TIP_331|2024-05-07) is ignored but added at the end
NOTE: TIP_376|2024-05-25 (identical to TIP_524|2024-05-18) is ignored but added at the end
NOTE: TIP_296|2024-06-18 (identical to TIP_289|2024-07-02) is ignored but added at the end
NOTE: TIP_987|2024-06-28 (identical to TIP_997|2024-05-16) is ignored but added at the end
NOTE: TIP_239|2024-07-19 (identical to TIP_997|2024-05-16) is ignored but added at the end
NOTE: TIP_127|2024-07-23 (identical to TIP_997|2024-05-16) is ignored but added at the end
NOTE: TIP_249|2024-07-23 (identical to TIP_997|2024-05-16) is ignored but added at the end
NOTE: TIP_210|2024-07-19 (identical to TIP_997|2024-05-16) is ignored but added at the end
NOTE: TIP_607|2024-07-01 (identical to TIP_189|2024-06-23) is ignored but added at the end
NOTE: TIP_560|2024-07-06 (identical to TIP_189|2024-06-23) is ignored but added at the end
NOTE: TIP_41|2024-06-30 (identical to TIP_189|2024-06-23) is ignored but added at the end
NOTE: TIP_483|2024-07-27 (identical to TIP_394|2024-06-28) is ignored but added at the end
NOTE: TIP_894|2024-05-10 (identical to TIP_187|2024-05-10) is ignored but added at the end
NOTE: TIP_207|2024-05-14 (identical to TIP_187|2024-05-10) is ignored but added at the end
NOTE: TIP_948|2024-05-16 (identical to TIP_187|2024-05-10) is ignored but added at the end
NOTE: TIP_579|2024-05-14 (identical to TIP_187|2024-05-10) is ignored but added at the end
NOTE: TIP_54|2024-06-04 (identical to TIP_472|2024-06-05) is ignored but added at the end
NOTE: TIP_785|2024-06-11 (identical to TIP_472|2024-06-05) is ignored but added at the end
NOTE: TIP_81|2024-06-24 (identical to TIP_261|2024-06-22) is ignored but added at the end
NOTE: TIP_751|2024-07-18 (identical to TIP_700|2024-07-27) is ignored but added at the end
NOTE: TIP_318|2024-07-30 (identical to TIP_700|2024-07-27) is ignored but added at the end
NOTE: TIP_69|2024-07-24 (identical to TIP_700|2024-07-27) is ignored but added at the end
NOTE: TIP_149|2024-06-20 (identical to TIP_223|2024-06-10) is ignored but added at the end
NOTE: TIP_236|2024-06-24 (identical to TIP_223|2024-06-10) is ignored but added at the end
NOTE: TIP_278|2024-06-23 (identical to TIP_223|2024-06-10) is ignored but added at the end
NOTE: TIP_352|2024-07-22 (identical to TIP_559|2024-07-19) is ignored but added at the end
NOTE: TIP_305|2024-07-20 (identical to TIP_559|2024-07-19) is ignored but added at the end
NOTE: TIP_97|2024-07-15 (identical to TIP_248|2024-06-06) is ignored but added at the end
NOTE: TIP_562|2024-07-20 (identical to TIP_248|2024-06-06) is ignored but added at the end
NOTE: TIP_547|2024-07-05 (identical to TIP_548|2024-06-13) is ignored but added at the end
NOTE: TIP_283|2024-06-21 (identical to TIP_548|2024-06-13) is ignored but added at the end
NOTE: TIP_994|2024-07-07 (identical to TIP_982|2024-07-11) is ignored but added at the end
NOTE: TIP_143|2024-07-06 (identical to TIP_107|2024-07-20) is ignored but added at the end
NOTE: TIP_309|2024-07-09 (identical to TIP_107|2024-07-20) is ignored but added at the end
NOTE: TIP_750|2024-07-20 (identical to TIP_658|2024-07-17) is ignored but added at the end
NOTE: TIP_1|2024-07-15 (identical to TIP_729|2024-07-05) is ignored but added at the end
NOTE: TIP_410|2024-07-29 (identical to TIP_729|2024-07-05) is ignored but added at the end
NOTE: TIP_582|2024-07-22 (identical to TIP_729|2024-07-05) is ignored but added at the end
NOTE: TIP_717|2024-07-28 (identical to TIP_729|2024-07-05) is ignored but added at the end
NOTE: TIP_807|2024-07-28 (identical to TIP_729|2024-07-05) is ignored but added at the end
NOTE: TIP_275|2024-07-28 (identical to TIP_729|2024-07-05) is ignored but added at the end
NOTE: TIP_21|2024-03-27 (identical to TIP_152|2024-03-09) is ignored but added at the end
NOTE: TIP_617|2024-04-10 (identical to TIP_152|2024-03-09) is ignored but added at the end
NOTE: TIP_392|2024-04-26 (identical to TIP_152|2024-03-09) is ignored but added at the end
NOTE: TIP_909|2024-04-22 (identical to TIP_152|2024-03-09) is ignored but added at the end
NOTE: TIP_178|2024-05-13 (identical to TIP_152|2024-03-09) is ignored but added at the end
NOTE: TIP_815|2024-05-08 (identical to TIP_152|2024-03-09) is ignored but added at the end
NOTE: TIP_573|2024-05-15 (identical to TIP_152|2024-03-09) is ignored but added at the end
NOTE: TIP_167|2024-05-17 (identical to TIP_152|2024-03-09) is ignored but added at the end
NOTE: TIP_616|2024-05-27 (identical to TIP_152|2024-03-09) is ignored but added at the end
NOTE: TIP_34|2024-04-28 (identical to TIP_152|2024-03-09) is ignored but added at the end
NOTE: TIP_166|2024-04-22 (identical to TIP_152|2024-03-09) is ignored but added at the end
NOTE: TIP_759|2024-05-26 (identical to TIP_152|2024-03-09) is ignored but added at the end
NOTE: TIP_511|2024-05-26 (identical to TIP_152|2024-03-09) is ignored but added at the end
NOTE: TIP_501|2024-05-23 (identical to TIP_152|2024-03-09) is ignored but added at the end
NOTE: TIP_669|2024-06-15 (identical to TIP_567|2024-06-23) is ignored but added at the end
NOTE: TIP_307|2024-06-26 (identical to TIP_203|2024-06-21) is ignored but added at the end
NOTE: TIP_158|2024-07-26 (identical to TIP_907|2024-07-29) is ignored but added at the end
NOTE: TIP_553|2024-07-28 (identical to TIP_907|2024-07-29) is ignored but added at the end
NOTE: TIP_368|2024-07-27 (identical to TIP_907|2024-07-29) is ignored but added at the end
NOTE: TIP_756|2024-04-20 (identical to TIP_926|2024-04-26) is ignored but added at the end
NOTE: TIP_933|2024-05-02 (identical to TIP_926|2024-04-26) is ignored but added at the end
NOTE: TIP_160|2024-05-01 (identical to TIP_926|2024-04-26) is ignored but added at the end
NOTE: TIP_523|2024-05-17 (identical to TIP_926|2024-04-26) is ignored but added at the end
NOTE: TIP_293|2024-05-15 (identical to TIP_926|2024-04-26) is ignored but added at the end
NOTE: TIP_931|2024-05-05 (identical to TIP_685|2024-05-05) is ignored but added at the end
NOTE: TIP_284|2024-05-03 (identical to TIP_685|2024-05-05) is ignored but added at the end
NOTE: TIP_209|2024-07-22 (identical to TIP_656|2024-06-19) is ignored but added at the end
NOTE: TIP_690|2024-07-03 (identical to TIP_656|2024-06-19) is ignored but added at the end
NOTE: TIP_461|2024-07-11 (identical to TIP_872|2024-07-13) is ignored but added at the end
NOTE: TIP_311|2024-07-01 (identical to TIP_594|2024-06-11) is ignored but added at the end
NOTE: TIP_606|2024-06-21 (identical to TIP_594|2024-06-11) is ignored but added at the end
NOTE: TIP_277|2024-06-19 (identical to TIP_594|2024-06-11) is ignored but added at the end
NOTE: TIP_934|2024-06-29 (identical to TIP_594|2024-06-11) is ignored but added at the end
NOTE: TIP_119|2024-07-02 (identical to TIP_594|2024-06-11) is ignored but added at the end
NOTE: TIP_113|2024-07-04 (identical to TIP_594|2024-06-11) is ignored but added at the end
NOTE: TIP_77|2024-07-23 (identical to TIP_594|2024-06-11) is ignored but added at the end
NOTE: TIP_50|2024-07-01 (identical to TIP_594|2024-06-11) is ignored but added at the end
NOTE: TIP_882|2024-06-28 (identical to TIP_594|2024-06-11) is ignored but added at the end
NOTE: TIP_246|2024-07-17 (identical to TIP_594|2024-06-11) is ignored but added at the end
NOTE: TIP_763|2024-07-22 (identical to TIP_37|2024-07-17) is ignored but added at the end
NOTE: TIP_308|2024-07-20 (identical to TIP_37|2024-07-17) is ignored but added at the end
NOTE: TIP_686|2024-07-23 (identical to TIP_37|2024-07-17) is ignored but added at the end
NOTE: TIP_295|2024-07-17 (identical to TIP_37|2024-07-17) is ignored but added at the end
NOTE: TIP_967|2024-07-23 (identical to TIP_37|2024-07-17) is ignored but added at the end
NOTE: TIP_91|2024-07-22 (identical to TIP_788|2024-07-13) is ignored but added at the end
NOTE: TIP_427|2024-07-24 (identical to TIP_430|2024-07-27) is ignored but added at the end
NOTE: TIP_247|2024-05-21 (identical to TIP_565|2024-05-22) is ignored but added at the end
NOTE: TIP_889|2024-06-02 (identical to TIP_565|2024-05-22) is ignored but added at the end
NOTE: TIP_186|2024-06-09 (identical to TIP_565|2024-05-22) is ignored but added at the end
NOTE: TIP_805|2024-06-01 (identical to TIP_565|2024-05-22) is ignored but added at the end
NOTE: TIP_435|2024-06-12 (identical to TIP_565|2024-05-22) is ignored but added at the end
NOTE: TIP_366|2024-06-25 (identical to TIP_565|2024-05-22) is ignored but added at the end
NOTE: TIP_8|2024-06-27 (identical to TIP_565|2024-05-22) is ignored but added at the end
NOTE: TIP_950|2024-06-12 (identical to TIP_618|2024-06-04) is ignored but added at the end
NOTE: TIP_150|2024-06-15 (identical to TIP_618|2024-06-04) is ignored but added at the end
NOTE: TIP_591|2024-06-12 (identical to TIP_618|2024-06-04) is ignored but added at the end
NOTE: TIP_232|2024-06-21 (identical to TIP_618|2024-06-04) is ignored but added at the end
NOTE: TIP_230|2024-07-07 (identical to TIP_618|2024-06-04) is ignored but added at the end
NOTE: TIP_832|2024-06-11 (identical to TIP_322|2024-06-05) is ignored but added at the end
NOTE: TIP_145|2024-06-22 (identical to TIP_322|2024-06-05) is ignored but added at the end
NOTE: TIP_541|2024-07-02 (identical to TIP_322|2024-06-05) is ignored but added at the end
NOTE: TIP_733|2024-07-20 (identical to TIP_322|2024-06-05) is ignored but added at the end
NOTE: TIP_507|2024-07-27 (identical to TIP_322|2024-06-05) is ignored but added at the end
NOTE: TIP_854|2024-07-21 (identical to TIP_322|2024-06-05) is ignored but added at the end
NOTE: TIP_724|2024-07-14 (identical to TIP_725|2024-07-11) is ignored but added at the end
NOTE: TIP_571|2024-07-20 (identical to TIP_725|2024-07-11) is ignored but added at the end
NOTE: TIP_176|2024-07-25 (identical to TIP_205|2024-07-27) is ignored but added at the end
NOTE: TIP_925|2024-07-25 (identical to TIP_205|2024-07-27) is ignored but added at the end
NOTE: TIP_182|2024-06-09 (identical to TIP_840|2024-05-17) is ignored but added at the end
NOTE: TIP_71|2024-06-19 (identical to TIP_840|2024-05-17) is ignored but added at the end
NOTE: TIP_421|2024-07-17 (identical to TIP_840|2024-05-17) is ignored but added at the end
NOTE: TIP_998|2024-07-06 (identical to TIP_678|2024-06-30) is ignored but added at the end
NOTE: TIP_370|2024-07-24 (identical to TIP_327|2024-07-25) is ignored but added at the end
NOTE: TIP_681|2024-07-30 (identical to TIP_73|2024-07-17) is ignored but added at the end
NOTE: TIP_5|2024-07-26 (identical to TIP_73|2024-07-17) is ignored but added at the end
NOTE: TIP_762|2024-07-22 (identical to TIP_192|2024-07-13) is ignored but added at the end
NOTE: TIP_996|2024-07-29 (identical to TIP_192|2024-07-13) is ignored but added at the end
NOTE: TIP_939|2024-07-29 (identical to TIP_95|2024-07-27) is ignored but added at the end
NOTE: TIP_356|2024-07-08 (identical to TIP_195|2024-06-29) is ignored but added at the end
NOTE: TIP_125|2024-07-01 (identical to TIP_195|2024-06-29) is ignored but added at the end
NOTE: TIP_668|2024-06-22 (identical to TIP_373|2024-06-07) is ignored but added at the end
NOTE: TIP_387|2024-06-26 (identical to TIP_373|2024-06-07) is ignored but added at the end
NOTE: TIP_502|2024-07-03 (identical to TIP_945|2024-06-16) is ignored but added at the end
NOTE: TIP_25|2024-06-24 (identical to TIP_945|2024-06-16) is ignored but added at the end
NOTE: TIP_156|2024-07-17 (identical to TIP_706|2024-07-16) is ignored but added at the end
NOTE: TIP_359|2024-07-28 (identical to TIP_312|2024-07-20) is ignored but added at the end
NOTE: TIP_631|2024-07-24 (identical to TIP_869|2024-07-09) is ignored but added at the end
NOTE: TIP_299|2024-07-15 (identical to TIP_869|2024-07-09) is ignored but added at the end
NOTE: TIP_57|2024-07-01 (identical to TIP_836|2024-06-28) is ignored but added at the end
NOTE: TIP_758|2024-06-30 (identical to TIP_836|2024-06-28) is ignored but added at the end
Alignment was printed to exp_1000/ml_outputs/exp_1000.uniqueseq.phy

For your convenience alignment with unique sequences printed to exp_1000/ml_outputs/exp_1000.uniqueseq.phy

Create initial parsimony tree by phylogenetic likelihood library (PLL)... 0.134 seconds

NOTE: 22 MB RAM (0 GB) is required!
Estimate model parameters (epsilon = 0.100)
1. Initial log-likelihood: -52266.132
2. Current log-likelihood: -52008.172
Optimal log-likelihood: -52008.172
Rate parameters:  A-C: 1.00000  A-G: 4.41715  A-T: 1.00000  C-G: 1.00000  C-T: 4.41715  G-T: 1.00000
Base frequencies:  A: 0.302  C: 0.181  G: 0.199  T: 0.319
Parameters optimization took 2 rounds (0.467 sec)
Wrote distance file to... 
Computing ML distances based on estimated model parameters...
Calculating distance matrix: done in 1.28379 secs using 99.99% CPU
Computing ML distances took 1.285932 sec (of wall-clock time) 1.285757 sec (of CPU time)
Setting up auxiliary I and S matrices: done in 0.00883747 secs using 167.7% CPU
Computing RapidNJ tree took 0.025241 sec (of wall-clock time) 0.044228 sec (of CPU time)
Log-likelihood of RapidNJ tree: -52031.534
--------------------------------------------------------------------
|             INITIALIZING CANDIDATE TREE SET                      |
--------------------------------------------------------------------
Generating 98 parsimony trees... 14.106 second
Computing log-likelihood of 98 initial trees ... 3.254 seconds
Current best score: -52008.172

Do NNI search on 20 best initial trees
Estimate model parameters (epsilon = 0.100)
BETTER TREE FOUND at iteration 1: -52008.172
BETTER TREE FOUND at iteration 2: -52008.172
BETTER TREE FOUND at iteration 3: -52008.172
BETTER TREE FOUND at iteration 5: -52008.172
Iteration 10 / LogL: -52008.172 / Time: 0h:0m:21s
BETTER TREE FOUND at iteration 17: -52008.172
Iteration 20 / LogL: -52008.172 / Time: 0h:0m:22s
Finish initializing candidate tree set (20)
Current best tree score: -52008.172 / CPU time: 20.749
Number of iterations: 20
--------------------------------------------------------------------
|               OPTIMIZING CANDIDATE TREE SET                      |
--------------------------------------------------------------------
Iteration 30 / LogL: -52086.578 / Time: 0h:0m:29s (0h:1m:28s left)
Iteration 40 / LogL: -52093.601 / Time: 0h:0m:36s (0h:1m:11s left)
Iteration 50 / LogL: -52072.993 / Time: 0h:0m:43s (0h:0m:58s left)
Iteration 60 / LogL: -52111.535 / Time: 0h:0m:49s (0h:0m:47s left)
Iteration 70 / LogL: -52064.484 / Time: 0h:0m:56s (0h:0m:38s left)
Iteration 80 / LogL: -52077.535 / Time: 0h:1m:5s (0h:0m:30s left)
Iteration 90 / LogL: -52163.280 / Time: 0h:1m:14s (0h:0m:22s left)
Iteration 100 / LogL: -52050.477 / Time: 0h:1m:21s (0h:0m:13s left)
Iteration 110 / LogL: -52070.910 / Time: 0h:1m:28s (0h:0m:5s left)
TREE SEARCH COMPLETED AFTER 118 ITERATIONS / Time: 0h:1m:34s

--------------------------------------------------------------------
|                    FINALIZING TREE SEARCH                        |
--------------------------------------------------------------------
Performs final model parameters optimization
Estimate model parameters (epsilon = 0.010)
1. Initial log-likelihood: -52008.172
Optimal log-likelihood: -52008.172
Rate parameters:  A-C: 1.00000  A-G: 4.41715  A-T: 1.00000  C-G: 1.00000  C-T: 4.41715  G-T: 1.00000
Base frequencies:  A: 0.302  C: 0.181  G: 0.199  T: 0.319
Parameters optimization took 1 rounds (0.105 sec)
BEST SCORE FOUND : -52008.172
Total tree length: 0.033

Total number of iterations: 118
CPU time used for tree search: 91.217 sec (0h:1m:31s)
Wall-clock time used for tree search: 92.200 sec (0h:1m:32s)
Total CPU time used: 93.560 sec (0h:1m:33s)
Total wall-clock time used: 94.511 sec (0h:1m:34s)

Analysis results written to: 
  IQ-TREE report:                exp_1000/ml_outputs/exp_1000.iqtree
  Maximum-likelihood tree:       exp_1000/ml_outputs/exp_1000.treefile
  Likelihood distances:          exp_1000/ml_outputs/exp_1000.mldist
  Screen log file:               exp_1000/ml_outputs/exp_1000.log

Date and Time: Fri Mar 14 22:31:42 2025
